<?xml version="1.0" encoding="UTF-8" ?>
<testsuite failures="1" time="0.102" errors="0" skipped="0" tests="1" name="org.openhds.integration.IndividualTest">
  <properties>
    <property name="java.runtime.name" value="Java(TM) SE Runtime Environment"/>
    <property name="sun.boot.library.path" value="C:\Program Files\Java\jdk1.7.0_75\jre\bin"/>
    <property name="java.vm.version" value="24.75-b04"/>
    <property name="java.vm.vendor" value="Oracle Corporation"/>
    <property name="java.vendor.url" value="http://java.oracle.com/"/>
    <property name="path.separator" value=";"/>
    <property name="guice.disable.misplaced.annotation.check" value="true"/>
    <property name="java.vm.name" value="Java HotSpot(TM) Client VM"/>
    <property name="file.encoding.pkg" value="sun.io"/>
    <property name="user.script" value=""/>
    <property name="user.country" value="US"/>
    <property name="sun.java.launcher" value="SUN_STANDARD"/>
    <property name="sun.os.patch.level" value="Service Pack 1"/>
    <property name="java.vm.specification.name" value="Java Virtual Machine Specification"/>
    <property name="user.dir" value="D:\Security\openhds-server"/>
    <property name="java.runtime.version" value="1.7.0_75-b13"/>
    <property name="java.awt.graphicsenv" value="sun.awt.Win32GraphicsEnvironment"/>
    <property name="java.endorsed.dirs" value="C:\Program Files\Java\jdk1.7.0_75\jre\lib\endorsed"/>
    <property name="os.arch" value="x86"/>
    <property name="java.io.tmpdir" value="C:\Users\Smita\AppData\Local\Temp\"/>
    <property name="line.separator" value="
"/>
    <property name="java.vm.specification.vendor" value="Oracle Corporation"/>
    <property name="user.variant" value=""/>
    <property name="os.name" value="Windows 7"/>
    <property name="classworlds.conf" value="D:\Security\.metadata\.plugins\org.eclipse.m2e.launching\launches\m2conf7109140874922671923.tmp"/>
    <property name="sun.jnu.encoding" value="Cp1252"/>
    <property name="java.library.path" value="C:\Program Files\Java\jdk1.7.0_75\bin;C:\Windows\Sun\Java\bin;C:\Windows\system32;C:\Windows;C:/Program Files/Java/jre1.8.0_45/bin/client;C:/Program Files/Java/jre1.8.0_45/bin;C:/Program Files/Java/jre1.8.0_45/lib/i386;C:\ProgramData\Oracle\Java\javapath;C:\Windows\system32;C:\Windows;C:\Windows\System32\Wbem;C:\Windows\System32\WindowsPowerShell\v1.0\;%\JAVA_HOME%\bin;E:\mysql-connector-java-5.0.8\; E:\Apache\apache-maven-3.3.1\bin\bin;E:\Apache\apache-maven-3.3.1\\bin;E:\Tomcat8\bin;%\JAVA_HOME%\lib;E:\sts-bundle\sts-3.6.4.RELEASE;;."/>
    <property name="java.specification.name" value="Java Platform API Specification"/>
    <property name="java.class.version" value="51.0"/>
    <property name="sun.management.compiler" value="HotSpot Client Compiler"/>
    <property name="os.version" value="6.1"/>
    <property name="user.home" value="C:\Users\Smita"/>
    <property name="user.timezone" value="America/New_York"/>
    <property name="java.awt.printerjob" value="sun.awt.windows.WPrinterJob"/>
    <property name="java.specification.version" value="1.7"/>
    <property name="file.encoding" value="Cp1252"/>
    <property name="user.name" value="Smita"/>
    <property name="java.class.path" value="/E:/sts-bundle/sts-3.6.4.RELEASE/plugins/org.eclipse.m2e.maven.runtime_1.5.1.20150109-1819/jars/plexus-classworlds-2.5.1.jar"/>
    <property name="org.slf4j.simpleLogger.defaultLogLevel" value="info"/>
    <property name="java.vm.specification.version" value="1.7"/>
    <property name="sun.arch.data.model" value="32"/>
    <property name="java.home" value="C:\Program Files\Java\jdk1.7.0_75\jre"/>
    <property name="sun.java.command" value="org.codehaus.plexus.classworlds.launcher.Launcher -B test"/>
    <property name="java.specification.vendor" value="Oracle Corporation"/>
    <property name="user.language" value="en"/>
    <property name="awt.toolkit" value="sun.awt.windows.WToolkit"/>
    <property name="java.vm.info" value="mixed mode, sharing"/>
    <property name="java.version" value="1.7.0_75"/>
    <property name="java.ext.dirs" value="C:\Program Files\Java\jdk1.7.0_75\jre\lib\ext;C:\Windows\Sun\Java\lib\ext"/>
    <property name="sun.boot.class.path" value="C:\Program Files\Java\jdk1.7.0_75\jre\lib\resources.jar;C:\Program Files\Java\jdk1.7.0_75\jre\lib\rt.jar;C:\Program Files\Java\jdk1.7.0_75\jre\lib\sunrsasign.jar;C:\Program Files\Java\jdk1.7.0_75\jre\lib\jsse.jar;C:\Program Files\Java\jdk1.7.0_75\jre\lib\jce.jar;C:\Program Files\Java\jdk1.7.0_75\jre\lib\charsets.jar;C:\Program Files\Java\jdk1.7.0_75\jre\lib\jfr.jar;C:\Program Files\Java\jdk1.7.0_75\jre\classes"/>
    <property name="java.vendor" value="Oracle Corporation"/>
    <property name="maven.home" value="D:\Security\openhds-server\EMBEDDED"/>
    <property name="file.separator" value="\"/>
    <property name="java.vendor.url.bug" value="http://bugreport.sun.com/bugreport/"/>
    <property name="sun.cpu.endian" value="little"/>
    <property name="sun.io.unicode.encoding" value="UnicodeLittle"/>
    <property name="sun.desktop" value="windows"/>
    <property name="sun.cpu.isalist" value="pentium_pro+mmx pentium_pro pentium+mmx pentium i486 i386 i86"/>
  </properties>
  <testcase time="0.102" classname="org.openhds.integration.IndividualTest" name="testIndividualCreate">
    <failure type="java.lang.AssertionError:">java.lang.AssertionError: 
	at org.junit.Assert.fail(Assert.java:91)
	at org.junit.Assert.assertTrue(Assert.java:43)
	at org.junit.Assert.assertNotNull(Assert.java:524)
	at org.junit.Assert.assertNotNull(Assert.java:535)
	at org.openhds.integration.IndividualTest.testIndividualCreate(IndividualTest.java:76)
	at sun.reflect.NativeMethodAccessorImpl.invoke0(Native Method)
	at sun.reflect.NativeMethodAccessorImpl.invoke(NativeMethodAccessorImpl.java:57)
	at sun.reflect.DelegatingMethodAccessorImpl.invoke(DelegatingMethodAccessorImpl.java:43)
	at java.lang.reflect.Method.invoke(Method.java:606)
	at org.junit.runners.model.FrameworkMethod$1.runReflectiveCall(FrameworkMethod.java:44)
	at org.junit.internal.runners.model.ReflectiveCallable.run(ReflectiveCallable.java:15)
	at org.junit.runners.model.FrameworkMethod.invokeExplosively(FrameworkMethod.java:41)
	at org.junit.internal.runners.statements.InvokeMethod.evaluate(InvokeMethod.java:20)
	at org.springframework.test.context.junit4.statements.RunBeforeTestMethodCallbacks.evaluate(RunBeforeTestMethodCallbacks.java:74)
	at org.springframework.test.context.junit4.statements.RunAfterTestMethodCallbacks.evaluate(RunAfterTestMethodCallbacks.java:83)
	at org.springframework.test.context.junit4.statements.SpringRepeat.evaluate(SpringRepeat.java:72)
	at org.springframework.test.context.junit4.SpringJUnit4ClassRunner.runChild(SpringJUnit4ClassRunner.java:231)
	at org.springframework.test.context.junit4.SpringJUnit4ClassRunner.runChild(SpringJUnit4ClassRunner.java:88)
	at org.junit.runners.ParentRunner$3.run(ParentRunner.java:193)
	at org.junit.runners.ParentRunner$1.schedule(ParentRunner.java:52)
	at org.junit.runners.ParentRunner.runChildren(ParentRunner.java:191)
	at org.junit.runners.ParentRunner.access$000(ParentRunner.java:42)
	at org.junit.runners.ParentRunner$2.evaluate(ParentRunner.java:184)
	at org.springframework.test.context.junit4.statements.RunBeforeTestClassCallbacks.evaluate(RunBeforeTestClassCallbacks.java:61)
	at org.springframework.test.context.junit4.statements.RunAfterTestClassCallbacks.evaluate(RunAfterTestClassCallbacks.java:71)
	at org.junit.runners.ParentRunner.run(ParentRunner.java:236)
	at org.springframework.test.context.junit4.SpringJUnit4ClassRunner.run(SpringJUnit4ClassRunner.java:174)
	at org.apache.maven.surefire.junit4.JUnit4Provider.execute(JUnit4Provider.java:252)
	at org.apache.maven.surefire.junit4.JUnit4Provider.executeTestSet(JUnit4Provider.java:141)
	at org.apache.maven.surefire.junit4.JUnit4Provider.invoke(JUnit4Provider.java:112)
	at sun.reflect.NativeMethodAccessorImpl.invoke0(Native Method)
	at sun.reflect.NativeMethodAccessorImpl.invoke(NativeMethodAccessorImpl.java:57)
	at sun.reflect.DelegatingMethodAccessorImpl.invoke(DelegatingMethodAccessorImpl.java:43)
	at java.lang.reflect.Method.invoke(Method.java:606)
	at org.apache.maven.surefire.util.ReflectionUtils.invokeMethodWithArray(ReflectionUtils.java:189)
	at org.apache.maven.surefire.booter.ProviderFactory$ProviderProxy.invoke(ProviderFactory.java:165)
	at org.apache.maven.surefire.booter.ProviderFactory.invokeProvider(ProviderFactory.java:85)
	at org.apache.maven.surefire.booter.ForkedBooter.runSuitesInProcess(ForkedBooter.java:115)
	at org.apache.maven.surefire.booter.ForkedBooter.main(ForkedBooter.java:75)
</failure>
    <system-out>Hibernate: select this_.uuid as uuid6_0_, this_.deleted as deleted6_0_, this_.insertBy_uuid as insertBy9_6_0_, this_.insertDate as insertDate6_0_, this_.voidBy_uuid as voidBy10_6_0_, this_.voidDate as voidDate6_0_, this_.voidReason as voidReason6_0_, this_.extId as extId6_0_, this_.firstName as firstName6_0_, this_.lastName as lastName6_0_ from fieldworker this_ where this_.extId=?
Hibernate: select this_.uuid as uuid10_3_, this_.deleted as deleted10_3_, this_.insertBy_uuid as insertBy15_10_3_, this_.insertDate as insertDate10_3_, this_.voidBy_uuid as voidBy16_10_3_, this_.voidDate as voidDate10_3_, this_.voidReason as voidReason10_3_, this_.collectedBy_uuid as collect17_10_3_, this_.status as status10_3_, this_.statusMessage as statusMe7_10_3_, this_.accuracy as accuracy10_3_, this_.altitude as altitude10_3_, this_.extId as extId10_3_, this_.latitude as latitude10_3_, this_.locationLevel_uuid as locatio18_10_3_, this_.locationName as locatio12_10_3_, this_.locationType as locatio13_10_3_, this_.longitude as longitude10_3_, locationhi2_.uuid as uuid11_0_, locationhi2_.extId as extId11_0_, locationhi2_.level_uuid as level4_11_0_, locationhi2_.name as name11_0_, locationhi2_.parent_uuid as parent5_11_0_, locationhi3_.uuid as uuid12_1_, locationhi3_.keyIdentifier as keyIdent2_12_1_, locationhi3_.name as name12_1_, locationhi4_.uuid as uuid11_2_, locationhi4_.extId as extId11_2_, locationhi4_.level_uuid as level4_11_2_, locationhi4_.name as name11_2_, locationhi4_.parent_uuid as parent5_11_2_ from location this_ left outer join locationhierarchy locationhi2_ on this_.locationLevel_uuid=locationhi2_.uuid left outer join locationhierarchylevel locationhi3_ on locationhi2_.level_uuid=locationhi3_.uuid left outer join locationhierarchy locationhi4_ on locationhi2_.parent_uuid=locationhi4_.uuid where this_.extId=?
Hibernate: select this_.uuid as uuid8_0_, this_.deleted as deleted8_0_, this_.insertBy_uuid as insertBy15_8_0_, this_.insertDate as insertDate8_0_, this_.voidBy_uuid as voidBy16_8_0_, this_.voidDate as voidDate8_0_, this_.voidReason as voidReason8_0_, this_.collectedBy_uuid as collect17_8_0_, this_.status as status8_0_, this_.statusMessage as statusMe7_8_0_, this_.dob as dob8_0_, this_.dobAspect as dobAspect8_0_, this_.extId as extId8_0_, this_.father_uuid as father18_8_0_, this_.firstName as firstName8_0_, this_.gender as gender8_0_, this_.lastName as lastName8_0_, this_.middleName as middleName8_0_, this_.mother_uuid as mother19_8_0_ from individual this_ where this_.extId=?
Hibernate: select this_.uuid as uuid8_0_, this_.deleted as deleted8_0_, this_.insertBy_uuid as insertBy15_8_0_, this_.insertDate as insertDate8_0_, this_.voidBy_uuid as voidBy16_8_0_, this_.voidDate as voidDate8_0_, this_.voidReason as voidReason8_0_, this_.collectedBy_uuid as collect17_8_0_, this_.status as status8_0_, this_.statusMessage as statusMe7_8_0_, this_.dob as dob8_0_, this_.dobAspect as dobAspect8_0_, this_.extId as extId8_0_, this_.father_uuid as father18_8_0_, this_.firstName as firstName8_0_, this_.gender as gender8_0_, this_.lastName as lastName8_0_, this_.middleName as middleName8_0_, this_.mother_uuid as mother19_8_0_ from individual this_ where this_.extId=?
</system-out>
  </testcase>
</testsuite>