<?xml version="1.0" encoding="UTF-8" ?>
<testsuite failures="1" time="2.973" errors="0" skipped="0" tests="1" name="org.openhds.integration.MembershipResourceTest">
  <properties>
    <property name="java.runtime.name" value="Java(TM) SE Runtime Environment"/>
    <property name="sun.boot.library.path" value="C:\Program Files\Java\jdk1.7.0_75\jre\bin"/>
    <property name="java.vm.version" value="24.75-b04"/>
    <property name="java.vm.vendor" value="Oracle Corporation"/>
    <property name="java.vendor.url" value="http://java.oracle.com/"/>
    <property name="path.separator" value=";"/>
    <property name="guice.disable.misplaced.annotation.check" value="true"/>
    <property name="java.vm.name" value="Java HotSpot(TM) Client VM"/>
    <property name="file.encoding.pkg" value="sun.io"/>
    <property name="user.script" value=""/>
    <property name="user.country" value="US"/>
    <property name="sun.java.launcher" value="SUN_STANDARD"/>
    <property name="sun.os.patch.level" value="Service Pack 1"/>
    <property name="java.vm.specification.name" value="Java Virtual Machine Specification"/>
    <property name="user.dir" value="D:\Security\openhds-server"/>
    <property name="java.runtime.version" value="1.7.0_75-b13"/>
    <property name="java.awt.graphicsenv" value="sun.awt.Win32GraphicsEnvironment"/>
    <property name="java.endorsed.dirs" value="C:\Program Files\Java\jdk1.7.0_75\jre\lib\endorsed"/>
    <property name="os.arch" value="x86"/>
    <property name="java.io.tmpdir" value="C:\Users\Smita\AppData\Local\Temp\"/>
    <property name="line.separator" value="
"/>
    <property name="java.vm.specification.vendor" value="Oracle Corporation"/>
    <property name="user.variant" value=""/>
    <property name="os.name" value="Windows 7"/>
    <property name="classworlds.conf" value="D:\Security\.metadata\.plugins\org.eclipse.m2e.launching\launches\m2conf7109140874922671923.tmp"/>
    <property name="sun.jnu.encoding" value="Cp1252"/>
    <property name="java.library.path" value="C:\Program Files\Java\jdk1.7.0_75\bin;C:\Windows\Sun\Java\bin;C:\Windows\system32;C:\Windows;C:/Program Files/Java/jre1.8.0_45/bin/client;C:/Program Files/Java/jre1.8.0_45/bin;C:/Program Files/Java/jre1.8.0_45/lib/i386;C:\ProgramData\Oracle\Java\javapath;C:\Windows\system32;C:\Windows;C:\Windows\System32\Wbem;C:\Windows\System32\WindowsPowerShell\v1.0\;%\JAVA_HOME%\bin;E:\mysql-connector-java-5.0.8\; E:\Apache\apache-maven-3.3.1\bin\bin;E:\Apache\apache-maven-3.3.1\\bin;E:\Tomcat8\bin;%\JAVA_HOME%\lib;E:\sts-bundle\sts-3.6.4.RELEASE;;."/>
    <property name="java.specification.name" value="Java Platform API Specification"/>
    <property name="java.class.version" value="51.0"/>
    <property name="sun.management.compiler" value="HotSpot Client Compiler"/>
    <property name="os.version" value="6.1"/>
    <property name="user.home" value="C:\Users\Smita"/>
    <property name="user.timezone" value="America/New_York"/>
    <property name="java.awt.printerjob" value="sun.awt.windows.WPrinterJob"/>
    <property name="java.specification.version" value="1.7"/>
    <property name="file.encoding" value="Cp1252"/>
    <property name="user.name" value="Smita"/>
    <property name="java.class.path" value="/E:/sts-bundle/sts-3.6.4.RELEASE/plugins/org.eclipse.m2e.maven.runtime_1.5.1.20150109-1819/jars/plexus-classworlds-2.5.1.jar"/>
    <property name="org.slf4j.simpleLogger.defaultLogLevel" value="info"/>
    <property name="java.vm.specification.version" value="1.7"/>
    <property name="sun.arch.data.model" value="32"/>
    <property name="java.home" value="C:\Program Files\Java\jdk1.7.0_75\jre"/>
    <property name="sun.java.command" value="org.codehaus.plexus.classworlds.launcher.Launcher -B test"/>
    <property name="java.specification.vendor" value="Oracle Corporation"/>
    <property name="user.language" value="en"/>
    <property name="awt.toolkit" value="sun.awt.windows.WToolkit"/>
    <property name="java.vm.info" value="mixed mode, sharing"/>
    <property name="java.version" value="1.7.0_75"/>
    <property name="java.ext.dirs" value="C:\Program Files\Java\jdk1.7.0_75\jre\lib\ext;C:\Windows\Sun\Java\lib\ext"/>
    <property name="sun.boot.class.path" value="C:\Program Files\Java\jdk1.7.0_75\jre\lib\resources.jar;C:\Program Files\Java\jdk1.7.0_75\jre\lib\rt.jar;C:\Program Files\Java\jdk1.7.0_75\jre\lib\sunrsasign.jar;C:\Program Files\Java\jdk1.7.0_75\jre\lib\jsse.jar;C:\Program Files\Java\jdk1.7.0_75\jre\lib\jce.jar;C:\Program Files\Java\jdk1.7.0_75\jre\lib\charsets.jar;C:\Program Files\Java\jdk1.7.0_75\jre\lib\jfr.jar;C:\Program Files\Java\jdk1.7.0_75\jre\classes"/>
    <property name="java.vendor" value="Oracle Corporation"/>
    <property name="maven.home" value="D:\Security\openhds-server\EMBEDDED"/>
    <property name="file.separator" value="\"/>
    <property name="java.vendor.url.bug" value="http://bugreport.sun.com/bugreport/"/>
    <property name="sun.cpu.endian" value="little"/>
    <property name="sun.io.unicode.encoding" value="UnicodeLittle"/>
    <property name="sun.desktop" value="windows"/>
    <property name="sun.cpu.isalist" value="pentium_pro+mmx pentium_pro pentium+mmx pentium i486 i386 i86"/>
  </properties>
  <testcase time="2.973" classname="org.openhds.integration.MembershipResourceTest" name="testPostMemebrsipXml">
    <failure message="Status expected:&lt;201&gt; but was:&lt;500&gt;" type="java.lang.AssertionError">java.lang.AssertionError: Status expected:&lt;201&gt; but was:&lt;500&gt;
	at org.springframework.test.web.AssertionErrors.fail(AssertionErrors.java:46)
	at org.springframework.test.web.AssertionErrors.assertEquals(AssertionErrors.java:75)
	at org.springframework.test.web.server.result.StatusResultMatchers$3.match(StatusResultMatchers.java:535)
	at org.springframework.test.web.server.MockMvc$1.andExpect(MockMvc.java:139)
	at org.openhds.integration.MembershipResourceTest.testPostMemebrsipXml(MembershipResourceTest.java:102)
	at sun.reflect.NativeMethodAccessorImpl.invoke0(Native Method)
	at sun.reflect.NativeMethodAccessorImpl.invoke(NativeMethodAccessorImpl.java:57)
	at sun.reflect.DelegatingMethodAccessorImpl.invoke(DelegatingMethodAccessorImpl.java:43)
	at java.lang.reflect.Method.invoke(Method.java:606)
	at org.junit.runners.model.FrameworkMethod$1.runReflectiveCall(FrameworkMethod.java:44)
	at org.junit.internal.runners.model.ReflectiveCallable.run(ReflectiveCallable.java:15)
	at org.junit.runners.model.FrameworkMethod.invokeExplosively(FrameworkMethod.java:41)
	at org.junit.internal.runners.statements.InvokeMethod.evaluate(InvokeMethod.java:20)
	at org.junit.internal.runners.statements.RunBefores.evaluate(RunBefores.java:28)
	at org.springframework.test.context.junit4.statements.RunBeforeTestMethodCallbacks.evaluate(RunBeforeTestMethodCallbacks.java:74)
	at org.springframework.test.context.junit4.statements.RunAfterTestMethodCallbacks.evaluate(RunAfterTestMethodCallbacks.java:83)
	at org.springframework.test.context.junit4.statements.SpringRepeat.evaluate(SpringRepeat.java:72)
	at org.springframework.test.context.junit4.SpringJUnit4ClassRunner.runChild(SpringJUnit4ClassRunner.java:231)
	at org.springframework.test.context.junit4.SpringJUnit4ClassRunner.runChild(SpringJUnit4ClassRunner.java:88)
	at org.junit.runners.ParentRunner$3.run(ParentRunner.java:193)
	at org.junit.runners.ParentRunner$1.schedule(ParentRunner.java:52)
	at org.junit.runners.ParentRunner.runChildren(ParentRunner.java:191)
	at org.junit.runners.ParentRunner.access$000(ParentRunner.java:42)
	at org.junit.runners.ParentRunner$2.evaluate(ParentRunner.java:184)
	at org.springframework.test.context.junit4.statements.RunBeforeTestClassCallbacks.evaluate(RunBeforeTestClassCallbacks.java:61)
	at org.springframework.test.context.junit4.statements.RunAfterTestClassCallbacks.evaluate(RunAfterTestClassCallbacks.java:71)
	at org.junit.runners.ParentRunner.run(ParentRunner.java:236)
	at org.springframework.test.context.junit4.SpringJUnit4ClassRunner.run(SpringJUnit4ClassRunner.java:174)
	at org.apache.maven.surefire.junit4.JUnit4Provider.execute(JUnit4Provider.java:252)
	at org.apache.maven.surefire.junit4.JUnit4Provider.executeTestSet(JUnit4Provider.java:141)
	at org.apache.maven.surefire.junit4.JUnit4Provider.invoke(JUnit4Provider.java:112)
	at sun.reflect.NativeMethodAccessorImpl.invoke0(Native Method)
	at sun.reflect.NativeMethodAccessorImpl.invoke(NativeMethodAccessorImpl.java:57)
	at sun.reflect.DelegatingMethodAccessorImpl.invoke(DelegatingMethodAccessorImpl.java:43)
	at java.lang.reflect.Method.invoke(Method.java:606)
	at org.apache.maven.surefire.util.ReflectionUtils.invokeMethodWithArray(ReflectionUtils.java:189)
	at org.apache.maven.surefire.booter.ProviderFactory$ProviderProxy.invoke(ProviderFactory.java:165)
	at org.apache.maven.surefire.booter.ProviderFactory.invokeProvider(ProviderFactory.java:85)
	at org.apache.maven.surefire.booter.ForkedBooter.runSuitesInProcess(ForkedBooter.java:115)
	at org.apache.maven.surefire.booter.ForkedBooter.main(ForkedBooter.java:75)
</failure>
    <system-out>08:54:27,386 DEBUG com.github.springtestdbunit.DbUnitTestExecutionListener:83 - Preparing test instance class org.openhds.integration.MembershipResourceTest for DBUnit
08:54:27,387 DEBUG com.github.springtestdbunit.DbUnitTestExecutionListener:105 - DBUnit tests will run using databaseConnection &quot;dataSource&quot;, datasets will be loaded using class com.github.springtestdbunit.dataset.FlatXmlDataSetLoader
08:54:27,389 DEBUG org.dbunit.dataset.xml.FlatXmlDataSetBuilder:262 - Creating FlatXmlDataSet with builder parameters: org.dbunit.dataset.xml.FlatXmlDataSetBuilder[dtdMetadata=true, columnSensing=false, caseSensitiveTableNames=false, metaDataSet=null]
08:54:27,389 DEBUG org.dbunit.dataset.xml.FlatXmlDataSetBuilder:283 - Creating FlatXmlProducer using the properties of this builder: org.dbunit.dataset.xml.FlatXmlDataSetBuilder[dtdMetadata=true, columnSensing=false, caseSensitiveTableNames=false, metaDataSet=null]
08:54:27,390 DEBUG org.dbunit.dataset.xml.FlatXmlProducer:336 - setConsumer(consumer) - start
08:54:27,391 DEBUG org.dbunit.dataset.xml.FlatXmlProducer:348 - produce() - start
08:54:27,393 DEBUG org.dbunit.dataset.xml.FlatDtdProducer:131 - setLexicalHandler(xmlReader=com.sun.org.apache.xerces.internal.jaxp.SAXParserImpl$JAXPSAXParser@18f9a2f, handler=org.dbunit.dataset.xml.FlatXmlProducer$FlatDtdHandler@d3c309) - start
08:54:27,394 DEBUG org.dbunit.dataset.xml.FlatDtdProducer:124 - setDeclHandler(xmlReader=com.sun.org.apache.xerces.internal.jaxp.SAXParserImpl$JAXPSAXParser@18f9a2f, handler=org.dbunit.dataset.xml.FlatXmlProducer$FlatDtdHandler@d3c309) - start
08:54:27,395 DEBUG org.dbunit.dataset.xml.FlatXmlProducer:414 - startElement(uri=, localName=, qName=dataset, attributes=com.sun.org.apache.xerces.internal.parsers.AbstractSAXParser$AttributesProxy@b05661) - start
08:54:27,396 DEBUG org.dbunit.dataset.CachedDataSet:123 - startDataSet() - start
08:54:27,397 DEBUG org.dbunit.dataset.xml.FlatXmlProducer:414 - startElement(uri=, localName=, qName=privilege, attributes=com.sun.org.apache.xerces.internal.parsers.AbstractSAXParser$AttributesProxy@b05661) - start
08:54:27,397 DEBUG org.dbunit.dataset.OrderedTableNameMap:149 - getLastTableName() - start
08:54:27,398 DEBUG org.dbunit.dataset.OrderedTableNameMap:127 - isLastTable(tableName=privilege) - start
08:54:27,398 DEBUG org.dbunit.dataset.OrderedTableNameMap:253 - getTableName(tableName=privilege) - start
08:54:27,399 DEBUG org.dbunit.dataset.OrderedTableNameMap:264 - getTableName(tableName=privilege) - end - result=PRIVILEGE
08:54:27,399 DEBUG org.dbunit.dataset.xml.FlatXmlProducer:184 - createTableMetaData(tableName=privilege, attributes=com.sun.org.apache.xerces.internal.parsers.AbstractSAXParser$AttributesProxy@b05661) - start
08:54:27,400 DEBUG org.dbunit.dataset.Columns:71 - getColumns(columnNames=[], columns=[(uuid, UNKNOWN, nullableUnknown), (privilege, UNKNOWN, nullableUnknown)]) - start
08:54:27,400 DEBUG org.dbunit.dataset.OrderedTableNameMap:191 - add(tableName=privilege, object=tableName=privilege, columns=[(uuid, UNKNOWN, nullableUnknown), (privilege, UNKNOWN, nullableUnknown)], keys=[]) - start
08:54:27,401 DEBUG org.dbunit.dataset.OrderedTableNameMap:253 - getTableName(tableName=privilege) - start
08:54:27,401 DEBUG org.dbunit.dataset.OrderedTableNameMap:264 - getTableName(tableName=privilege) - end - result=PRIVILEGE
08:54:27,401 DEBUG org.dbunit.dataset.OrderedTableNameMap:253 - getTableName(tableName=PRIVILEGE) - start
08:54:27,402 DEBUG org.dbunit.dataset.OrderedTableNameMap:264 - getTableName(tableName=PRIVILEGE) - end - result=PRIVILEGE
08:54:27,403 DEBUG org.dbunit.dataset.CachedDataSet:135 - startTable(metaData=tableName=privilege, columns=[(uuid, UNKNOWN, nullableUnknown), (privilege, UNKNOWN, nullableUnknown)], keys=[]) - start
08:54:27,407 DEBUG org.dbunit.dataset.OrderedTableNameMap:149 - getLastTableName() - start
08:54:27,407 DEBUG org.dbunit.dataset.OrderedTableNameMap:253 - getTableName(tableName=privilege) - start
08:54:27,408 DEBUG org.dbunit.dataset.OrderedTableNameMap:264 - getTableName(tableName=privilege) - end - result=PRIVILEGE
08:54:27,408 DEBUG org.dbunit.dataset.AbstractTableMetaData:101 - getColumnIndex(columnName=uuid) - start
08:54:27,409 DEBUG org.dbunit.dataset.AbstractTableMetaData:101 - getColumnIndex(columnName=privilege) - start
08:54:27,409 DEBUG org.dbunit.dataset.OrderedTableNameMap:149 - getLastTableName() - start
08:54:27,410 DEBUG org.dbunit.dataset.OrderedTableNameMap:253 - getTableName(tableName=privilege) - start
08:54:27,410 DEBUG org.dbunit.dataset.OrderedTableNameMap:264 - getTableName(tableName=privilege) - end - result=PRIVILEGE
08:54:27,410 DEBUG org.dbunit.dataset.CachedDataSet:159 - row(values=PRIVILEGE1) - start
08:54:27,411 DEBUG org.dbunit.dataset.DefaultTable:111 - addRow(values=PRIVILEGE1) - start
08:54:27,411 DEBUG org.dbunit.dataset.xml.FlatXmlProducer:486 - endElement(uri=, localName=, qName=privilege) - start
08:54:27,412 DEBUG org.dbunit.dataset.xml.FlatXmlProducer:414 - startElement(uri=, localName=, qName=role, attributes=com.sun.org.apache.xerces.internal.parsers.AbstractSAXParser$AttributesProxy@b05661) - start
08:54:27,412 DEBUG org.dbunit.dataset.OrderedTableNameMap:149 - getLastTableName() - start
08:54:27,413 DEBUG org.dbunit.dataset.OrderedTableNameMap:253 - getTableName(tableName=privilege) - start
08:54:27,413 DEBUG org.dbunit.dataset.OrderedTableNameMap:264 - getTableName(tableName=privilege) - end - result=PRIVILEGE
08:54:27,414 DEBUG org.dbunit.dataset.OrderedTableNameMap:127 - isLastTable(tableName=role) - start
08:54:27,414 DEBUG org.dbunit.dataset.OrderedTableNameMap:149 - getLastTableName() - start
08:54:27,415 DEBUG org.dbunit.dataset.OrderedTableNameMap:253 - getTableName(tableName=privilege) - start
08:54:27,415 DEBUG org.dbunit.dataset.OrderedTableNameMap:264 - getTableName(tableName=privilege) - end - result=PRIVILEGE
08:54:27,416 DEBUG org.dbunit.dataset.OrderedTableNameMap:253 - getTableName(tableName=role) - start
08:54:27,416 DEBUG org.dbunit.dataset.OrderedTableNameMap:264 - getTableName(tableName=role) - end - result=ROLE
08:54:27,416 DEBUG org.dbunit.dataset.CachedDataSet:141 - endTable() - start
08:54:27,417 DEBUG org.dbunit.dataset.OrderedTableNameMap:253 - getTableName(tableName=privilege) - start
08:54:27,417 DEBUG org.dbunit.dataset.OrderedTableNameMap:264 - getTableName(tableName=privilege) - end - result=PRIVILEGE
08:54:27,418 DEBUG org.dbunit.dataset.OrderedTableNameMap:191 - add(tableName=privilege, object=org.dbunit.dataset.DefaultTable[_metaData=tableName=privilege, columns=[(uuid, UNKNOWN, nullableUnknown), (privilege, UNKNOWN, nullableUnknown)], keys=[], _rowList.size()=1]) - start
08:54:27,418 DEBUG org.dbunit.dataset.OrderedTableNameMap:253 - getTableName(tableName=privilege) - start
08:54:27,419 DEBUG org.dbunit.dataset.OrderedTableNameMap:264 - getTableName(tableName=privilege) - end - result=PRIVILEGE
08:54:27,419 DEBUG org.dbunit.dataset.OrderedTableNameMap:253 - getTableName(tableName=PRIVILEGE) - start
08:54:27,420 DEBUG org.dbunit.dataset.OrderedTableNameMap:264 - getTableName(tableName=PRIVILEGE) - end - result=PRIVILEGE
08:54:27,420 DEBUG org.dbunit.dataset.OrderedTableNameMap:253 - getTableName(tableName=role) - start
08:54:27,421 DEBUG org.dbunit.dataset.OrderedTableNameMap:264 - getTableName(tableName=role) - end - result=ROLE
08:54:27,421 DEBUG org.dbunit.dataset.xml.FlatXmlProducer:184 - createTableMetaData(tableName=role, attributes=com.sun.org.apache.xerces.internal.parsers.AbstractSAXParser$AttributesProxy@b05661) - start
08:54:27,422 DEBUG org.dbunit.dataset.Columns:71 - getColumns(columnNames=[], columns=[(uuid, UNKNOWN, nullableUnknown), (name, UNKNOWN, nullableUnknown), (description, UNKNOWN, nullableUnknown), (deleted, UNKNOWN, nullableUnknown)]) - start
08:54:27,422 DEBUG org.dbunit.dataset.OrderedTableNameMap:191 - add(tableName=role, object=tableName=role, columns=[(uuid, UNKNOWN, nullableUnknown), (name, UNKNOWN, nullableUnknown), (description, UNKNOWN, nullableUnknown), (deleted, UNKNOWN, nullableUnknown)], keys=[]) - start
08:54:27,423 DEBUG org.dbunit.dataset.OrderedTableNameMap:253 - getTableName(tableName=role) - start
08:54:27,423 DEBUG org.dbunit.dataset.OrderedTableNameMap:264 - getTableName(tableName=role) - end - result=ROLE
08:54:27,423 DEBUG org.dbunit.dataset.OrderedTableNameMap:253 - getTableName(tableName=ROLE) - start
08:54:27,424 DEBUG org.dbunit.dataset.OrderedTableNameMap:264 - getTableName(tableName=ROLE) - end - result=ROLE
08:54:27,424 DEBUG org.dbunit.dataset.CachedDataSet:135 - startTable(metaData=tableName=role, columns=[(uuid, UNKNOWN, nullableUnknown), (name, UNKNOWN, nullableUnknown), (description, UNKNOWN, nullableUnknown), (deleted, UNKNOWN, nullableUnknown)], keys=[]) - start
08:54:27,425 DEBUG org.dbunit.dataset.OrderedTableNameMap:149 - getLastTableName() - start
08:54:27,425 DEBUG org.dbunit.dataset.OrderedTableNameMap:253 - getTableName(tableName=role) - start
08:54:27,426 DEBUG org.dbunit.dataset.OrderedTableNameMap:264 - getTableName(tableName=role) - end - result=ROLE
08:54:27,426 DEBUG org.dbunit.dataset.AbstractTableMetaData:101 - getColumnIndex(columnName=uuid) - start
08:54:27,427 DEBUG org.dbunit.dataset.AbstractTableMetaData:101 - getColumnIndex(columnName=name) - start
08:54:27,427 DEBUG org.dbunit.dataset.AbstractTableMetaData:101 - getColumnIndex(columnName=description) - start
08:54:27,428 DEBUG org.dbunit.dataset.AbstractTableMetaData:101 - getColumnIndex(columnName=deleted) - start
08:54:27,428 DEBUG org.dbunit.dataset.OrderedTableNameMap:149 - getLastTableName() - start
08:54:27,429 DEBUG org.dbunit.dataset.OrderedTableNameMap:253 - getTableName(tableName=role) - start
08:54:27,429 DEBUG org.dbunit.dataset.OrderedTableNameMap:264 - getTableName(tableName=role) - end - result=ROLE
08:54:27,429 DEBUG org.dbunit.dataset.CachedDataSet:159 - row(values=ROLE1) - start
08:54:27,430 DEBUG org.dbunit.dataset.DefaultTable:111 - addRow(values=ROLE1) - start
08:54:27,430 DEBUG org.dbunit.dataset.xml.FlatXmlProducer:486 - endElement(uri=, localName=, qName=role) - start
08:54:27,431 DEBUG org.dbunit.dataset.xml.FlatXmlProducer:414 - startElement(uri=, localName=, qName=role_privileges, attributes=com.sun.org.apache.xerces.internal.parsers.AbstractSAXParser$AttributesProxy@b05661) - start
08:54:27,431 DEBUG org.dbunit.dataset.OrderedTableNameMap:149 - getLastTableName() - start
08:54:27,432 DEBUG org.dbunit.dataset.OrderedTableNameMap:253 - getTableName(tableName=role) - start
08:54:27,432 DEBUG org.dbunit.dataset.OrderedTableNameMap:264 - getTableName(tableName=role) - end - result=ROLE
08:54:27,433 DEBUG org.dbunit.dataset.OrderedTableNameMap:127 - isLastTable(tableName=role_privileges) - start
08:54:27,433 DEBUG org.dbunit.dataset.OrderedTableNameMap:149 - getLastTableName() - start
08:54:27,434 DEBUG org.dbunit.dataset.OrderedTableNameMap:253 - getTableName(tableName=role) - start
08:54:27,434 DEBUG org.dbunit.dataset.OrderedTableNameMap:264 - getTableName(tableName=role) - end - result=ROLE
08:54:27,435 DEBUG org.dbunit.dataset.OrderedTableNameMap:253 - getTableName(tableName=role_privileges) - start
08:54:27,435 DEBUG org.dbunit.dataset.OrderedTableNameMap:264 - getTableName(tableName=role_privileges) - end - result=ROLE_PRIVILEGES
08:54:27,435 DEBUG org.dbunit.dataset.CachedDataSet:141 - endTable() - start
08:54:27,436 DEBUG org.dbunit.dataset.OrderedTableNameMap:253 - getTableName(tableName=role) - start
08:54:27,436 DEBUG org.dbunit.dataset.OrderedTableNameMap:264 - getTableName(tableName=role) - end - result=ROLE
08:54:27,437 DEBUG org.dbunit.dataset.OrderedTableNameMap:191 - add(tableName=role, object=org.dbunit.dataset.DefaultTable[_metaData=tableName=role, columns=[(uuid, UNKNOWN, nullableUnknown), (name, UNKNOWN, nullableUnknown), (description, UNKNOWN, nullableUnknown), (deleted, UNKNOWN, nullableUnknown)], keys=[], _rowList.size()=1]) - start
08:54:27,437 DEBUG org.dbunit.dataset.OrderedTableNameMap:253 - getTableName(tableName=role) - start
08:54:27,438 DEBUG org.dbunit.dataset.OrderedTableNameMap:264 - getTableName(tableName=role) - end - result=ROLE
08:54:27,438 DEBUG org.dbunit.dataset.OrderedTableNameMap:253 - getTableName(tableName=ROLE) - start
08:54:27,439 DEBUG org.dbunit.dataset.OrderedTableNameMap:264 - getTableName(tableName=ROLE) - end - result=ROLE
08:54:27,439 DEBUG org.dbunit.dataset.OrderedTableNameMap:253 - getTableName(tableName=role_privileges) - start
08:54:27,440 DEBUG org.dbunit.dataset.OrderedTableNameMap:264 - getTableName(tableName=role_privileges) - end - result=ROLE_PRIVILEGES
08:54:27,440 DEBUG org.dbunit.dataset.xml.FlatXmlProducer:184 - createTableMetaData(tableName=role_privileges, attributes=com.sun.org.apache.xerces.internal.parsers.AbstractSAXParser$AttributesProxy@b05661) - start
08:54:27,441 DEBUG org.dbunit.dataset.Columns:71 - getColumns(columnNames=[], columns=[(role_uuid, UNKNOWN, nullableUnknown), (privilege_uuid, UNKNOWN, nullableUnknown)]) - start
08:54:27,441 DEBUG org.dbunit.dataset.OrderedTableNameMap:191 - add(tableName=role_privileges, object=tableName=role_privileges, columns=[(role_uuid, UNKNOWN, nullableUnknown), (privilege_uuid, UNKNOWN, nullableUnknown)], keys=[]) - start
08:54:27,442 DEBUG org.dbunit.dataset.OrderedTableNameMap:253 - getTableName(tableName=role_privileges) - start
08:54:27,442 DEBUG org.dbunit.dataset.OrderedTableNameMap:264 - getTableName(tableName=role_privileges) - end - result=ROLE_PRIVILEGES
08:54:27,443 DEBUG org.dbunit.dataset.OrderedTableNameMap:253 - getTableName(tableName=ROLE_PRIVILEGES) - start
08:54:27,443 DEBUG org.dbunit.dataset.OrderedTableNameMap:264 - getTableName(tableName=ROLE_PRIVILEGES) - end - result=ROLE_PRIVILEGES
08:54:27,444 DEBUG org.dbunit.dataset.CachedDataSet:135 - startTable(metaData=tableName=role_privileges, columns=[(role_uuid, UNKNOWN, nullableUnknown), (privilege_uuid, UNKNOWN, nullableUnknown)], keys=[]) - start
08:54:27,444 DEBUG org.dbunit.dataset.OrderedTableNameMap:149 - getLastTableName() - start
08:54:27,445 DEBUG org.dbunit.dataset.OrderedTableNameMap:253 - getTableName(tableName=role_privileges) - start
08:54:27,445 DEBUG org.dbunit.dataset.OrderedTableNameMap:264 - getTableName(tableName=role_privileges) - end - result=ROLE_PRIVILEGES
08:54:27,446 DEBUG org.dbunit.dataset.AbstractTableMetaData:101 - getColumnIndex(columnName=role_uuid) - start
08:54:27,446 DEBUG org.dbunit.dataset.AbstractTableMetaData:101 - getColumnIndex(columnName=privilege_uuid) - start
08:54:27,446 DEBUG org.dbunit.dataset.OrderedTableNameMap:149 - getLastTableName() - start
08:54:27,447 DEBUG org.dbunit.dataset.OrderedTableNameMap:253 - getTableName(tableName=role_privileges) - start
08:54:27,447 DEBUG org.dbunit.dataset.OrderedTableNameMap:264 - getTableName(tableName=role_privileges) - end - result=ROLE_PRIVILEGES
08:54:27,448 DEBUG org.dbunit.dataset.CachedDataSet:159 - row(values=ROLE1) - start
08:54:27,448 DEBUG org.dbunit.dataset.DefaultTable:111 - addRow(values=ROLE1) - start
08:54:27,449 DEBUG org.dbunit.dataset.xml.FlatXmlProducer:486 - endElement(uri=, localName=, qName=role_privileges) - start
08:54:27,449 DEBUG org.dbunit.dataset.xml.FlatXmlProducer:414 - startElement(uri=, localName=, qName=user, attributes=com.sun.org.apache.xerces.internal.parsers.AbstractSAXParser$AttributesProxy@b05661) - start
08:54:27,450 DEBUG org.dbunit.dataset.OrderedTableNameMap:149 - getLastTableName() - start
08:54:27,450 DEBUG org.dbunit.dataset.OrderedTableNameMap:253 - getTableName(tableName=role_privileges) - start
08:54:27,450 DEBUG org.dbunit.dataset.OrderedTableNameMap:264 - getTableName(tableName=role_privileges) - end - result=ROLE_PRIVILEGES
08:54:27,451 DEBUG org.dbunit.dataset.OrderedTableNameMap:127 - isLastTable(tableName=user) - start
08:54:27,451 DEBUG org.dbunit.dataset.OrderedTableNameMap:149 - getLastTableName() - start
08:54:27,452 DEBUG org.dbunit.dataset.OrderedTableNameMap:253 - getTableName(tableName=role_privileges) - start
08:54:27,452 DEBUG org.dbunit.dataset.OrderedTableNameMap:264 - getTableName(tableName=role_privileges) - end - result=ROLE_PRIVILEGES
08:54:27,453 DEBUG org.dbunit.dataset.OrderedTableNameMap:253 - getTableName(tableName=user) - start
08:54:27,453 DEBUG org.dbunit.dataset.OrderedTableNameMap:264 - getTableName(tableName=user) - end - result=USER
08:54:27,453 DEBUG org.dbunit.dataset.CachedDataSet:141 - endTable() - start
08:54:27,454 DEBUG org.dbunit.dataset.OrderedTableNameMap:253 - getTableName(tableName=role_privileges) - start
08:54:27,454 DEBUG org.dbunit.dataset.OrderedTableNameMap:264 - getTableName(tableName=role_privileges) - end - result=ROLE_PRIVILEGES
08:54:27,455 DEBUG org.dbunit.dataset.OrderedTableNameMap:191 - add(tableName=role_privileges, object=org.dbunit.dataset.DefaultTable[_metaData=tableName=role_privileges, columns=[(role_uuid, UNKNOWN, nullableUnknown), (privilege_uuid, UNKNOWN, nullableUnknown)], keys=[], _rowList.size()=1]) - start
08:54:27,456 DEBUG org.dbunit.dataset.OrderedTableNameMap:253 - getTableName(tableName=role_privileges) - start
08:54:27,456 DEBUG org.dbunit.dataset.OrderedTableNameMap:264 - getTableName(tableName=role_privileges) - end - result=ROLE_PRIVILEGES
08:54:27,457 DEBUG org.dbunit.dataset.OrderedTableNameMap:253 - getTableName(tableName=ROLE_PRIVILEGES) - start
08:54:27,457 DEBUG org.dbunit.dataset.OrderedTableNameMap:264 - getTableName(tableName=ROLE_PRIVILEGES) - end - result=ROLE_PRIVILEGES
08:54:27,458 DEBUG org.dbunit.dataset.OrderedTableNameMap:253 - getTableName(tableName=user) - start
08:54:27,458 DEBUG org.dbunit.dataset.OrderedTableNameMap:264 - getTableName(tableName=user) - end - result=USER
08:54:27,458 DEBUG org.dbunit.dataset.xml.FlatXmlProducer:184 - createTableMetaData(tableName=user, attributes=com.sun.org.apache.xerces.internal.parsers.AbstractSAXParser$AttributesProxy@b05661) - start
08:54:27,459 DEBUG org.dbunit.dataset.Columns:71 - getColumns(columnNames=[], columns=[(uuid, UNKNOWN, nullableUnknown), (firstName, UNKNOWN, nullableUnknown), (lastName, UNKNOWN, nullableUnknown), (fullName, UNKNOWN, nullableUnknown), (description, UNKNOWN, nullableUnknown), (username, UNKNOWN, nullableUnknown), (password, UNKNOWN, nullableUnknown), (lastLoginTime, UNKNOWN, nullableUnknown), (deleted, UNKNOWN, nullableUnknown)]) - start
08:54:27,459 DEBUG org.dbunit.dataset.OrderedTableNameMap:191 - add(tableName=user, object=tableName=user, columns=[(uuid, UNKNOWN, nullableUnknown), (firstName, UNKNOWN, nullableUnknown), (lastName, UNKNOWN, nullableUnknown), (fullName, UNKNOWN, nullableUnknown), (description, UNKNOWN, nullableUnknown), (username, UNKNOWN, nullableUnknown), (password, UNKNOWN, nullableUnknown), (lastLoginTime, UNKNOWN, nullableUnknown), (deleted, UNKNOWN, nullableUnknown)], keys=[]) - start
08:54:27,460 DEBUG org.dbunit.dataset.OrderedTableNameMap:253 - getTableName(tableName=user) - start
08:54:27,460 DEBUG org.dbunit.dataset.OrderedTableNameMap:264 - getTableName(tableName=user) - end - result=USER
08:54:27,461 DEBUG org.dbunit.dataset.OrderedTableNameMap:253 - getTableName(tableName=USER) - start
08:54:27,465 DEBUG org.dbunit.dataset.OrderedTableNameMap:264 - getTableName(tableName=USER) - end - result=USER
08:54:27,465 DEBUG org.dbunit.dataset.CachedDataSet:135 - startTable(metaData=tableName=user, columns=[(uuid, UNKNOWN, nullableUnknown), (firstName, UNKNOWN, nullableUnknown), (lastName, UNKNOWN, nullableUnknown), (fullName, UNKNOWN, nullableUnknown), (description, UNKNOWN, nullableUnknown), (username, UNKNOWN, nullableUnknown), (password, UNKNOWN, nullableUnknown), (lastLoginTime, UNKNOWN, nullableUnknown), (deleted, UNKNOWN, nullableUnknown)], keys=[]) - start
08:54:27,466 DEBUG org.dbunit.dataset.OrderedTableNameMap:149 - getLastTableName() - start
08:54:27,466 DEBUG org.dbunit.dataset.OrderedTableNameMap:253 - getTableName(tableName=user) - start
08:54:27,467 DEBUG org.dbunit.dataset.OrderedTableNameMap:264 - getTableName(tableName=user) - end - result=USER
08:54:27,467 DEBUG org.dbunit.dataset.AbstractTableMetaData:101 - getColumnIndex(columnName=uuid) - start
08:54:27,468 DEBUG org.dbunit.dataset.AbstractTableMetaData:101 - getColumnIndex(columnName=firstName) - start
08:54:27,469 DEBUG org.dbunit.dataset.AbstractTableMetaData:101 - getColumnIndex(columnName=lastName) - start
08:54:27,470 DEBUG org.dbunit.dataset.AbstractTableMetaData:101 - getColumnIndex(columnName=fullName) - start
08:54:27,470 DEBUG org.dbunit.dataset.AbstractTableMetaData:101 - getColumnIndex(columnName=description) - start
08:54:27,470 DEBUG org.dbunit.dataset.AbstractTableMetaData:101 - getColumnIndex(columnName=username) - start
08:54:27,471 DEBUG org.dbunit.dataset.AbstractTableMetaData:101 - getColumnIndex(columnName=password) - start
08:54:27,471 DEBUG org.dbunit.dataset.AbstractTableMetaData:101 - getColumnIndex(columnName=lastLoginTime) - start
08:54:27,472 DEBUG org.dbunit.dataset.AbstractTableMetaData:101 - getColumnIndex(columnName=deleted) - start
08:54:27,472 DEBUG org.dbunit.dataset.OrderedTableNameMap:149 - getLastTableName() - start
08:54:27,473 DEBUG org.dbunit.dataset.OrderedTableNameMap:253 - getTableName(tableName=user) - start
08:54:27,473 DEBUG org.dbunit.dataset.OrderedTableNameMap:264 - getTableName(tableName=user) - end - result=USER
08:54:27,474 DEBUG org.dbunit.dataset.CachedDataSet:159 - row(values=User 1) - start
08:54:27,474 DEBUG org.dbunit.dataset.DefaultTable:111 - addRow(values=User 1) - start
08:54:27,475 DEBUG org.dbunit.dataset.xml.FlatXmlProducer:486 - endElement(uri=, localName=, qName=user) - start
08:54:27,475 DEBUG org.dbunit.dataset.xml.FlatXmlProducer:414 - startElement(uri=, localName=, qName=user_roles, attributes=com.sun.org.apache.xerces.internal.parsers.AbstractSAXParser$AttributesProxy@b05661) - start
08:54:27,476 DEBUG org.dbunit.dataset.OrderedTableNameMap:149 - getLastTableName() - start
08:54:27,476 DEBUG org.dbunit.dataset.OrderedTableNameMap:253 - getTableName(tableName=user) - start
08:54:27,477 DEBUG org.dbunit.dataset.OrderedTableNameMap:264 - getTableName(tableName=user) - end - result=USER
08:54:27,477 DEBUG org.dbunit.dataset.OrderedTableNameMap:127 - isLastTable(tableName=user_roles) - start
08:54:27,478 DEBUG org.dbunit.dataset.OrderedTableNameMap:149 - getLastTableName() - start
08:54:27,478 DEBUG org.dbunit.dataset.OrderedTableNameMap:253 - getTableName(tableName=user) - start
08:54:27,479 DEBUG org.dbunit.dataset.OrderedTableNameMap:264 - getTableName(tableName=user) - end - result=USER
08:54:27,479 DEBUG org.dbunit.dataset.OrderedTableNameMap:253 - getTableName(tableName=user_roles) - start
08:54:27,479 DEBUG org.dbunit.dataset.OrderedTableNameMap:264 - getTableName(tableName=user_roles) - end - result=USER_ROLES
08:54:27,480 DEBUG org.dbunit.dataset.CachedDataSet:141 - endTable() - start
08:54:27,480 DEBUG org.dbunit.dataset.OrderedTableNameMap:253 - getTableName(tableName=user) - start
08:54:27,481 DEBUG org.dbunit.dataset.OrderedTableNameMap:264 - getTableName(tableName=user) - end - result=USER
08:54:27,481 DEBUG org.dbunit.dataset.OrderedTableNameMap:191 - add(tableName=user, object=org.dbunit.dataset.DefaultTable[_metaData=tableName=user, columns=[(uuid, UNKNOWN, nullableUnknown), (firstName, UNKNOWN, nullableUnknown), (lastName, UNKNOWN, nullableUnknown), (fullName, UNKNOWN, nullableUnknown), (description, UNKNOWN, nullableUnknown), (username, UNKNOWN, nullableUnknown), (password, UNKNOWN, nullableUnknown), (lastLoginTime, UNKNOWN, nullableUnknown), (deleted, UNKNOWN, nullableUnknown)], keys=[], _rowList.size()=1]) - start
08:54:27,482 DEBUG org.dbunit.dataset.OrderedTableNameMap:253 - getTableName(tableName=user) - start
08:54:27,483 DEBUG org.dbunit.dataset.OrderedTableNameMap:264 - getTableName(tableName=user) - end - result=USER
08:54:27,484 DEBUG org.dbunit.dataset.OrderedTableNameMap:253 - getTableName(tableName=USER) - start
08:54:27,484 DEBUG org.dbunit.dataset.OrderedTableNameMap:264 - getTableName(tableName=USER) - end - result=USER
08:54:27,485 DEBUG org.dbunit.dataset.OrderedTableNameMap:253 - getTableName(tableName=user_roles) - start
08:54:27,485 DEBUG org.dbunit.dataset.OrderedTableNameMap:264 - getTableName(tableName=user_roles) - end - result=USER_ROLES
08:54:27,485 DEBUG org.dbunit.dataset.xml.FlatXmlProducer:184 - createTableMetaData(tableName=user_roles, attributes=com.sun.org.apache.xerces.internal.parsers.AbstractSAXParser$AttributesProxy@b05661) - start
08:54:27,486 DEBUG org.dbunit.dataset.Columns:71 - getColumns(columnNames=[], columns=[(user_uuid, UNKNOWN, nullableUnknown), (role_uuid, UNKNOWN, nullableUnknown)]) - start
08:54:27,486 DEBUG org.dbunit.dataset.OrderedTableNameMap:191 - add(tableName=user_roles, object=tableName=user_roles, columns=[(user_uuid, UNKNOWN, nullableUnknown), (role_uuid, UNKNOWN, nullableUnknown)], keys=[]) - start
08:54:27,487 DEBUG org.dbunit.dataset.OrderedTableNameMap:253 - getTableName(tableName=user_roles) - start
08:54:27,487 DEBUG org.dbunit.dataset.OrderedTableNameMap:264 - getTableName(tableName=user_roles) - end - result=USER_ROLES
08:54:27,488 DEBUG org.dbunit.dataset.OrderedTableNameMap:253 - getTableName(tableName=USER_ROLES) - start
08:54:27,488 DEBUG org.dbunit.dataset.OrderedTableNameMap:264 - getTableName(tableName=USER_ROLES) - end - result=USER_ROLES
08:54:27,489 DEBUG org.dbunit.dataset.CachedDataSet:135 - startTable(metaData=tableName=user_roles, columns=[(user_uuid, UNKNOWN, nullableUnknown), (role_uuid, UNKNOWN, nullableUnknown)], keys=[]) - start
08:54:27,489 DEBUG org.dbunit.dataset.OrderedTableNameMap:149 - getLastTableName() - start
08:54:27,489 DEBUG org.dbunit.dataset.OrderedTableNameMap:253 - getTableName(tableName=user_roles) - start
08:54:27,490 DEBUG org.dbunit.dataset.OrderedTableNameMap:264 - getTableName(tableName=user_roles) - end - result=USER_ROLES
08:54:27,490 DEBUG org.dbunit.dataset.AbstractTableMetaData:101 - getColumnIndex(columnName=user_uuid) - start
08:54:27,491 DEBUG org.dbunit.dataset.AbstractTableMetaData:101 - getColumnIndex(columnName=role_uuid) - start
08:54:27,491 DEBUG org.dbunit.dataset.OrderedTableNameMap:149 - getLastTableName() - start
08:54:27,492 DEBUG org.dbunit.dataset.OrderedTableNameMap:253 - getTableName(tableName=user_roles) - start
08:54:27,492 DEBUG org.dbunit.dataset.OrderedTableNameMap:264 - getTableName(tableName=user_roles) - end - result=USER_ROLES
08:54:27,493 DEBUG org.dbunit.dataset.CachedDataSet:159 - row(values=User 1) - start
08:54:27,493 DEBUG org.dbunit.dataset.DefaultTable:111 - addRow(values=User 1) - start
08:54:27,493 DEBUG org.dbunit.dataset.xml.FlatXmlProducer:486 - endElement(uri=, localName=, qName=user_roles) - start
08:54:27,494 DEBUG org.dbunit.dataset.xml.FlatXmlProducer:414 - startElement(uri=, localName=, qName=locationhierarchylevel, attributes=com.sun.org.apache.xerces.internal.parsers.AbstractSAXParser$AttributesProxy@b05661) - start
08:54:27,494 DEBUG org.dbunit.dataset.OrderedTableNameMap:149 - getLastTableName() - start
08:54:27,495 DEBUG org.dbunit.dataset.OrderedTableNameMap:253 - getTableName(tableName=user_roles) - start
08:54:27,495 DEBUG org.dbunit.dataset.OrderedTableNameMap:264 - getTableName(tableName=user_roles) - end - result=USER_ROLES
08:54:27,499 DEBUG org.dbunit.dataset.OrderedTableNameMap:127 - isLastTable(tableName=locationhierarchylevel) - start
08:54:27,499 DEBUG org.dbunit.dataset.OrderedTableNameMap:149 - getLastTableName() - start
08:54:27,500 DEBUG org.dbunit.dataset.OrderedTableNameMap:253 - getTableName(tableName=user_roles) - start
08:54:27,500 DEBUG org.dbunit.dataset.OrderedTableNameMap:264 - getTableName(tableName=user_roles) - end - result=USER_ROLES
08:54:27,500 DEBUG org.dbunit.dataset.OrderedTableNameMap:253 - getTableName(tableName=locationhierarchylevel) - start
08:54:27,501 DEBUG org.dbunit.dataset.OrderedTableNameMap:264 - getTableName(tableName=locationhierarchylevel) - end - result=LOCATIONHIERARCHYLEVEL
08:54:27,501 DEBUG org.dbunit.dataset.CachedDataSet:141 - endTable() - start
08:54:27,502 DEBUG org.dbunit.dataset.OrderedTableNameMap:253 - getTableName(tableName=user_roles) - start
08:54:27,502 DEBUG org.dbunit.dataset.OrderedTableNameMap:264 - getTableName(tableName=user_roles) - end - result=USER_ROLES
08:54:27,503 DEBUG org.dbunit.dataset.OrderedTableNameMap:191 - add(tableName=user_roles, object=org.dbunit.dataset.DefaultTable[_metaData=tableName=user_roles, columns=[(user_uuid, UNKNOWN, nullableUnknown), (role_uuid, UNKNOWN, nullableUnknown)], keys=[], _rowList.size()=1]) - start
08:54:27,503 DEBUG org.dbunit.dataset.OrderedTableNameMap:253 - getTableName(tableName=user_roles) - start
08:54:27,503 DEBUG org.dbunit.dataset.OrderedTableNameMap:264 - getTableName(tableName=user_roles) - end - result=USER_ROLES
08:54:27,504 DEBUG org.dbunit.dataset.OrderedTableNameMap:253 - getTableName(tableName=USER_ROLES) - start
08:54:27,504 DEBUG org.dbunit.dataset.OrderedTableNameMap:264 - getTableName(tableName=USER_ROLES) - end - result=USER_ROLES
08:54:27,505 DEBUG org.dbunit.dataset.OrderedTableNameMap:253 - getTableName(tableName=locationhierarchylevel) - start
08:54:27,505 DEBUG org.dbunit.dataset.OrderedTableNameMap:264 - getTableName(tableName=locationhierarchylevel) - end - result=LOCATIONHIERARCHYLEVEL
08:54:27,506 DEBUG org.dbunit.dataset.xml.FlatXmlProducer:184 - createTableMetaData(tableName=locationhierarchylevel, attributes=com.sun.org.apache.xerces.internal.parsers.AbstractSAXParser$AttributesProxy@b05661) - start
08:54:27,506 DEBUG org.dbunit.dataset.Columns:71 - getColumns(columnNames=[], columns=[(uuid, UNKNOWN, nullableUnknown), (keyIdentifier, UNKNOWN, nullableUnknown), (name, UNKNOWN, nullableUnknown)]) - start
08:54:27,506 DEBUG org.dbunit.dataset.OrderedTableNameMap:191 - add(tableName=locationhierarchylevel, object=tableName=locationhierarchylevel, columns=[(uuid, UNKNOWN, nullableUnknown), (keyIdentifier, UNKNOWN, nullableUnknown), (name, UNKNOWN, nullableUnknown)], keys=[]) - start
08:54:27,507 DEBUG org.dbunit.dataset.OrderedTableNameMap:253 - getTableName(tableName=locationhierarchylevel) - start
08:54:27,507 DEBUG org.dbunit.dataset.OrderedTableNameMap:264 - getTableName(tableName=locationhierarchylevel) - end - result=LOCATIONHIERARCHYLEVEL
08:54:27,508 DEBUG org.dbunit.dataset.OrderedTableNameMap:253 - getTableName(tableName=LOCATIONHIERARCHYLEVEL) - start
08:54:27,508 DEBUG org.dbunit.dataset.OrderedTableNameMap:264 - getTableName(tableName=LOCATIONHIERARCHYLEVEL) - end - result=LOCATIONHIERARCHYLEVEL
08:54:27,509 DEBUG org.dbunit.dataset.CachedDataSet:135 - startTable(metaData=tableName=locationhierarchylevel, columns=[(uuid, UNKNOWN, nullableUnknown), (keyIdentifier, UNKNOWN, nullableUnknown), (name, UNKNOWN, nullableUnknown)], keys=[]) - start
08:54:27,509 DEBUG org.dbunit.dataset.OrderedTableNameMap:149 - getLastTableName() - start
08:54:27,510 DEBUG org.dbunit.dataset.OrderedTableNameMap:253 - getTableName(tableName=locationhierarchylevel) - start
08:54:27,510 DEBUG org.dbunit.dataset.OrderedTableNameMap:264 - getTableName(tableName=locationhierarchylevel) - end - result=LOCATIONHIERARCHYLEVEL
08:54:27,511 DEBUG org.dbunit.dataset.AbstractTableMetaData:101 - getColumnIndex(columnName=uuid) - start
08:54:27,511 DEBUG org.dbunit.dataset.AbstractTableMetaData:101 - getColumnIndex(columnName=keyIdentifier) - start
08:54:27,511 DEBUG org.dbunit.dataset.AbstractTableMetaData:101 - getColumnIndex(columnName=name) - start
08:54:27,512 DEBUG org.dbunit.dataset.OrderedTableNameMap:149 - getLastTableName() - start
08:54:27,512 DEBUG org.dbunit.dataset.OrderedTableNameMap:253 - getTableName(tableName=locationhierarchylevel) - start
08:54:27,513 DEBUG org.dbunit.dataset.OrderedTableNameMap:264 - getTableName(tableName=locationhierarchylevel) - end - result=LOCATIONHIERARCHYLEVEL
08:54:27,513 DEBUG org.dbunit.dataset.CachedDataSet:159 - row(values=HierarchyLevel1) - start
08:54:27,513 DEBUG org.dbunit.dataset.DefaultTable:111 - addRow(values=HierarchyLevel1) - start
08:54:27,514 DEBUG org.dbunit.dataset.xml.FlatXmlProducer:486 - endElement(uri=, localName=, qName=locationhierarchylevel) - start
08:54:27,515 DEBUG org.dbunit.dataset.xml.FlatXmlProducer:414 - startElement(uri=, localName=, qName=locationhierarchylevel, attributes=com.sun.org.apache.xerces.internal.parsers.AbstractSAXParser$AttributesProxy@b05661) - start
08:54:27,515 DEBUG org.dbunit.dataset.OrderedTableNameMap:149 - getLastTableName() - start
08:54:27,516 DEBUG org.dbunit.dataset.OrderedTableNameMap:253 - getTableName(tableName=locationhierarchylevel) - start
08:54:27,516 DEBUG org.dbunit.dataset.OrderedTableNameMap:264 - getTableName(tableName=locationhierarchylevel) - end - result=LOCATIONHIERARCHYLEVEL
08:54:27,517 DEBUG org.dbunit.dataset.OrderedTableNameMap:127 - isLastTable(tableName=locationhierarchylevel) - start
08:54:27,517 DEBUG org.dbunit.dataset.OrderedTableNameMap:149 - getLastTableName() - start
08:54:27,519 DEBUG org.dbunit.dataset.OrderedTableNameMap:253 - getTableName(tableName=locationhierarchylevel) - start
08:54:27,520 DEBUG org.dbunit.dataset.OrderedTableNameMap:264 - getTableName(tableName=locationhierarchylevel) - end - result=LOCATIONHIERARCHYLEVEL
08:54:27,520 DEBUG org.dbunit.dataset.OrderedTableNameMap:253 - getTableName(tableName=locationhierarchylevel) - start
08:54:27,521 DEBUG org.dbunit.dataset.OrderedTableNameMap:264 - getTableName(tableName=locationhierarchylevel) - end - result=LOCATIONHIERARCHYLEVEL
08:54:27,522 DEBUG org.dbunit.dataset.OrderedTableNameMap:149 - getLastTableName() - start
08:54:27,522 DEBUG org.dbunit.dataset.OrderedTableNameMap:253 - getTableName(tableName=locationhierarchylevel) - start
08:54:27,523 DEBUG org.dbunit.dataset.OrderedTableNameMap:264 - getTableName(tableName=locationhierarchylevel) - end - result=LOCATIONHIERARCHYLEVEL
08:54:27,524 DEBUG org.dbunit.dataset.AbstractTableMetaData:101 - getColumnIndex(columnName=uuid) - start
08:54:27,524 DEBUG org.dbunit.dataset.AbstractTableMetaData:101 - getColumnIndex(columnName=keyIdentifier) - start
08:54:27,525 DEBUG org.dbunit.dataset.AbstractTableMetaData:101 - getColumnIndex(columnName=name) - start
08:54:27,526 DEBUG org.dbunit.dataset.OrderedTableNameMap:149 - getLastTableName() - start
08:54:27,526 DEBUG org.dbunit.dataset.OrderedTableNameMap:253 - getTableName(tableName=locationhierarchylevel) - start
08:54:27,531 DEBUG org.dbunit.dataset.OrderedTableNameMap:264 - getTableName(tableName=locationhierarchylevel) - end - result=LOCATIONHIERARCHYLEVEL
08:54:27,531 DEBUG org.dbunit.dataset.CachedDataSet:159 - row(values=HierarchyLevel2) - start
08:54:27,532 DEBUG org.dbunit.dataset.DefaultTable:111 - addRow(values=HierarchyLevel2) - start
08:54:27,533 DEBUG org.dbunit.dataset.xml.FlatXmlProducer:486 - endElement(uri=, localName=, qName=locationhierarchylevel) - start
08:54:27,533 DEBUG org.dbunit.dataset.xml.FlatXmlProducer:414 - startElement(uri=, localName=, qName=locationhierarchylevel, attributes=com.sun.org.apache.xerces.internal.parsers.AbstractSAXParser$AttributesProxy@b05661) - start
08:54:27,534 DEBUG org.dbunit.dataset.OrderedTableNameMap:149 - getLastTableName() - start
08:54:27,534 DEBUG org.dbunit.dataset.OrderedTableNameMap:253 - getTableName(tableName=locationhierarchylevel) - start
08:54:27,535 DEBUG org.dbunit.dataset.OrderedTableNameMap:264 - getTableName(tableName=locationhierarchylevel) - end - result=LOCATIONHIERARCHYLEVEL
08:54:27,535 DEBUG org.dbunit.dataset.OrderedTableNameMap:127 - isLastTable(tableName=locationhierarchylevel) - start
08:54:27,536 DEBUG org.dbunit.dataset.OrderedTableNameMap:149 - getLastTableName() - start
08:54:27,537 DEBUG org.dbunit.dataset.OrderedTableNameMap:253 - getTableName(tableName=locationhierarchylevel) - start
08:54:27,537 DEBUG org.dbunit.dataset.OrderedTableNameMap:264 - getTableName(tableName=locationhierarchylevel) - end - result=LOCATIONHIERARCHYLEVEL
08:54:27,538 DEBUG org.dbunit.dataset.OrderedTableNameMap:253 - getTableName(tableName=locationhierarchylevel) - start
08:54:27,538 DEBUG org.dbunit.dataset.OrderedTableNameMap:264 - getTableName(tableName=locationhierarchylevel) - end - result=LOCATIONHIERARCHYLEVEL
08:54:27,539 DEBUG org.dbunit.dataset.OrderedTableNameMap:149 - getLastTableName() - start
08:54:27,539 DEBUG org.dbunit.dataset.OrderedTableNameMap:253 - getTableName(tableName=locationhierarchylevel) - start
08:54:27,540 DEBUG org.dbunit.dataset.OrderedTableNameMap:264 - getTableName(tableName=locationhierarchylevel) - end - result=LOCATIONHIERARCHYLEVEL
08:54:27,541 DEBUG org.dbunit.dataset.AbstractTableMetaData:101 - getColumnIndex(columnName=uuid) - start
08:54:27,541 DEBUG org.dbunit.dataset.AbstractTableMetaData:101 - getColumnIndex(columnName=keyIdentifier) - start
08:54:27,542 DEBUG org.dbunit.dataset.AbstractTableMetaData:101 - getColumnIndex(columnName=name) - start
08:54:27,542 DEBUG org.dbunit.dataset.OrderedTableNameMap:149 - getLastTableName() - start
08:54:27,543 DEBUG org.dbunit.dataset.OrderedTableNameMap:253 - getTableName(tableName=locationhierarchylevel) - start
08:54:27,543 DEBUG org.dbunit.dataset.OrderedTableNameMap:264 - getTableName(tableName=locationhierarchylevel) - end - result=LOCATIONHIERARCHYLEVEL
08:54:27,544 DEBUG org.dbunit.dataset.CachedDataSet:159 - row(values=HierarchyLevel3) - start
08:54:27,544 DEBUG org.dbunit.dataset.DefaultTable:111 - addRow(values=HierarchyLevel3) - start
08:54:27,545 DEBUG org.dbunit.dataset.xml.FlatXmlProducer:486 - endElement(uri=, localName=, qName=locationhierarchylevel) - start
08:54:27,545 DEBUG org.dbunit.dataset.xml.FlatXmlProducer:414 - startElement(uri=, localName=, qName=locationhierarchy, attributes=com.sun.org.apache.xerces.internal.parsers.AbstractSAXParser$AttributesProxy@b05661) - start
08:54:27,546 DEBUG org.dbunit.dataset.OrderedTableNameMap:149 - getLastTableName() - start
08:54:27,546 DEBUG org.dbunit.dataset.OrderedTableNameMap:253 - getTableName(tableName=locationhierarchylevel) - start
08:54:27,547 DEBUG org.dbunit.dataset.OrderedTableNameMap:264 - getTableName(tableName=locationhierarchylevel) - end - result=LOCATIONHIERARCHYLEVEL
08:54:27,547 DEBUG org.dbunit.dataset.OrderedTableNameMap:127 - isLastTable(tableName=locationhierarchy) - start
08:54:27,548 DEBUG org.dbunit.dataset.OrderedTableNameMap:149 - getLastTableName() - start
08:54:27,549 DEBUG org.dbunit.dataset.OrderedTableNameMap:253 - getTableName(tableName=locationhierarchylevel) - start
08:54:27,549 DEBUG org.dbunit.dataset.OrderedTableNameMap:264 - getTableName(tableName=locationhierarchylevel) - end - result=LOCATIONHIERARCHYLEVEL
08:54:27,550 DEBUG org.dbunit.dataset.OrderedTableNameMap:253 - getTableName(tableName=locationhierarchy) - start
08:54:27,550 DEBUG org.dbunit.dataset.OrderedTableNameMap:264 - getTableName(tableName=locationhierarchy) - end - result=LOCATIONHIERARCHY
08:54:27,551 DEBUG org.dbunit.dataset.CachedDataSet:141 - endTable() - start
08:54:27,551 DEBUG org.dbunit.dataset.OrderedTableNameMap:253 - getTableName(tableName=locationhierarchylevel) - start
08:54:27,552 DEBUG org.dbunit.dataset.OrderedTableNameMap:264 - getTableName(tableName=locationhierarchylevel) - end - result=LOCATIONHIERARCHYLEVEL
08:54:27,552 DEBUG org.dbunit.dataset.OrderedTableNameMap:191 - add(tableName=locationhierarchylevel, object=org.dbunit.dataset.DefaultTable[_metaData=tableName=locationhierarchylevel, columns=[(uuid, UNKNOWN, nullableUnknown), (keyIdentifier, UNKNOWN, nullableUnknown), (name, UNKNOWN, nullableUnknown)], keys=[], _rowList.size()=3]) - start
08:54:27,553 DEBUG org.dbunit.dataset.OrderedTableNameMap:253 - getTableName(tableName=locationhierarchylevel) - start
08:54:27,553 DEBUG org.dbunit.dataset.OrderedTableNameMap:264 - getTableName(tableName=locationhierarchylevel) - end - result=LOCATIONHIERARCHYLEVEL
08:54:27,554 DEBUG org.dbunit.dataset.OrderedTableNameMap:253 - getTableName(tableName=LOCATIONHIERARCHYLEVEL) - start
08:54:27,555 DEBUG org.dbunit.dataset.OrderedTableNameMap:264 - getTableName(tableName=LOCATIONHIERARCHYLEVEL) - end - result=LOCATIONHIERARCHYLEVEL
08:54:27,555 DEBUG org.dbunit.dataset.OrderedTableNameMap:253 - getTableName(tableName=locationhierarchy) - start
08:54:27,556 DEBUG org.dbunit.dataset.OrderedTableNameMap:264 - getTableName(tableName=locationhierarchy) - end - result=LOCATIONHIERARCHY
08:54:27,556 DEBUG org.dbunit.dataset.xml.FlatXmlProducer:184 - createTableMetaData(tableName=locationhierarchy, attributes=com.sun.org.apache.xerces.internal.parsers.AbstractSAXParser$AttributesProxy@b05661) - start
08:54:27,557 DEBUG org.dbunit.dataset.Columns:71 - getColumns(columnNames=[], columns=[(uuid, UNKNOWN, nullableUnknown), (name, UNKNOWN, nullableUnknown), (extId, UNKNOWN, nullableUnknown), (level_uuid, UNKNOWN, nullableUnknown), (parent_uuid, UNKNOWN, nullableUnknown)]) - start
08:54:27,557 DEBUG org.dbunit.dataset.OrderedTableNameMap:191 - add(tableName=locationhierarchy, object=tableName=locationhierarchy, columns=[(uuid, UNKNOWN, nullableUnknown), (name, UNKNOWN, nullableUnknown), (extId, UNKNOWN, nullableUnknown), (level_uuid, UNKNOWN, nullableUnknown), (parent_uuid, UNKNOWN, nullableUnknown)], keys=[]) - start
08:54:27,558 DEBUG org.dbunit.dataset.OrderedTableNameMap:253 - getTableName(tableName=locationhierarchy) - start
08:54:27,558 DEBUG org.dbunit.dataset.OrderedTableNameMap:264 - getTableName(tableName=locationhierarchy) - end - result=LOCATIONHIERARCHY
08:54:27,559 DEBUG org.dbunit.dataset.OrderedTableNameMap:253 - getTableName(tableName=LOCATIONHIERARCHY) - start
08:54:27,559 DEBUG org.dbunit.dataset.OrderedTableNameMap:264 - getTableName(tableName=LOCATIONHIERARCHY) - end - result=LOCATIONHIERARCHY
08:54:27,560 DEBUG org.dbunit.dataset.CachedDataSet:135 - startTable(metaData=tableName=locationhierarchy, columns=[(uuid, UNKNOWN, nullableUnknown), (name, UNKNOWN, nullableUnknown), (extId, UNKNOWN, nullableUnknown), (level_uuid, UNKNOWN, nullableUnknown), (parent_uuid, UNKNOWN, nullableUnknown)], keys=[]) - start
08:54:27,560 DEBUG org.dbunit.dataset.OrderedTableNameMap:149 - getLastTableName() - start
08:54:27,561 DEBUG org.dbunit.dataset.OrderedTableNameMap:253 - getTableName(tableName=locationhierarchy) - start
08:54:27,561 DEBUG org.dbunit.dataset.OrderedTableNameMap:264 - getTableName(tableName=locationhierarchy) - end - result=LOCATIONHIERARCHY
08:54:27,562 DEBUG org.dbunit.dataset.AbstractTableMetaData:101 - getColumnIndex(columnName=uuid) - start
08:54:27,562 DEBUG org.dbunit.dataset.AbstractTableMetaData:101 - getColumnIndex(columnName=name) - start
08:54:27,563 DEBUG org.dbunit.dataset.AbstractTableMetaData:101 - getColumnIndex(columnName=extId) - start
08:54:27,564 DEBUG org.dbunit.dataset.AbstractTableMetaData:101 - getColumnIndex(columnName=level_uuid) - start
08:54:27,564 DEBUG org.dbunit.dataset.AbstractTableMetaData:101 - getColumnIndex(columnName=parent_uuid) - start
08:54:27,565 DEBUG org.dbunit.dataset.OrderedTableNameMap:149 - getLastTableName() - start
08:54:27,565 DEBUG org.dbunit.dataset.OrderedTableNameMap:253 - getTableName(tableName=locationhierarchy) - start
08:54:27,566 DEBUG org.dbunit.dataset.OrderedTableNameMap:264 - getTableName(tableName=locationhierarchy) - end - result=LOCATIONHIERARCHY
08:54:27,566 DEBUG org.dbunit.dataset.CachedDataSet:159 - row(values=hierarchy1) - start
08:54:27,567 DEBUG org.dbunit.dataset.DefaultTable:111 - addRow(values=hierarchy1) - start
08:54:27,567 DEBUG org.dbunit.dataset.xml.FlatXmlProducer:486 - endElement(uri=, localName=, qName=locationhierarchy) - start
08:54:27,568 DEBUG org.dbunit.dataset.xml.FlatXmlProducer:414 - startElement(uri=, localName=, qName=locationhierarchy, attributes=com.sun.org.apache.xerces.internal.parsers.AbstractSAXParser$AttributesProxy@b05661) - start
08:54:27,569 DEBUG org.dbunit.dataset.OrderedTableNameMap:149 - getLastTableName() - start
08:54:27,569 DEBUG org.dbunit.dataset.OrderedTableNameMap:253 - getTableName(tableName=locationhierarchy) - start
08:54:27,570 DEBUG org.dbunit.dataset.OrderedTableNameMap:264 - getTableName(tableName=locationhierarchy) - end - result=LOCATIONHIERARCHY
08:54:27,570 DEBUG org.dbunit.dataset.OrderedTableNameMap:127 - isLastTable(tableName=locationhierarchy) - start
08:54:27,571 DEBUG org.dbunit.dataset.OrderedTableNameMap:149 - getLastTableName() - start
08:54:27,571 DEBUG org.dbunit.dataset.OrderedTableNameMap:253 - getTableName(tableName=locationhierarchy) - start
08:54:27,572 DEBUG org.dbunit.dataset.OrderedTableNameMap:264 - getTableName(tableName=locationhierarchy) - end - result=LOCATIONHIERARCHY
08:54:27,572 DEBUG org.dbunit.dataset.OrderedTableNameMap:253 - getTableName(tableName=locationhierarchy) - start
08:54:27,573 DEBUG org.dbunit.dataset.OrderedTableNameMap:264 - getTableName(tableName=locationhierarchy) - end - result=LOCATIONHIERARCHY
08:54:27,573 DEBUG org.dbunit.dataset.OrderedTableNameMap:149 - getLastTableName() - start
08:54:27,574 DEBUG org.dbunit.dataset.OrderedTableNameMap:253 - getTableName(tableName=locationhierarchy) - start
08:54:27,574 DEBUG org.dbunit.dataset.OrderedTableNameMap:264 - getTableName(tableName=locationhierarchy) - end - result=LOCATIONHIERARCHY
08:54:27,575 DEBUG org.dbunit.dataset.AbstractTableMetaData:101 - getColumnIndex(columnName=uuid) - start
08:54:27,575 DEBUG org.dbunit.dataset.AbstractTableMetaData:101 - getColumnIndex(columnName=name) - start
08:54:27,576 DEBUG org.dbunit.dataset.AbstractTableMetaData:101 - getColumnIndex(columnName=extId) - start
08:54:27,576 DEBUG org.dbunit.dataset.AbstractTableMetaData:101 - getColumnIndex(columnName=level_uuid) - start
08:54:27,577 DEBUG org.dbunit.dataset.AbstractTableMetaData:101 - getColumnIndex(columnName=parent_uuid) - start
08:54:27,577 DEBUG org.dbunit.dataset.OrderedTableNameMap:149 - getLastTableName() - start
08:54:27,578 DEBUG org.dbunit.dataset.OrderedTableNameMap:253 - getTableName(tableName=locationhierarchy) - start
08:54:27,578 DEBUG org.dbunit.dataset.OrderedTableNameMap:264 - getTableName(tableName=locationhierarchy) - end - result=LOCATIONHIERARCHY
08:54:27,579 DEBUG org.dbunit.dataset.CachedDataSet:159 - row(values=hierarchy2) - start
08:54:27,579 DEBUG org.dbunit.dataset.DefaultTable:111 - addRow(values=hierarchy2) - start
08:54:27,580 DEBUG org.dbunit.dataset.xml.FlatXmlProducer:486 - endElement(uri=, localName=, qName=locationhierarchy) - start
08:54:27,581 DEBUG org.dbunit.dataset.xml.FlatXmlProducer:414 - startElement(uri=, localName=, qName=locationhierarchy, attributes=com.sun.org.apache.xerces.internal.parsers.AbstractSAXParser$AttributesProxy@b05661) - start
08:54:27,581 DEBUG org.dbunit.dataset.OrderedTableNameMap:149 - getLastTableName() - start
08:54:27,582 DEBUG org.dbunit.dataset.OrderedTableNameMap:253 - getTableName(tableName=locationhierarchy) - start
08:54:27,582 DEBUG org.dbunit.dataset.OrderedTableNameMap:264 - getTableName(tableName=locationhierarchy) - end - result=LOCATIONHIERARCHY
08:54:27,583 DEBUG org.dbunit.dataset.OrderedTableNameMap:127 - isLastTable(tableName=locationhierarchy) - start
08:54:27,583 DEBUG org.dbunit.dataset.OrderedTableNameMap:149 - getLastTableName() - start
08:54:27,584 DEBUG org.dbunit.dataset.OrderedTableNameMap:253 - getTableName(tableName=locationhierarchy) - start
08:54:27,584 DEBUG org.dbunit.dataset.OrderedTableNameMap:264 - getTableName(tableName=locationhierarchy) - end - result=LOCATIONHIERARCHY
08:54:27,585 DEBUG org.dbunit.dataset.OrderedTableNameMap:253 - getTableName(tableName=locationhierarchy) - start
08:54:27,585 DEBUG org.dbunit.dataset.OrderedTableNameMap:264 - getTableName(tableName=locationhierarchy) - end - result=LOCATIONHIERARCHY
08:54:27,586 DEBUG org.dbunit.dataset.OrderedTableNameMap:149 - getLastTableName() - start
08:54:27,586 DEBUG org.dbunit.dataset.OrderedTableNameMap:253 - getTableName(tableName=locationhierarchy) - start
08:54:27,587 DEBUG org.dbunit.dataset.OrderedTableNameMap:264 - getTableName(tableName=locationhierarchy) - end - result=LOCATIONHIERARCHY
08:54:27,587 DEBUG org.dbunit.dataset.AbstractTableMetaData:101 - getColumnIndex(columnName=uuid) - start
08:54:27,588 DEBUG org.dbunit.dataset.AbstractTableMetaData:101 - getColumnIndex(columnName=name) - start
08:54:27,588 DEBUG org.dbunit.dataset.AbstractTableMetaData:101 - getColumnIndex(columnName=extId) - start
08:54:27,589 DEBUG org.dbunit.dataset.AbstractTableMetaData:101 - getColumnIndex(columnName=level_uuid) - start
08:54:27,590 DEBUG org.dbunit.dataset.AbstractTableMetaData:101 - getColumnIndex(columnName=parent_uuid) - start
08:54:27,590 DEBUG org.dbunit.dataset.OrderedTableNameMap:149 - getLastTableName() - start
08:54:27,591 DEBUG org.dbunit.dataset.OrderedTableNameMap:253 - getTableName(tableName=locationhierarchy) - start
08:54:27,591 DEBUG org.dbunit.dataset.OrderedTableNameMap:264 - getTableName(tableName=locationhierarchy) - end - result=LOCATIONHIERARCHY
08:54:27,592 DEBUG org.dbunit.dataset.CachedDataSet:159 - row(values=hierarchy3) - start
08:54:27,592 DEBUG org.dbunit.dataset.DefaultTable:111 - addRow(values=hierarchy3) - start
08:54:27,593 DEBUG org.dbunit.dataset.xml.FlatXmlProducer:486 - endElement(uri=, localName=, qName=locationhierarchy) - start
08:54:27,593 DEBUG org.dbunit.dataset.xml.FlatXmlProducer:414 - startElement(uri=, localName=, qName=fieldworker, attributes=com.sun.org.apache.xerces.internal.parsers.AbstractSAXParser$AttributesProxy@b05661) - start
08:54:27,594 DEBUG org.dbunit.dataset.OrderedTableNameMap:149 - getLastTableName() - start
08:54:27,598 DEBUG org.dbunit.dataset.OrderedTableNameMap:253 - getTableName(tableName=locationhierarchy) - start
08:54:27,598 DEBUG org.dbunit.dataset.OrderedTableNameMap:264 - getTableName(tableName=locationhierarchy) - end - result=LOCATIONHIERARCHY
08:54:27,599 DEBUG org.dbunit.dataset.OrderedTableNameMap:127 - isLastTable(tableName=fieldworker) - start
08:54:27,599 DEBUG org.dbunit.dataset.OrderedTableNameMap:149 - getLastTableName() - start
08:54:27,600 DEBUG org.dbunit.dataset.OrderedTableNameMap:253 - getTableName(tableName=locationhierarchy) - start
08:54:27,600 DEBUG org.dbunit.dataset.OrderedTableNameMap:264 - getTableName(tableName=locationhierarchy) - end - result=LOCATIONHIERARCHY
08:54:27,601 DEBUG org.dbunit.dataset.OrderedTableNameMap:253 - getTableName(tableName=fieldworker) - start
08:54:27,601 DEBUG org.dbunit.dataset.OrderedTableNameMap:264 - getTableName(tableName=fieldworker) - end - result=FIELDWORKER
08:54:27,602 DEBUG org.dbunit.dataset.CachedDataSet:141 - endTable() - start
08:54:27,603 DEBUG org.dbunit.dataset.OrderedTableNameMap:253 - getTableName(tableName=locationhierarchy) - start
08:54:27,603 DEBUG org.dbunit.dataset.OrderedTableNameMap:264 - getTableName(tableName=locationhierarchy) - end - result=LOCATIONHIERARCHY
08:54:27,604 DEBUG org.dbunit.dataset.OrderedTableNameMap:191 - add(tableName=locationhierarchy, object=org.dbunit.dataset.DefaultTable[_metaData=tableName=locationhierarchy, columns=[(uuid, UNKNOWN, nullableUnknown), (name, UNKNOWN, nullableUnknown), (extId, UNKNOWN, nullableUnknown), (level_uuid, UNKNOWN, nullableUnknown), (parent_uuid, UNKNOWN, nullableUnknown)], keys=[], _rowList.size()=3]) - start
08:54:27,604 DEBUG org.dbunit.dataset.OrderedTableNameMap:253 - getTableName(tableName=locationhierarchy) - start
08:54:27,605 DEBUG org.dbunit.dataset.OrderedTableNameMap:264 - getTableName(tableName=locationhierarchy) - end - result=LOCATIONHIERARCHY
08:54:27,605 DEBUG org.dbunit.dataset.OrderedTableNameMap:253 - getTableName(tableName=LOCATIONHIERARCHY) - start
08:54:27,606 DEBUG org.dbunit.dataset.OrderedTableNameMap:264 - getTableName(tableName=LOCATIONHIERARCHY) - end - result=LOCATIONHIERARCHY
08:54:27,606 DEBUG org.dbunit.dataset.OrderedTableNameMap:253 - getTableName(tableName=fieldworker) - start
08:54:27,607 DEBUG org.dbunit.dataset.OrderedTableNameMap:264 - getTableName(tableName=fieldworker) - end - result=FIELDWORKER
08:54:27,607 DEBUG org.dbunit.dataset.xml.FlatXmlProducer:184 - createTableMetaData(tableName=fieldworker, attributes=com.sun.org.apache.xerces.internal.parsers.AbstractSAXParser$AttributesProxy@b05661) - start
08:54:27,608 DEBUG org.dbunit.dataset.Columns:71 - getColumns(columnNames=[], columns=[(uuid, UNKNOWN, nullableUnknown), (extId, UNKNOWN, nullableUnknown), (firstname, UNKNOWN, nullableUnknown), (lastname, UNKNOWN, nullableUnknown), (deleted, UNKNOWN, nullableUnknown)]) - start
08:54:27,609 DEBUG org.dbunit.dataset.OrderedTableNameMap:191 - add(tableName=fieldworker, object=tableName=fieldworker, columns=[(uuid, UNKNOWN, nullableUnknown), (extId, UNKNOWN, nullableUnknown), (firstname, UNKNOWN, nullableUnknown), (lastname, UNKNOWN, nullableUnknown), (deleted, UNKNOWN, nullableUnknown)], keys=[]) - start
08:54:27,609 DEBUG org.dbunit.dataset.OrderedTableNameMap:253 - getTableName(tableName=fieldworker) - start
08:54:27,610 DEBUG org.dbunit.dataset.OrderedTableNameMap:264 - getTableName(tableName=fieldworker) - end - result=FIELDWORKER
08:54:27,610 DEBUG org.dbunit.dataset.OrderedTableNameMap:253 - getTableName(tableName=FIELDWORKER) - start
08:54:27,611 DEBUG org.dbunit.dataset.OrderedTableNameMap:264 - getTableName(tableName=FIELDWORKER) - end - result=FIELDWORKER
08:54:27,611 DEBUG org.dbunit.dataset.CachedDataSet:135 - startTable(metaData=tableName=fieldworker, columns=[(uuid, UNKNOWN, nullableUnknown), (extId, UNKNOWN, nullableUnknown), (firstname, UNKNOWN, nullableUnknown), (lastname, UNKNOWN, nullableUnknown), (deleted, UNKNOWN, nullableUnknown)], keys=[]) - start
08:54:27,612 DEBUG org.dbunit.dataset.OrderedTableNameMap:149 - getLastTableName() - start
08:54:27,612 DEBUG org.dbunit.dataset.OrderedTableNameMap:253 - getTableName(tableName=fieldworker) - start
08:54:27,613 DEBUG org.dbunit.dataset.OrderedTableNameMap:264 - getTableName(tableName=fieldworker) - end - result=FIELDWORKER
08:54:27,613 DEBUG org.dbunit.dataset.AbstractTableMetaData:101 - getColumnIndex(columnName=uuid) - start
08:54:27,614 DEBUG org.dbunit.dataset.AbstractTableMetaData:101 - getColumnIndex(columnName=extId) - start
08:54:27,614 DEBUG org.dbunit.dataset.AbstractTableMetaData:101 - getColumnIndex(columnName=firstname) - start
08:54:27,615 DEBUG org.dbunit.dataset.AbstractTableMetaData:101 - getColumnIndex(columnName=lastname) - start
08:54:27,615 DEBUG org.dbunit.dataset.AbstractTableMetaData:101 - getColumnIndex(columnName=deleted) - start
08:54:27,616 DEBUG org.dbunit.dataset.OrderedTableNameMap:149 - getLastTableName() - start
08:54:27,616 DEBUG org.dbunit.dataset.OrderedTableNameMap:253 - getTableName(tableName=fieldworker) - start
08:54:27,617 DEBUG org.dbunit.dataset.OrderedTableNameMap:264 - getTableName(tableName=fieldworker) - end - result=FIELDWORKER
08:54:27,617 DEBUG org.dbunit.dataset.CachedDataSet:159 - row(values=FieldWorker1) - start
08:54:27,618 DEBUG org.dbunit.dataset.DefaultTable:111 - addRow(values=FieldWorker1) - start
08:54:27,619 DEBUG org.dbunit.dataset.xml.FlatXmlProducer:486 - endElement(uri=, localName=, qName=fieldworker) - start
08:54:27,619 DEBUG org.dbunit.dataset.xml.FlatXmlProducer:414 - startElement(uri=, localName=, qName=individual, attributes=com.sun.org.apache.xerces.internal.parsers.AbstractSAXParser$AttributesProxy@b05661) - start
08:54:27,620 DEBUG org.dbunit.dataset.OrderedTableNameMap:149 - getLastTableName() - start
08:54:27,620 DEBUG org.dbunit.dataset.OrderedTableNameMap:253 - getTableName(tableName=fieldworker) - start
08:54:27,621 DEBUG org.dbunit.dataset.OrderedTableNameMap:264 - getTableName(tableName=fieldworker) - end - result=FIELDWORKER
08:54:27,621 DEBUG org.dbunit.dataset.OrderedTableNameMap:127 - isLastTable(tableName=individual) - start
08:54:27,622 DEBUG org.dbunit.dataset.OrderedTableNameMap:149 - getLastTableName() - start
08:54:27,622 DEBUG org.dbunit.dataset.OrderedTableNameMap:253 - getTableName(tableName=fieldworker) - start
08:54:27,623 DEBUG org.dbunit.dataset.OrderedTableNameMap:264 - getTableName(tableName=fieldworker) - end - result=FIELDWORKER
08:54:27,623 DEBUG org.dbunit.dataset.OrderedTableNameMap:253 - getTableName(tableName=individual) - start
08:54:27,624 DEBUG org.dbunit.dataset.OrderedTableNameMap:264 - getTableName(tableName=individual) - end - result=INDIVIDUAL
08:54:27,625 DEBUG org.dbunit.dataset.CachedDataSet:141 - endTable() - start
08:54:27,625 DEBUG org.dbunit.dataset.OrderedTableNameMap:253 - getTableName(tableName=fieldworker) - start
08:54:27,626 DEBUG org.dbunit.dataset.OrderedTableNameMap:264 - getTableName(tableName=fieldworker) - end - result=FIELDWORKER
08:54:27,626 DEBUG org.dbunit.dataset.OrderedTableNameMap:191 - add(tableName=fieldworker, object=org.dbunit.dataset.DefaultTable[_metaData=tableName=fieldworker, columns=[(uuid, UNKNOWN, nullableUnknown), (extId, UNKNOWN, nullableUnknown), (firstname, UNKNOWN, nullableUnknown), (lastname, UNKNOWN, nullableUnknown), (deleted, UNKNOWN, nullableUnknown)], keys=[], _rowList.size()=1]) - start
08:54:27,627 DEBUG org.dbunit.dataset.OrderedTableNameMap:253 - getTableName(tableName=fieldworker) - start
08:54:27,627 DEBUG org.dbunit.dataset.OrderedTableNameMap:264 - getTableName(tableName=fieldworker) - end - result=FIELDWORKER
08:54:27,628 DEBUG org.dbunit.dataset.OrderedTableNameMap:253 - getTableName(tableName=FIELDWORKER) - start
08:54:27,628 DEBUG org.dbunit.dataset.OrderedTableNameMap:264 - getTableName(tableName=FIELDWORKER) - end - result=FIELDWORKER
08:54:27,629 DEBUG org.dbunit.dataset.OrderedTableNameMap:253 - getTableName(tableName=individual) - start
08:54:27,629 DEBUG org.dbunit.dataset.OrderedTableNameMap:264 - getTableName(tableName=individual) - end - result=INDIVIDUAL
08:54:27,630 DEBUG org.dbunit.dataset.xml.FlatXmlProducer:184 - createTableMetaData(tableName=individual, attributes=com.sun.org.apache.xerces.internal.parsers.AbstractSAXParser$AttributesProxy@b05661) - start
08:54:27,631 DEBUG org.dbunit.dataset.Columns:71 - getColumns(columnNames=[], columns=[(uuid, UNKNOWN, nullableUnknown), (deleted, UNKNOWN, nullableUnknown), (insertDate, UNKNOWN, nullableUnknown), (voidReason, UNKNOWN, nullableUnknown), (status, UNKNOWN, nullableUnknown), (dob, UNKNOWN, nullableUnknown), (extId, UNKNOWN, nullableUnknown), (firstName, UNKNOWN, nullableUnknown), (gender, UNKNOWN, nullableUnknown), (lastName, UNKNOWN, nullableUnknown), (insertBy_uuid, UNKNOWN, nullableUnknown), (collectedBy_uuid, UNKNOWN, nullableUnknown)]) - start
08:54:27,631 DEBUG org.dbunit.dataset.OrderedTableNameMap:191 - add(tableName=individual, object=tableName=individual, columns=[(uuid, UNKNOWN, nullableUnknown), (deleted, UNKNOWN, nullableUnknown), (insertDate, UNKNOWN, nullableUnknown), (voidReason, UNKNOWN, nullableUnknown), (status, UNKNOWN, nullableUnknown), (dob, UNKNOWN, nullableUnknown), (extId, UNKNOWN, nullableUnknown), (firstName, UNKNOWN, nullableUnknown), (gender, UNKNOWN, nullableUnknown), (lastName, UNKNOWN, nullableUnknown), (insertBy_uuid, UNKNOWN, nullableUnknown), (collectedBy_uuid, UNKNOWN, nullableUnknown)], keys=[]) - start
08:54:27,632 DEBUG org.dbunit.dataset.OrderedTableNameMap:253 - getTableName(tableName=individual) - start
08:54:27,632 DEBUG org.dbunit.dataset.OrderedTableNameMap:264 - getTableName(tableName=individual) - end - result=INDIVIDUAL
08:54:27,633 DEBUG org.dbunit.dataset.OrderedTableNameMap:253 - getTableName(tableName=INDIVIDUAL) - start
08:54:27,633 DEBUG org.dbunit.dataset.OrderedTableNameMap:264 - getTableName(tableName=INDIVIDUAL) - end - result=INDIVIDUAL
08:54:27,634 DEBUG org.dbunit.dataset.CachedDataSet:135 - startTable(metaData=tableName=individual, columns=[(uuid, UNKNOWN, nullableUnknown), (deleted, UNKNOWN, nullableUnknown), (insertDate, UNKNOWN, nullableUnknown), (voidReason, UNKNOWN, nullableUnknown), (status, UNKNOWN, nullableUnknown), (dob, UNKNOWN, nullableUnknown), (extId, UNKNOWN, nullableUnknown), (firstName, UNKNOWN, nullableUnknown), (gender, UNKNOWN, nullableUnknown), (lastName, UNKNOWN, nullableUnknown), (insertBy_uuid, UNKNOWN, nullableUnknown), (collectedBy_uuid, UNKNOWN, nullableUnknown)], keys=[]) - start
08:54:27,635 DEBUG org.dbunit.dataset.OrderedTableNameMap:149 - getLastTableName() - start
08:54:27,635 DEBUG org.dbunit.dataset.OrderedTableNameMap:253 - getTableName(tableName=individual) - start
08:54:27,636 DEBUG org.dbunit.dataset.OrderedTableNameMap:264 - getTableName(tableName=individual) - end - result=INDIVIDUAL
08:54:27,636 DEBUG org.dbunit.dataset.AbstractTableMetaData:101 - getColumnIndex(columnName=uuid) - start
08:54:27,637 DEBUG org.dbunit.dataset.AbstractTableMetaData:101 - getColumnIndex(columnName=deleted) - start
08:54:27,637 DEBUG org.dbunit.dataset.AbstractTableMetaData:101 - getColumnIndex(columnName=insertDate) - start
08:54:27,638 DEBUG org.dbunit.dataset.AbstractTableMetaData:101 - getColumnIndex(columnName=voidReason) - start
08:54:27,638 DEBUG org.dbunit.dataset.AbstractTableMetaData:101 - getColumnIndex(columnName=status) - start
08:54:27,639 DEBUG org.dbunit.dataset.AbstractTableMetaData:101 - getColumnIndex(columnName=dob) - start
08:54:27,639 DEBUG org.dbunit.dataset.AbstractTableMetaData:101 - getColumnIndex(columnName=extId) - start
08:54:27,640 DEBUG org.dbunit.dataset.AbstractTableMetaData:101 - getColumnIndex(columnName=firstName) - start
08:54:27,640 DEBUG org.dbunit.dataset.AbstractTableMetaData:101 - getColumnIndex(columnName=gender) - start
08:54:27,641 DEBUG org.dbunit.dataset.AbstractTableMetaData:101 - getColumnIndex(columnName=lastName) - start
08:54:27,641 DEBUG org.dbunit.dataset.AbstractTableMetaData:101 - getColumnIndex(columnName=insertBy_uuid) - start
08:54:27,642 DEBUG org.dbunit.dataset.AbstractTableMetaData:101 - getColumnIndex(columnName=collectedBy_uuid) - start
08:54:27,642 DEBUG org.dbunit.dataset.OrderedTableNameMap:149 - getLastTableName() - start
08:54:27,643 DEBUG org.dbunit.dataset.OrderedTableNameMap:253 - getTableName(tableName=individual) - start
08:54:27,643 DEBUG org.dbunit.dataset.OrderedTableNameMap:264 - getTableName(tableName=individual) - end - result=INDIVIDUAL
08:54:27,644 DEBUG org.dbunit.dataset.CachedDataSet:159 - row(values=Indiv 4) - start
08:54:27,644 DEBUG org.dbunit.dataset.DefaultTable:111 - addRow(values=Indiv 4) - start
08:54:27,645 DEBUG org.dbunit.dataset.xml.FlatXmlProducer:486 - endElement(uri=, localName=, qName=individual) - start
08:54:27,646 DEBUG org.dbunit.dataset.xml.FlatXmlProducer:414 - startElement(uri=, localName=, qName=individual, attributes=com.sun.org.apache.xerces.internal.parsers.AbstractSAXParser$AttributesProxy@b05661) - start
08:54:27,646 DEBUG org.dbunit.dataset.OrderedTableNameMap:149 - getLastTableName() - start
08:54:27,647 DEBUG org.dbunit.dataset.OrderedTableNameMap:253 - getTableName(tableName=individual) - start
08:54:27,647 DEBUG org.dbunit.dataset.OrderedTableNameMap:264 - getTableName(tableName=individual) - end - result=INDIVIDUAL
08:54:27,648 DEBUG org.dbunit.dataset.OrderedTableNameMap:127 - isLastTable(tableName=individual) - start
08:54:27,648 DEBUG org.dbunit.dataset.OrderedTableNameMap:149 - getLastTableName() - start
08:54:27,649 DEBUG org.dbunit.dataset.OrderedTableNameMap:253 - getTableName(tableName=individual) - start
08:54:27,649 DEBUG org.dbunit.dataset.OrderedTableNameMap:264 - getTableName(tableName=individual) - end - result=INDIVIDUAL
08:54:27,650 DEBUG org.dbunit.dataset.OrderedTableNameMap:253 - getTableName(tableName=individual) - start
08:54:27,650 DEBUG org.dbunit.dataset.OrderedTableNameMap:264 - getTableName(tableName=individual) - end - result=INDIVIDUAL
08:54:27,651 DEBUG org.dbunit.dataset.OrderedTableNameMap:149 - getLastTableName() - start
08:54:27,651 DEBUG org.dbunit.dataset.OrderedTableNameMap:253 - getTableName(tableName=individual) - start
08:54:27,652 DEBUG org.dbunit.dataset.OrderedTableNameMap:264 - getTableName(tableName=individual) - end - result=INDIVIDUAL
08:54:27,653 DEBUG org.dbunit.dataset.AbstractTableMetaData:101 - getColumnIndex(columnName=uuid) - start
08:54:27,653 DEBUG org.dbunit.dataset.AbstractTableMetaData:101 - getColumnIndex(columnName=deleted) - start
08:54:27,654 DEBUG org.dbunit.dataset.AbstractTableMetaData:101 - getColumnIndex(columnName=insertDate) - start
08:54:27,654 DEBUG org.dbunit.dataset.AbstractTableMetaData:101 - getColumnIndex(columnName=voidReason) - start
08:54:27,655 DEBUG org.dbunit.dataset.AbstractTableMetaData:101 - getColumnIndex(columnName=status) - start
08:54:27,656 DEBUG org.dbunit.dataset.AbstractTableMetaData:101 - getColumnIndex(columnName=dob) - start
08:54:27,656 DEBUG org.dbunit.dataset.AbstractTableMetaData:101 - getColumnIndex(columnName=extId) - start
08:54:27,657 DEBUG org.dbunit.dataset.AbstractTableMetaData:101 - getColumnIndex(columnName=firstName) - start
08:54:27,657 DEBUG org.dbunit.dataset.AbstractTableMetaData:101 - getColumnIndex(columnName=gender) - start
08:54:27,658 DEBUG org.dbunit.dataset.AbstractTableMetaData:101 - getColumnIndex(columnName=lastName) - start
08:54:27,658 DEBUG org.dbunit.dataset.AbstractTableMetaData:101 - getColumnIndex(columnName=insertBy_uuid) - start
08:54:27,659 DEBUG org.dbunit.dataset.AbstractTableMetaData:101 - getColumnIndex(columnName=collectedBy_uuid) - start
08:54:27,659 DEBUG org.dbunit.dataset.OrderedTableNameMap:149 - getLastTableName() - start
08:54:27,660 DEBUG org.dbunit.dataset.OrderedTableNameMap:253 - getTableName(tableName=individual) - start
08:54:27,664 DEBUG org.dbunit.dataset.OrderedTableNameMap:264 - getTableName(tableName=individual) - end - result=INDIVIDUAL
08:54:27,665 DEBUG org.dbunit.dataset.CachedDataSet:159 - row(values=Indiv 1) - start
08:54:27,665 DEBUG org.dbunit.dataset.DefaultTable:111 - addRow(values=Indiv 1) - start
08:54:27,666 DEBUG org.dbunit.dataset.xml.FlatXmlProducer:486 - endElement(uri=, localName=, qName=individual) - start
08:54:27,666 DEBUG org.dbunit.dataset.xml.FlatXmlProducer:414 - startElement(uri=, localName=, qName=socialgroup, attributes=com.sun.org.apache.xerces.internal.parsers.AbstractSAXParser$AttributesProxy@b05661) - start
08:54:27,667 DEBUG org.dbunit.dataset.OrderedTableNameMap:149 - getLastTableName() - start
08:54:27,667 DEBUG org.dbunit.dataset.OrderedTableNameMap:253 - getTableName(tableName=individual) - start
08:54:27,668 DEBUG org.dbunit.dataset.OrderedTableNameMap:264 - getTableName(tableName=individual) - end - result=INDIVIDUAL
08:54:27,669 DEBUG org.dbunit.dataset.OrderedTableNameMap:127 - isLastTable(tableName=socialgroup) - start
08:54:27,669 DEBUG org.dbunit.dataset.OrderedTableNameMap:149 - getLastTableName() - start
08:54:27,670 DEBUG org.dbunit.dataset.OrderedTableNameMap:253 - getTableName(tableName=individual) - start
08:54:27,670 DEBUG org.dbunit.dataset.OrderedTableNameMap:264 - getTableName(tableName=individual) - end - result=INDIVIDUAL
08:54:27,671 DEBUG org.dbunit.dataset.OrderedTableNameMap:253 - getTableName(tableName=socialgroup) - start
08:54:27,671 DEBUG org.dbunit.dataset.OrderedTableNameMap:264 - getTableName(tableName=socialgroup) - end - result=SOCIALGROUP
08:54:27,672 DEBUG org.dbunit.dataset.CachedDataSet:141 - endTable() - start
08:54:27,672 DEBUG org.dbunit.dataset.OrderedTableNameMap:253 - getTableName(tableName=individual) - start
08:54:27,673 DEBUG org.dbunit.dataset.OrderedTableNameMap:264 - getTableName(tableName=individual) - end - result=INDIVIDUAL
08:54:27,673 DEBUG org.dbunit.dataset.OrderedTableNameMap:191 - add(tableName=individual, object=org.dbunit.dataset.DefaultTable[_metaData=tableName=individual, columns=[(uuid, UNKNOWN, nullableUnknown), (deleted, UNKNOWN, nullableUnknown), (insertDate, UNKNOWN, nullableUnknown), (voidReason, UNKNOWN, nullableUnknown), (status, UNKNOWN, nullableUnknown), (dob, UNKNOWN, nullableUnknown), (extId, UNKNOWN, nullableUnknown), (firstName, UNKNOWN, nullableUnknown), (gender, UNKNOWN, nullableUnknown), (lastName, UNKNOWN, nullableUnknown), (insertBy_uuid, UNKNOWN, nullableUnknown), (collectedBy_uuid, UNKNOWN, nullableUnknown)], keys=[], _rowList.size()=2]) - start
08:54:27,674 DEBUG org.dbunit.dataset.OrderedTableNameMap:253 - getTableName(tableName=individual) - start
08:54:27,675 DEBUG org.dbunit.dataset.OrderedTableNameMap:264 - getTableName(tableName=individual) - end - result=INDIVIDUAL
08:54:27,675 DEBUG org.dbunit.dataset.OrderedTableNameMap:253 - getTableName(tableName=INDIVIDUAL) - start
08:54:27,676 DEBUG org.dbunit.dataset.OrderedTableNameMap:264 - getTableName(tableName=INDIVIDUAL) - end - result=INDIVIDUAL
08:54:27,676 DEBUG org.dbunit.dataset.OrderedTableNameMap:253 - getTableName(tableName=socialgroup) - start
08:54:27,677 DEBUG org.dbunit.dataset.OrderedTableNameMap:264 - getTableName(tableName=socialgroup) - end - result=SOCIALGROUP
08:54:27,678 DEBUG org.dbunit.dataset.xml.FlatXmlProducer:184 - createTableMetaData(tableName=socialgroup, attributes=com.sun.org.apache.xerces.internal.parsers.AbstractSAXParser$AttributesProxy@b05661) - start
08:54:27,678 DEBUG org.dbunit.dataset.Columns:71 - getColumns(columnNames=[], columns=[(uuid, UNKNOWN, nullableUnknown), (deleted, UNKNOWN, nullableUnknown), (insertDate, UNKNOWN, nullableUnknown), (status, UNKNOWN, nullableUnknown), (extId, UNKNOWN, nullableUnknown), (groupName, UNKNOWN, nullableUnknown), (groupType, UNKNOWN, nullableUnknown), (insertBy_uuid, UNKNOWN, nullableUnknown), (collectedBy_uuid, UNKNOWN, nullableUnknown), (groupHead_uuid, UNKNOWN, nullableUnknown)]) - start
08:54:27,679 DEBUG org.dbunit.dataset.OrderedTableNameMap:191 - add(tableName=socialgroup, object=tableName=socialgroup, columns=[(uuid, UNKNOWN, nullableUnknown), (deleted, UNKNOWN, nullableUnknown), (insertDate, UNKNOWN, nullableUnknown), (status, UNKNOWN, nullableUnknown), (extId, UNKNOWN, nullableUnknown), (groupName, UNKNOWN, nullableUnknown), (groupType, UNKNOWN, nullableUnknown), (insertBy_uuid, UNKNOWN, nullableUnknown), (collectedBy_uuid, UNKNOWN, nullableUnknown), (groupHead_uuid, UNKNOWN, nullableUnknown)], keys=[]) - start
08:54:27,679 DEBUG org.dbunit.dataset.OrderedTableNameMap:253 - getTableName(tableName=socialgroup) - start
08:54:27,680 DEBUG org.dbunit.dataset.OrderedTableNameMap:264 - getTableName(tableName=socialgroup) - end - result=SOCIALGROUP
08:54:27,680 DEBUG org.dbunit.dataset.OrderedTableNameMap:253 - getTableName(tableName=SOCIALGROUP) - start
08:54:27,681 DEBUG org.dbunit.dataset.OrderedTableNameMap:264 - getTableName(tableName=SOCIALGROUP) - end - result=SOCIALGROUP
08:54:27,682 DEBUG org.dbunit.dataset.CachedDataSet:135 - startTable(metaData=tableName=socialgroup, columns=[(uuid, UNKNOWN, nullableUnknown), (deleted, UNKNOWN, nullableUnknown), (insertDate, UNKNOWN, nullableUnknown), (status, UNKNOWN, nullableUnknown), (extId, UNKNOWN, nullableUnknown), (groupName, UNKNOWN, nullableUnknown), (groupType, UNKNOWN, nullableUnknown), (insertBy_uuid, UNKNOWN, nullableUnknown), (collectedBy_uuid, UNKNOWN, nullableUnknown), (groupHead_uuid, UNKNOWN, nullableUnknown)], keys=[]) - start
08:54:27,682 DEBUG org.dbunit.dataset.OrderedTableNameMap:149 - getLastTableName() - start
08:54:27,683 DEBUG org.dbunit.dataset.OrderedTableNameMap:253 - getTableName(tableName=socialgroup) - start
08:54:27,684 DEBUG org.dbunit.dataset.OrderedTableNameMap:264 - getTableName(tableName=socialgroup) - end - result=SOCIALGROUP
08:54:27,684 DEBUG org.dbunit.dataset.AbstractTableMetaData:101 - getColumnIndex(columnName=uuid) - start
08:54:27,685 DEBUG org.dbunit.dataset.AbstractTableMetaData:101 - getColumnIndex(columnName=deleted) - start
08:54:27,685 DEBUG org.dbunit.dataset.AbstractTableMetaData:101 - getColumnIndex(columnName=insertDate) - start
08:54:27,686 DEBUG org.dbunit.dataset.AbstractTableMetaData:101 - getColumnIndex(columnName=status) - start
08:54:27,686 DEBUG org.dbunit.dataset.AbstractTableMetaData:101 - getColumnIndex(columnName=extId) - start
08:54:27,687 DEBUG org.dbunit.dataset.AbstractTableMetaData:101 - getColumnIndex(columnName=groupName) - start
08:54:27,687 DEBUG org.dbunit.dataset.AbstractTableMetaData:101 - getColumnIndex(columnName=groupType) - start
08:54:27,688 DEBUG org.dbunit.dataset.AbstractTableMetaData:101 - getColumnIndex(columnName=insertBy_uuid) - start
08:54:27,689 DEBUG org.dbunit.dataset.AbstractTableMetaData:101 - getColumnIndex(columnName=collectedBy_uuid) - start
08:54:27,689 DEBUG org.dbunit.dataset.AbstractTableMetaData:101 - getColumnIndex(columnName=groupHead_uuid) - start
08:54:27,690 DEBUG org.dbunit.dataset.OrderedTableNameMap:149 - getLastTableName() - start
08:54:27,690 DEBUG org.dbunit.dataset.OrderedTableNameMap:253 - getTableName(tableName=socialgroup) - start
08:54:27,691 DEBUG org.dbunit.dataset.OrderedTableNameMap:264 - getTableName(tableName=socialgroup) - end - result=SOCIALGROUP
08:54:27,691 DEBUG org.dbunit.dataset.CachedDataSet:159 - row(values=SocialGroup1) - start
08:54:27,692 DEBUG org.dbunit.dataset.DefaultTable:111 - addRow(values=SocialGroup1) - start
08:54:27,692 DEBUG org.dbunit.dataset.xml.FlatXmlProducer:486 - endElement(uri=, localName=, qName=socialgroup) - start
08:54:27,693 DEBUG org.dbunit.dataset.xml.FlatXmlProducer:414 - startElement(uri=, localName=, qName=membership, attributes=com.sun.org.apache.xerces.internal.parsers.AbstractSAXParser$AttributesProxy@b05661) - start
08:54:27,693 DEBUG org.dbunit.dataset.OrderedTableNameMap:149 - getLastTableName() - start
08:54:27,693 DEBUG org.dbunit.dataset.OrderedTableNameMap:253 - getTableName(tableName=socialgroup) - start
08:54:27,694 DEBUG org.dbunit.dataset.OrderedTableNameMap:264 - getTableName(tableName=socialgroup) - end - result=SOCIALGROUP
08:54:27,694 DEBUG org.dbunit.dataset.OrderedTableNameMap:127 - isLastTable(tableName=membership) - start
08:54:27,694 DEBUG org.dbunit.dataset.OrderedTableNameMap:149 - getLastTableName() - start
08:54:27,695 DEBUG org.dbunit.dataset.OrderedTableNameMap:253 - getTableName(tableName=socialgroup) - start
08:54:27,695 DEBUG org.dbunit.dataset.OrderedTableNameMap:264 - getTableName(tableName=socialgroup) - end - result=SOCIALGROUP
08:54:27,696 DEBUG org.dbunit.dataset.OrderedTableNameMap:253 - getTableName(tableName=membership) - start
08:54:27,696 DEBUG org.dbunit.dataset.OrderedTableNameMap:264 - getTableName(tableName=membership) - end - result=MEMBERSHIP
08:54:27,696 DEBUG org.dbunit.dataset.CachedDataSet:141 - endTable() - start
08:54:27,697 DEBUG org.dbunit.dataset.OrderedTableNameMap:253 - getTableName(tableName=socialgroup) - start
08:54:27,697 DEBUG org.dbunit.dataset.OrderedTableNameMap:264 - getTableName(tableName=socialgroup) - end - result=SOCIALGROUP
08:54:27,697 DEBUG org.dbunit.dataset.OrderedTableNameMap:191 - add(tableName=socialgroup, object=org.dbunit.dataset.DefaultTable[_metaData=tableName=socialgroup, columns=[(uuid, UNKNOWN, nullableUnknown), (deleted, UNKNOWN, nullableUnknown), (insertDate, UNKNOWN, nullableUnknown), (status, UNKNOWN, nullableUnknown), (extId, UNKNOWN, nullableUnknown), (groupName, UNKNOWN, nullableUnknown), (groupType, UNKNOWN, nullableUnknown), (insertBy_uuid, UNKNOWN, nullableUnknown), (collectedBy_uuid, UNKNOWN, nullableUnknown), (groupHead_uuid, UNKNOWN, nullableUnknown)], keys=[], _rowList.size()=1]) - start
08:54:27,698 DEBUG org.dbunit.dataset.OrderedTableNameMap:253 - getTableName(tableName=socialgroup) - start
08:54:27,698 DEBUG org.dbunit.dataset.OrderedTableNameMap:264 - getTableName(tableName=socialgroup) - end - result=SOCIALGROUP
08:54:27,699 DEBUG org.dbunit.dataset.OrderedTableNameMap:253 - getTableName(tableName=SOCIALGROUP) - start
08:54:27,699 DEBUG org.dbunit.dataset.OrderedTableNameMap:264 - getTableName(tableName=SOCIALGROUP) - end - result=SOCIALGROUP
08:54:27,700 DEBUG org.dbunit.dataset.OrderedTableNameMap:253 - getTableName(tableName=membership) - start
08:54:27,700 DEBUG org.dbunit.dataset.OrderedTableNameMap:264 - getTableName(tableName=membership) - end - result=MEMBERSHIP
08:54:27,701 DEBUG org.dbunit.dataset.xml.FlatXmlProducer:184 - createTableMetaData(tableName=membership, attributes=com.sun.org.apache.xerces.internal.parsers.AbstractSAXParser$AttributesProxy@b05661) - start
08:54:27,704 DEBUG org.dbunit.dataset.Columns:71 - getColumns(columnNames=[], columns=[(uuid, UNKNOWN, nullableUnknown), (insertDate, UNKNOWN, nullableUnknown), (bIsToA, UNKNOWN, nullableUnknown), (deleted, UNKNOWN, nullableUnknown), (insertBy_uuid, UNKNOWN, nullableUnknown), (collectedBy_uuid, UNKNOWN, nullableUnknown), (startDate, UNKNOWN, nullableUnknown)]) - start
08:54:27,704 DEBUG org.dbunit.dataset.OrderedTableNameMap:191 - add(tableName=membership, object=tableName=membership, columns=[(uuid, UNKNOWN, nullableUnknown), (insertDate, UNKNOWN, nullableUnknown), (bIsToA, UNKNOWN, nullableUnknown), (deleted, UNKNOWN, nullableUnknown), (insertBy_uuid, UNKNOWN, nullableUnknown), (collectedBy_uuid, UNKNOWN, nullableUnknown), (startDate, UNKNOWN, nullableUnknown)], keys=[]) - start
08:54:27,705 DEBUG org.dbunit.dataset.OrderedTableNameMap:253 - getTableName(tableName=membership) - start
08:54:27,706 DEBUG org.dbunit.dataset.OrderedTableNameMap:264 - getTableName(tableName=membership) - end - result=MEMBERSHIP
08:54:27,706 DEBUG org.dbunit.dataset.OrderedTableNameMap:253 - getTableName(tableName=MEMBERSHIP) - start
08:54:27,707 DEBUG org.dbunit.dataset.OrderedTableNameMap:264 - getTableName(tableName=MEMBERSHIP) - end - result=MEMBERSHIP
08:54:27,707 DEBUG org.dbunit.dataset.CachedDataSet:135 - startTable(metaData=tableName=membership, columns=[(uuid, UNKNOWN, nullableUnknown), (insertDate, UNKNOWN, nullableUnknown), (bIsToA, UNKNOWN, nullableUnknown), (deleted, UNKNOWN, nullableUnknown), (insertBy_uuid, UNKNOWN, nullableUnknown), (collectedBy_uuid, UNKNOWN, nullableUnknown), (startDate, UNKNOWN, nullableUnknown)], keys=[]) - start
08:54:27,708 DEBUG org.dbunit.dataset.OrderedTableNameMap:149 - getLastTableName() - start
08:54:27,709 DEBUG org.dbunit.dataset.OrderedTableNameMap:253 - getTableName(tableName=membership) - start
08:54:27,709 DEBUG org.dbunit.dataset.OrderedTableNameMap:264 - getTableName(tableName=membership) - end - result=MEMBERSHIP
08:54:27,710 DEBUG org.dbunit.dataset.AbstractTableMetaData:101 - getColumnIndex(columnName=uuid) - start
08:54:27,710 DEBUG org.dbunit.dataset.AbstractTableMetaData:101 - getColumnIndex(columnName=insertDate) - start
08:54:27,711 DEBUG org.dbunit.dataset.AbstractTableMetaData:101 - getColumnIndex(columnName=bIsToA) - start
08:54:27,711 DEBUG org.dbunit.dataset.AbstractTableMetaData:101 - getColumnIndex(columnName=deleted) - start
08:54:27,711 DEBUG org.dbunit.dataset.AbstractTableMetaData:101 - getColumnIndex(columnName=insertBy_uuid) - start
08:54:27,712 DEBUG org.dbunit.dataset.AbstractTableMetaData:101 - getColumnIndex(columnName=collectedBy_uuid) - start
08:54:27,712 DEBUG org.dbunit.dataset.AbstractTableMetaData:101 - getColumnIndex(columnName=startDate) - start
08:54:27,713 DEBUG org.dbunit.dataset.OrderedTableNameMap:149 - getLastTableName() - start
08:54:27,714 DEBUG org.dbunit.dataset.OrderedTableNameMap:253 - getTableName(tableName=membership) - start
08:54:27,715 DEBUG org.dbunit.dataset.OrderedTableNameMap:264 - getTableName(tableName=membership) - end - result=MEMBERSHIP
08:54:27,716 DEBUG org.dbunit.dataset.CachedDataSet:159 - row(values=memebership1) - start
08:54:27,716 DEBUG org.dbunit.dataset.DefaultTable:111 - addRow(values=memebership1) - start
08:54:27,717 DEBUG org.dbunit.dataset.xml.FlatXmlProducer:486 - endElement(uri=, localName=, qName=membership) - start
08:54:27,718 DEBUG org.dbunit.dataset.xml.FlatXmlProducer:486 - endElement(uri=, localName=, qName=dataset) - start
08:54:27,718 DEBUG org.dbunit.dataset.OrderedTableNameMap:149 - getLastTableName() - start
08:54:27,718 DEBUG org.dbunit.dataset.OrderedTableNameMap:253 - getTableName(tableName=membership) - start
08:54:27,719 DEBUG org.dbunit.dataset.OrderedTableNameMap:264 - getTableName(tableName=membership) - end - result=MEMBERSHIP
08:54:27,720 DEBUG org.dbunit.dataset.CachedDataSet:141 - endTable() - start
08:54:27,720 DEBUG org.dbunit.dataset.OrderedTableNameMap:253 - getTableName(tableName=membership) - start
08:54:27,721 DEBUG org.dbunit.dataset.OrderedTableNameMap:264 - getTableName(tableName=membership) - end - result=MEMBERSHIP
08:54:27,722 DEBUG org.dbunit.dataset.OrderedTableNameMap:191 - add(tableName=membership, object=org.dbunit.dataset.DefaultTable[_metaData=tableName=membership, columns=[(uuid, UNKNOWN, nullableUnknown), (insertDate, UNKNOWN, nullableUnknown), (bIsToA, UNKNOWN, nullableUnknown), (deleted, UNKNOWN, nullableUnknown), (insertBy_uuid, UNKNOWN, nullableUnknown), (collectedBy_uuid, UNKNOWN, nullableUnknown), (startDate, UNKNOWN, nullableUnknown)], keys=[], _rowList.size()=1]) - start
08:54:27,722 DEBUG org.dbunit.dataset.OrderedTableNameMap:253 - getTableName(tableName=membership) - start
08:54:27,723 DEBUG org.dbunit.dataset.OrderedTableNameMap:264 - getTableName(tableName=membership) - end - result=MEMBERSHIP
08:54:27,723 DEBUG org.dbunit.dataset.OrderedTableNameMap:253 - getTableName(tableName=MEMBERSHIP) - start
08:54:27,724 DEBUG org.dbunit.dataset.OrderedTableNameMap:264 - getTableName(tableName=MEMBERSHIP) - end - result=MEMBERSHIP
08:54:27,724 DEBUG org.dbunit.dataset.CachedDataSet:129 - endDataSet() - start
08:54:27,725 DEBUG org.dbunit.dataset.CachedDataSet:130 - endDataSet() - the final tableMap is: org.dbunit.dataset.OrderedTableNameMap[_tableNames=[privilege, role, role_privileges, user, user_roles, locationhierarchylevel, locationhierarchy, fieldworker, individual, socialgroup, membership], _tableMap={FIELDWORKER=org.dbunit.dataset.DefaultTable[_metaData=tableName=fieldworker, columns=[(uuid, UNKNOWN, nullableUnknown), (extId, UNKNOWN, nullableUnknown), (firstname, UNKNOWN, nullableUnknown), (lastname, UNKNOWN, nullableUnknown), (deleted, UNKNOWN, nullableUnknown)], keys=[], _rowList.size()=1], SOCIALGROUP=org.dbunit.dataset.DefaultTable[_metaData=tableName=socialgroup, columns=[(uuid, UNKNOWN, nullableUnknown), (deleted, UNKNOWN, nullableUnknown), (insertDate, UNKNOWN, nullableUnknown), (status, UNKNOWN, nullableUnknown), (extId, UNKNOWN, nullableUnknown), (groupName, UNKNOWN, nullableUnknown), (groupType, UNKNOWN, nullableUnknown), (insertBy_uuid, UNKNOWN, nullableUnknown), (collectedBy_uuid, UNKNOWN, nullableUnknown), (groupHead_uuid, UNKNOWN, nullableUnknown)], keys=[], _rowList.size()=1], PRIVILEGE=org.dbunit.dataset.DefaultTable[_metaData=tableName=privilege, columns=[(uuid, UNKNOWN, nullableUnknown), (privilege, UNKNOWN, nullableUnknown)], keys=[], _rowList.size()=1], ROLE=org.dbunit.dataset.DefaultTable[_metaData=tableName=role, columns=[(uuid, UNKNOWN, nullableUnknown), (name, UNKNOWN, nullableUnknown), (description, UNKNOWN, nullableUnknown), (deleted, UNKNOWN, nullableUnknown)], keys=[], _rowList.size()=1], ROLE_PRIVILEGES=org.dbunit.dataset.DefaultTable[_metaData=tableName=role_privileges, columns=[(role_uuid, UNKNOWN, nullableUnknown), (privilege_uuid, UNKNOWN, nullableUnknown)], keys=[], _rowList.size()=1], MEMBERSHIP=org.dbunit.dataset.DefaultTable[_metaData=tableName=membership, columns=[(uuid, UNKNOWN, nullableUnknown), (insertDate, UNKNOWN, nullableUnknown), (bIsToA, UNKNOWN, nullableUnknown), (deleted, UNKNOWN, nullableUnknown), (insertBy_uuid, UNKNOWN, nullableUnknown), (collectedBy_uuid, UNKNOWN, nullableUnknown), (startDate, UNKNOWN, nullableUnknown)], keys=[], _rowList.size()=1], LOCATIONHIERARCHY=org.dbunit.dataset.DefaultTable[_metaData=tableName=locationhierarchy, columns=[(uuid, UNKNOWN, nullableUnknown), (name, UNKNOWN, nullableUnknown), (extId, UNKNOWN, nullableUnknown), (level_uuid, UNKNOWN, nullableUnknown), (parent_uuid, UNKNOWN, nullableUnknown)], keys=[], _rowList.size()=3], INDIVIDUAL=org.dbunit.dataset.DefaultTable[_metaData=tableName=individual, columns=[(uuid, UNKNOWN, nullableUnknown), (deleted, UNKNOWN, nullableUnknown), (insertDate, UNKNOWN, nullableUnknown), (voidReason, UNKNOWN, nullableUnknown), (status, UNKNOWN, nullableUnknown), (dob, UNKNOWN, nullableUnknown), (extId, UNKNOWN, nullableUnknown), (firstName, UNKNOWN, nullableUnknown), (gender, UNKNOWN, nullableUnknown), (lastName, UNKNOWN, nullableUnknown), (insertBy_uuid, UNKNOWN, nullableUnknown), (collectedBy_uuid, UNKNOWN, nullableUnknown)], keys=[], _rowList.size()=2], LOCATIONHIERARCHYLEVEL=org.dbunit.dataset.DefaultTable[_metaData=tableName=locationhierarchylevel, columns=[(uuid, UNKNOWN, nullableUnknown), (keyIdentifier, UNKNOWN, nullableUnknown), (name, UNKNOWN, nullableUnknown)], keys=[], _rowList.size()=3], USER_ROLES=org.dbunit.dataset.DefaultTable[_metaData=tableName=user_roles, columns=[(user_uuid, UNKNOWN, nullableUnknown), (role_uuid, UNKNOWN, nullableUnknown)], keys=[], _rowList.size()=1], USER=org.dbunit.dataset.DefaultTable[_metaData=tableName=user, columns=[(uuid, UNKNOWN, nullableUnknown), (firstName, UNKNOWN, nullableUnknown), (lastName, UNKNOWN, nullableUnknown), (fullName, UNKNOWN, nullableUnknown), (description, UNKNOWN, nullableUnknown), (username, UNKNOWN, nullableUnknown), (password, UNKNOWN, nullableUnknown), (lastLoginTime, UNKNOWN, nullableUnknown), (deleted, UNKNOWN, nullableUnknown)], keys=[], _rowList.size()=1]}, _caseSensitiveTableNames=false]
08:54:27,726 DEBUG com.github.springtestdbunit.DbUnitRunner:143 - Executing Setup of @DatabaseTest using REFRESH on /membershipResourceDb.xml
08:54:27,727 DEBUG org.dbunit.operation.RefreshOperation:84 - execute(connection=_databaseConfig=org.dbunit.database.DatabaseConfig[, _propertyMap={http://www.dbunit.org/properties/statementFactory=org.dbunit.database.statement.PreparedStatementFactory@eb5ea0, http://www.dbunit.org/features/caseSensitiveTableNames=false, http://www.dbunit.org/properties/fetchSize=100, http://www.dbunit.org/features/batchedStatements=false, http://www.dbunit.org/properties/metadataHandler=org.dbunit.database.DefaultMetadataHandler@60648, http://www.dbunit.org/properties/datatypeFactory=org.dbunit.dataset.datatype.DefaultDataTypeFactory[_toleratedDeltaMap=org.dbunit.dataset.datatype.ToleratedDeltaMap@133a07d], http://www.dbunit.org/properties/escapePattern=null, http://www.dbunit.org/properties/batchSize=100, http://www.dbunit.org/features/qualifiedTableNames=false, http://www.dbunit.org/properties/tableType=[Ljava.lang.String;@6d6f28, http://www.dbunit.org/properties/resultSetTableFactory=org.dbunit.database.CachedResultSetTableFactory@9cde9a, http://www.dbunit.org/features/datatypeWarning=true}], _dataSet=null, dataSet) - start
08:54:27,727 DEBUG org.dbunit.dataset.AbstractDataSet:187 - iterator() - start
08:54:27,728 DEBUG org.dbunit.dataset.CachedDataSet:112 - createIterator(reversed=false) - start
08:54:27,728 DEBUG org.dbunit.dataset.OrderedTableNameMap:214 - orderedValues() - start
08:54:27,729 DEBUG org.dbunit.dataset.OrderedTableNameMap:253 - getTableName(tableName=privilege) - start
08:54:27,729 DEBUG org.dbunit.dataset.OrderedTableNameMap:264 - getTableName(tableName=privilege) - end - result=PRIVILEGE
08:54:27,732 DEBUG org.dbunit.dataset.OrderedTableNameMap:253 - getTableName(tableName=role) - start
08:54:27,733 DEBUG org.dbunit.dataset.OrderedTableNameMap:264 - getTableName(tableName=role) - end - result=ROLE
08:54:27,733 DEBUG org.dbunit.dataset.OrderedTableNameMap:253 - getTableName(tableName=role_privileges) - start
08:54:27,733 DEBUG org.dbunit.dataset.OrderedTableNameMap:264 - getTableName(tableName=role_privileges) - end - result=ROLE_PRIVILEGES
08:54:27,734 DEBUG org.dbunit.dataset.OrderedTableNameMap:253 - getTableName(tableName=user) - start
08:54:27,734 DEBUG org.dbunit.dataset.OrderedTableNameMap:264 - getTableName(tableName=user) - end - result=USER
08:54:27,734 DEBUG org.dbunit.dataset.OrderedTableNameMap:253 - getTableName(tableName=user_roles) - start
08:54:27,735 DEBUG org.dbunit.dataset.OrderedTableNameMap:264 - getTableName(tableName=user_roles) - end - result=USER_ROLES
08:54:27,735 DEBUG org.dbunit.dataset.OrderedTableNameMap:253 - getTableName(tableName=locationhierarchylevel) - start
08:54:27,735 DEBUG org.dbunit.dataset.OrderedTableNameMap:264 - getTableName(tableName=locationhierarchylevel) - end - result=LOCATIONHIERARCHYLEVEL
08:54:27,736 DEBUG org.dbunit.dataset.OrderedTableNameMap:253 - getTableName(tableName=locationhierarchy) - start
08:54:27,736 DEBUG org.dbunit.dataset.OrderedTableNameMap:264 - getTableName(tableName=locationhierarchy) - end - result=LOCATIONHIERARCHY
08:54:27,737 DEBUG org.dbunit.dataset.OrderedTableNameMap:253 - getTableName(tableName=fieldworker) - start
08:54:27,738 DEBUG org.dbunit.dataset.OrderedTableNameMap:264 - getTableName(tableName=fieldworker) - end - result=FIELDWORKER
08:54:27,738 DEBUG org.dbunit.dataset.OrderedTableNameMap:253 - getTableName(tableName=individual) - start
08:54:27,739 DEBUG org.dbunit.dataset.OrderedTableNameMap:264 - getTableName(tableName=individual) - end - result=INDIVIDUAL
08:54:27,739 DEBUG org.dbunit.dataset.OrderedTableNameMap:253 - getTableName(tableName=socialgroup) - start
08:54:27,739 DEBUG org.dbunit.dataset.OrderedTableNameMap:264 - getTableName(tableName=socialgroup) - end - result=SOCIALGROUP
08:54:27,740 DEBUG org.dbunit.dataset.OrderedTableNameMap:253 - getTableName(tableName=membership) - start
08:54:27,740 DEBUG org.dbunit.dataset.OrderedTableNameMap:264 - getTableName(tableName=membership) - end - result=MEMBERSHIP
08:54:27,740 DEBUG org.dbunit.dataset.DefaultTableIterator:76 - getTable() - start
08:54:27,741 DEBUG org.dbunit.operation.AbstractBatchOperation:64 - isEmpty(table=org.dbunit.dataset.DefaultTable[_metaData=tableName=privilege, columns=[(uuid, UNKNOWN, nullableUnknown), (privilege, UNKNOWN, nullableUnknown)], keys=[], _rowList.size()=1]) - start
08:54:27,741 DEBUG org.dbunit.dataset.DefaultTable:192 - getValue(row=0, column=uuid) - start
08:54:27,741 DEBUG org.dbunit.dataset.AbstractTable:41 - assertValidRowIndex(row=0) - start
08:54:27,742 DEBUG org.dbunit.dataset.AbstractTable:51 - assertValidRowIndex(row=0, rowCount=1) - start
08:54:27,742 DEBUG org.dbunit.dataset.AbstractTable:75 - getColumnIndex(columnName=uuid) - start
08:54:27,742 DEBUG org.dbunit.dataset.AbstractTableMetaData:101 - getColumnIndex(columnName=uuid) - start
08:54:27,743 DEBUG org.dbunit.operation.AbstractOperation:75 - getOperationMetaData(connection=_databaseConfig=org.dbunit.database.DatabaseConfig[, _propertyMap={http://www.dbunit.org/properties/statementFactory=org.dbunit.database.statement.PreparedStatementFactory@eb5ea0, http://www.dbunit.org/features/caseSensitiveTableNames=false, http://www.dbunit.org/properties/fetchSize=100, http://www.dbunit.org/features/batchedStatements=false, http://www.dbunit.org/properties/metadataHandler=org.dbunit.database.DefaultMetadataHandler@60648, http://www.dbunit.org/properties/datatypeFactory=org.dbunit.dataset.datatype.DefaultDataTypeFactory[_toleratedDeltaMap=org.dbunit.dataset.datatype.ToleratedDeltaMap@133a07d], http://www.dbunit.org/properties/escapePattern=null, http://www.dbunit.org/properties/batchSize=100, http://www.dbunit.org/features/qualifiedTableNames=false, http://www.dbunit.org/properties/tableType=[Ljava.lang.String;@6d6f28, http://www.dbunit.org/properties/resultSetTableFactory=org.dbunit.database.CachedResultSetTableFactory@9cde9a, http://www.dbunit.org/features/datatypeWarning=true}], _dataSet=null, metaData=tableName=privilege, columns=[(uuid, UNKNOWN, nullableUnknown), (privilege, UNKNOWN, nullableUnknown)], keys=[]) - start
08:54:27,743 DEBUG org.dbunit.database.AbstractDatabaseConnection:66 - createDataSet() - start
08:54:27,744 DEBUG org.dbunit.database.DatabaseDataSet:279 - getTableMetaData(tableName=privilege) - start
08:54:27,744 DEBUG org.dbunit.database.DatabaseDataSet:173 - initialize() - start
08:54:27,745 DEBUG org.dbunit.database.DatabaseDataSet:182 - Initializing the data set from the database...
08:54:27,746 DEBUG org.dbunit.database.DatabaseDataSourceConnection:113 - getConnection() - start
08:54:27,751 DEBUG org.dbunit.database.DatabaseDataSet:203 - 
	database product name=H2
	database version=1.3.168 (2012-07-13)
	database major version=1
	database minor version=3
	jdbc driver name=H2 JDBC Driver
	jdbc driver version=1.3.168 (2012-07-13)
	jdbc driver major version=1
	jdbc driver minor version=3

08:54:27,752 DEBUG org.dbunit.database.DatabaseDataSet:204 - metadata resultset=org.apache.commons.dbcp.DelegatingResultSet@408073
08:54:27,753 DEBUG org.dbunit.util.QualifiedTableName:142 - getQualifiedNameIfEnabled(config=org.dbunit.database.DatabaseConfig[, _propertyMap={http://www.dbunit.org/properties/statementFactory=org.dbunit.database.statement.PreparedStatementFactory@eb5ea0, http://www.dbunit.org/features/caseSensitiveTableNames=false, http://www.dbunit.org/properties/fetchSize=100, http://www.dbunit.org/features/batchedStatements=false, http://www.dbunit.org/properties/metadataHandler=org.dbunit.database.DefaultMetadataHandler@60648, http://www.dbunit.org/properties/datatypeFactory=org.dbunit.dataset.datatype.DefaultDataTypeFactory[_toleratedDeltaMap=org.dbunit.dataset.datatype.ToleratedDeltaMap@133a07d], http://www.dbunit.org/properties/escapePattern=null, http://www.dbunit.org/properties/batchSize=100, http://www.dbunit.org/features/qualifiedTableNames=false, http://www.dbunit.org/properties/tableType=[Ljava.lang.String;@6d6f28, http://www.dbunit.org/properties/resultSetTableFactory=org.dbunit.database.CachedResultSetTableFactory@9cde9a, http://www.dbunit.org/features/datatypeWarning=true}]) - start
08:54:27,753 DEBUG org.dbunit.util.QualifiedTableName:152 - Qualified table names feature is disabled. Returning plain table name
08:54:27,754 DEBUG org.dbunit.util.QualifiedTableName:190 - getQualifiedName(prefix=null, name=ADULTVPM, escapePattern=null) - start
08:54:27,754 DEBUG org.dbunit.dataset.OrderedTableNameMap:191 - add(tableName=ADULTVPM, object=null) - start
08:54:27,755 DEBUG org.dbunit.dataset.OrderedTableNameMap:253 - getTableName(tableName=ADULTVPM) - start
08:54:27,756 DEBUG org.dbunit.dataset.OrderedTableNameMap:264 - getTableName(tableName=ADULTVPM) - end - result=ADULTVPM
08:54:27,756 DEBUG org.dbunit.dataset.OrderedTableNameMap:253 - getTableName(tableName=ADULTVPM) - start
08:54:27,757 DEBUG org.dbunit.dataset.OrderedTableNameMap:264 - getTableName(tableName=ADULTVPM) - end - result=ADULTVPM
08:54:27,757 DEBUG org.dbunit.util.QualifiedTableName:142 - getQualifiedNameIfEnabled(config=org.dbunit.database.DatabaseConfig[, _propertyMap={http://www.dbunit.org/properties/statementFactory=org.dbunit.database.statement.PreparedStatementFactory@eb5ea0, http://www.dbunit.org/features/caseSensitiveTableNames=false, http://www.dbunit.org/properties/fetchSize=100, http://www.dbunit.org/features/batchedStatements=false, http://www.dbunit.org/properties/metadataHandler=org.dbunit.database.DefaultMetadataHandler@60648, http://www.dbunit.org/properties/datatypeFactory=org.dbunit.dataset.datatype.DefaultDataTypeFactory[_toleratedDeltaMap=org.dbunit.dataset.datatype.ToleratedDeltaMap@133a07d], http://www.dbunit.org/properties/escapePattern=null, http://www.dbunit.org/properties/batchSize=100, http://www.dbunit.org/features/qualifiedTableNames=false, http://www.dbunit.org/properties/tableType=[Ljava.lang.String;@6d6f28, http://www.dbunit.org/properties/resultSetTableFactory=org.dbunit.database.CachedResultSetTableFactory@9cde9a, http://www.dbunit.org/features/datatypeWarning=true}]) - start
08:54:27,758 DEBUG org.dbunit.util.QualifiedTableName:152 - Qualified table names feature is disabled. Returning plain table name
08:54:27,759 DEBUG org.dbunit.util.QualifiedTableName:190 - getQualifiedName(prefix=null, name=ASYNCTASK, escapePattern=null) - start
08:54:27,759 DEBUG org.dbunit.dataset.OrderedTableNameMap:191 - add(tableName=ASYNCTASK, object=null) - start
08:54:27,760 DEBUG org.dbunit.dataset.OrderedTableNameMap:253 - getTableName(tableName=ASYNCTASK) - start
08:54:27,761 DEBUG org.dbunit.dataset.OrderedTableNameMap:264 - getTableName(tableName=ASYNCTASK) - end - result=ASYNCTASK
08:54:27,761 DEBUG org.dbunit.dataset.OrderedTableNameMap:253 - getTableName(tableName=ASYNCTASK) - start
08:54:27,762 DEBUG org.dbunit.dataset.OrderedTableNameMap:264 - getTableName(tableName=ASYNCTASK) - end - result=ASYNCTASK
08:54:27,762 DEBUG org.dbunit.util.QualifiedTableName:142 - getQualifiedNameIfEnabled(config=org.dbunit.database.DatabaseConfig[, _propertyMap={http://www.dbunit.org/properties/statementFactory=org.dbunit.database.statement.PreparedStatementFactory@eb5ea0, http://www.dbunit.org/features/caseSensitiveTableNames=false, http://www.dbunit.org/properties/fetchSize=100, http://www.dbunit.org/features/batchedStatements=false, http://www.dbunit.org/properties/metadataHandler=org.dbunit.database.DefaultMetadataHandler@60648, http://www.dbunit.org/properties/datatypeFactory=org.dbunit.dataset.datatype.DefaultDataTypeFactory[_toleratedDeltaMap=org.dbunit.dataset.datatype.ToleratedDeltaMap@133a07d], http://www.dbunit.org/properties/escapePattern=null, http://www.dbunit.org/properties/batchSize=100, http://www.dbunit.org/features/qualifiedTableNames=false, http://www.dbunit.org/properties/tableType=[Ljava.lang.String;@6d6f28, http://www.dbunit.org/properties/resultSetTableFactory=org.dbunit.database.CachedResultSetTableFactory@9cde9a, http://www.dbunit.org/features/datatypeWarning=true}]) - start
08:54:27,763 DEBUG org.dbunit.util.QualifiedTableName:152 - Qualified table names feature is disabled. Returning plain table name
08:54:27,764 DEBUG org.dbunit.util.QualifiedTableName:190 - getQualifiedName(prefix=null, name=CLASSEXTENSION, escapePattern=null) - start
08:54:27,764 DEBUG org.dbunit.dataset.OrderedTableNameMap:191 - add(tableName=CLASSEXTENSION, object=null) - start
08:54:27,765 DEBUG org.dbunit.dataset.OrderedTableNameMap:253 - getTableName(tableName=CLASSEXTENSION) - start
08:54:27,765 DEBUG org.dbunit.dataset.OrderedTableNameMap:264 - getTableName(tableName=CLASSEXTENSION) - end - result=CLASSEXTENSION
08:54:27,766 DEBUG org.dbunit.dataset.OrderedTableNameMap:253 - getTableName(tableName=CLASSEXTENSION) - start
08:54:27,767 DEBUG org.dbunit.dataset.OrderedTableNameMap:264 - getTableName(tableName=CLASSEXTENSION) - end - result=CLASSEXTENSION
08:54:27,767 DEBUG org.dbunit.util.QualifiedTableName:142 - getQualifiedNameIfEnabled(config=org.dbunit.database.DatabaseConfig[, _propertyMap={http://www.dbunit.org/properties/statementFactory=org.dbunit.database.statement.PreparedStatementFactory@eb5ea0, http://www.dbunit.org/features/caseSensitiveTableNames=false, http://www.dbunit.org/properties/fetchSize=100, http://www.dbunit.org/features/batchedStatements=false, http://www.dbunit.org/properties/metadataHandler=org.dbunit.database.DefaultMetadataHandler@60648, http://www.dbunit.org/properties/datatypeFactory=org.dbunit.dataset.datatype.DefaultDataTypeFactory[_toleratedDeltaMap=org.dbunit.dataset.datatype.ToleratedDeltaMap@133a07d], http://www.dbunit.org/properties/escapePattern=null, http://www.dbunit.org/properties/batchSize=100, http://www.dbunit.org/features/qualifiedTableNames=false, http://www.dbunit.org/properties/tableType=[Ljava.lang.String;@6d6f28, http://www.dbunit.org/properties/resultSetTableFactory=org.dbunit.database.CachedResultSetTableFactory@9cde9a, http://www.dbunit.org/features/datatypeWarning=true}]) - start
08:54:27,768 DEBUG org.dbunit.util.QualifiedTableName:152 - Qualified table names feature is disabled. Returning plain table name
08:54:27,769 DEBUG org.dbunit.util.QualifiedTableName:190 - getQualifiedName(prefix=null, name=DEATH, escapePattern=null) - start
08:54:27,769 DEBUG org.dbunit.dataset.OrderedTableNameMap:191 - add(tableName=DEATH, object=null) - start
08:54:27,770 DEBUG org.dbunit.dataset.OrderedTableNameMap:253 - getTableName(tableName=DEATH) - start
08:54:27,770 DEBUG org.dbunit.dataset.OrderedTableNameMap:264 - getTableName(tableName=DEATH) - end - result=DEATH
08:54:27,771 DEBUG org.dbunit.dataset.OrderedTableNameMap:253 - getTableName(tableName=DEATH) - start
08:54:27,772 DEBUG org.dbunit.dataset.OrderedTableNameMap:264 - getTableName(tableName=DEATH) - end - result=DEATH
08:54:27,772 DEBUG org.dbunit.util.QualifiedTableName:142 - getQualifiedNameIfEnabled(config=org.dbunit.database.DatabaseConfig[, _propertyMap={http://www.dbunit.org/properties/statementFactory=org.dbunit.database.statement.PreparedStatementFactory@eb5ea0, http://www.dbunit.org/features/caseSensitiveTableNames=false, http://www.dbunit.org/properties/fetchSize=100, http://www.dbunit.org/features/batchedStatements=false, http://www.dbunit.org/properties/metadataHandler=org.dbunit.database.DefaultMetadataHandler@60648, http://www.dbunit.org/properties/datatypeFactory=org.dbunit.dataset.datatype.DefaultDataTypeFactory[_toleratedDeltaMap=org.dbunit.dataset.datatype.ToleratedDeltaMap@133a07d], http://www.dbunit.org/properties/escapePattern=null, http://www.dbunit.org/properties/batchSize=100, http://www.dbunit.org/features/qualifiedTableNames=false, http://www.dbunit.org/properties/tableType=[Ljava.lang.String;@6d6f28, http://www.dbunit.org/properties/resultSetTableFactory=org.dbunit.database.CachedResultSetTableFactory@9cde9a, http://www.dbunit.org/features/datatypeWarning=true}]) - start
08:54:27,773 DEBUG org.dbunit.util.QualifiedTableName:152 - Qualified table names feature is disabled. Returning plain table name
08:54:27,774 DEBUG org.dbunit.util.QualifiedTableName:190 - getQualifiedName(prefix=null, name=DEMRATES, escapePattern=null) - start
08:54:27,774 DEBUG org.dbunit.dataset.OrderedTableNameMap:191 - add(tableName=DEMRATES, object=null) - start
08:54:27,775 DEBUG org.dbunit.dataset.OrderedTableNameMap:253 - getTableName(tableName=DEMRATES) - start
08:54:27,775 DEBUG org.dbunit.dataset.OrderedTableNameMap:264 - getTableName(tableName=DEMRATES) - end - result=DEMRATES
08:54:27,776 DEBUG org.dbunit.dataset.OrderedTableNameMap:253 - getTableName(tableName=DEMRATES) - start
08:54:27,777 DEBUG org.dbunit.dataset.OrderedTableNameMap:264 - getTableName(tableName=DEMRATES) - end - result=DEMRATES
08:54:27,778 DEBUG org.dbunit.util.QualifiedTableName:142 - getQualifiedNameIfEnabled(config=org.dbunit.database.DatabaseConfig[, _propertyMap={http://www.dbunit.org/properties/statementFactory=org.dbunit.database.statement.PreparedStatementFactory@eb5ea0, http://www.dbunit.org/features/caseSensitiveTableNames=false, http://www.dbunit.org/properties/fetchSize=100, http://www.dbunit.org/features/batchedStatements=false, http://www.dbunit.org/properties/metadataHandler=org.dbunit.database.DefaultMetadataHandler@60648, http://www.dbunit.org/properties/datatypeFactory=org.dbunit.dataset.datatype.DefaultDataTypeFactory[_toleratedDeltaMap=org.dbunit.dataset.datatype.ToleratedDeltaMap@133a07d], http://www.dbunit.org/properties/escapePattern=null, http://www.dbunit.org/properties/batchSize=100, http://www.dbunit.org/features/qualifiedTableNames=false, http://www.dbunit.org/properties/tableType=[Ljava.lang.String;@6d6f28, http://www.dbunit.org/properties/resultSetTableFactory=org.dbunit.database.CachedResultSetTableFactory@9cde9a, http://www.dbunit.org/features/datatypeWarning=true}]) - start
08:54:27,778 DEBUG org.dbunit.util.QualifiedTableName:152 - Qualified table names feature is disabled. Returning plain table name
08:54:27,779 DEBUG org.dbunit.util.QualifiedTableName:190 - getQualifiedName(prefix=null, name=EXTENSION, escapePattern=null) - start
08:54:27,779 DEBUG org.dbunit.dataset.OrderedTableNameMap:191 - add(tableName=EXTENSION, object=null) - start
08:54:27,780 DEBUG org.dbunit.dataset.OrderedTableNameMap:253 - getTableName(tableName=EXTENSION) - start
08:54:27,781 DEBUG org.dbunit.dataset.OrderedTableNameMap:264 - getTableName(tableName=EXTENSION) - end - result=EXTENSION
08:54:27,781 DEBUG org.dbunit.dataset.OrderedTableNameMap:253 - getTableName(tableName=EXTENSION) - start
08:54:27,782 DEBUG org.dbunit.dataset.OrderedTableNameMap:264 - getTableName(tableName=EXTENSION) - end - result=EXTENSION
08:54:27,782 DEBUG org.dbunit.util.QualifiedTableName:142 - getQualifiedNameIfEnabled(config=org.dbunit.database.DatabaseConfig[, _propertyMap={http://www.dbunit.org/properties/statementFactory=org.dbunit.database.statement.PreparedStatementFactory@eb5ea0, http://www.dbunit.org/features/caseSensitiveTableNames=false, http://www.dbunit.org/properties/fetchSize=100, http://www.dbunit.org/features/batchedStatements=false, http://www.dbunit.org/properties/metadataHandler=org.dbunit.database.DefaultMetadataHandler@60648, http://www.dbunit.org/properties/datatypeFactory=org.dbunit.dataset.datatype.DefaultDataTypeFactory[_toleratedDeltaMap=org.dbunit.dataset.datatype.ToleratedDeltaMap@133a07d], http://www.dbunit.org/properties/escapePattern=null, http://www.dbunit.org/properties/batchSize=100, http://www.dbunit.org/features/qualifiedTableNames=false, http://www.dbunit.org/properties/tableType=[Ljava.lang.String;@6d6f28, http://www.dbunit.org/properties/resultSetTableFactory=org.dbunit.database.CachedResultSetTableFactory@9cde9a, http://www.dbunit.org/features/datatypeWarning=true}]) - start
08:54:27,783 DEBUG org.dbunit.util.QualifiedTableName:152 - Qualified table names feature is disabled. Returning plain table name
08:54:27,784 DEBUG org.dbunit.util.QualifiedTableName:190 - getQualifiedName(prefix=null, name=FIELDWORKER, escapePattern=null) - start
08:54:27,784 DEBUG org.dbunit.dataset.OrderedTableNameMap:191 - add(tableName=FIELDWORKER, object=null) - start
08:54:27,785 DEBUG org.dbunit.dataset.OrderedTableNameMap:253 - getTableName(tableName=FIELDWORKER) - start
08:54:27,785 DEBUG org.dbunit.dataset.OrderedTableNameMap:264 - getTableName(tableName=FIELDWORKER) - end - result=FIELDWORKER
08:54:27,786 DEBUG org.dbunit.dataset.OrderedTableNameMap:253 - getTableName(tableName=FIELDWORKER) - start
08:54:27,786 DEBUG org.dbunit.dataset.OrderedTableNameMap:264 - getTableName(tableName=FIELDWORKER) - end - result=FIELDWORKER
08:54:27,787 DEBUG org.dbunit.util.QualifiedTableName:142 - getQualifiedNameIfEnabled(config=org.dbunit.database.DatabaseConfig[, _propertyMap={http://www.dbunit.org/properties/statementFactory=org.dbunit.database.statement.PreparedStatementFactory@eb5ea0, http://www.dbunit.org/features/caseSensitiveTableNames=false, http://www.dbunit.org/properties/fetchSize=100, http://www.dbunit.org/features/batchedStatements=false, http://www.dbunit.org/properties/metadataHandler=org.dbunit.database.DefaultMetadataHandler@60648, http://www.dbunit.org/properties/datatypeFactory=org.dbunit.dataset.datatype.DefaultDataTypeFactory[_toleratedDeltaMap=org.dbunit.dataset.datatype.ToleratedDeltaMap@133a07d], http://www.dbunit.org/properties/escapePattern=null, http://www.dbunit.org/properties/batchSize=100, http://www.dbunit.org/features/qualifiedTableNames=false, http://www.dbunit.org/properties/tableType=[Ljava.lang.String;@6d6f28, http://www.dbunit.org/properties/resultSetTableFactory=org.dbunit.database.CachedResultSetTableFactory@9cde9a, http://www.dbunit.org/features/datatypeWarning=true}]) - start
08:54:27,788 DEBUG org.dbunit.util.QualifiedTableName:152 - Qualified table names feature is disabled. Returning plain table name
08:54:27,789 DEBUG org.dbunit.util.QualifiedTableName:190 - getQualifiedName(prefix=null, name=FORM, escapePattern=null) - start
08:54:27,789 DEBUG org.dbunit.dataset.OrderedTableNameMap:191 - add(tableName=FORM, object=null) - start
08:54:27,790 DEBUG org.dbunit.dataset.OrderedTableNameMap:253 - getTableName(tableName=FORM) - start
08:54:27,790 DEBUG org.dbunit.dataset.OrderedTableNameMap:264 - getTableName(tableName=FORM) - end - result=FORM
08:54:27,791 DEBUG org.dbunit.dataset.OrderedTableNameMap:253 - getTableName(tableName=FORM) - start
08:54:27,791 DEBUG org.dbunit.dataset.OrderedTableNameMap:264 - getTableName(tableName=FORM) - end - result=FORM
08:54:27,792 DEBUG org.dbunit.util.QualifiedTableName:142 - getQualifiedNameIfEnabled(config=org.dbunit.database.DatabaseConfig[, _propertyMap={http://www.dbunit.org/properties/statementFactory=org.dbunit.database.statement.PreparedStatementFactory@eb5ea0, http://www.dbunit.org/features/caseSensitiveTableNames=false, http://www.dbunit.org/properties/fetchSize=100, http://www.dbunit.org/features/batchedStatements=false, http://www.dbunit.org/properties/metadataHandler=org.dbunit.database.DefaultMetadataHandler@60648, http://www.dbunit.org/properties/datatypeFactory=org.dbunit.dataset.datatype.DefaultDataTypeFactory[_toleratedDeltaMap=org.dbunit.dataset.datatype.ToleratedDeltaMap@133a07d], http://www.dbunit.org/properties/escapePattern=null, http://www.dbunit.org/properties/batchSize=100, http://www.dbunit.org/features/qualifiedTableNames=false, http://www.dbunit.org/properties/tableType=[Ljava.lang.String;@6d6f28, http://www.dbunit.org/properties/resultSetTableFactory=org.dbunit.database.CachedResultSetTableFactory@9cde9a, http://www.dbunit.org/features/datatypeWarning=true}]) - start
08:54:27,793 DEBUG org.dbunit.util.QualifiedTableName:152 - Qualified table names feature is disabled. Returning plain table name
08:54:27,793 DEBUG org.dbunit.util.QualifiedTableName:190 - getQualifiedName(prefix=null, name=INDIVIDUAL, escapePattern=null) - start
08:54:27,794 DEBUG org.dbunit.dataset.OrderedTableNameMap:191 - add(tableName=INDIVIDUAL, object=null) - start
08:54:27,795 DEBUG org.dbunit.dataset.OrderedTableNameMap:253 - getTableName(tableName=INDIVIDUAL) - start
08:54:27,795 DEBUG org.dbunit.dataset.OrderedTableNameMap:264 - getTableName(tableName=INDIVIDUAL) - end - result=INDIVIDUAL
08:54:27,796 DEBUG org.dbunit.dataset.OrderedTableNameMap:253 - getTableName(tableName=INDIVIDUAL) - start
08:54:27,796 DEBUG org.dbunit.dataset.OrderedTableNameMap:264 - getTableName(tableName=INDIVIDUAL) - end - result=INDIVIDUAL
08:54:27,797 DEBUG org.dbunit.util.QualifiedTableName:142 - getQualifiedNameIfEnabled(config=org.dbunit.database.DatabaseConfig[, _propertyMap={http://www.dbunit.org/properties/statementFactory=org.dbunit.database.statement.PreparedStatementFactory@eb5ea0, http://www.dbunit.org/features/caseSensitiveTableNames=false, http://www.dbunit.org/properties/fetchSize=100, http://www.dbunit.org/features/batchedStatements=false, http://www.dbunit.org/properties/metadataHandler=org.dbunit.database.DefaultMetadataHandler@60648, http://www.dbunit.org/properties/datatypeFactory=org.dbunit.dataset.datatype.DefaultDataTypeFactory[_toleratedDeltaMap=org.dbunit.dataset.datatype.ToleratedDeltaMap@133a07d], http://www.dbunit.org/properties/escapePattern=null, http://www.dbunit.org/properties/batchSize=100, http://www.dbunit.org/features/qualifiedTableNames=false, http://www.dbunit.org/properties/tableType=[Ljava.lang.String;@6d6f28, http://www.dbunit.org/properties/resultSetTableFactory=org.dbunit.database.CachedResultSetTableFactory@9cde9a, http://www.dbunit.org/features/datatypeWarning=true}]) - start
08:54:27,797 DEBUG org.dbunit.util.QualifiedTableName:152 - Qualified table names feature is disabled. Returning plain table name
08:54:27,798 DEBUG org.dbunit.util.QualifiedTableName:190 - getQualifiedName(prefix=null, name=INMIGRATION, escapePattern=null) - start
08:54:27,799 DEBUG org.dbunit.dataset.OrderedTableNameMap:191 - add(tableName=INMIGRATION, object=null) - start
08:54:27,799 DEBUG org.dbunit.dataset.OrderedTableNameMap:253 - getTableName(tableName=INMIGRATION) - start
08:54:27,801 DEBUG org.dbunit.dataset.OrderedTableNameMap:264 - getTableName(tableName=INMIGRATION) - end - result=INMIGRATION
08:54:27,801 DEBUG org.dbunit.dataset.OrderedTableNameMap:253 - getTableName(tableName=INMIGRATION) - start
08:54:27,802 DEBUG org.dbunit.dataset.OrderedTableNameMap:264 - getTableName(tableName=INMIGRATION) - end - result=INMIGRATION
08:54:27,803 DEBUG org.dbunit.util.QualifiedTableName:142 - getQualifiedNameIfEnabled(config=org.dbunit.database.DatabaseConfig[, _propertyMap={http://www.dbunit.org/properties/statementFactory=org.dbunit.database.statement.PreparedStatementFactory@eb5ea0, http://www.dbunit.org/features/caseSensitiveTableNames=false, http://www.dbunit.org/properties/fetchSize=100, http://www.dbunit.org/features/batchedStatements=false, http://www.dbunit.org/properties/metadataHandler=org.dbunit.database.DefaultMetadataHandler@60648, http://www.dbunit.org/properties/datatypeFactory=org.dbunit.dataset.datatype.DefaultDataTypeFactory[_toleratedDeltaMap=org.dbunit.dataset.datatype.ToleratedDeltaMap@133a07d], http://www.dbunit.org/properties/escapePattern=null, http://www.dbunit.org/properties/batchSize=100, http://www.dbunit.org/features/qualifiedTableNames=false, http://www.dbunit.org/properties/tableType=[Ljava.lang.String;@6d6f28, http://www.dbunit.org/properties/resultSetTableFactory=org.dbunit.database.CachedResultSetTableFactory@9cde9a, http://www.dbunit.org/features/datatypeWarning=true}]) - start
08:54:27,803 DEBUG org.dbunit.util.QualifiedTableName:152 - Qualified table names feature is disabled. Returning plain table name
08:54:27,804 DEBUG org.dbunit.util.QualifiedTableName:190 - getQualifiedName(prefix=null, name=LOCATION, escapePattern=null) - start
08:54:27,804 DEBUG org.dbunit.dataset.OrderedTableNameMap:191 - add(tableName=LOCATION, object=null) - start
08:54:27,805 DEBUG org.dbunit.dataset.OrderedTableNameMap:253 - getTableName(tableName=LOCATION) - start
08:54:27,805 DEBUG org.dbunit.dataset.OrderedTableNameMap:264 - getTableName(tableName=LOCATION) - end - result=LOCATION
08:54:27,806 DEBUG org.dbunit.dataset.OrderedTableNameMap:253 - getTableName(tableName=LOCATION) - start
08:54:27,807 DEBUG org.dbunit.dataset.OrderedTableNameMap:264 - getTableName(tableName=LOCATION) - end - result=LOCATION
08:54:27,807 DEBUG org.dbunit.util.QualifiedTableName:142 - getQualifiedNameIfEnabled(config=org.dbunit.database.DatabaseConfig[, _propertyMap={http://www.dbunit.org/properties/statementFactory=org.dbunit.database.statement.PreparedStatementFactory@eb5ea0, http://www.dbunit.org/features/caseSensitiveTableNames=false, http://www.dbunit.org/properties/fetchSize=100, http://www.dbunit.org/features/batchedStatements=false, http://www.dbunit.org/properties/metadataHandler=org.dbunit.database.DefaultMetadataHandler@60648, http://www.dbunit.org/properties/datatypeFactory=org.dbunit.dataset.datatype.DefaultDataTypeFactory[_toleratedDeltaMap=org.dbunit.dataset.datatype.ToleratedDeltaMap@133a07d], http://www.dbunit.org/properties/escapePattern=null, http://www.dbunit.org/properties/batchSize=100, http://www.dbunit.org/features/qualifiedTableNames=false, http://www.dbunit.org/properties/tableType=[Ljava.lang.String;@6d6f28, http://www.dbunit.org/properties/resultSetTableFactory=org.dbunit.database.CachedResultSetTableFactory@9cde9a, http://www.dbunit.org/features/datatypeWarning=true}]) - start
08:54:27,809 DEBUG org.dbunit.util.QualifiedTableName:152 - Qualified table names feature is disabled. Returning plain table name
08:54:27,809 DEBUG org.dbunit.util.QualifiedTableName:190 - getQualifiedName(prefix=null, name=LOCATIONHIERARCHY, escapePattern=null) - start
08:54:27,810 DEBUG org.dbunit.dataset.OrderedTableNameMap:191 - add(tableName=LOCATIONHIERARCHY, object=null) - start
08:54:27,811 DEBUG org.dbunit.dataset.OrderedTableNameMap:253 - getTableName(tableName=LOCATIONHIERARCHY) - start
08:54:27,811 DEBUG org.dbunit.dataset.OrderedTableNameMap:264 - getTableName(tableName=LOCATIONHIERARCHY) - end - result=LOCATIONHIERARCHY
08:54:27,812 DEBUG org.dbunit.dataset.OrderedTableNameMap:253 - getTableName(tableName=LOCATIONHIERARCHY) - start
08:54:27,813 DEBUG org.dbunit.dataset.OrderedTableNameMap:264 - getTableName(tableName=LOCATIONHIERARCHY) - end - result=LOCATIONHIERARCHY
08:54:27,813 DEBUG org.dbunit.util.QualifiedTableName:142 - getQualifiedNameIfEnabled(config=org.dbunit.database.DatabaseConfig[, _propertyMap={http://www.dbunit.org/properties/statementFactory=org.dbunit.database.statement.PreparedStatementFactory@eb5ea0, http://www.dbunit.org/features/caseSensitiveTableNames=false, http://www.dbunit.org/properties/fetchSize=100, http://www.dbunit.org/features/batchedStatements=false, http://www.dbunit.org/properties/metadataHandler=org.dbunit.database.DefaultMetadataHandler@60648, http://www.dbunit.org/properties/datatypeFactory=org.dbunit.dataset.datatype.DefaultDataTypeFactory[_toleratedDeltaMap=org.dbunit.dataset.datatype.ToleratedDeltaMap@133a07d], http://www.dbunit.org/properties/escapePattern=null, http://www.dbunit.org/properties/batchSize=100, http://www.dbunit.org/features/qualifiedTableNames=false, http://www.dbunit.org/properties/tableType=[Ljava.lang.String;@6d6f28, http://www.dbunit.org/properties/resultSetTableFactory=org.dbunit.database.CachedResultSetTableFactory@9cde9a, http://www.dbunit.org/features/datatypeWarning=true}]) - start
08:54:27,814 DEBUG org.dbunit.util.QualifiedTableName:152 - Qualified table names feature is disabled. Returning plain table name
08:54:27,814 DEBUG org.dbunit.util.QualifiedTableName:190 - getQualifiedName(prefix=null, name=LOCATIONHIERARCHYLEVEL, escapePattern=null) - start
08:54:27,815 DEBUG org.dbunit.dataset.OrderedTableNameMap:191 - add(tableName=LOCATIONHIERARCHYLEVEL, object=null) - start
08:54:27,815 DEBUG org.dbunit.dataset.OrderedTableNameMap:253 - getTableName(tableName=LOCATIONHIERARCHYLEVEL) - start
08:54:27,816 DEBUG org.dbunit.dataset.OrderedTableNameMap:264 - getTableName(tableName=LOCATIONHIERARCHYLEVEL) - end - result=LOCATIONHIERARCHYLEVEL
08:54:27,820 DEBUG org.dbunit.dataset.OrderedTableNameMap:253 - getTableName(tableName=LOCATIONHIERARCHYLEVEL) - start
08:54:27,821 DEBUG org.dbunit.dataset.OrderedTableNameMap:264 - getTableName(tableName=LOCATIONHIERARCHYLEVEL) - end - result=LOCATIONHIERARCHYLEVEL
08:54:27,822 DEBUG org.dbunit.util.QualifiedTableName:142 - getQualifiedNameIfEnabled(config=org.dbunit.database.DatabaseConfig[, _propertyMap={http://www.dbunit.org/properties/statementFactory=org.dbunit.database.statement.PreparedStatementFactory@eb5ea0, http://www.dbunit.org/features/caseSensitiveTableNames=false, http://www.dbunit.org/properties/fetchSize=100, http://www.dbunit.org/features/batchedStatements=false, http://www.dbunit.org/properties/metadataHandler=org.dbunit.database.DefaultMetadataHandler@60648, http://www.dbunit.org/properties/datatypeFactory=org.dbunit.dataset.datatype.DefaultDataTypeFactory[_toleratedDeltaMap=org.dbunit.dataset.datatype.ToleratedDeltaMap@133a07d], http://www.dbunit.org/properties/escapePattern=null, http://www.dbunit.org/properties/batchSize=100, http://www.dbunit.org/features/qualifiedTableNames=false, http://www.dbunit.org/properties/tableType=[Ljava.lang.String;@6d6f28, http://www.dbunit.org/properties/resultSetTableFactory=org.dbunit.database.CachedResultSetTableFactory@9cde9a, http://www.dbunit.org/features/datatypeWarning=true}]) - start
08:54:27,822 DEBUG org.dbunit.util.QualifiedTableName:152 - Qualified table names feature is disabled. Returning plain table name
08:54:27,823 DEBUG org.dbunit.util.QualifiedTableName:190 - getQualifiedName(prefix=null, name=MEMBERSHIP, escapePattern=null) - start
08:54:27,823 DEBUG org.dbunit.dataset.OrderedTableNameMap:191 - add(tableName=MEMBERSHIP, object=null) - start
08:54:27,824 DEBUG org.dbunit.dataset.OrderedTableNameMap:253 - getTableName(tableName=MEMBERSHIP) - start
08:54:27,824 DEBUG org.dbunit.dataset.OrderedTableNameMap:264 - getTableName(tableName=MEMBERSHIP) - end - result=MEMBERSHIP
08:54:27,825 DEBUG org.dbunit.dataset.OrderedTableNameMap:253 - getTableName(tableName=MEMBERSHIP) - start
08:54:27,826 DEBUG org.dbunit.dataset.OrderedTableNameMap:264 - getTableName(tableName=MEMBERSHIP) - end - result=MEMBERSHIP
08:54:27,826 DEBUG org.dbunit.util.QualifiedTableName:142 - getQualifiedNameIfEnabled(config=org.dbunit.database.DatabaseConfig[, _propertyMap={http://www.dbunit.org/properties/statementFactory=org.dbunit.database.statement.PreparedStatementFactory@eb5ea0, http://www.dbunit.org/features/caseSensitiveTableNames=false, http://www.dbunit.org/properties/fetchSize=100, http://www.dbunit.org/features/batchedStatements=false, http://www.dbunit.org/properties/metadataHandler=org.dbunit.database.DefaultMetadataHandler@60648, http://www.dbunit.org/properties/datatypeFactory=org.dbunit.dataset.datatype.DefaultDataTypeFactory[_toleratedDeltaMap=org.dbunit.dataset.datatype.ToleratedDeltaMap@133a07d], http://www.dbunit.org/properties/escapePattern=null, http://www.dbunit.org/properties/batchSize=100, http://www.dbunit.org/features/qualifiedTableNames=false, http://www.dbunit.org/properties/tableType=[Ljava.lang.String;@6d6f28, http://www.dbunit.org/properties/resultSetTableFactory=org.dbunit.database.CachedResultSetTableFactory@9cde9a, http://www.dbunit.org/features/datatypeWarning=true}]) - start
08:54:27,827 DEBUG org.dbunit.util.QualifiedTableName:152 - Qualified table names feature is disabled. Returning plain table name
08:54:27,827 DEBUG org.dbunit.util.QualifiedTableName:190 - getQualifiedName(prefix=null, name=NEONATALVPM, escapePattern=null) - start
08:54:27,828 DEBUG org.dbunit.dataset.OrderedTableNameMap:191 - add(tableName=NEONATALVPM, object=null) - start
08:54:27,829 DEBUG org.dbunit.dataset.OrderedTableNameMap:253 - getTableName(tableName=NEONATALVPM) - start
08:54:27,829 DEBUG org.dbunit.dataset.OrderedTableNameMap:264 - getTableName(tableName=NEONATALVPM) - end - result=NEONATALVPM
08:54:27,830 DEBUG org.dbunit.dataset.OrderedTableNameMap:253 - getTableName(tableName=NEONATALVPM) - start
08:54:27,830 DEBUG org.dbunit.dataset.OrderedTableNameMap:264 - getTableName(tableName=NEONATALVPM) - end - result=NEONATALVPM
08:54:27,831 DEBUG org.dbunit.util.QualifiedTableName:142 - getQualifiedNameIfEnabled(config=org.dbunit.database.DatabaseConfig[, _propertyMap={http://www.dbunit.org/properties/statementFactory=org.dbunit.database.statement.PreparedStatementFactory@eb5ea0, http://www.dbunit.org/features/caseSensitiveTableNames=false, http://www.dbunit.org/properties/fetchSize=100, http://www.dbunit.org/features/batchedStatements=false, http://www.dbunit.org/properties/metadataHandler=org.dbunit.database.DefaultMetadataHandler@60648, http://www.dbunit.org/properties/datatypeFactory=org.dbunit.dataset.datatype.DefaultDataTypeFactory[_toleratedDeltaMap=org.dbunit.dataset.datatype.ToleratedDeltaMap@133a07d], http://www.dbunit.org/properties/escapePattern=null, http://www.dbunit.org/properties/batchSize=100, http://www.dbunit.org/features/qualifiedTableNames=false, http://www.dbunit.org/properties/tableType=[Ljava.lang.String;@6d6f28, http://www.dbunit.org/properties/resultSetTableFactory=org.dbunit.database.CachedResultSetTableFactory@9cde9a, http://www.dbunit.org/features/datatypeWarning=true}]) - start
08:54:27,831 DEBUG org.dbunit.util.QualifiedTableName:152 - Qualified table names feature is disabled. Returning plain table name
08:54:27,832 DEBUG org.dbunit.util.QualifiedTableName:190 - getQualifiedName(prefix=null, name=NOTE, escapePattern=null) - start
08:54:27,833 DEBUG org.dbunit.dataset.OrderedTableNameMap:191 - add(tableName=NOTE, object=null) - start
08:54:27,833 DEBUG org.dbunit.dataset.OrderedTableNameMap:253 - getTableName(tableName=NOTE) - start
08:54:27,834 DEBUG org.dbunit.dataset.OrderedTableNameMap:264 - getTableName(tableName=NOTE) - end - result=NOTE
08:54:27,835 DEBUG org.dbunit.dataset.OrderedTableNameMap:253 - getTableName(tableName=NOTE) - start
08:54:27,835 DEBUG org.dbunit.dataset.OrderedTableNameMap:264 - getTableName(tableName=NOTE) - end - result=NOTE
08:54:27,836 DEBUG org.dbunit.util.QualifiedTableName:142 - getQualifiedNameIfEnabled(config=org.dbunit.database.DatabaseConfig[, _propertyMap={http://www.dbunit.org/properties/statementFactory=org.dbunit.database.statement.PreparedStatementFactory@eb5ea0, http://www.dbunit.org/features/caseSensitiveTableNames=false, http://www.dbunit.org/properties/fetchSize=100, http://www.dbunit.org/features/batchedStatements=false, http://www.dbunit.org/properties/metadataHandler=org.dbunit.database.DefaultMetadataHandler@60648, http://www.dbunit.org/properties/datatypeFactory=org.dbunit.dataset.datatype.DefaultDataTypeFactory[_toleratedDeltaMap=org.dbunit.dataset.datatype.ToleratedDeltaMap@133a07d], http://www.dbunit.org/properties/escapePattern=null, http://www.dbunit.org/properties/batchSize=100, http://www.dbunit.org/features/qualifiedTableNames=false, http://www.dbunit.org/properties/tableType=[Ljava.lang.String;@6d6f28, http://www.dbunit.org/properties/resultSetTableFactory=org.dbunit.database.CachedResultSetTableFactory@9cde9a, http://www.dbunit.org/features/datatypeWarning=true}]) - start
08:54:27,837 DEBUG org.dbunit.util.QualifiedTableName:152 - Qualified table names feature is disabled. Returning plain table name
08:54:27,837 DEBUG org.dbunit.util.QualifiedTableName:190 - getQualifiedName(prefix=null, name=OUTCOME, escapePattern=null) - start
08:54:27,838 DEBUG org.dbunit.dataset.OrderedTableNameMap:191 - add(tableName=OUTCOME, object=null) - start
08:54:27,839 DEBUG org.dbunit.dataset.OrderedTableNameMap:253 - getTableName(tableName=OUTCOME) - start
08:54:27,839 DEBUG org.dbunit.dataset.OrderedTableNameMap:264 - getTableName(tableName=OUTCOME) - end - result=OUTCOME
08:54:27,840 DEBUG org.dbunit.dataset.OrderedTableNameMap:253 - getTableName(tableName=OUTCOME) - start
08:54:27,840 DEBUG org.dbunit.dataset.OrderedTableNameMap:264 - getTableName(tableName=OUTCOME) - end - result=OUTCOME
08:54:27,841 DEBUG org.dbunit.util.QualifiedTableName:142 - getQualifiedNameIfEnabled(config=org.dbunit.database.DatabaseConfig[, _propertyMap={http://www.dbunit.org/properties/statementFactory=org.dbunit.database.statement.PreparedStatementFactory@eb5ea0, http://www.dbunit.org/features/caseSensitiveTableNames=false, http://www.dbunit.org/properties/fetchSize=100, http://www.dbunit.org/features/batchedStatements=false, http://www.dbunit.org/properties/metadataHandler=org.dbunit.database.DefaultMetadataHandler@60648, http://www.dbunit.org/properties/datatypeFactory=org.dbunit.dataset.datatype.DefaultDataTypeFactory[_toleratedDeltaMap=org.dbunit.dataset.datatype.ToleratedDeltaMap@133a07d], http://www.dbunit.org/properties/escapePattern=null, http://www.dbunit.org/properties/batchSize=100, http://www.dbunit.org/features/qualifiedTableNames=false, http://www.dbunit.org/properties/tableType=[Ljava.lang.String;@6d6f28, http://www.dbunit.org/properties/resultSetTableFactory=org.dbunit.database.CachedResultSetTableFactory@9cde9a, http://www.dbunit.org/features/datatypeWarning=true}]) - start
08:54:27,842 DEBUG org.dbunit.util.QualifiedTableName:152 - Qualified table names feature is disabled. Returning plain table name
08:54:27,842 DEBUG org.dbunit.util.QualifiedTableName:190 - getQualifiedName(prefix=null, name=OUTMIGRATION, escapePattern=null) - start
08:54:27,843 DEBUG org.dbunit.dataset.OrderedTableNameMap:191 - add(tableName=OUTMIGRATION, object=null) - start
08:54:27,843 DEBUG org.dbunit.dataset.OrderedTableNameMap:253 - getTableName(tableName=OUTMIGRATION) - start
08:54:27,844 DEBUG org.dbunit.dataset.OrderedTableNameMap:264 - getTableName(tableName=OUTMIGRATION) - end - result=OUTMIGRATION
08:54:27,844 DEBUG org.dbunit.dataset.OrderedTableNameMap:253 - getTableName(tableName=OUTMIGRATION) - start
08:54:27,845 DEBUG org.dbunit.dataset.OrderedTableNameMap:264 - getTableName(tableName=OUTMIGRATION) - end - result=OUTMIGRATION
08:54:27,846 DEBUG org.dbunit.util.QualifiedTableName:142 - getQualifiedNameIfEnabled(config=org.dbunit.database.DatabaseConfig[, _propertyMap={http://www.dbunit.org/properties/statementFactory=org.dbunit.database.statement.PreparedStatementFactory@eb5ea0, http://www.dbunit.org/features/caseSensitiveTableNames=false, http://www.dbunit.org/properties/fetchSize=100, http://www.dbunit.org/features/batchedStatements=false, http://www.dbunit.org/properties/metadataHandler=org.dbunit.database.DefaultMetadataHandler@60648, http://www.dbunit.org/properties/datatypeFactory=org.dbunit.dataset.datatype.DefaultDataTypeFactory[_toleratedDeltaMap=org.dbunit.dataset.datatype.ToleratedDeltaMap@133a07d], http://www.dbunit.org/properties/escapePattern=null, http://www.dbunit.org/properties/batchSize=100, http://www.dbunit.org/features/qualifiedTableNames=false, http://www.dbunit.org/properties/tableType=[Ljava.lang.String;@6d6f28, http://www.dbunit.org/properties/resultSetTableFactory=org.dbunit.database.CachedResultSetTableFactory@9cde9a, http://www.dbunit.org/features/datatypeWarning=true}]) - start
08:54:27,846 DEBUG org.dbunit.util.QualifiedTableName:152 - Qualified table names feature is disabled. Returning plain table name
08:54:27,847 DEBUG org.dbunit.util.QualifiedTableName:190 - getQualifiedName(prefix=null, name=POSTNEONATALVPM, escapePattern=null) - start
08:54:27,847 DEBUG org.dbunit.dataset.OrderedTableNameMap:191 - add(tableName=POSTNEONATALVPM, object=null) - start
08:54:27,848 DEBUG org.dbunit.dataset.OrderedTableNameMap:253 - getTableName(tableName=POSTNEONATALVPM) - start
08:54:27,849 DEBUG org.dbunit.dataset.OrderedTableNameMap:264 - getTableName(tableName=POSTNEONATALVPM) - end - result=POSTNEONATALVPM
08:54:27,849 DEBUG org.dbunit.dataset.OrderedTableNameMap:253 - getTableName(tableName=POSTNEONATALVPM) - start
08:54:27,850 DEBUG org.dbunit.dataset.OrderedTableNameMap:264 - getTableName(tableName=POSTNEONATALVPM) - end - result=POSTNEONATALVPM
08:54:27,851 DEBUG org.dbunit.util.QualifiedTableName:142 - getQualifiedNameIfEnabled(config=org.dbunit.database.DatabaseConfig[, _propertyMap={http://www.dbunit.org/properties/statementFactory=org.dbunit.database.statement.PreparedStatementFactory@eb5ea0, http://www.dbunit.org/features/caseSensitiveTableNames=false, http://www.dbunit.org/properties/fetchSize=100, http://www.dbunit.org/features/batchedStatements=false, http://www.dbunit.org/properties/metadataHandler=org.dbunit.database.DefaultMetadataHandler@60648, http://www.dbunit.org/properties/datatypeFactory=org.dbunit.dataset.datatype.DefaultDataTypeFactory[_toleratedDeltaMap=org.dbunit.dataset.datatype.ToleratedDeltaMap@133a07d], http://www.dbunit.org/properties/escapePattern=null, http://www.dbunit.org/properties/batchSize=100, http://www.dbunit.org/features/qualifiedTableNames=false, http://www.dbunit.org/properties/tableType=[Ljava.lang.String;@6d6f28, http://www.dbunit.org/properties/resultSetTableFactory=org.dbunit.database.CachedResultSetTableFactory@9cde9a, http://www.dbunit.org/features/datatypeWarning=true}]) - start
08:54:27,852 DEBUG org.dbunit.util.QualifiedTableName:152 - Qualified table names feature is disabled. Returning plain table name
08:54:27,852 DEBUG org.dbunit.util.QualifiedTableName:190 - getQualifiedName(prefix=null, name=PREGNANCYOBSERVATION, escapePattern=null) - start
08:54:27,853 DEBUG org.dbunit.dataset.OrderedTableNameMap:191 - add(tableName=PREGNANCYOBSERVATION, object=null) - start
08:54:27,854 DEBUG org.dbunit.dataset.OrderedTableNameMap:253 - getTableName(tableName=PREGNANCYOBSERVATION) - start
08:54:27,854 DEBUG org.dbunit.dataset.OrderedTableNameMap:264 - getTableName(tableName=PREGNANCYOBSERVATION) - end - result=PREGNANCYOBSERVATION
08:54:27,855 DEBUG org.dbunit.dataset.OrderedTableNameMap:253 - getTableName(tableName=PREGNANCYOBSERVATION) - start
08:54:27,856 DEBUG org.dbunit.dataset.OrderedTableNameMap:264 - getTableName(tableName=PREGNANCYOBSERVATION) - end - result=PREGNANCYOBSERVATION
08:54:27,856 DEBUG org.dbunit.util.QualifiedTableName:142 - getQualifiedNameIfEnabled(config=org.dbunit.database.DatabaseConfig[, _propertyMap={http://www.dbunit.org/properties/statementFactory=org.dbunit.database.statement.PreparedStatementFactory@eb5ea0, http://www.dbunit.org/features/caseSensitiveTableNames=false, http://www.dbunit.org/properties/fetchSize=100, http://www.dbunit.org/features/batchedStatements=false, http://www.dbunit.org/properties/metadataHandler=org.dbunit.database.DefaultMetadataHandler@60648, http://www.dbunit.org/properties/datatypeFactory=org.dbunit.dataset.datatype.DefaultDataTypeFactory[_toleratedDeltaMap=org.dbunit.dataset.datatype.ToleratedDeltaMap@133a07d], http://www.dbunit.org/properties/escapePattern=null, http://www.dbunit.org/properties/batchSize=100, http://www.dbunit.org/features/qualifiedTableNames=false, http://www.dbunit.org/properties/tableType=[Ljava.lang.String;@6d6f28, http://www.dbunit.org/properties/resultSetTableFactory=org.dbunit.database.CachedResultSetTableFactory@9cde9a, http://www.dbunit.org/features/datatypeWarning=true}]) - start
08:54:27,857 DEBUG org.dbunit.util.QualifiedTableName:152 - Qualified table names feature is disabled. Returning plain table name
08:54:27,857 DEBUG org.dbunit.util.QualifiedTableName:190 - getQualifiedName(prefix=null, name=PREGNANCYOUTCOME, escapePattern=null) - start
08:54:27,858 DEBUG org.dbunit.dataset.OrderedTableNameMap:191 - add(tableName=PREGNANCYOUTCOME, object=null) - start
08:54:27,859 DEBUG org.dbunit.dataset.OrderedTableNameMap:253 - getTableName(tableName=PREGNANCYOUTCOME) - start
08:54:27,859 DEBUG org.dbunit.dataset.OrderedTableNameMap:264 - getTableName(tableName=PREGNANCYOUTCOME) - end - result=PREGNANCYOUTCOME
08:54:27,860 DEBUG org.dbunit.dataset.OrderedTableNameMap:253 - getTableName(tableName=PREGNANCYOUTCOME) - start
08:54:27,860 DEBUG org.dbunit.dataset.OrderedTableNameMap:264 - getTableName(tableName=PREGNANCYOUTCOME) - end - result=PREGNANCYOUTCOME
08:54:27,861 DEBUG org.dbunit.util.QualifiedTableName:142 - getQualifiedNameIfEnabled(config=org.dbunit.database.DatabaseConfig[, _propertyMap={http://www.dbunit.org/properties/statementFactory=org.dbunit.database.statement.PreparedStatementFactory@eb5ea0, http://www.dbunit.org/features/caseSensitiveTableNames=false, http://www.dbunit.org/properties/fetchSize=100, http://www.dbunit.org/features/batchedStatements=false, http://www.dbunit.org/properties/metadataHandler=org.dbunit.database.DefaultMetadataHandler@60648, http://www.dbunit.org/properties/datatypeFactory=org.dbunit.dataset.datatype.DefaultDataTypeFactory[_toleratedDeltaMap=org.dbunit.dataset.datatype.ToleratedDeltaMap@133a07d], http://www.dbunit.org/properties/escapePattern=null, http://www.dbunit.org/properties/batchSize=100, http://www.dbunit.org/features/qualifiedTableNames=false, http://www.dbunit.org/properties/tableType=[Ljava.lang.String;@6d6f28, http://www.dbunit.org/properties/resultSetTableFactory=org.dbunit.database.CachedResultSetTableFactory@9cde9a, http://www.dbunit.org/features/datatypeWarning=true}]) - start
08:54:27,862 DEBUG org.dbunit.util.QualifiedTableName:152 - Qualified table names feature is disabled. Returning plain table name
08:54:27,862 DEBUG org.dbunit.util.QualifiedTableName:190 - getQualifiedName(prefix=null, name=PREGNANCYOUTCOME_OUTCOME, escapePattern=null) - start
08:54:27,863 DEBUG org.dbunit.dataset.OrderedTableNameMap:191 - add(tableName=PREGNANCYOUTCOME_OUTCOME, object=null) - start
08:54:27,864 DEBUG org.dbunit.dataset.OrderedTableNameMap:253 - getTableName(tableName=PREGNANCYOUTCOME_OUTCOME) - start
08:54:27,864 DEBUG org.dbunit.dataset.OrderedTableNameMap:264 - getTableName(tableName=PREGNANCYOUTCOME_OUTCOME) - end - result=PREGNANCYOUTCOME_OUTCOME
08:54:27,865 DEBUG org.dbunit.dataset.OrderedTableNameMap:253 - getTableName(tableName=PREGNANCYOUTCOME_OUTCOME) - start
08:54:27,865 DEBUG org.dbunit.dataset.OrderedTableNameMap:264 - getTableName(tableName=PREGNANCYOUTCOME_OUTCOME) - end - result=PREGNANCYOUTCOME_OUTCOME
08:54:27,866 DEBUG org.dbunit.util.QualifiedTableName:142 - getQualifiedNameIfEnabled(config=org.dbunit.database.DatabaseConfig[, _propertyMap={http://www.dbunit.org/properties/statementFactory=org.dbunit.database.statement.PreparedStatementFactory@eb5ea0, http://www.dbunit.org/features/caseSensitiveTableNames=false, http://www.dbunit.org/properties/fetchSize=100, http://www.dbunit.org/features/batchedStatements=false, http://www.dbunit.org/properties/metadataHandler=org.dbunit.database.DefaultMetadataHandler@60648, http://www.dbunit.org/properties/datatypeFactory=org.dbunit.dataset.datatype.DefaultDataTypeFactory[_toleratedDeltaMap=org.dbunit.dataset.datatype.ToleratedDeltaMap@133a07d], http://www.dbunit.org/properties/escapePattern=null, http://www.dbunit.org/properties/batchSize=100, http://www.dbunit.org/features/qualifiedTableNames=false, http://www.dbunit.org/properties/tableType=[Ljava.lang.String;@6d6f28, http://www.dbunit.org/properties/resultSetTableFactory=org.dbunit.database.CachedResultSetTableFactory@9cde9a, http://www.dbunit.org/features/datatypeWarning=true}]) - start
08:54:27,867 DEBUG org.dbunit.util.QualifiedTableName:152 - Qualified table names feature is disabled. Returning plain table name
08:54:27,868 DEBUG org.dbunit.util.QualifiedTableName:190 - getQualifiedName(prefix=null, name=PRIVILEGE, escapePattern=null) - start
08:54:27,868 DEBUG org.dbunit.dataset.OrderedTableNameMap:191 - add(tableName=PRIVILEGE, object=null) - start
08:54:27,869 DEBUG org.dbunit.dataset.OrderedTableNameMap:253 - getTableName(tableName=PRIVILEGE) - start
08:54:27,869 DEBUG org.dbunit.dataset.OrderedTableNameMap:264 - getTableName(tableName=PRIVILEGE) - end - result=PRIVILEGE
08:54:27,869 DEBUG org.dbunit.dataset.OrderedTableNameMap:253 - getTableName(tableName=PRIVILEGE) - start
08:54:27,870 DEBUG org.dbunit.dataset.OrderedTableNameMap:264 - getTableName(tableName=PRIVILEGE) - end - result=PRIVILEGE
08:54:27,870 DEBUG org.dbunit.util.QualifiedTableName:142 - getQualifiedNameIfEnabled(config=org.dbunit.database.DatabaseConfig[, _propertyMap={http://www.dbunit.org/properties/statementFactory=org.dbunit.database.statement.PreparedStatementFactory@eb5ea0, http://www.dbunit.org/features/caseSensitiveTableNames=false, http://www.dbunit.org/properties/fetchSize=100, http://www.dbunit.org/features/batchedStatements=false, http://www.dbunit.org/properties/metadataHandler=org.dbunit.database.DefaultMetadataHandler@60648, http://www.dbunit.org/properties/datatypeFactory=org.dbunit.dataset.datatype.DefaultDataTypeFactory[_toleratedDeltaMap=org.dbunit.dataset.datatype.ToleratedDeltaMap@133a07d], http://www.dbunit.org/properties/escapePattern=null, http://www.dbunit.org/properties/batchSize=100, http://www.dbunit.org/features/qualifiedTableNames=false, http://www.dbunit.org/properties/tableType=[Ljava.lang.String;@6d6f28, http://www.dbunit.org/properties/resultSetTableFactory=org.dbunit.database.CachedResultSetTableFactory@9cde9a, http://www.dbunit.org/features/datatypeWarning=true}]) - start
08:54:27,871 DEBUG org.dbunit.util.QualifiedTableName:152 - Qualified table names feature is disabled. Returning plain table name
08:54:27,871 DEBUG org.dbunit.util.QualifiedTableName:190 - getQualifiedName(prefix=null, name=RELATIONSHIP, escapePattern=null) - start
08:54:27,871 DEBUG org.dbunit.dataset.OrderedTableNameMap:191 - add(tableName=RELATIONSHIP, object=null) - start
08:54:27,872 DEBUG org.dbunit.dataset.OrderedTableNameMap:253 - getTableName(tableName=RELATIONSHIP) - start
08:54:27,872 DEBUG org.dbunit.dataset.OrderedTableNameMap:264 - getTableName(tableName=RELATIONSHIP) - end - result=RELATIONSHIP
08:54:27,872 DEBUG org.dbunit.dataset.OrderedTableNameMap:253 - getTableName(tableName=RELATIONSHIP) - start
08:54:27,873 DEBUG org.dbunit.dataset.OrderedTableNameMap:264 - getTableName(tableName=RELATIONSHIP) - end - result=RELATIONSHIP
08:54:27,873 DEBUG org.dbunit.util.QualifiedTableName:142 - getQualifiedNameIfEnabled(config=org.dbunit.database.DatabaseConfig[, _propertyMap={http://www.dbunit.org/properties/statementFactory=org.dbunit.database.statement.PreparedStatementFactory@eb5ea0, http://www.dbunit.org/features/caseSensitiveTableNames=false, http://www.dbunit.org/properties/fetchSize=100, http://www.dbunit.org/features/batchedStatements=false, http://www.dbunit.org/properties/metadataHandler=org.dbunit.database.DefaultMetadataHandler@60648, http://www.dbunit.org/properties/datatypeFactory=org.dbunit.dataset.datatype.DefaultDataTypeFactory[_toleratedDeltaMap=org.dbunit.dataset.datatype.ToleratedDeltaMap@133a07d], http://www.dbunit.org/properties/escapePattern=null, http://www.dbunit.org/properties/batchSize=100, http://www.dbunit.org/features/qualifiedTableNames=false, http://www.dbunit.org/properties/tableType=[Ljava.lang.String;@6d6f28, http://www.dbunit.org/properties/resultSetTableFactory=org.dbunit.database.CachedResultSetTableFactory@9cde9a, http://www.dbunit.org/features/datatypeWarning=true}]) - start
08:54:27,874 DEBUG org.dbunit.util.QualifiedTableName:152 - Qualified table names feature is disabled. Returning plain table name
08:54:27,874 DEBUG org.dbunit.util.QualifiedTableName:190 - getQualifiedName(prefix=null, name=RESIDENCY, escapePattern=null) - start
08:54:27,875 DEBUG org.dbunit.dataset.OrderedTableNameMap:191 - add(tableName=RESIDENCY, object=null) - start
08:54:27,875 DEBUG org.dbunit.dataset.OrderedTableNameMap:253 - getTableName(tableName=RESIDENCY) - start
08:54:27,876 DEBUG org.dbunit.dataset.OrderedTableNameMap:264 - getTableName(tableName=RESIDENCY) - end - result=RESIDENCY
08:54:27,876 DEBUG org.dbunit.dataset.OrderedTableNameMap:253 - getTableName(tableName=RESIDENCY) - start
08:54:27,876 DEBUG org.dbunit.dataset.OrderedTableNameMap:264 - getTableName(tableName=RESIDENCY) - end - result=RESIDENCY
08:54:27,877 DEBUG org.dbunit.util.QualifiedTableName:142 - getQualifiedNameIfEnabled(config=org.dbunit.database.DatabaseConfig[, _propertyMap={http://www.dbunit.org/properties/statementFactory=org.dbunit.database.statement.PreparedStatementFactory@eb5ea0, http://www.dbunit.org/features/caseSensitiveTableNames=false, http://www.dbunit.org/properties/fetchSize=100, http://www.dbunit.org/features/batchedStatements=false, http://www.dbunit.org/properties/metadataHandler=org.dbunit.database.DefaultMetadataHandler@60648, http://www.dbunit.org/properties/datatypeFactory=org.dbunit.dataset.datatype.DefaultDataTypeFactory[_toleratedDeltaMap=org.dbunit.dataset.datatype.ToleratedDeltaMap@133a07d], http://www.dbunit.org/properties/escapePattern=null, http://www.dbunit.org/properties/batchSize=100, http://www.dbunit.org/features/qualifiedTableNames=false, http://www.dbunit.org/properties/tableType=[Ljava.lang.String;@6d6f28, http://www.dbunit.org/properties/resultSetTableFactory=org.dbunit.database.CachedResultSetTableFactory@9cde9a, http://www.dbunit.org/features/datatypeWarning=true}]) - start
08:54:27,877 DEBUG org.dbunit.util.QualifiedTableName:152 - Qualified table names feature is disabled. Returning plain table name
08:54:27,878 DEBUG org.dbunit.util.QualifiedTableName:190 - getQualifiedName(prefix=null, name=ROLE, escapePattern=null) - start
08:54:27,878 DEBUG org.dbunit.dataset.OrderedTableNameMap:191 - add(tableName=ROLE, object=null) - start
08:54:27,878 DEBUG org.dbunit.dataset.OrderedTableNameMap:253 - getTableName(tableName=ROLE) - start
08:54:27,879 DEBUG org.dbunit.dataset.OrderedTableNameMap:264 - getTableName(tableName=ROLE) - end - result=ROLE
08:54:27,879 DEBUG org.dbunit.dataset.OrderedTableNameMap:253 - getTableName(tableName=ROLE) - start
08:54:27,880 DEBUG org.dbunit.dataset.OrderedTableNameMap:264 - getTableName(tableName=ROLE) - end - result=ROLE
08:54:27,880 DEBUG org.dbunit.util.QualifiedTableName:142 - getQualifiedNameIfEnabled(config=org.dbunit.database.DatabaseConfig[, _propertyMap={http://www.dbunit.org/properties/statementFactory=org.dbunit.database.statement.PreparedStatementFactory@eb5ea0, http://www.dbunit.org/features/caseSensitiveTableNames=false, http://www.dbunit.org/properties/fetchSize=100, http://www.dbunit.org/features/batchedStatements=false, http://www.dbunit.org/properties/metadataHandler=org.dbunit.database.DefaultMetadataHandler@60648, http://www.dbunit.org/properties/datatypeFactory=org.dbunit.dataset.datatype.DefaultDataTypeFactory[_toleratedDeltaMap=org.dbunit.dataset.datatype.ToleratedDeltaMap@133a07d], http://www.dbunit.org/properties/escapePattern=null, http://www.dbunit.org/properties/batchSize=100, http://www.dbunit.org/features/qualifiedTableNames=false, http://www.dbunit.org/properties/tableType=[Ljava.lang.String;@6d6f28, http://www.dbunit.org/properties/resultSetTableFactory=org.dbunit.database.CachedResultSetTableFactory@9cde9a, http://www.dbunit.org/features/datatypeWarning=true}]) - start
08:54:27,880 DEBUG org.dbunit.util.QualifiedTableName:152 - Qualified table names feature is disabled. Returning plain table name
08:54:27,881 DEBUG org.dbunit.util.QualifiedTableName:190 - getQualifiedName(prefix=null, name=ROLE_PRIVILEGES, escapePattern=null) - start
08:54:27,881 DEBUG org.dbunit.dataset.OrderedTableNameMap:191 - add(tableName=ROLE_PRIVILEGES, object=null) - start
08:54:27,881 DEBUG org.dbunit.dataset.OrderedTableNameMap:253 - getTableName(tableName=ROLE_PRIVILEGES) - start
08:54:27,882 DEBUG org.dbunit.dataset.OrderedTableNameMap:264 - getTableName(tableName=ROLE_PRIVILEGES) - end - result=ROLE_PRIVILEGES
08:54:27,882 DEBUG org.dbunit.dataset.OrderedTableNameMap:253 - getTableName(tableName=ROLE_PRIVILEGES) - start
08:54:27,883 DEBUG org.dbunit.dataset.OrderedTableNameMap:264 - getTableName(tableName=ROLE_PRIVILEGES) - end - result=ROLE_PRIVILEGES
08:54:27,885 DEBUG org.dbunit.util.QualifiedTableName:142 - getQualifiedNameIfEnabled(config=org.dbunit.database.DatabaseConfig[, _propertyMap={http://www.dbunit.org/properties/statementFactory=org.dbunit.database.statement.PreparedStatementFactory@eb5ea0, http://www.dbunit.org/features/caseSensitiveTableNames=false, http://www.dbunit.org/properties/fetchSize=100, http://www.dbunit.org/features/batchedStatements=false, http://www.dbunit.org/properties/metadataHandler=org.dbunit.database.DefaultMetadataHandler@60648, http://www.dbunit.org/properties/datatypeFactory=org.dbunit.dataset.datatype.DefaultDataTypeFactory[_toleratedDeltaMap=org.dbunit.dataset.datatype.ToleratedDeltaMap@133a07d], http://www.dbunit.org/properties/escapePattern=null, http://www.dbunit.org/properties/batchSize=100, http://www.dbunit.org/features/qualifiedTableNames=false, http://www.dbunit.org/properties/tableType=[Ljava.lang.String;@6d6f28, http://www.dbunit.org/properties/resultSetTableFactory=org.dbunit.database.CachedResultSetTableFactory@9cde9a, http://www.dbunit.org/features/datatypeWarning=true}]) - start
08:54:27,886 DEBUG org.dbunit.util.QualifiedTableName:152 - Qualified table names feature is disabled. Returning plain table name
08:54:27,887 DEBUG org.dbunit.util.QualifiedTableName:190 - getQualifiedName(prefix=null, name=ROUND, escapePattern=null) - start
08:54:27,887 DEBUG org.dbunit.dataset.OrderedTableNameMap:191 - add(tableName=ROUND, object=null) - start
08:54:27,888 DEBUG org.dbunit.dataset.OrderedTableNameMap:253 - getTableName(tableName=ROUND) - start
08:54:27,888 DEBUG org.dbunit.dataset.OrderedTableNameMap:264 - getTableName(tableName=ROUND) - end - result=ROUND
08:54:27,889 DEBUG org.dbunit.dataset.OrderedTableNameMap:253 - getTableName(tableName=ROUND) - start
08:54:27,890 DEBUG org.dbunit.dataset.OrderedTableNameMap:264 - getTableName(tableName=ROUND) - end - result=ROUND
08:54:27,890 DEBUG org.dbunit.util.QualifiedTableName:142 - getQualifiedNameIfEnabled(config=org.dbunit.database.DatabaseConfig[, _propertyMap={http://www.dbunit.org/properties/statementFactory=org.dbunit.database.statement.PreparedStatementFactory@eb5ea0, http://www.dbunit.org/features/caseSensitiveTableNames=false, http://www.dbunit.org/properties/fetchSize=100, http://www.dbunit.org/features/batchedStatements=false, http://www.dbunit.org/properties/metadataHandler=org.dbunit.database.DefaultMetadataHandler@60648, http://www.dbunit.org/properties/datatypeFactory=org.dbunit.dataset.datatype.DefaultDataTypeFactory[_toleratedDeltaMap=org.dbunit.dataset.datatype.ToleratedDeltaMap@133a07d], http://www.dbunit.org/properties/escapePattern=null, http://www.dbunit.org/properties/batchSize=100, http://www.dbunit.org/features/qualifiedTableNames=false, http://www.dbunit.org/properties/tableType=[Ljava.lang.String;@6d6f28, http://www.dbunit.org/properties/resultSetTableFactory=org.dbunit.database.CachedResultSetTableFactory@9cde9a, http://www.dbunit.org/features/datatypeWarning=true}]) - start
08:54:27,891 DEBUG org.dbunit.util.QualifiedTableName:152 - Qualified table names feature is disabled. Returning plain table name
08:54:27,891 DEBUG org.dbunit.util.QualifiedTableName:190 - getQualifiedName(prefix=null, name=SOCIALGROUP, escapePattern=null) - start
08:54:27,892 DEBUG org.dbunit.dataset.OrderedTableNameMap:191 - add(tableName=SOCIALGROUP, object=null) - start
08:54:27,893 DEBUG org.dbunit.dataset.OrderedTableNameMap:253 - getTableName(tableName=SOCIALGROUP) - start
08:54:27,893 DEBUG org.dbunit.dataset.OrderedTableNameMap:264 - getTableName(tableName=SOCIALGROUP) - end - result=SOCIALGROUP
08:54:27,894 DEBUG org.dbunit.dataset.OrderedTableNameMap:253 - getTableName(tableName=SOCIALGROUP) - start
08:54:27,894 DEBUG org.dbunit.dataset.OrderedTableNameMap:264 - getTableName(tableName=SOCIALGROUP) - end - result=SOCIALGROUP
08:54:27,895 DEBUG org.dbunit.util.QualifiedTableName:142 - getQualifiedNameIfEnabled(config=org.dbunit.database.DatabaseConfig[, _propertyMap={http://www.dbunit.org/properties/statementFactory=org.dbunit.database.statement.PreparedStatementFactory@eb5ea0, http://www.dbunit.org/features/caseSensitiveTableNames=false, http://www.dbunit.org/properties/fetchSize=100, http://www.dbunit.org/features/batchedStatements=false, http://www.dbunit.org/properties/metadataHandler=org.dbunit.database.DefaultMetadataHandler@60648, http://www.dbunit.org/properties/datatypeFactory=org.dbunit.dataset.datatype.DefaultDataTypeFactory[_toleratedDeltaMap=org.dbunit.dataset.datatype.ToleratedDeltaMap@133a07d], http://www.dbunit.org/properties/escapePattern=null, http://www.dbunit.org/properties/batchSize=100, http://www.dbunit.org/features/qualifiedTableNames=false, http://www.dbunit.org/properties/tableType=[Ljava.lang.String;@6d6f28, http://www.dbunit.org/properties/resultSetTableFactory=org.dbunit.database.CachedResultSetTableFactory@9cde9a, http://www.dbunit.org/features/datatypeWarning=true}]) - start
08:54:27,896 DEBUG org.dbunit.util.QualifiedTableName:152 - Qualified table names feature is disabled. Returning plain table name
08:54:27,896 DEBUG org.dbunit.util.QualifiedTableName:190 - getQualifiedName(prefix=null, name=USER, escapePattern=null) - start
08:54:27,897 DEBUG org.dbunit.dataset.OrderedTableNameMap:191 - add(tableName=USER, object=null) - start
08:54:27,897 DEBUG org.dbunit.dataset.OrderedTableNameMap:253 - getTableName(tableName=USER) - start
08:54:27,898 DEBUG org.dbunit.dataset.OrderedTableNameMap:264 - getTableName(tableName=USER) - end - result=USER
08:54:27,898 DEBUG org.dbunit.dataset.OrderedTableNameMap:253 - getTableName(tableName=USER) - start
08:54:27,899 DEBUG org.dbunit.dataset.OrderedTableNameMap:264 - getTableName(tableName=USER) - end - result=USER
08:54:27,903 DEBUG org.dbunit.util.QualifiedTableName:142 - getQualifiedNameIfEnabled(config=org.dbunit.database.DatabaseConfig[, _propertyMap={http://www.dbunit.org/properties/statementFactory=org.dbunit.database.statement.PreparedStatementFactory@eb5ea0, http://www.dbunit.org/features/caseSensitiveTableNames=false, http://www.dbunit.org/properties/fetchSize=100, http://www.dbunit.org/features/batchedStatements=false, http://www.dbunit.org/properties/metadataHandler=org.dbunit.database.DefaultMetadataHandler@60648, http://www.dbunit.org/properties/datatypeFactory=org.dbunit.dataset.datatype.DefaultDataTypeFactory[_toleratedDeltaMap=org.dbunit.dataset.datatype.ToleratedDeltaMap@133a07d], http://www.dbunit.org/properties/escapePattern=null, http://www.dbunit.org/properties/batchSize=100, http://www.dbunit.org/features/qualifiedTableNames=false, http://www.dbunit.org/properties/tableType=[Ljava.lang.String;@6d6f28, http://www.dbunit.org/properties/resultSetTableFactory=org.dbunit.database.CachedResultSetTableFactory@9cde9a, http://www.dbunit.org/features/datatypeWarning=true}]) - start
08:54:27,904 DEBUG org.dbunit.util.QualifiedTableName:152 - Qualified table names feature is disabled. Returning plain table name
08:54:27,904 DEBUG org.dbunit.util.QualifiedTableName:190 - getQualifiedName(prefix=null, name=USER_ROLES, escapePattern=null) - start
08:54:27,905 DEBUG org.dbunit.dataset.OrderedTableNameMap:191 - add(tableName=USER_ROLES, object=null) - start
08:54:27,905 DEBUG org.dbunit.dataset.OrderedTableNameMap:253 - getTableName(tableName=USER_ROLES) - start
08:54:27,906 DEBUG org.dbunit.dataset.OrderedTableNameMap:264 - getTableName(tableName=USER_ROLES) - end - result=USER_ROLES
08:54:27,906 DEBUG org.dbunit.dataset.OrderedTableNameMap:253 - getTableName(tableName=USER_ROLES) - start
08:54:27,906 DEBUG org.dbunit.dataset.OrderedTableNameMap:264 - getTableName(tableName=USER_ROLES) - end - result=USER_ROLES
08:54:27,907 DEBUG org.dbunit.util.QualifiedTableName:142 - getQualifiedNameIfEnabled(config=org.dbunit.database.DatabaseConfig[, _propertyMap={http://www.dbunit.org/properties/statementFactory=org.dbunit.database.statement.PreparedStatementFactory@eb5ea0, http://www.dbunit.org/features/caseSensitiveTableNames=false, http://www.dbunit.org/properties/fetchSize=100, http://www.dbunit.org/features/batchedStatements=false, http://www.dbunit.org/properties/metadataHandler=org.dbunit.database.DefaultMetadataHandler@60648, http://www.dbunit.org/properties/datatypeFactory=org.dbunit.dataset.datatype.DefaultDataTypeFactory[_toleratedDeltaMap=org.dbunit.dataset.datatype.ToleratedDeltaMap@133a07d], http://www.dbunit.org/properties/escapePattern=null, http://www.dbunit.org/properties/batchSize=100, http://www.dbunit.org/features/qualifiedTableNames=false, http://www.dbunit.org/properties/tableType=[Ljava.lang.String;@6d6f28, http://www.dbunit.org/properties/resultSetTableFactory=org.dbunit.database.CachedResultSetTableFactory@9cde9a, http://www.dbunit.org/features/datatypeWarning=true}]) - start
08:54:27,907 DEBUG org.dbunit.util.QualifiedTableName:152 - Qualified table names feature is disabled. Returning plain table name
08:54:27,907 DEBUG org.dbunit.util.QualifiedTableName:190 - getQualifiedName(prefix=null, name=VACCINATION, escapePattern=null) - start
08:54:27,908 DEBUG org.dbunit.dataset.OrderedTableNameMap:191 - add(tableName=VACCINATION, object=null) - start
08:54:27,908 DEBUG org.dbunit.dataset.OrderedTableNameMap:253 - getTableName(tableName=VACCINATION) - start
08:54:27,908 DEBUG org.dbunit.dataset.OrderedTableNameMap:264 - getTableName(tableName=VACCINATION) - end - result=VACCINATION
08:54:27,909 DEBUG org.dbunit.dataset.OrderedTableNameMap:253 - getTableName(tableName=VACCINATION) - start
08:54:27,909 DEBUG org.dbunit.dataset.OrderedTableNameMap:264 - getTableName(tableName=VACCINATION) - end - result=VACCINATION
08:54:27,909 DEBUG org.dbunit.util.QualifiedTableName:142 - getQualifiedNameIfEnabled(config=org.dbunit.database.DatabaseConfig[, _propertyMap={http://www.dbunit.org/properties/statementFactory=org.dbunit.database.statement.PreparedStatementFactory@eb5ea0, http://www.dbunit.org/features/caseSensitiveTableNames=false, http://www.dbunit.org/properties/fetchSize=100, http://www.dbunit.org/features/batchedStatements=false, http://www.dbunit.org/properties/metadataHandler=org.dbunit.database.DefaultMetadataHandler@60648, http://www.dbunit.org/properties/datatypeFactory=org.dbunit.dataset.datatype.DefaultDataTypeFactory[_toleratedDeltaMap=org.dbunit.dataset.datatype.ToleratedDeltaMap@133a07d], http://www.dbunit.org/properties/escapePattern=null, http://www.dbunit.org/properties/batchSize=100, http://www.dbunit.org/features/qualifiedTableNames=false, http://www.dbunit.org/properties/tableType=[Ljava.lang.String;@6d6f28, http://www.dbunit.org/properties/resultSetTableFactory=org.dbunit.database.CachedResultSetTableFactory@9cde9a, http://www.dbunit.org/features/datatypeWarning=true}]) - start
08:54:27,910 DEBUG org.dbunit.util.QualifiedTableName:152 - Qualified table names feature is disabled. Returning plain table name
08:54:27,910 DEBUG org.dbunit.util.QualifiedTableName:190 - getQualifiedName(prefix=null, name=VISIT, escapePattern=null) - start
08:54:27,911 DEBUG org.dbunit.dataset.OrderedTableNameMap:191 - add(tableName=VISIT, object=null) - start
08:54:27,911 DEBUG org.dbunit.dataset.OrderedTableNameMap:253 - getTableName(tableName=VISIT) - start
08:54:27,912 DEBUG org.dbunit.dataset.OrderedTableNameMap:264 - getTableName(tableName=VISIT) - end - result=VISIT
08:54:27,912 DEBUG org.dbunit.dataset.OrderedTableNameMap:253 - getTableName(tableName=VISIT) - start
08:54:27,912 DEBUG org.dbunit.dataset.OrderedTableNameMap:264 - getTableName(tableName=VISIT) - end - result=VISIT
08:54:27,913 DEBUG org.dbunit.util.QualifiedTableName:142 - getQualifiedNameIfEnabled(config=org.dbunit.database.DatabaseConfig[, _propertyMap={http://www.dbunit.org/properties/statementFactory=org.dbunit.database.statement.PreparedStatementFactory@eb5ea0, http://www.dbunit.org/features/caseSensitiveTableNames=false, http://www.dbunit.org/properties/fetchSize=100, http://www.dbunit.org/features/batchedStatements=false, http://www.dbunit.org/properties/metadataHandler=org.dbunit.database.DefaultMetadataHandler@60648, http://www.dbunit.org/properties/datatypeFactory=org.dbunit.dataset.datatype.DefaultDataTypeFactory[_toleratedDeltaMap=org.dbunit.dataset.datatype.ToleratedDeltaMap@133a07d], http://www.dbunit.org/properties/escapePattern=null, http://www.dbunit.org/properties/batchSize=100, http://www.dbunit.org/features/qualifiedTableNames=false, http://www.dbunit.org/properties/tableType=[Ljava.lang.String;@6d6f28, http://www.dbunit.org/properties/resultSetTableFactory=org.dbunit.database.CachedResultSetTableFactory@9cde9a, http://www.dbunit.org/features/datatypeWarning=true}]) - start
08:54:27,913 DEBUG org.dbunit.util.QualifiedTableName:152 - Qualified table names feature is disabled. Returning plain table name
08:54:27,913 DEBUG org.dbunit.util.QualifiedTableName:190 - getQualifiedName(prefix=null, name=WHITELIST, escapePattern=null) - start
08:54:27,914 DEBUG org.dbunit.dataset.OrderedTableNameMap:191 - add(tableName=WHITELIST, object=null) - start
08:54:27,914 DEBUG org.dbunit.dataset.OrderedTableNameMap:253 - getTableName(tableName=WHITELIST) - start
08:54:27,914 DEBUG org.dbunit.dataset.OrderedTableNameMap:264 - getTableName(tableName=WHITELIST) - end - result=WHITELIST
08:54:27,915 DEBUG org.dbunit.dataset.OrderedTableNameMap:253 - getTableName(tableName=WHITELIST) - start
08:54:27,915 DEBUG org.dbunit.dataset.OrderedTableNameMap:264 - getTableName(tableName=WHITELIST) - end - result=WHITELIST
08:54:27,915 DEBUG org.dbunit.dataset.OrderedTableNameMap:253 - getTableName(tableName=privilege) - start
08:54:27,916 DEBUG org.dbunit.dataset.OrderedTableNameMap:264 - getTableName(tableName=privilege) - end - result=PRIVILEGE
08:54:27,916 DEBUG org.dbunit.dataset.OrderedTableNameMap:253 - getTableName(tableName=privilege) - start
08:54:27,916 DEBUG org.dbunit.dataset.OrderedTableNameMap:264 - getTableName(tableName=privilege) - end - result=PRIVILEGE
08:54:27,917 DEBUG org.dbunit.database.DatabaseDataSourceConnection:113 - getConnection() - start
08:54:27,917 DEBUG org.dbunit.util.SQLHelper:657 - isEscaped returns &apos;false&apos; for tableName=privilege (dbIdentifierQuoteString=&quot;)
08:54:27,917 DEBUG org.dbunit.util.SQLHelper:637 - class org.dbunit.database.DatabaseTableMetaData. Corrected table name: oldValue=privilege newValue=PRIVILEGE
08:54:27,918 DEBUG org.dbunit.database.DatabaseTableMetaData:139 - Validating if table &apos;PRIVILEGE&apos; exists in schema &apos;null&apos; ...
08:54:27,919 DEBUG org.dbunit.util.SQLHelper:117 - close(resultSet=org.apache.commons.dbcp.DelegatingResultSet@175cade) - start
08:54:27,919 DEBUG org.dbunit.dataset.OrderedTableNameMap:234 - getColumns() - start
08:54:27,922 DEBUG org.dbunit.dataset.OrderedTableNameMap:234 - getConnection() - start
08:54:27,923 DEBUG org.dbunit.dataset.OrderedTableNameMap:234 - getConnection() - start
08:54:27,924  WARN org.dbunit.dataset.OrderedTableNameMap:234 - Potential problem found: The configured data type factory &apos;class org.dbunit.dataset.datatype.DefaultDataTypeFactory&apos; might cause problems with the current database &apos;H2&apos; (e.g. some datatypes may not be supported properly). In rare cases you might see this message because the list of supported database products is incomplete (list=[derby]). If so please request a java-class update via the forums.If you are using your own IDataTypeFactory extending DefaultDataTypeFactory, ensure that you override getValidDbProducts() to specify the supported database products.
08:54:27,924 DEBUG org.dbunit.dataset.OrderedTableNameMap:234 - Comparing the following values using caseSensitive=false (searched&lt;=&gt;actual): catalog: null&lt;=&gt;OPENHDS schema: null&lt;=&gt;PUBLIC table: PRIVILEGE&lt;=&gt;PRIVILEGE column: null&lt;=&gt;UUID
08:54:27,925 DEBUG org.dbunit.dataset.OrderedTableNameMap:234 - createDataType(sqlType=12 , sqlTypeName=VARCHAR, tableName=PRIVILEGE, columnName=UUID) - start
08:54:27,925 DEBUG org.dbunit.dataset.OrderedTableNameMap:234 - createDataType(sqlType=12, sqlTypeName=VARCHAR) - start
08:54:27,925 DEBUG org.dbunit.dataset.OrderedTableNameMap:234 - forSqlType(sqlType=12) - start
08:54:27,926 DEBUG org.dbunit.dataset.OrderedTableNameMap:234 - getSqlType() - start
08:54:27,926 DEBUG org.dbunit.dataset.OrderedTableNameMap:234 - nullableValue(nullable=0) - start
08:54:27,927 DEBUG org.dbunit.dataset.OrderedTableNameMap:234 - autoIncrementValue(isAutoIncrement=NO) - start
08:54:27,927 DEBUG org.dbunit.dataset.OrderedTableNameMap:234 - Comparing the following values using caseSensitive=false (searched&lt;=&gt;actual): catalog: null&lt;=&gt;OPENHDS schema: null&lt;=&gt;PUBLIC table: PRIVILEGE&lt;=&gt;PRIVILEGE column: null&lt;=&gt;PRIVILEGE
08:54:27,928 DEBUG org.dbunit.dataset.OrderedTableNameMap:234 - createDataType(sqlType=12 , sqlTypeName=VARCHAR, tableName=PRIVILEGE, columnName=PRIVILEGE) - start
08:54:27,928 DEBUG org.dbunit.dataset.OrderedTableNameMap:234 - createDataType(sqlType=12, sqlTypeName=VARCHAR) - start
08:54:27,928 DEBUG org.dbunit.dataset.OrderedTableNameMap:234 - forSqlType(sqlType=12) - start
08:54:27,929 DEBUG org.dbunit.dataset.OrderedTableNameMap:234 - getSqlType() - start
08:54:27,930 DEBUG org.dbunit.dataset.OrderedTableNameMap:234 - nullableValue(nullable=1) - start
08:54:27,930 DEBUG org.dbunit.dataset.OrderedTableNameMap:234 - autoIncrementValue(isAutoIncrement=NO) - start
08:54:27,931 DEBUG org.dbunit.dataset.OrderedTableNameMap:234 - getPrimaryKeys() - start
08:54:27,931 DEBUG org.dbunit.dataset.OrderedTableNameMap:234 - getPrimaryKeyNames() - start
08:54:27,931 DEBUG org.dbunit.dataset.OrderedTableNameMap:234 - getConnection() - start
08:54:27,933 DEBUG org.dbunit.dataset.OrderedTableNameMap:234 - getName() - start
08:54:27,933 DEBUG org.dbunit.dataset.OrderedTableNameMap:234 - getColumns() - start
08:54:27,934 DEBUG org.dbunit.dataset.OrderedTableNameMap:234 - getColumns(columnNames=[UUID], columns=[(UUID, VARCHAR, noNulls), (PRIVILEGE, VARCHAR, nullable)]) - start
08:54:27,934 DEBUG org.dbunit.dataset.OrderedTableNameMap:234 - getColumn(columnName=UUID, columns=[(UUID, VARCHAR, noNulls), (PRIVILEGE, VARCHAR, nullable)]) - start
08:54:27,935 DEBUG org.dbunit.dataset.OrderedTableNameMap:234 - update(tableName=privilege, object=table=PRIVILEGE, cols=[(UUID, VARCHAR, noNulls), (PRIVILEGE, VARCHAR, nullable)], pk=[(UUID, VARCHAR, noNulls)]) - start
08:54:27,935 DEBUG org.dbunit.dataset.OrderedTableNameMap:253 - getTableName(tableName=privilege) - start
08:54:27,935 DEBUG org.dbunit.dataset.OrderedTableNameMap:264 - getTableName(tableName=privilege) - end - result=PRIVILEGE
08:54:27,936 DEBUG org.dbunit.dataset.OrderedTableNameMap:253 - getTableName(tableName=privilege) - start
08:54:27,936 DEBUG org.dbunit.dataset.OrderedTableNameMap:264 - getTableName(tableName=privilege) - end - result=PRIVILEGE
08:54:27,936 DEBUG org.dbunit.dataset.AbstractTableMetaData:101 - getColumnIndex(columnName=uuid) - start
08:54:27,937 DEBUG org.dbunit.database.DatabaseTableMetaData:301 - getColumns() - start
08:54:27,937 DEBUG org.dbunit.database.DatabaseTableMetaData:301 - getColumns() - start
08:54:27,938 DEBUG org.dbunit.dataset.AbstractTableMetaData:101 - getColumnIndex(columnName=privilege) - start
08:54:27,938 DEBUG org.dbunit.database.DatabaseTableMetaData:301 - getColumns() - start
08:54:27,938 DEBUG org.dbunit.database.DatabaseTableMetaData:374 - getPrimaryKeys() - start
08:54:27,939 DEBUG org.dbunit.operation.RefreshOperation:146 - createUpdateOperation(connection=_databaseConfig=org.dbunit.database.DatabaseConfig[, _propertyMap={http://www.dbunit.org/properties/statementFactory=org.dbunit.database.statement.PreparedStatementFactory@eb5ea0, http://www.dbunit.org/features/caseSensitiveTableNames=false, http://www.dbunit.org/properties/fetchSize=100, http://www.dbunit.org/features/batchedStatements=false, http://www.dbunit.org/properties/metadataHandler=org.dbunit.database.DefaultMetadataHandler@60648, http://www.dbunit.org/properties/datatypeFactory=org.dbunit.dataset.datatype.DefaultDataTypeFactory[_toleratedDeltaMap=org.dbunit.dataset.datatype.ToleratedDeltaMap@133a07d], http://www.dbunit.org/properties/escapePattern=null, http://www.dbunit.org/properties/batchSize=100, http://www.dbunit.org/features/qualifiedTableNames=false, http://www.dbunit.org/properties/tableType=[Ljava.lang.String;@6d6f28, http://www.dbunit.org/properties/resultSetTableFactory=org.dbunit.database.CachedResultSetTableFactory@9cde9a, http://www.dbunit.org/features/datatypeWarning=true}], _dataSet=AbstractDataSet[_orderedTableNameMap=null], metaData=tableName=PRIVILEGE, columns=[(UUID, VARCHAR, noNulls), (PRIVILEGE, VARCHAR, nullable)], keys=[(UUID, VARCHAR, noNulls)]) - start
08:54:27,939 DEBUG org.dbunit.operation.UpdateOperation:63 - getOperationData(metaData=tableName=PRIVILEGE, columns=[(UUID, VARCHAR, noNulls), (PRIVILEGE, VARCHAR, nullable)], keys=[(UUID, VARCHAR, noNulls)], ignoreMapping=null, connection=_databaseConfig=org.dbunit.database.DatabaseConfig[, _propertyMap={http://www.dbunit.org/properties/statementFactory=org.dbunit.database.statement.PreparedStatementFactory@eb5ea0, http://www.dbunit.org/features/caseSensitiveTableNames=false, http://www.dbunit.org/properties/fetchSize=100, http://www.dbunit.org/features/batchedStatements=false, http://www.dbunit.org/properties/metadataHandler=org.dbunit.database.DefaultMetadataHandler@60648, http://www.dbunit.org/properties/datatypeFactory=org.dbunit.dataset.datatype.DefaultDataTypeFactory[_toleratedDeltaMap=org.dbunit.dataset.datatype.ToleratedDeltaMap@133a07d], http://www.dbunit.org/properties/escapePattern=null, http://www.dbunit.org/properties/batchSize=100, http://www.dbunit.org/features/qualifiedTableNames=false, http://www.dbunit.org/properties/tableType=[Ljava.lang.String;@6d6f28, http://www.dbunit.org/properties/resultSetTableFactory=org.dbunit.database.CachedResultSetTableFactory@9cde9a, http://www.dbunit.org/features/datatypeWarning=true}], _dataSet=AbstractDataSet[_orderedTableNameMap=null]) - start
08:54:27,940 DEBUG org.dbunit.operation.AbstractOperation:55 - getQualifiedName(prefix=null, name=PRIVILEGE, connection=_databaseConfig=org.dbunit.database.DatabaseConfig[, _propertyMap={http://www.dbunit.org/properties/statementFactory=org.dbunit.database.statement.PreparedStatementFactory@eb5ea0, http://www.dbunit.org/features/caseSensitiveTableNames=false, http://www.dbunit.org/properties/fetchSize=100, http://www.dbunit.org/features/batchedStatements=false, http://www.dbunit.org/properties/metadataHandler=org.dbunit.database.DefaultMetadataHandler@60648, http://www.dbunit.org/properties/datatypeFactory=org.dbunit.dataset.datatype.DefaultDataTypeFactory[_toleratedDeltaMap=org.dbunit.dataset.datatype.ToleratedDeltaMap@133a07d], http://www.dbunit.org/properties/escapePattern=null, http://www.dbunit.org/properties/batchSize=100, http://www.dbunit.org/features/qualifiedTableNames=false, http://www.dbunit.org/properties/tableType=[Ljava.lang.String;@6d6f28, http://www.dbunit.org/properties/resultSetTableFactory=org.dbunit.database.CachedResultSetTableFactory@9cde9a, http://www.dbunit.org/features/datatypeWarning=true}], _dataSet=AbstractDataSet[_orderedTableNameMap=null]) - start
08:54:27,940 DEBUG org.dbunit.util.QualifiedTableName:126 - getQualifiedName() - start
08:54:27,940 DEBUG org.dbunit.util.QualifiedTableName:190 - getQualifiedName(prefix=null, name=PRIVILEGE, escapePattern=null) - start
08:54:27,941 DEBUG org.dbunit.dataset.Columns:154 - getColumn(columnName=UUID, columns=[(UUID, VARCHAR, noNulls)]) - start
08:54:27,941 DEBUG org.dbunit.dataset.Columns:154 - getColumn(columnName=PRIVILEGE, columns=[(UUID, VARCHAR, noNulls)]) - start
08:54:27,942 DEBUG org.dbunit.operation.AbstractOperation:55 - getQualifiedName(prefix=null, name=PRIVILEGE, connection=_databaseConfig=org.dbunit.database.DatabaseConfig[, _propertyMap={http://www.dbunit.org/properties/statementFactory=org.dbunit.database.statement.PreparedStatementFactory@eb5ea0, http://www.dbunit.org/features/caseSensitiveTableNames=false, http://www.dbunit.org/properties/fetchSize=100, http://www.dbunit.org/features/batchedStatements=false, http://www.dbunit.org/properties/metadataHandler=org.dbunit.database.DefaultMetadataHandler@60648, http://www.dbunit.org/properties/datatypeFactory=org.dbunit.dataset.datatype.DefaultDataTypeFactory[_toleratedDeltaMap=org.dbunit.dataset.datatype.ToleratedDeltaMap@133a07d], http://www.dbunit.org/properties/escapePattern=null, http://www.dbunit.org/properties/batchSize=100, http://www.dbunit.org/features/qualifiedTableNames=false, http://www.dbunit.org/properties/tableType=[Ljava.lang.String;@6d6f28, http://www.dbunit.org/properties/resultSetTableFactory=org.dbunit.database.CachedResultSetTableFactory@9cde9a, http://www.dbunit.org/features/datatypeWarning=true}], _dataSet=AbstractDataSet[_orderedTableNameMap=null]) - start
08:54:27,942 DEBUG org.dbunit.util.QualifiedTableName:126 - getQualifiedName() - start
08:54:27,942 DEBUG org.dbunit.util.QualifiedTableName:190 - getQualifiedName(prefix=null, name=PRIVILEGE, escapePattern=null) - start
08:54:27,943 DEBUG org.dbunit.operation.AbstractOperation:55 - getQualifiedName(prefix=null, name=UUID, connection=_databaseConfig=org.dbunit.database.DatabaseConfig[, _propertyMap={http://www.dbunit.org/properties/statementFactory=org.dbunit.database.statement.PreparedStatementFactory@eb5ea0, http://www.dbunit.org/features/caseSensitiveTableNames=false, http://www.dbunit.org/properties/fetchSize=100, http://www.dbunit.org/features/batchedStatements=false, http://www.dbunit.org/properties/metadataHandler=org.dbunit.database.DefaultMetadataHandler@60648, http://www.dbunit.org/properties/datatypeFactory=org.dbunit.dataset.datatype.DefaultDataTypeFactory[_toleratedDeltaMap=org.dbunit.dataset.datatype.ToleratedDeltaMap@133a07d], http://www.dbunit.org/properties/escapePattern=null, http://www.dbunit.org/properties/batchSize=100, http://www.dbunit.org/features/qualifiedTableNames=false, http://www.dbunit.org/properties/tableType=[Ljava.lang.String;@6d6f28, http://www.dbunit.org/properties/resultSetTableFactory=org.dbunit.database.CachedResultSetTableFactory@9cde9a, http://www.dbunit.org/features/datatypeWarning=true}], _dataSet=AbstractDataSet[_orderedTableNameMap=null]) - start
08:54:27,943 DEBUG org.dbunit.util.QualifiedTableName:126 - getQualifiedName() - start
08:54:27,944 DEBUG org.dbunit.util.QualifiedTableName:190 - getQualifiedName(prefix=null, name=UUID, escapePattern=null) - start
08:54:27,944 DEBUG org.dbunit.database.DatabaseDataSourceConnection:113 - getConnection() - start
08:54:27,945 DEBUG org.dbunit.operation.RefreshOperation$RowOperation:180 - execute(table=org.dbunit.dataset.DefaultTable[_metaData=tableName=privilege, columns=[(uuid, UNKNOWN, nullableUnknown), (privilege, UNKNOWN, nullableUnknown)], keys=[], _rowList.size()=1], row=0) - start
08:54:27,945 DEBUG org.dbunit.dataset.DefaultTable:192 - getValue(row=0, column=PRIVILEGE) - start
08:54:27,945 DEBUG org.dbunit.dataset.AbstractTable:41 - assertValidRowIndex(row=0) - start
08:54:27,946 DEBUG org.dbunit.dataset.AbstractTable:51 - assertValidRowIndex(row=0, rowCount=1) - start
08:54:27,946 DEBUG org.dbunit.dataset.AbstractTable:75 - getColumnIndex(columnName=PRIVILEGE) - start
08:54:27,946 DEBUG org.dbunit.dataset.AbstractTableMetaData:101 - getColumnIndex(columnName=PRIVILEGE) - start
08:54:27,947 DEBUG org.dbunit.database.statement.SimplePreparedStatement:64 - addValue(value=CREATE_ENTITY, dataType=VARCHAR) - start
08:54:27,947 DEBUG org.dbunit.dataset.datatype.StringDataType:157 - setSqlValue(value=CREATE_ENTITY, column=1, statement=prep209: update PRIVILEGE set PRIVILEGE = ? where UUID = ?) - start
08:54:27,948 DEBUG org.dbunit.dataset.datatype.DataType:177 - asString(value=CREATE_ENTITY) - start
08:54:27,948 DEBUG org.dbunit.dataset.datatype.StringDataType:59 - typeCast(value=CREATE_ENTITY) - start
08:54:27,948 DEBUG org.dbunit.dataset.DefaultTable:192 - getValue(row=0, column=UUID) - start
08:54:27,949 DEBUG org.dbunit.dataset.AbstractTable:41 - assertValidRowIndex(row=0) - start
08:54:27,949 DEBUG org.dbunit.dataset.AbstractTable:51 - assertValidRowIndex(row=0, rowCount=1) - start
08:54:27,949 DEBUG org.dbunit.dataset.AbstractTable:75 - getColumnIndex(columnName=UUID) - start
08:54:27,950 DEBUG org.dbunit.dataset.AbstractTableMetaData:101 - getColumnIndex(columnName=UUID) - start
08:54:27,950 DEBUG org.dbunit.database.statement.SimplePreparedStatement:64 - addValue(value=PRIVILEGE1, dataType=VARCHAR) - start
08:54:27,951 DEBUG org.dbunit.dataset.datatype.StringDataType:157 - setSqlValue(value=PRIVILEGE1, column=2, statement=prep209: update PRIVILEGE set PRIVILEGE = ? where UUID = ? {1: &apos;CREATE_ENTITY&apos;}) - start
08:54:27,951 DEBUG org.dbunit.dataset.datatype.DataType:177 - asString(value=PRIVILEGE1) - start
08:54:27,951 DEBUG org.dbunit.dataset.datatype.StringDataType:59 - typeCast(value=PRIVILEGE1) - start
08:54:27,952 DEBUG org.dbunit.database.statement.SimplePreparedStatement:78 - addBatch() - start
08:54:27,952 DEBUG org.dbunit.database.statement.SimplePreparedStatement:90 - executeBatch() - start
08:54:27,953 DEBUG org.dbunit.database.statement.SimplePreparedStatement:99 - clearBatch() - start
08:54:27,953 DEBUG org.dbunit.database.statement.SimplePreparedStatement:99 - clearBatch() - start
08:54:27,953 DEBUG org.dbunit.operation.RefreshOperation$RowOperation:180 - execute(table=org.dbunit.dataset.DefaultTable[_metaData=tableName=privilege, columns=[(uuid, UNKNOWN, nullableUnknown), (privilege, UNKNOWN, nullableUnknown)], keys=[], _rowList.size()=1], row=1) - start
08:54:27,954 DEBUG org.dbunit.dataset.DefaultTable:192 - getValue(row=1, column=PRIVILEGE) - start
08:54:27,954 DEBUG org.dbunit.dataset.AbstractTable:41 - assertValidRowIndex(row=1) - start
08:54:27,954 DEBUG org.dbunit.dataset.AbstractTable:51 - assertValidRowIndex(row=1, rowCount=1) - start
08:54:27,955 DEBUG org.dbunit.operation.RefreshOperation$RowOperation:204 - close() - start
08:54:27,955 DEBUG org.dbunit.database.statement.AbstractPreparedBatchStatement:54 - close() - start
08:54:27,956 DEBUG org.dbunit.operation.RefreshOperation$RowOperation:204 - close() - start
08:54:27,956 DEBUG org.dbunit.dataset.DefaultTableIterator:76 - getTable() - start
08:54:27,957 DEBUG org.dbunit.operation.AbstractBatchOperation:64 - isEmpty(table=org.dbunit.dataset.DefaultTable[_metaData=tableName=role, columns=[(uuid, UNKNOWN, nullableUnknown), (name, UNKNOWN, nullableUnknown), (description, UNKNOWN, nullableUnknown), (deleted, UNKNOWN, nullableUnknown)], keys=[], _rowList.size()=1]) - start
08:54:27,957 DEBUG org.dbunit.dataset.DefaultTable:192 - getValue(row=0, column=uuid) - start
08:54:27,957 DEBUG org.dbunit.dataset.AbstractTable:41 - assertValidRowIndex(row=0) - start
08:54:27,958 DEBUG org.dbunit.dataset.AbstractTable:51 - assertValidRowIndex(row=0, rowCount=1) - start
08:54:27,958 DEBUG org.dbunit.dataset.AbstractTable:75 - getColumnIndex(columnName=uuid) - start
08:54:27,958 DEBUG org.dbunit.dataset.AbstractTableMetaData:101 - getColumnIndex(columnName=uuid) - start
08:54:27,959 DEBUG org.dbunit.operation.AbstractOperation:75 - getOperationMetaData(connection=_databaseConfig=org.dbunit.database.DatabaseConfig[, _propertyMap={http://www.dbunit.org/properties/statementFactory=org.dbunit.database.statement.PreparedStatementFactory@eb5ea0, http://www.dbunit.org/features/caseSensitiveTableNames=false, http://www.dbunit.org/properties/fetchSize=100, http://www.dbunit.org/features/batchedStatements=false, http://www.dbunit.org/properties/metadataHandler=org.dbunit.database.DefaultMetadataHandler@60648, http://www.dbunit.org/properties/datatypeFactory=org.dbunit.dataset.datatype.DefaultDataTypeFactory[_toleratedDeltaMap=org.dbunit.dataset.datatype.ToleratedDeltaMap@133a07d], http://www.dbunit.org/properties/escapePattern=null, http://www.dbunit.org/properties/batchSize=100, http://www.dbunit.org/features/qualifiedTableNames=false, http://www.dbunit.org/properties/tableType=[Ljava.lang.String;@6d6f28, http://www.dbunit.org/properties/resultSetTableFactory=org.dbunit.database.CachedResultSetTableFactory@9cde9a, http://www.dbunit.org/features/datatypeWarning=true}], _dataSet=AbstractDataSet[_orderedTableNameMap=null], metaData=tableName=role, columns=[(uuid, UNKNOWN, nullableUnknown), (name, UNKNOWN, nullableUnknown), (description, UNKNOWN, nullableUnknown), (deleted, UNKNOWN, nullableUnknown)], keys=[]) - start
08:54:27,959 DEBUG org.dbunit.database.AbstractDatabaseConnection:66 - createDataSet() - start
08:54:27,960 DEBUG org.dbunit.database.DatabaseDataSet:279 - getTableMetaData(tableName=role) - start
08:54:27,960 DEBUG org.dbunit.database.DatabaseDataSet:173 - initialize() - start
08:54:27,960 DEBUG org.dbunit.dataset.OrderedTableNameMap:253 - getTableName(tableName=role) - start
08:54:27,962 DEBUG org.dbunit.dataset.OrderedTableNameMap:264 - getTableName(tableName=role) - end - result=ROLE
08:54:27,963 DEBUG org.dbunit.dataset.OrderedTableNameMap:253 - getTableName(tableName=role) - start
08:54:27,963 DEBUG org.dbunit.dataset.OrderedTableNameMap:264 - getTableName(tableName=role) - end - result=ROLE
08:54:27,964 DEBUG org.dbunit.database.DatabaseDataSourceConnection:113 - getConnection() - start
08:54:27,965 DEBUG org.dbunit.util.SQLHelper:657 - isEscaped returns &apos;false&apos; for tableName=role (dbIdentifierQuoteString=&quot;)
08:54:27,969 DEBUG org.dbunit.util.SQLHelper:637 - class org.dbunit.database.DatabaseTableMetaData. Corrected table name: oldValue=role newValue=ROLE
08:54:27,969 DEBUG org.dbunit.database.DatabaseTableMetaData:139 - Validating if table &apos;ROLE&apos; exists in schema &apos;null&apos; ...
08:54:27,970 DEBUG org.dbunit.util.SQLHelper:117 - close(resultSet=org.apache.commons.dbcp.DelegatingResultSet@1e18a24) - start
08:54:27,971 DEBUG org.dbunit.dataset.OrderedTableNameMap:234 - getColumns() - start
08:54:27,971 DEBUG org.dbunit.dataset.OrderedTableNameMap:234 - getConnection() - start
08:54:27,973 DEBUG org.dbunit.dataset.OrderedTableNameMap:234 - getConnection() - start
08:54:27,973  WARN org.dbunit.dataset.OrderedTableNameMap:234 - Potential problem found: The configured data type factory &apos;class org.dbunit.dataset.datatype.DefaultDataTypeFactory&apos; might cause problems with the current database &apos;H2&apos; (e.g. some datatypes may not be supported properly). In rare cases you might see this message because the list of supported database products is incomplete (list=[derby]). If so please request a java-class update via the forums.If you are using your own IDataTypeFactory extending DefaultDataTypeFactory, ensure that you override getValidDbProducts() to specify the supported database products.
08:54:27,974 DEBUG org.dbunit.dataset.OrderedTableNameMap:234 - Comparing the following values using caseSensitive=false (searched&lt;=&gt;actual): catalog: null&lt;=&gt;OPENHDS schema: null&lt;=&gt;PUBLIC table: ROLE&lt;=&gt;ROLE column: null&lt;=&gt;UUID
08:54:27,974 DEBUG org.dbunit.dataset.OrderedTableNameMap:234 - createDataType(sqlType=12 , sqlTypeName=VARCHAR, tableName=ROLE, columnName=UUID) - start
08:54:27,975 DEBUG org.dbunit.dataset.OrderedTableNameMap:234 - createDataType(sqlType=12, sqlTypeName=VARCHAR) - start
08:54:27,975 DEBUG org.dbunit.dataset.OrderedTableNameMap:234 - forSqlType(sqlType=12) - start
08:54:27,976 DEBUG org.dbunit.dataset.OrderedTableNameMap:234 - getSqlType() - start
08:54:27,976 DEBUG org.dbunit.dataset.OrderedTableNameMap:234 - nullableValue(nullable=0) - start
08:54:27,977 DEBUG org.dbunit.dataset.OrderedTableNameMap:234 - autoIncrementValue(isAutoIncrement=NO) - start
08:54:27,977 DEBUG org.dbunit.dataset.OrderedTableNameMap:234 - Comparing the following values using caseSensitive=false (searched&lt;=&gt;actual): catalog: null&lt;=&gt;OPENHDS schema: null&lt;=&gt;PUBLIC table: ROLE&lt;=&gt;ROLE column: null&lt;=&gt;DELETED
08:54:27,978 DEBUG org.dbunit.dataset.OrderedTableNameMap:234 - createDataType(sqlType=16 , sqlTypeName=BOOLEAN, tableName=ROLE, columnName=DELETED) - start
08:54:27,978 DEBUG org.dbunit.dataset.OrderedTableNameMap:234 - createDataType(sqlType=16, sqlTypeName=BOOLEAN) - start
08:54:27,979 DEBUG org.dbunit.dataset.OrderedTableNameMap:234 - forSqlType(sqlType=16) - start
08:54:27,979 DEBUG org.dbunit.dataset.OrderedTableNameMap:234 - getSqlType() - start
08:54:27,980 DEBUG org.dbunit.dataset.OrderedTableNameMap:234 - getSqlType() - start
08:54:27,980 DEBUG org.dbunit.dataset.OrderedTableNameMap:234 - getSqlType() - start
08:54:27,981 DEBUG org.dbunit.dataset.OrderedTableNameMap:234 - getSqlType() - start
08:54:27,981 DEBUG org.dbunit.dataset.OrderedTableNameMap:234 - getSqlType() - start
08:54:27,982 DEBUG org.dbunit.dataset.OrderedTableNameMap:234 - getSqlType() - start
08:54:27,982 DEBUG org.dbunit.dataset.OrderedTableNameMap:234 - getSqlType() - start
08:54:27,983 DEBUG org.dbunit.dataset.OrderedTableNameMap:234 - getSqlType() - start
08:54:27,983 DEBUG org.dbunit.dataset.OrderedTableNameMap:234 - getSqlType() - start
08:54:27,984 DEBUG org.dbunit.dataset.OrderedTableNameMap:234 - getSqlType() - start
08:54:27,984 DEBUG org.dbunit.dataset.OrderedTableNameMap:234 - nullableValue(nullable=0) - start
08:54:27,985 DEBUG org.dbunit.dataset.OrderedTableNameMap:234 - autoIncrementValue(isAutoIncrement=NO) - start
08:54:27,986 DEBUG org.dbunit.dataset.OrderedTableNameMap:234 - Comparing the following values using caseSensitive=false (searched&lt;=&gt;actual): catalog: null&lt;=&gt;OPENHDS schema: null&lt;=&gt;PUBLIC table: ROLE&lt;=&gt;ROLE column: null&lt;=&gt;INSERTDATE
08:54:27,986 DEBUG org.dbunit.dataset.OrderedTableNameMap:234 - createDataType(sqlType=91 , sqlTypeName=DATE, tableName=ROLE, columnName=INSERTDATE) - start
08:54:27,986 DEBUG org.dbunit.dataset.OrderedTableNameMap:234 - createDataType(sqlType=91, sqlTypeName=DATE) - start
08:54:27,987 DEBUG org.dbunit.dataset.OrderedTableNameMap:234 - forSqlType(sqlType=91) - start
08:54:27,987 DEBUG org.dbunit.dataset.OrderedTableNameMap:234 - getSqlType() - start
08:54:27,988 DEBUG org.dbunit.dataset.OrderedTableNameMap:234 - getSqlType() - start
08:54:27,988 DEBUG org.dbunit.dataset.OrderedTableNameMap:234 - getSqlType() - start
08:54:27,989 DEBUG org.dbunit.dataset.OrderedTableNameMap:234 - getSqlType() - start
08:54:27,989 DEBUG org.dbunit.dataset.OrderedTableNameMap:234 - getSqlType() - start
08:54:27,989 DEBUG org.dbunit.dataset.OrderedTableNameMap:234 - getSqlType() - start
08:54:27,990 DEBUG org.dbunit.dataset.OrderedTableNameMap:234 - getSqlType() - start
08:54:27,990 DEBUG org.dbunit.dataset.OrderedTableNameMap:234 - getSqlType() - start
08:54:27,991 DEBUG org.dbunit.dataset.OrderedTableNameMap:234 - getSqlType() - start
08:54:27,991 DEBUG org.dbunit.dataset.OrderedTableNameMap:234 - getSqlType() - start
08:54:27,991 DEBUG org.dbunit.dataset.OrderedTableNameMap:234 - getSqlType() - start
08:54:27,992 DEBUG org.dbunit.dataset.OrderedTableNameMap:234 - getSqlType() - start
08:54:27,992 DEBUG org.dbunit.dataset.OrderedTableNameMap:234 - getSqlType() - start
08:54:27,992 DEBUG org.dbunit.dataset.OrderedTableNameMap:234 - getSqlType() - start
08:54:27,993 DEBUG org.dbunit.dataset.OrderedTableNameMap:234 - getSqlType() - start
08:54:27,993 DEBUG org.dbunit.dataset.OrderedTableNameMap:234 - getSqlType() - start
08:54:27,994 DEBUG org.dbunit.dataset.OrderedTableNameMap:234 - getSqlType() - start
08:54:27,994 DEBUG org.dbunit.dataset.OrderedTableNameMap:234 - getSqlType() - start
08:54:27,994 DEBUG org.dbunit.dataset.OrderedTableNameMap:234 - getSqlType() - start
08:54:27,995 DEBUG org.dbunit.dataset.OrderedTableNameMap:234 - nullableValue(nullable=1) - start
08:54:27,995 DEBUG org.dbunit.dataset.OrderedTableNameMap:234 - autoIncrementValue(isAutoIncrement=NO) - start
08:54:27,996 DEBUG org.dbunit.dataset.OrderedTableNameMap:234 - Comparing the following values using caseSensitive=false (searched&lt;=&gt;actual): catalog: null&lt;=&gt;OPENHDS schema: null&lt;=&gt;PUBLIC table: ROLE&lt;=&gt;ROLE column: null&lt;=&gt;VOIDDATE
08:54:27,996 DEBUG org.dbunit.dataset.OrderedTableNameMap:234 - createDataType(sqlType=93 , sqlTypeName=TIMESTAMP, tableName=ROLE, columnName=VOIDDATE) - start
08:54:27,997 DEBUG org.dbunit.dataset.OrderedTableNameMap:234 - createDataType(sqlType=93, sqlTypeName=TIMESTAMP) - start
08:54:27,997 DEBUG org.dbunit.dataset.OrderedTableNameMap:234 - forSqlType(sqlType=93) - start
08:54:27,997 DEBUG org.dbunit.dataset.OrderedTableNameMap:234 - getSqlType() - start
08:54:27,998 DEBUG org.dbunit.dataset.OrderedTableNameMap:234 - getSqlType() - start
08:54:27,998 DEBUG org.dbunit.dataset.OrderedTableNameMap:234 - getSqlType() - start
08:54:27,999 DEBUG org.dbunit.dataset.OrderedTableNameMap:234 - getSqlType() - start
08:54:27,999 DEBUG org.dbunit.dataset.OrderedTableNameMap:234 - getSqlType() - start
08:54:28,000 DEBUG org.dbunit.dataset.OrderedTableNameMap:234 - getSqlType() - start
08:54:28,001 DEBUG org.dbunit.dataset.OrderedTableNameMap:234 - getSqlType() - start
08:54:28,001 DEBUG org.dbunit.dataset.OrderedTableNameMap:234 - getSqlType() - start
08:54:28,002 DEBUG org.dbunit.dataset.OrderedTableNameMap:234 - getSqlType() - start
08:54:28,002 DEBUG org.dbunit.dataset.OrderedTableNameMap:234 - getSqlType() - start
08:54:28,002 DEBUG org.dbunit.dataset.OrderedTableNameMap:234 - getSqlType() - start
08:54:28,003 DEBUG org.dbunit.dataset.OrderedTableNameMap:234 - getSqlType() - start
08:54:28,003 DEBUG org.dbunit.dataset.OrderedTableNameMap:234 - getSqlType() - start
08:54:28,004 DEBUG org.dbunit.dataset.OrderedTableNameMap:234 - getSqlType() - start
08:54:28,004 DEBUG org.dbunit.dataset.OrderedTableNameMap:234 - getSqlType() - start
08:54:28,005 DEBUG org.dbunit.dataset.OrderedTableNameMap:234 - getSqlType() - start
08:54:28,005 DEBUG org.dbunit.dataset.OrderedTableNameMap:234 - getSqlType() - start
08:54:28,006 DEBUG org.dbunit.dataset.OrderedTableNameMap:234 - getSqlType() - start
08:54:28,006 DEBUG org.dbunit.dataset.OrderedTableNameMap:234 - getSqlType() - start
08:54:28,007 DEBUG org.dbunit.dataset.OrderedTableNameMap:234 - getSqlType() - start
08:54:28,007 DEBUG org.dbunit.dataset.OrderedTableNameMap:234 - getSqlType() - start
08:54:28,008 DEBUG org.dbunit.dataset.OrderedTableNameMap:234 - nullableValue(nullable=1) - start
08:54:28,008 DEBUG org.dbunit.dataset.OrderedTableNameMap:234 - autoIncrementValue(isAutoIncrement=NO) - start
08:54:28,009 DEBUG org.dbunit.dataset.OrderedTableNameMap:234 - Comparing the following values using caseSensitive=false (searched&lt;=&gt;actual): catalog: null&lt;=&gt;OPENHDS schema: null&lt;=&gt;PUBLIC table: ROLE&lt;=&gt;ROLE column: null&lt;=&gt;VOIDREASON
08:54:28,009 DEBUG org.dbunit.dataset.OrderedTableNameMap:234 - createDataType(sqlType=12 , sqlTypeName=VARCHAR, tableName=ROLE, columnName=VOIDREASON) - start
08:54:28,013 DEBUG org.dbunit.dataset.OrderedTableNameMap:234 - createDataType(sqlType=12, sqlTypeName=VARCHAR) - start
08:54:28,013 DEBUG org.dbunit.dataset.OrderedTableNameMap:234 - forSqlType(sqlType=12) - start
08:54:28,014 DEBUG org.dbunit.dataset.OrderedTableNameMap:234 - getSqlType() - start
08:54:28,014 DEBUG org.dbunit.dataset.OrderedTableNameMap:234 - nullableValue(nullable=1) - start
08:54:28,015 DEBUG org.dbunit.dataset.OrderedTableNameMap:234 - autoIncrementValue(isAutoIncrement=NO) - start
08:54:28,015 DEBUG org.dbunit.dataset.OrderedTableNameMap:234 - Comparing the following values using caseSensitive=false (searched&lt;=&gt;actual): catalog: null&lt;=&gt;OPENHDS schema: null&lt;=&gt;PUBLIC table: ROLE&lt;=&gt;ROLE column: null&lt;=&gt;DESCRIPTION
08:54:28,015 DEBUG org.dbunit.dataset.OrderedTableNameMap:234 - createDataType(sqlType=12 , sqlTypeName=VARCHAR, tableName=ROLE, columnName=DESCRIPTION) - start
08:54:28,016 DEBUG org.dbunit.dataset.OrderedTableNameMap:234 - createDataType(sqlType=12, sqlTypeName=VARCHAR) - start
08:54:28,016 DEBUG org.dbunit.dataset.OrderedTableNameMap:234 - forSqlType(sqlType=12) - start
08:54:28,017 DEBUG org.dbunit.dataset.OrderedTableNameMap:234 - getSqlType() - start
08:54:28,017 DEBUG org.dbunit.dataset.OrderedTableNameMap:234 - nullableValue(nullable=1) - start
08:54:28,017 DEBUG org.dbunit.dataset.OrderedTableNameMap:234 - autoIncrementValue(isAutoIncrement=NO) - start
08:54:28,018 DEBUG org.dbunit.dataset.OrderedTableNameMap:234 - Comparing the following values using caseSensitive=false (searched&lt;=&gt;actual): catalog: null&lt;=&gt;OPENHDS schema: null&lt;=&gt;PUBLIC table: ROLE&lt;=&gt;ROLE column: null&lt;=&gt;NAME
08:54:28,018 DEBUG org.dbunit.dataset.OrderedTableNameMap:234 - createDataType(sqlType=12 , sqlTypeName=VARCHAR, tableName=ROLE, columnName=NAME) - start
08:54:28,019 DEBUG org.dbunit.dataset.OrderedTableNameMap:234 - createDataType(sqlType=12, sqlTypeName=VARCHAR) - start
08:54:28,019 DEBUG org.dbunit.dataset.OrderedTableNameMap:234 - forSqlType(sqlType=12) - start
08:54:28,020 DEBUG org.dbunit.dataset.OrderedTableNameMap:234 - getSqlType() - start
08:54:28,020 DEBUG org.dbunit.dataset.OrderedTableNameMap:234 - nullableValue(nullable=1) - start
08:54:28,020 DEBUG org.dbunit.dataset.OrderedTableNameMap:234 - autoIncrementValue(isAutoIncrement=NO) - start
08:54:28,021 DEBUG org.dbunit.dataset.OrderedTableNameMap:234 - Comparing the following values using caseSensitive=false (searched&lt;=&gt;actual): catalog: null&lt;=&gt;OPENHDS schema: null&lt;=&gt;PUBLIC table: ROLE&lt;=&gt;ROLE column: null&lt;=&gt;INSERTBY_UUID
08:54:28,021 DEBUG org.dbunit.dataset.OrderedTableNameMap:234 - createDataType(sqlType=12 , sqlTypeName=VARCHAR, tableName=ROLE, columnName=INSERTBY_UUID) - start
08:54:28,021 DEBUG org.dbunit.dataset.OrderedTableNameMap:234 - createDataType(sqlType=12, sqlTypeName=VARCHAR) - start
08:54:28,022 DEBUG org.dbunit.dataset.OrderedTableNameMap:234 - forSqlType(sqlType=12) - start
08:54:28,022 DEBUG org.dbunit.dataset.OrderedTableNameMap:234 - getSqlType() - start
08:54:28,023 DEBUG org.dbunit.dataset.OrderedTableNameMap:234 - nullableValue(nullable=1) - start
08:54:28,023 DEBUG org.dbunit.dataset.OrderedTableNameMap:234 - autoIncrementValue(isAutoIncrement=NO) - start
08:54:28,023 DEBUG org.dbunit.dataset.OrderedTableNameMap:234 - Comparing the following values using caseSensitive=false (searched&lt;=&gt;actual): catalog: null&lt;=&gt;OPENHDS schema: null&lt;=&gt;PUBLIC table: ROLE&lt;=&gt;ROLE column: null&lt;=&gt;VOIDBY_UUID
08:54:28,024 DEBUG org.dbunit.dataset.OrderedTableNameMap:234 - createDataType(sqlType=12 , sqlTypeName=VARCHAR, tableName=ROLE, columnName=VOIDBY_UUID) - start
08:54:28,025 DEBUG org.dbunit.dataset.OrderedTableNameMap:234 - createDataType(sqlType=12, sqlTypeName=VARCHAR) - start
08:54:28,025 DEBUG org.dbunit.dataset.OrderedTableNameMap:234 - forSqlType(sqlType=12) - start
08:54:28,025 DEBUG org.dbunit.dataset.OrderedTableNameMap:234 - getSqlType() - start
08:54:28,026 DEBUG org.dbunit.dataset.OrderedTableNameMap:234 - nullableValue(nullable=1) - start
08:54:28,026 DEBUG org.dbunit.dataset.OrderedTableNameMap:234 - autoIncrementValue(isAutoIncrement=NO) - start
08:54:28,026 DEBUG org.dbunit.dataset.OrderedTableNameMap:234 - getPrimaryKeys() - start
08:54:28,027 DEBUG org.dbunit.dataset.OrderedTableNameMap:234 - getPrimaryKeyNames() - start
08:54:28,027 DEBUG org.dbunit.dataset.OrderedTableNameMap:234 - getConnection() - start
08:54:28,028 DEBUG org.dbunit.dataset.OrderedTableNameMap:234 - getName() - start
08:54:28,029 DEBUG org.dbunit.dataset.OrderedTableNameMap:234 - getColumns() - start
08:54:28,029 DEBUG org.dbunit.dataset.OrderedTableNameMap:234 - getColumns(columnNames=[UUID], columns=[(UUID, VARCHAR, noNulls), (DELETED, BOOLEAN, noNulls), (INSERTDATE, DATE, nullable), (VOIDDATE, TIMESTAMP, nullable), (VOIDREASON, VARCHAR, nullable), (DESCRIPTION, VARCHAR, nullable), (NAME, VARCHAR, nullable), (INSERTBY_UUID, VARCHAR, nullable), (VOIDBY_UUID, VARCHAR, nullable)]) - start
08:54:28,030 DEBUG org.dbunit.dataset.OrderedTableNameMap:234 - getColumn(columnName=UUID, columns=[(UUID, VARCHAR, noNulls), (DELETED, BOOLEAN, noNulls), (INSERTDATE, DATE, nullable), (VOIDDATE, TIMESTAMP, nullable), (VOIDREASON, VARCHAR, nullable), (DESCRIPTION, VARCHAR, nullable), (NAME, VARCHAR, nullable), (INSERTBY_UUID, VARCHAR, nullable), (VOIDBY_UUID, VARCHAR, nullable)]) - start
08:54:28,038 DEBUG org.dbunit.dataset.OrderedTableNameMap:234 - update(tableName=role, object=table=ROLE, cols=[(UUID, VARCHAR, noNulls), (DELETED, BOOLEAN, noNulls), (INSERTDATE, DATE, nullable), (VOIDDATE, TIMESTAMP, nullable), (VOIDREASON, VARCHAR, nullable), (DESCRIPTION, VARCHAR, nullable), (NAME, VARCHAR, nullable), (INSERTBY_UUID, VARCHAR, nullable), (VOIDBY_UUID, VARCHAR, nullable)], pk=[(UUID, VARCHAR, noNulls)]) - start
08:54:28,039 DEBUG org.dbunit.dataset.OrderedTableNameMap:253 - getTableName(tableName=role) - start
08:54:28,039 DEBUG org.dbunit.dataset.OrderedTableNameMap:264 - getTableName(tableName=role) - end - result=ROLE
08:54:28,039 DEBUG org.dbunit.dataset.OrderedTableNameMap:253 - getTableName(tableName=role) - start
08:54:28,040 DEBUG org.dbunit.dataset.OrderedTableNameMap:264 - getTableName(tableName=role) - end - result=ROLE
08:54:28,040 DEBUG org.dbunit.dataset.AbstractTableMetaData:101 - getColumnIndex(columnName=uuid) - start
08:54:28,043 DEBUG org.dbunit.database.DatabaseTableMetaData:301 - getColumns() - start
08:54:28,043 DEBUG org.dbunit.database.DatabaseTableMetaData:301 - getColumns() - start
08:54:28,044 DEBUG org.dbunit.dataset.AbstractTableMetaData:101 - getColumnIndex(columnName=name) - start
08:54:28,044 DEBUG org.dbunit.database.DatabaseTableMetaData:301 - getColumns() - start
08:54:28,045 DEBUG org.dbunit.dataset.AbstractTableMetaData:101 - getColumnIndex(columnName=description) - start
08:54:28,045 DEBUG org.dbunit.database.DatabaseTableMetaData:301 - getColumns() - start
08:54:28,045 DEBUG org.dbunit.dataset.AbstractTableMetaData:101 - getColumnIndex(columnName=deleted) - start
08:54:28,046 DEBUG org.dbunit.database.DatabaseTableMetaData:301 - getColumns() - start
08:54:28,046 DEBUG org.dbunit.database.DatabaseTableMetaData:374 - getPrimaryKeys() - start
08:54:28,047 DEBUG org.dbunit.operation.RefreshOperation:146 - createUpdateOperation(connection=_databaseConfig=org.dbunit.database.DatabaseConfig[, _propertyMap={http://www.dbunit.org/properties/statementFactory=org.dbunit.database.statement.PreparedStatementFactory@eb5ea0, http://www.dbunit.org/features/caseSensitiveTableNames=false, http://www.dbunit.org/properties/fetchSize=100, http://www.dbunit.org/features/batchedStatements=false, http://www.dbunit.org/properties/metadataHandler=org.dbunit.database.DefaultMetadataHandler@60648, http://www.dbunit.org/properties/datatypeFactory=org.dbunit.dataset.datatype.DefaultDataTypeFactory[_toleratedDeltaMap=org.dbunit.dataset.datatype.ToleratedDeltaMap@133a07d], http://www.dbunit.org/properties/escapePattern=null, http://www.dbunit.org/properties/batchSize=100, http://www.dbunit.org/features/qualifiedTableNames=false, http://www.dbunit.org/properties/tableType=[Ljava.lang.String;@6d6f28, http://www.dbunit.org/properties/resultSetTableFactory=org.dbunit.database.CachedResultSetTableFactory@9cde9a, http://www.dbunit.org/features/datatypeWarning=true}], _dataSet=AbstractDataSet[_orderedTableNameMap=null], metaData=tableName=ROLE, columns=[(UUID, VARCHAR, noNulls), (NAME, VARCHAR, nullable), (DESCRIPTION, VARCHAR, nullable), (DELETED, BOOLEAN, noNulls)], keys=[(UUID, VARCHAR, noNulls)]) - start
08:54:28,047 DEBUG org.dbunit.operation.UpdateOperation:63 - getOperationData(metaData=tableName=ROLE, columns=[(UUID, VARCHAR, noNulls), (NAME, VARCHAR, nullable), (DESCRIPTION, VARCHAR, nullable), (DELETED, BOOLEAN, noNulls)], keys=[(UUID, VARCHAR, noNulls)], ignoreMapping=null, connection=_databaseConfig=org.dbunit.database.DatabaseConfig[, _propertyMap={http://www.dbunit.org/properties/statementFactory=org.dbunit.database.statement.PreparedStatementFactory@eb5ea0, http://www.dbunit.org/features/caseSensitiveTableNames=false, http://www.dbunit.org/properties/fetchSize=100, http://www.dbunit.org/features/batchedStatements=false, http://www.dbunit.org/properties/metadataHandler=org.dbunit.database.DefaultMetadataHandler@60648, http://www.dbunit.org/properties/datatypeFactory=org.dbunit.dataset.datatype.DefaultDataTypeFactory[_toleratedDeltaMap=org.dbunit.dataset.datatype.ToleratedDeltaMap@133a07d], http://www.dbunit.org/properties/escapePattern=null, http://www.dbunit.org/properties/batchSize=100, http://www.dbunit.org/features/qualifiedTableNames=false, http://www.dbunit.org/properties/tableType=[Ljava.lang.String;@6d6f28, http://www.dbunit.org/properties/resultSetTableFactory=org.dbunit.database.CachedResultSetTableFactory@9cde9a, http://www.dbunit.org/features/datatypeWarning=true}], _dataSet=AbstractDataSet[_orderedTableNameMap=null]) - start
08:54:28,048 DEBUG org.dbunit.operation.AbstractOperation:55 - getQualifiedName(prefix=null, name=ROLE, connection=_databaseConfig=org.dbunit.database.DatabaseConfig[, _propertyMap={http://www.dbunit.org/properties/statementFactory=org.dbunit.database.statement.PreparedStatementFactory@eb5ea0, http://www.dbunit.org/features/caseSensitiveTableNames=false, http://www.dbunit.org/properties/fetchSize=100, http://www.dbunit.org/features/batchedStatements=false, http://www.dbunit.org/properties/metadataHandler=org.dbunit.database.DefaultMetadataHandler@60648, http://www.dbunit.org/properties/datatypeFactory=org.dbunit.dataset.datatype.DefaultDataTypeFactory[_toleratedDeltaMap=org.dbunit.dataset.datatype.ToleratedDeltaMap@133a07d], http://www.dbunit.org/properties/escapePattern=null, http://www.dbunit.org/properties/batchSize=100, http://www.dbunit.org/features/qualifiedTableNames=false, http://www.dbunit.org/properties/tableType=[Ljava.lang.String;@6d6f28, http://www.dbunit.org/properties/resultSetTableFactory=org.dbunit.database.CachedResultSetTableFactory@9cde9a, http://www.dbunit.org/features/datatypeWarning=true}], _dataSet=AbstractDataSet[_orderedTableNameMap=null]) - start
08:54:28,048 DEBUG org.dbunit.util.QualifiedTableName:126 - getQualifiedName() - start
08:54:28,049 DEBUG org.dbunit.util.QualifiedTableName:190 - getQualifiedName(prefix=null, name=ROLE, escapePattern=null) - start
08:54:28,049 DEBUG org.dbunit.dataset.Columns:154 - getColumn(columnName=UUID, columns=[(UUID, VARCHAR, noNulls)]) - start
08:54:28,050 DEBUG org.dbunit.dataset.Columns:154 - getColumn(columnName=NAME, columns=[(UUID, VARCHAR, noNulls)]) - start
08:54:28,050 DEBUG org.dbunit.operation.AbstractOperation:55 - getQualifiedName(prefix=null, name=NAME, connection=_databaseConfig=org.dbunit.database.DatabaseConfig[, _propertyMap={http://www.dbunit.org/properties/statementFactory=org.dbunit.database.statement.PreparedStatementFactory@eb5ea0, http://www.dbunit.org/features/caseSensitiveTableNames=false, http://www.dbunit.org/properties/fetchSize=100, http://www.dbunit.org/features/batchedStatements=false, http://www.dbunit.org/properties/metadataHandler=org.dbunit.database.DefaultMetadataHandler@60648, http://www.dbunit.org/properties/datatypeFactory=org.dbunit.dataset.datatype.DefaultDataTypeFactory[_toleratedDeltaMap=org.dbunit.dataset.datatype.ToleratedDeltaMap@133a07d], http://www.dbunit.org/properties/escapePattern=null, http://www.dbunit.org/properties/batchSize=100, http://www.dbunit.org/features/qualifiedTableNames=false, http://www.dbunit.org/properties/tableType=[Ljava.lang.String;@6d6f28, http://www.dbunit.org/properties/resultSetTableFactory=org.dbunit.database.CachedResultSetTableFactory@9cde9a, http://www.dbunit.org/features/datatypeWarning=true}], _dataSet=AbstractDataSet[_orderedTableNameMap=null]) - start
08:54:28,051 DEBUG org.dbunit.util.QualifiedTableName:126 - getQualifiedName() - start
08:54:28,051 DEBUG org.dbunit.util.QualifiedTableName:190 - getQualifiedName(prefix=null, name=NAME, escapePattern=null) - start
08:54:28,051 DEBUG org.dbunit.dataset.Columns:154 - getColumn(columnName=DESCRIPTION, columns=[(UUID, VARCHAR, noNulls)]) - start
08:54:28,052 DEBUG org.dbunit.operation.AbstractOperation:55 - getQualifiedName(prefix=null, name=DESCRIPTION, connection=_databaseConfig=org.dbunit.database.DatabaseConfig[, _propertyMap={http://www.dbunit.org/properties/statementFactory=org.dbunit.database.statement.PreparedStatementFactory@eb5ea0, http://www.dbunit.org/features/caseSensitiveTableNames=false, http://www.dbunit.org/properties/fetchSize=100, http://www.dbunit.org/features/batchedStatements=false, http://www.dbunit.org/properties/metadataHandler=org.dbunit.database.DefaultMetadataHandler@60648, http://www.dbunit.org/properties/datatypeFactory=org.dbunit.dataset.datatype.DefaultDataTypeFactory[_toleratedDeltaMap=org.dbunit.dataset.datatype.ToleratedDeltaMap@133a07d], http://www.dbunit.org/properties/escapePattern=null, http://www.dbunit.org/properties/batchSize=100, http://www.dbunit.org/features/qualifiedTableNames=false, http://www.dbunit.org/properties/tableType=[Ljava.lang.String;@6d6f28, http://www.dbunit.org/properties/resultSetTableFactory=org.dbunit.database.CachedResultSetTableFactory@9cde9a, http://www.dbunit.org/features/datatypeWarning=true}], _dataSet=AbstractDataSet[_orderedTableNameMap=null]) - start
08:54:28,052 DEBUG org.dbunit.util.QualifiedTableName:126 - getQualifiedName() - start
08:54:28,053 DEBUG org.dbunit.util.QualifiedTableName:190 - getQualifiedName(prefix=null, name=DESCRIPTION, escapePattern=null) - start
08:54:28,053 DEBUG org.dbunit.dataset.Columns:154 - getColumn(columnName=DELETED, columns=[(UUID, VARCHAR, noNulls)]) - start
08:54:28,054 DEBUG org.dbunit.operation.AbstractOperation:55 - getQualifiedName(prefix=null, name=DELETED, connection=_databaseConfig=org.dbunit.database.DatabaseConfig[, _propertyMap={http://www.dbunit.org/properties/statementFactory=org.dbunit.database.statement.PreparedStatementFactory@eb5ea0, http://www.dbunit.org/features/caseSensitiveTableNames=false, http://www.dbunit.org/properties/fetchSize=100, http://www.dbunit.org/features/batchedStatements=false, http://www.dbunit.org/properties/metadataHandler=org.dbunit.database.DefaultMetadataHandler@60648, http://www.dbunit.org/properties/datatypeFactory=org.dbunit.dataset.datatype.DefaultDataTypeFactory[_toleratedDeltaMap=org.dbunit.dataset.datatype.ToleratedDeltaMap@133a07d], http://www.dbunit.org/properties/escapePattern=null, http://www.dbunit.org/properties/batchSize=100, http://www.dbunit.org/features/qualifiedTableNames=false, http://www.dbunit.org/properties/tableType=[Ljava.lang.String;@6d6f28, http://www.dbunit.org/properties/resultSetTableFactory=org.dbunit.database.CachedResultSetTableFactory@9cde9a, http://www.dbunit.org/features/datatypeWarning=true}], _dataSet=AbstractDataSet[_orderedTableNameMap=null]) - start
08:54:28,054 DEBUG org.dbunit.util.QualifiedTableName:126 - getQualifiedName() - start
08:54:28,055 DEBUG org.dbunit.util.QualifiedTableName:190 - getQualifiedName(prefix=null, name=DELETED, escapePattern=null) - start
08:54:28,055 DEBUG org.dbunit.operation.AbstractOperation:55 - getQualifiedName(prefix=null, name=UUID, connection=_databaseConfig=org.dbunit.database.DatabaseConfig[, _propertyMap={http://www.dbunit.org/properties/statementFactory=org.dbunit.database.statement.PreparedStatementFactory@eb5ea0, http://www.dbunit.org/features/caseSensitiveTableNames=false, http://www.dbunit.org/properties/fetchSize=100, http://www.dbunit.org/features/batchedStatements=false, http://www.dbunit.org/properties/metadataHandler=org.dbunit.database.DefaultMetadataHandler@60648, http://www.dbunit.org/properties/datatypeFactory=org.dbunit.dataset.datatype.DefaultDataTypeFactory[_toleratedDeltaMap=org.dbunit.dataset.datatype.ToleratedDeltaMap@133a07d], http://www.dbunit.org/properties/escapePattern=null, http://www.dbunit.org/properties/batchSize=100, http://www.dbunit.org/features/qualifiedTableNames=false, http://www.dbunit.org/properties/tableType=[Ljava.lang.String;@6d6f28, http://www.dbunit.org/properties/resultSetTableFactory=org.dbunit.database.CachedResultSetTableFactory@9cde9a, http://www.dbunit.org/features/datatypeWarning=true}], _dataSet=AbstractDataSet[_orderedTableNameMap=null]) - start
08:54:28,055 DEBUG org.dbunit.util.QualifiedTableName:126 - getQualifiedName() - start
08:54:28,056 DEBUG org.dbunit.util.QualifiedTableName:190 - getQualifiedName(prefix=null, name=UUID, escapePattern=null) - start
08:54:28,057 DEBUG org.dbunit.database.DatabaseDataSourceConnection:113 - getConnection() - start
08:54:28,058 DEBUG org.dbunit.operation.RefreshOperation$RowOperation:180 - execute(table=org.dbunit.dataset.DefaultTable[_metaData=tableName=role, columns=[(uuid, UNKNOWN, nullableUnknown), (name, UNKNOWN, nullableUnknown), (description, UNKNOWN, nullableUnknown), (deleted, UNKNOWN, nullableUnknown)], keys=[], _rowList.size()=1], row=0) - start
08:54:28,058 DEBUG org.dbunit.dataset.DefaultTable:192 - getValue(row=0, column=NAME) - start
08:54:28,059 DEBUG org.dbunit.dataset.AbstractTable:41 - assertValidRowIndex(row=0) - start
08:54:28,059 DEBUG org.dbunit.dataset.AbstractTable:51 - assertValidRowIndex(row=0, rowCount=1) - start
08:54:28,060 DEBUG org.dbunit.dataset.AbstractTable:75 - getColumnIndex(columnName=NAME) - start
08:54:28,060 DEBUG org.dbunit.dataset.AbstractTableMetaData:101 - getColumnIndex(columnName=NAME) - start
08:54:28,061 DEBUG org.dbunit.database.statement.SimplePreparedStatement:64 - addValue(value=ADMINISTRATOR, dataType=VARCHAR) - start
08:54:28,061 DEBUG org.dbunit.dataset.datatype.StringDataType:157 - setSqlValue(value=ADMINISTRATOR, column=1, statement=prep213: update ROLE set NAME = ?, DESCRIPTION = ?, DELETED = ? where UUID = ?) - start
08:54:28,062 DEBUG org.dbunit.dataset.datatype.DataType:177 - asString(value=ADMINISTRATOR) - start
08:54:28,062 DEBUG org.dbunit.dataset.datatype.StringDataType:59 - typeCast(value=ADMINISTRATOR) - start
08:54:28,063 DEBUG org.dbunit.dataset.DefaultTable:192 - getValue(row=0, column=DESCRIPTION) - start
08:54:28,063 DEBUG org.dbunit.dataset.AbstractTable:41 - assertValidRowIndex(row=0) - start
08:54:28,064 DEBUG org.dbunit.dataset.AbstractTable:51 - assertValidRowIndex(row=0, rowCount=1) - start
08:54:28,064 DEBUG org.dbunit.dataset.AbstractTable:75 - getColumnIndex(columnName=DESCRIPTION) - start
08:54:28,065 DEBUG org.dbunit.dataset.AbstractTableMetaData:101 - getColumnIndex(columnName=DESCRIPTION) - start
08:54:28,065 DEBUG org.dbunit.database.statement.SimplePreparedStatement:64 - addValue(value=Administrator of OpenHDS, dataType=VARCHAR) - start
08:54:28,066 DEBUG org.dbunit.dataset.datatype.StringDataType:157 - setSqlValue(value=Administrator of OpenHDS, column=2, statement=prep213: update ROLE set NAME = ?, DESCRIPTION = ?, DELETED = ? where UUID = ? {1: &apos;ADMINISTRATOR&apos;}) - start
08:54:28,066 DEBUG org.dbunit.dataset.datatype.DataType:177 - asString(value=Administrator of OpenHDS) - start
08:54:28,067 DEBUG org.dbunit.dataset.datatype.StringDataType:59 - typeCast(value=Administrator of OpenHDS) - start
08:54:28,068 DEBUG org.dbunit.dataset.DefaultTable:192 - getValue(row=0, column=DELETED) - start
08:54:28,069 DEBUG org.dbunit.dataset.AbstractTable:41 - assertValidRowIndex(row=0) - start
08:54:28,070 DEBUG org.dbunit.dataset.AbstractTable:51 - assertValidRowIndex(row=0, rowCount=1) - start
08:54:28,070 DEBUG org.dbunit.dataset.AbstractTable:75 - getColumnIndex(columnName=DELETED) - start
08:54:28,071 DEBUG org.dbunit.dataset.AbstractTableMetaData:101 - getColumnIndex(columnName=DELETED) - start
08:54:28,071 DEBUG org.dbunit.database.statement.SimplePreparedStatement:64 - addValue(value=false, dataType=BOOLEAN) - start
08:54:28,072 DEBUG org.dbunit.dataset.datatype.BooleanDataType:143 - setSqlValue(value=false, column=3, statement=prep213: update ROLE set NAME = ?, DESCRIPTION = ?, DELETED = ? where UUID = ? {1: &apos;ADMINISTRATOR&apos;, 2: &apos;Administrator of OpenHDS&apos;}) - start
08:54:28,073 DEBUG org.dbunit.dataset.datatype.BooleanDataType:66 - typeCast(value=false) - start
08:54:28,074 DEBUG org.dbunit.dataset.DefaultTable:192 - getValue(row=0, column=UUID) - start
08:54:28,074 DEBUG org.dbunit.dataset.AbstractTable:41 - assertValidRowIndex(row=0) - start
08:54:28,076 DEBUG org.dbunit.dataset.AbstractTable:51 - assertValidRowIndex(row=0, rowCount=1) - start
08:54:28,076 DEBUG org.dbunit.dataset.AbstractTable:75 - getColumnIndex(columnName=UUID) - start
08:54:28,077 DEBUG org.dbunit.dataset.AbstractTableMetaData:101 - getColumnIndex(columnName=UUID) - start
08:54:28,078 DEBUG org.dbunit.database.statement.SimplePreparedStatement:64 - addValue(value=ROLE1, dataType=VARCHAR) - start
08:54:28,079 DEBUG org.dbunit.dataset.datatype.StringDataType:157 - setSqlValue(value=ROLE1, column=4, statement=prep213: update ROLE set NAME = ?, DESCRIPTION = ?, DELETED = ? where UUID = ? {1: &apos;ADMINISTRATOR&apos;, 2: &apos;Administrator of OpenHDS&apos;, 3: FALSE}) - start
08:54:28,079 DEBUG org.dbunit.dataset.datatype.DataType:177 - asString(value=ROLE1) - start
08:54:28,080 DEBUG org.dbunit.dataset.datatype.StringDataType:59 - typeCast(value=ROLE1) - start
08:54:28,080 DEBUG org.dbunit.database.statement.SimplePreparedStatement:78 - addBatch() - start
08:54:28,082 DEBUG org.dbunit.database.statement.SimplePreparedStatement:90 - executeBatch() - start
08:54:28,083 DEBUG org.dbunit.database.statement.SimplePreparedStatement:99 - clearBatch() - start
08:54:28,083 DEBUG org.dbunit.database.statement.SimplePreparedStatement:99 - clearBatch() - start
08:54:28,084 DEBUG org.dbunit.operation.RefreshOperation$RowOperation:180 - execute(table=org.dbunit.dataset.DefaultTable[_metaData=tableName=role, columns=[(uuid, UNKNOWN, nullableUnknown), (name, UNKNOWN, nullableUnknown), (description, UNKNOWN, nullableUnknown), (deleted, UNKNOWN, nullableUnknown)], keys=[], _rowList.size()=1], row=1) - start
08:54:28,084 DEBUG org.dbunit.dataset.DefaultTable:192 - getValue(row=1, column=NAME) - start
08:54:28,085 DEBUG org.dbunit.dataset.AbstractTable:41 - assertValidRowIndex(row=1) - start
08:54:28,087 DEBUG org.dbunit.dataset.AbstractTable:51 - assertValidRowIndex(row=1, rowCount=1) - start
08:54:28,088 DEBUG org.dbunit.operation.RefreshOperation$RowOperation:204 - close() - start
08:54:28,089 DEBUG org.dbunit.database.statement.AbstractPreparedBatchStatement:54 - close() - start
08:54:28,089 DEBUG org.dbunit.operation.RefreshOperation$RowOperation:204 - close() - start
08:54:28,091 DEBUG org.dbunit.dataset.DefaultTableIterator:76 - getTable() - start
08:54:28,091 DEBUG org.dbunit.operation.AbstractBatchOperation:64 - isEmpty(table=org.dbunit.dataset.DefaultTable[_metaData=tableName=role_privileges, columns=[(role_uuid, UNKNOWN, nullableUnknown), (privilege_uuid, UNKNOWN, nullableUnknown)], keys=[], _rowList.size()=1]) - start
08:54:28,092 DEBUG org.dbunit.dataset.DefaultTable:192 - getValue(row=0, column=role_uuid) - start
08:54:28,092 DEBUG org.dbunit.dataset.AbstractTable:41 - assertValidRowIndex(row=0) - start
08:54:28,093 DEBUG org.dbunit.dataset.AbstractTable:51 - assertValidRowIndex(row=0, rowCount=1) - start
08:54:28,094 DEBUG org.dbunit.dataset.AbstractTable:75 - getColumnIndex(columnName=role_uuid) - start
08:54:28,094 DEBUG org.dbunit.dataset.AbstractTableMetaData:101 - getColumnIndex(columnName=role_uuid) - start
08:54:28,095 DEBUG org.dbunit.operation.AbstractOperation:75 - getOperationMetaData(connection=_databaseConfig=org.dbunit.database.DatabaseConfig[, _propertyMap={http://www.dbunit.org/properties/statementFactory=org.dbunit.database.statement.PreparedStatementFactory@eb5ea0, http://www.dbunit.org/features/caseSensitiveTableNames=false, http://www.dbunit.org/properties/fetchSize=100, http://www.dbunit.org/features/batchedStatements=false, http://www.dbunit.org/properties/metadataHandler=org.dbunit.database.DefaultMetadataHandler@60648, http://www.dbunit.org/properties/datatypeFactory=org.dbunit.dataset.datatype.DefaultDataTypeFactory[_toleratedDeltaMap=org.dbunit.dataset.datatype.ToleratedDeltaMap@133a07d], http://www.dbunit.org/properties/escapePattern=null, http://www.dbunit.org/properties/batchSize=100, http://www.dbunit.org/features/qualifiedTableNames=false, http://www.dbunit.org/properties/tableType=[Ljava.lang.String;@6d6f28, http://www.dbunit.org/properties/resultSetTableFactory=org.dbunit.database.CachedResultSetTableFactory@9cde9a, http://www.dbunit.org/features/datatypeWarning=true}], _dataSet=AbstractDataSet[_orderedTableNameMap=null], metaData=tableName=role_privileges, columns=[(role_uuid, UNKNOWN, nullableUnknown), (privilege_uuid, UNKNOWN, nullableUnknown)], keys=[]) - start
08:54:28,095 DEBUG org.dbunit.database.AbstractDatabaseConnection:66 - createDataSet() - start
08:54:28,096 DEBUG org.dbunit.database.DatabaseDataSet:279 - getTableMetaData(tableName=role_privileges) - start
08:54:28,096 DEBUG org.dbunit.database.DatabaseDataSet:173 - initialize() - start
08:54:28,097 DEBUG org.dbunit.dataset.OrderedTableNameMap:253 - getTableName(tableName=role_privileges) - start
08:54:28,097 DEBUG org.dbunit.dataset.OrderedTableNameMap:264 - getTableName(tableName=role_privileges) - end - result=ROLE_PRIVILEGES
08:54:28,098 DEBUG org.dbunit.dataset.OrderedTableNameMap:253 - getTableName(tableName=role_privileges) - start
08:54:28,098 DEBUG org.dbunit.dataset.OrderedTableNameMap:264 - getTableName(tableName=role_privileges) - end - result=ROLE_PRIVILEGES
08:54:28,099 DEBUG org.dbunit.database.DatabaseDataSourceConnection:113 - getConnection() - start
08:54:28,099 DEBUG org.dbunit.util.SQLHelper:657 - isEscaped returns &apos;false&apos; for tableName=role_privileges (dbIdentifierQuoteString=&quot;)
08:54:28,100 DEBUG org.dbunit.util.SQLHelper:637 - class org.dbunit.database.DatabaseTableMetaData. Corrected table name: oldValue=role_privileges newValue=ROLE_PRIVILEGES
08:54:28,101 DEBUG org.dbunit.database.DatabaseTableMetaData:139 - Validating if table &apos;ROLE_PRIVILEGES&apos; exists in schema &apos;null&apos; ...
08:54:28,102 DEBUG org.dbunit.util.SQLHelper:117 - close(resultSet=org.apache.commons.dbcp.DelegatingResultSet@2e177e) - start
08:54:28,103 DEBUG org.dbunit.dataset.OrderedTableNameMap:234 - getColumns() - start
08:54:28,103 DEBUG org.dbunit.dataset.OrderedTableNameMap:234 - getConnection() - start
08:54:28,105 DEBUG org.dbunit.dataset.OrderedTableNameMap:234 - getConnection() - start
08:54:28,105  WARN org.dbunit.dataset.OrderedTableNameMap:234 - Potential problem found: The configured data type factory &apos;class org.dbunit.dataset.datatype.DefaultDataTypeFactory&apos; might cause problems with the current database &apos;H2&apos; (e.g. some datatypes may not be supported properly). In rare cases you might see this message because the list of supported database products is incomplete (list=[derby]). If so please request a java-class update via the forums.If you are using your own IDataTypeFactory extending DefaultDataTypeFactory, ensure that you override getValidDbProducts() to specify the supported database products.
08:54:28,106 DEBUG org.dbunit.dataset.OrderedTableNameMap:234 - Comparing the following values using caseSensitive=false (searched&lt;=&gt;actual): catalog: null&lt;=&gt;OPENHDS schema: null&lt;=&gt;PUBLIC table: ROLE_PRIVILEGES&lt;=&gt;ROLE_PRIVILEGES column: null&lt;=&gt;ROLE_UUID
08:54:28,107 DEBUG org.dbunit.dataset.OrderedTableNameMap:234 - createDataType(sqlType=12 , sqlTypeName=VARCHAR, tableName=ROLE_PRIVILEGES, columnName=ROLE_UUID) - start
08:54:28,107 DEBUG org.dbunit.dataset.OrderedTableNameMap:234 - createDataType(sqlType=12, sqlTypeName=VARCHAR) - start
08:54:28,110 DEBUG org.dbunit.dataset.OrderedTableNameMap:234 - forSqlType(sqlType=12) - start
08:54:28,111 DEBUG org.dbunit.dataset.OrderedTableNameMap:234 - getSqlType() - start
08:54:28,111 DEBUG org.dbunit.dataset.OrderedTableNameMap:234 - nullableValue(nullable=0) - start
08:54:28,112 DEBUG org.dbunit.dataset.OrderedTableNameMap:234 - autoIncrementValue(isAutoIncrement=NO) - start
08:54:28,112 DEBUG org.dbunit.dataset.OrderedTableNameMap:234 - Comparing the following values using caseSensitive=false (searched&lt;=&gt;actual): catalog: null&lt;=&gt;OPENHDS schema: null&lt;=&gt;PUBLIC table: ROLE_PRIVILEGES&lt;=&gt;ROLE_PRIVILEGES column: null&lt;=&gt;PRIVILEGE_UUID
08:54:28,113 DEBUG org.dbunit.dataset.OrderedTableNameMap:234 - createDataType(sqlType=12 , sqlTypeName=VARCHAR, tableName=ROLE_PRIVILEGES, columnName=PRIVILEGE_UUID) - start
08:54:28,114 DEBUG org.dbunit.dataset.OrderedTableNameMap:234 - createDataType(sqlType=12, sqlTypeName=VARCHAR) - start
08:54:28,114 DEBUG org.dbunit.dataset.OrderedTableNameMap:234 - forSqlType(sqlType=12) - start
08:54:28,115 DEBUG org.dbunit.dataset.OrderedTableNameMap:234 - getSqlType() - start
08:54:28,116 DEBUG org.dbunit.dataset.OrderedTableNameMap:234 - nullableValue(nullable=0) - start
08:54:28,116 DEBUG org.dbunit.dataset.OrderedTableNameMap:234 - autoIncrementValue(isAutoIncrement=NO) - start
08:54:28,117 DEBUG org.dbunit.dataset.OrderedTableNameMap:234 - getPrimaryKeys() - start
08:54:28,117 DEBUG org.dbunit.dataset.OrderedTableNameMap:234 - getPrimaryKeyNames() - start
08:54:28,118 DEBUG org.dbunit.dataset.OrderedTableNameMap:234 - getConnection() - start
08:54:28,120 DEBUG org.dbunit.dataset.OrderedTableNameMap:234 - getName() - start
08:54:28,120 DEBUG org.dbunit.dataset.OrderedTableNameMap:234 - getName() - start
08:54:28,121 DEBUG org.dbunit.dataset.OrderedTableNameMap:234 - getColumns() - start
08:54:28,122 DEBUG org.dbunit.dataset.OrderedTableNameMap:234 - getColumns(columnNames=[ROLE_UUID, PRIVILEGE_UUID], columns=[(ROLE_UUID, VARCHAR, noNulls), (PRIVILEGE_UUID, VARCHAR, noNulls)]) - start
08:54:28,123 DEBUG org.dbunit.dataset.OrderedTableNameMap:234 - getColumn(columnName=ROLE_UUID, columns=[(ROLE_UUID, VARCHAR, noNulls), (PRIVILEGE_UUID, VARCHAR, noNulls)]) - start
08:54:28,123 DEBUG org.dbunit.dataset.OrderedTableNameMap:234 - getColumn(columnName=PRIVILEGE_UUID, columns=[(ROLE_UUID, VARCHAR, noNulls), (PRIVILEGE_UUID, VARCHAR, noNulls)]) - start
08:54:28,124 DEBUG org.dbunit.dataset.OrderedTableNameMap:234 - update(tableName=role_privileges, object=table=ROLE_PRIVILEGES, cols=[(ROLE_UUID, VARCHAR, noNulls), (PRIVILEGE_UUID, VARCHAR, noNulls)], pk=[(ROLE_UUID, VARCHAR, noNulls), (PRIVILEGE_UUID, VARCHAR, noNulls)]) - start
08:54:28,125 DEBUG org.dbunit.dataset.OrderedTableNameMap:253 - getTableName(tableName=role_privileges) - start
08:54:28,125 DEBUG org.dbunit.dataset.OrderedTableNameMap:264 - getTableName(tableName=role_privileges) - end - result=ROLE_PRIVILEGES
08:54:28,126 DEBUG org.dbunit.dataset.OrderedTableNameMap:253 - getTableName(tableName=role_privileges) - start
08:54:28,126 DEBUG org.dbunit.dataset.OrderedTableNameMap:264 - getTableName(tableName=role_privileges) - end - result=ROLE_PRIVILEGES
08:54:28,127 DEBUG org.dbunit.dataset.AbstractTableMetaData:101 - getColumnIndex(columnName=role_uuid) - start
08:54:28,127 DEBUG org.dbunit.database.DatabaseTableMetaData:301 - getColumns() - start
08:54:28,128 DEBUG org.dbunit.database.DatabaseTableMetaData:301 - getColumns() - start
08:54:28,128 DEBUG org.dbunit.dataset.AbstractTableMetaData:101 - getColumnIndex(columnName=privilege_uuid) - start
08:54:28,129 DEBUG org.dbunit.database.DatabaseTableMetaData:301 - getColumns() - start
08:54:28,129 DEBUG org.dbunit.database.DatabaseTableMetaData:374 - getPrimaryKeys() - start
08:54:28,130 DEBUG org.dbunit.operation.RefreshOperation:146 - createUpdateOperation(connection=_databaseConfig=org.dbunit.database.DatabaseConfig[, _propertyMap={http://www.dbunit.org/properties/statementFactory=org.dbunit.database.statement.PreparedStatementFactory@eb5ea0, http://www.dbunit.org/features/caseSensitiveTableNames=false, http://www.dbunit.org/properties/fetchSize=100, http://www.dbunit.org/features/batchedStatements=false, http://www.dbunit.org/properties/metadataHandler=org.dbunit.database.DefaultMetadataHandler@60648, http://www.dbunit.org/properties/datatypeFactory=org.dbunit.dataset.datatype.DefaultDataTypeFactory[_toleratedDeltaMap=org.dbunit.dataset.datatype.ToleratedDeltaMap@133a07d], http://www.dbunit.org/properties/escapePattern=null, http://www.dbunit.org/properties/batchSize=100, http://www.dbunit.org/features/qualifiedTableNames=false, http://www.dbunit.org/properties/tableType=[Ljava.lang.String;@6d6f28, http://www.dbunit.org/properties/resultSetTableFactory=org.dbunit.database.CachedResultSetTableFactory@9cde9a, http://www.dbunit.org/features/datatypeWarning=true}], _dataSet=AbstractDataSet[_orderedTableNameMap=null], metaData=tableName=ROLE_PRIVILEGES, columns=[(ROLE_UUID, VARCHAR, noNulls), (PRIVILEGE_UUID, VARCHAR, noNulls)], keys=[(ROLE_UUID, VARCHAR, noNulls), (PRIVILEGE_UUID, VARCHAR, noNulls)]) - start
08:54:28,131 DEBUG org.dbunit.operation.RefreshOperation$RowExistOperation:308 - getSelectCountData(metaData=tableName=ROLE_PRIVILEGES, columns=[(ROLE_UUID, VARCHAR, noNulls), (PRIVILEGE_UUID, VARCHAR, noNulls)], keys=[(ROLE_UUID, VARCHAR, noNulls), (PRIVILEGE_UUID, VARCHAR, noNulls)], connection=_databaseConfig=org.dbunit.database.DatabaseConfig[, _propertyMap={http://www.dbunit.org/properties/statementFactory=org.dbunit.database.statement.PreparedStatementFactory@eb5ea0, http://www.dbunit.org/features/caseSensitiveTableNames=false, http://www.dbunit.org/properties/fetchSize=100, http://www.dbunit.org/features/batchedStatements=false, http://www.dbunit.org/properties/metadataHandler=org.dbunit.database.DefaultMetadataHandler@60648, http://www.dbunit.org/properties/datatypeFactory=org.dbunit.dataset.datatype.DefaultDataTypeFactory[_toleratedDeltaMap=org.dbunit.dataset.datatype.ToleratedDeltaMap@133a07d], http://www.dbunit.org/properties/escapePattern=null, http://www.dbunit.org/properties/batchSize=100, http://www.dbunit.org/features/qualifiedTableNames=false, http://www.dbunit.org/properties/tableType=[Ljava.lang.String;@6d6f28, http://www.dbunit.org/properties/resultSetTableFactory=org.dbunit.database.CachedResultSetTableFactory@9cde9a, http://www.dbunit.org/features/datatypeWarning=true}], _dataSet=AbstractDataSet[_orderedTableNameMap=null]) - start
08:54:28,138 DEBUG org.dbunit.operation.AbstractOperation:55 - getQualifiedName(prefix=null, name=ROLE_PRIVILEGES, connection=_databaseConfig=org.dbunit.database.DatabaseConfig[, _propertyMap={http://www.dbunit.org/properties/statementFactory=org.dbunit.database.statement.PreparedStatementFactory@eb5ea0, http://www.dbunit.org/features/caseSensitiveTableNames=false, http://www.dbunit.org/properties/fetchSize=100, http://www.dbunit.org/features/batchedStatements=false, http://www.dbunit.org/properties/metadataHandler=org.dbunit.database.DefaultMetadataHandler@60648, http://www.dbunit.org/properties/datatypeFactory=org.dbunit.dataset.datatype.DefaultDataTypeFactory[_toleratedDeltaMap=org.dbunit.dataset.datatype.ToleratedDeltaMap@133a07d], http://www.dbunit.org/properties/escapePattern=null, http://www.dbunit.org/properties/batchSize=100, http://www.dbunit.org/features/qualifiedTableNames=false, http://www.dbunit.org/properties/tableType=[Ljava.lang.String;@6d6f28, http://www.dbunit.org/properties/resultSetTableFactory=org.dbunit.database.CachedResultSetTableFactory@9cde9a, http://www.dbunit.org/features/datatypeWarning=true}], _dataSet=AbstractDataSet[_orderedTableNameMap=null]) - start
08:54:28,138 DEBUG org.dbunit.util.QualifiedTableName:126 - getQualifiedName() - start
08:54:28,139 DEBUG org.dbunit.util.QualifiedTableName:190 - getQualifiedName(prefix=null, name=ROLE_PRIVILEGES, escapePattern=null) - start
08:54:28,139 DEBUG org.dbunit.operation.AbstractOperation:55 - getQualifiedName(prefix=null, name=ROLE_UUID, connection=_databaseConfig=org.dbunit.database.DatabaseConfig[, _propertyMap={http://www.dbunit.org/properties/statementFactory=org.dbunit.database.statement.PreparedStatementFactory@eb5ea0, http://www.dbunit.org/features/caseSensitiveTableNames=false, http://www.dbunit.org/properties/fetchSize=100, http://www.dbunit.org/features/batchedStatements=false, http://www.dbunit.org/properties/metadataHandler=org.dbunit.database.DefaultMetadataHandler@60648, http://www.dbunit.org/properties/datatypeFactory=org.dbunit.dataset.datatype.DefaultDataTypeFactory[_toleratedDeltaMap=org.dbunit.dataset.datatype.ToleratedDeltaMap@133a07d], http://www.dbunit.org/properties/escapePattern=null, http://www.dbunit.org/properties/batchSize=100, http://www.dbunit.org/features/qualifiedTableNames=false, http://www.dbunit.org/properties/tableType=[Ljava.lang.String;@6d6f28, http://www.dbunit.org/properties/resultSetTableFactory=org.dbunit.database.CachedResultSetTableFactory@9cde9a, http://www.dbunit.org/features/datatypeWarning=true}], _dataSet=AbstractDataSet[_orderedTableNameMap=null]) - start
08:54:28,140 DEBUG org.dbunit.util.QualifiedTableName:126 - getQualifiedName() - start
08:54:28,140 DEBUG org.dbunit.util.QualifiedTableName:190 - getQualifiedName(prefix=null, name=ROLE_UUID, escapePattern=null) - start
08:54:28,141 DEBUG org.dbunit.operation.AbstractOperation:55 - getQualifiedName(prefix=null, name=PRIVILEGE_UUID, connection=_databaseConfig=org.dbunit.database.DatabaseConfig[, _propertyMap={http://www.dbunit.org/properties/statementFactory=org.dbunit.database.statement.PreparedStatementFactory@eb5ea0, http://www.dbunit.org/features/caseSensitiveTableNames=false, http://www.dbunit.org/properties/fetchSize=100, http://www.dbunit.org/features/batchedStatements=false, http://www.dbunit.org/properties/metadataHandler=org.dbunit.database.DefaultMetadataHandler@60648, http://www.dbunit.org/properties/datatypeFactory=org.dbunit.dataset.datatype.DefaultDataTypeFactory[_toleratedDeltaMap=org.dbunit.dataset.datatype.ToleratedDeltaMap@133a07d], http://www.dbunit.org/properties/escapePattern=null, http://www.dbunit.org/properties/batchSize=100, http://www.dbunit.org/features/qualifiedTableNames=false, http://www.dbunit.org/properties/tableType=[Ljava.lang.String;@6d6f28, http://www.dbunit.org/properties/resultSetTableFactory=org.dbunit.database.CachedResultSetTableFactory@9cde9a, http://www.dbunit.org/features/datatypeWarning=true}], _dataSet=AbstractDataSet[_orderedTableNameMap=null]) - start
08:54:28,141 DEBUG org.dbunit.util.QualifiedTableName:126 - getQualifiedName() - start
08:54:28,142 DEBUG org.dbunit.util.QualifiedTableName:190 - getQualifiedName(prefix=null, name=PRIVILEGE_UUID, escapePattern=null) - start
08:54:28,142 DEBUG org.dbunit.database.DatabaseDataSourceConnection:113 - getConnection() - start
08:54:28,143 DEBUG org.dbunit.operation.RefreshOperation$RowExistOperation:350 - execute(table=org.dbunit.dataset.DefaultTable[_metaData=tableName=role_privileges, columns=[(role_uuid, UNKNOWN, nullableUnknown), (privilege_uuid, UNKNOWN, nullableUnknown)], keys=[], _rowList.size()=1], row=0) - start
08:54:28,144 DEBUG org.dbunit.dataset.DefaultTable:192 - getValue(row=0, column=ROLE_UUID) - start
08:54:28,144 DEBUG org.dbunit.dataset.AbstractTable:41 - assertValidRowIndex(row=0) - start
08:54:28,145 DEBUG org.dbunit.dataset.AbstractTable:51 - assertValidRowIndex(row=0, rowCount=1) - start
08:54:28,145 DEBUG org.dbunit.dataset.AbstractTable:75 - getColumnIndex(columnName=ROLE_UUID) - start
08:54:28,146 DEBUG org.dbunit.dataset.AbstractTableMetaData:101 - getColumnIndex(columnName=ROLE_UUID) - start
08:54:28,146 DEBUG org.dbunit.dataset.datatype.StringDataType:157 - setSqlValue(value=ROLE1, column=1, statement=prep217: select COUNT(*) from ROLE_PRIVILEGES where ROLE_UUID = ? and PRIVILEGE_UUID = ?) - start
08:54:28,146 DEBUG org.dbunit.dataset.datatype.DataType:177 - asString(value=ROLE1) - start
08:54:28,147 DEBUG org.dbunit.dataset.datatype.StringDataType:59 - typeCast(value=ROLE1) - start
08:54:28,147 DEBUG org.dbunit.dataset.DefaultTable:192 - getValue(row=0, column=PRIVILEGE_UUID) - start
08:54:28,148 DEBUG org.dbunit.dataset.AbstractTable:41 - assertValidRowIndex(row=0) - start
08:54:28,148 DEBUG org.dbunit.dataset.AbstractTable:51 - assertValidRowIndex(row=0, rowCount=1) - start
08:54:28,149 DEBUG org.dbunit.dataset.AbstractTable:75 - getColumnIndex(columnName=PRIVILEGE_UUID) - start
08:54:28,149 DEBUG org.dbunit.dataset.AbstractTableMetaData:101 - getColumnIndex(columnName=PRIVILEGE_UUID) - start
08:54:28,150 DEBUG org.dbunit.dataset.datatype.StringDataType:157 - setSqlValue(value=PRIVILEGE1, column=2, statement=prep217: select COUNT(*) from ROLE_PRIVILEGES where ROLE_UUID = ? and PRIVILEGE_UUID = ? {1: &apos;ROLE1&apos;}) - start
08:54:28,150 DEBUG org.dbunit.dataset.datatype.DataType:177 - asString(value=PRIVILEGE1) - start
08:54:28,151 DEBUG org.dbunit.dataset.datatype.StringDataType:59 - typeCast(value=PRIVILEGE1) - start
08:54:28,157 DEBUG org.dbunit.operation.RefreshOperation$RowExistOperation:350 - execute(table=org.dbunit.dataset.DefaultTable[_metaData=tableName=role_privileges, columns=[(role_uuid, UNKNOWN, nullableUnknown), (privilege_uuid, UNKNOWN, nullableUnknown)], keys=[], _rowList.size()=1], row=1) - start
08:54:28,158 DEBUG org.dbunit.dataset.DefaultTable:192 - getValue(row=1, column=ROLE_UUID) - start
08:54:28,158 DEBUG org.dbunit.dataset.AbstractTable:41 - assertValidRowIndex(row=1) - start
08:54:28,159 DEBUG org.dbunit.dataset.AbstractTable:51 - assertValidRowIndex(row=1, rowCount=1) - start
08:54:28,160 DEBUG org.dbunit.operation.RefreshOperation$RowExistOperation:374 - close() - start
08:54:28,164 DEBUG org.dbunit.operation.RefreshOperation$RowOperation:204 - close() - start
08:54:28,165 DEBUG org.dbunit.dataset.DefaultTableIterator:76 - getTable() - start
08:54:28,165 DEBUG org.dbunit.operation.AbstractBatchOperation:64 - isEmpty(table=org.dbunit.dataset.DefaultTable[_metaData=tableName=user, columns=[(uuid, UNKNOWN, nullableUnknown), (firstName, UNKNOWN, nullableUnknown), (lastName, UNKNOWN, nullableUnknown), (fullName, UNKNOWN, nullableUnknown), (description, UNKNOWN, nullableUnknown), (username, UNKNOWN, nullableUnknown), (password, UNKNOWN, nullableUnknown), (lastLoginTime, UNKNOWN, nullableUnknown), (deleted, UNKNOWN, nullableUnknown)], keys=[], _rowList.size()=1]) - start
08:54:28,166 DEBUG org.dbunit.dataset.DefaultTable:192 - getValue(row=0, column=uuid) - start
08:54:28,166 DEBUG org.dbunit.dataset.AbstractTable:41 - assertValidRowIndex(row=0) - start
08:54:28,167 DEBUG org.dbunit.dataset.AbstractTable:51 - assertValidRowIndex(row=0, rowCount=1) - start
08:54:28,167 DEBUG org.dbunit.dataset.AbstractTable:75 - getColumnIndex(columnName=uuid) - start
08:54:28,168 DEBUG org.dbunit.dataset.AbstractTableMetaData:101 - getColumnIndex(columnName=uuid) - start
08:54:28,170 DEBUG org.dbunit.operation.AbstractOperation:75 - getOperationMetaData(connection=_databaseConfig=org.dbunit.database.DatabaseConfig[, _propertyMap={http://www.dbunit.org/properties/statementFactory=org.dbunit.database.statement.PreparedStatementFactory@eb5ea0, http://www.dbunit.org/features/caseSensitiveTableNames=false, http://www.dbunit.org/properties/fetchSize=100, http://www.dbunit.org/features/batchedStatements=false, http://www.dbunit.org/properties/metadataHandler=org.dbunit.database.DefaultMetadataHandler@60648, http://www.dbunit.org/properties/datatypeFactory=org.dbunit.dataset.datatype.DefaultDataTypeFactory[_toleratedDeltaMap=org.dbunit.dataset.datatype.ToleratedDeltaMap@133a07d], http://www.dbunit.org/properties/escapePattern=null, http://www.dbunit.org/properties/batchSize=100, http://www.dbunit.org/features/qualifiedTableNames=false, http://www.dbunit.org/properties/tableType=[Ljava.lang.String;@6d6f28, http://www.dbunit.org/properties/resultSetTableFactory=org.dbunit.database.CachedResultSetTableFactory@9cde9a, http://www.dbunit.org/features/datatypeWarning=true}], _dataSet=AbstractDataSet[_orderedTableNameMap=null], metaData=tableName=user, columns=[(uuid, UNKNOWN, nullableUnknown), (firstName, UNKNOWN, nullableUnknown), (lastName, UNKNOWN, nullableUnknown), (fullName, UNKNOWN, nullableUnknown), (description, UNKNOWN, nullableUnknown), (username, UNKNOWN, nullableUnknown), (password, UNKNOWN, nullableUnknown), (lastLoginTime, UNKNOWN, nullableUnknown), (deleted, UNKNOWN, nullableUnknown)], keys=[]) - start
08:54:28,170 DEBUG org.dbunit.database.AbstractDatabaseConnection:66 - createDataSet() - start
08:54:28,171 DEBUG org.dbunit.database.DatabaseDataSet:279 - getTableMetaData(tableName=user) - start
08:54:28,171 DEBUG org.dbunit.database.DatabaseDataSet:173 - initialize() - start
08:54:28,172 DEBUG org.dbunit.dataset.OrderedTableNameMap:253 - getTableName(tableName=user) - start
08:54:28,173 DEBUG org.dbunit.dataset.OrderedTableNameMap:264 - getTableName(tableName=user) - end - result=USER
08:54:28,174 DEBUG org.dbunit.dataset.OrderedTableNameMap:253 - getTableName(tableName=user) - start
08:54:28,174 DEBUG org.dbunit.dataset.OrderedTableNameMap:264 - getTableName(tableName=user) - end - result=USER
08:54:28,175 DEBUG org.dbunit.database.DatabaseDataSourceConnection:113 - getConnection() - start
08:54:28,176 DEBUG org.dbunit.util.SQLHelper:657 - isEscaped returns &apos;false&apos; for tableName=user (dbIdentifierQuoteString=&quot;)
08:54:28,176 DEBUG org.dbunit.util.SQLHelper:637 - class org.dbunit.database.DatabaseTableMetaData. Corrected table name: oldValue=user newValue=USER
08:54:28,177 DEBUG org.dbunit.database.DatabaseTableMetaData:139 - Validating if table &apos;USER&apos; exists in schema &apos;null&apos; ...
08:54:28,178 DEBUG org.dbunit.util.SQLHelper:117 - close(resultSet=org.apache.commons.dbcp.DelegatingResultSet@9a0b06) - start
08:54:28,179 DEBUG org.dbunit.dataset.OrderedTableNameMap:234 - getColumns() - start
08:54:28,179 DEBUG org.dbunit.dataset.OrderedTableNameMap:234 - getConnection() - start
08:54:28,181 DEBUG org.dbunit.dataset.OrderedTableNameMap:234 - getConnection() - start
08:54:28,181  WARN org.dbunit.dataset.OrderedTableNameMap:234 - Potential problem found: The configured data type factory &apos;class org.dbunit.dataset.datatype.DefaultDataTypeFactory&apos; might cause problems with the current database &apos;H2&apos; (e.g. some datatypes may not be supported properly). In rare cases you might see this message because the list of supported database products is incomplete (list=[derby]). If so please request a java-class update via the forums.If you are using your own IDataTypeFactory extending DefaultDataTypeFactory, ensure that you override getValidDbProducts() to specify the supported database products.
08:54:28,182 DEBUG org.dbunit.dataset.OrderedTableNameMap:234 - Comparing the following values using caseSensitive=false (searched&lt;=&gt;actual): catalog: null&lt;=&gt;OPENHDS schema: null&lt;=&gt;PUBLIC table: USER&lt;=&gt;USER column: null&lt;=&gt;UUID
08:54:28,183 DEBUG org.dbunit.dataset.OrderedTableNameMap:234 - createDataType(sqlType=12 , sqlTypeName=VARCHAR, tableName=USER, columnName=UUID) - start
08:54:28,183 DEBUG org.dbunit.dataset.OrderedTableNameMap:234 - createDataType(sqlType=12, sqlTypeName=VARCHAR) - start
08:54:28,184 DEBUG org.dbunit.dataset.OrderedTableNameMap:234 - forSqlType(sqlType=12) - start
08:54:28,184 DEBUG org.dbunit.dataset.OrderedTableNameMap:234 - getSqlType() - start
08:54:28,185 DEBUG org.dbunit.dataset.OrderedTableNameMap:234 - nullableValue(nullable=0) - start
08:54:28,186 DEBUG org.dbunit.dataset.OrderedTableNameMap:234 - autoIncrementValue(isAutoIncrement=NO) - start
08:54:28,187 DEBUG org.dbunit.dataset.OrderedTableNameMap:234 - Comparing the following values using caseSensitive=false (searched&lt;=&gt;actual): catalog: null&lt;=&gt;OPENHDS schema: null&lt;=&gt;PUBLIC table: USER&lt;=&gt;USER column: null&lt;=&gt;DELETED
08:54:28,188 DEBUG org.dbunit.dataset.OrderedTableNameMap:234 - createDataType(sqlType=16 , sqlTypeName=BOOLEAN, tableName=USER, columnName=DELETED) - start
08:54:28,188 DEBUG org.dbunit.dataset.OrderedTableNameMap:234 - createDataType(sqlType=16, sqlTypeName=BOOLEAN) - start
08:54:28,189 DEBUG org.dbunit.dataset.OrderedTableNameMap:234 - forSqlType(sqlType=16) - start
08:54:28,190 DEBUG org.dbunit.dataset.OrderedTableNameMap:234 - getSqlType() - start
08:54:28,190 DEBUG org.dbunit.dataset.OrderedTableNameMap:234 - getSqlType() - start
08:54:28,191 DEBUG org.dbunit.dataset.OrderedTableNameMap:234 - getSqlType() - start
08:54:28,192 DEBUG org.dbunit.dataset.OrderedTableNameMap:234 - getSqlType() - start
08:54:28,192 DEBUG org.dbunit.dataset.OrderedTableNameMap:234 - getSqlType() - start
08:54:28,193 DEBUG org.dbunit.dataset.OrderedTableNameMap:234 - getSqlType() - start
08:54:28,193 DEBUG org.dbunit.dataset.OrderedTableNameMap:234 - getSqlType() - start
08:54:28,194 DEBUG org.dbunit.dataset.OrderedTableNameMap:234 - getSqlType() - start
08:54:28,195 DEBUG org.dbunit.dataset.OrderedTableNameMap:234 - getSqlType() - start
08:54:28,195 DEBUG org.dbunit.dataset.OrderedTableNameMap:234 - getSqlType() - start
08:54:28,196 DEBUG org.dbunit.dataset.OrderedTableNameMap:234 - nullableValue(nullable=0) - start
08:54:28,197 DEBUG org.dbunit.dataset.OrderedTableNameMap:234 - autoIncrementValue(isAutoIncrement=NO) - start
08:54:28,197 DEBUG org.dbunit.dataset.OrderedTableNameMap:234 - Comparing the following values using caseSensitive=false (searched&lt;=&gt;actual): catalog: null&lt;=&gt;OPENHDS schema: null&lt;=&gt;PUBLIC table: USER&lt;=&gt;USER column: null&lt;=&gt;DESCRIPTION
08:54:28,198 DEBUG org.dbunit.dataset.OrderedTableNameMap:234 - createDataType(sqlType=12 , sqlTypeName=VARCHAR, tableName=USER, columnName=DESCRIPTION) - start
08:54:28,199 DEBUG org.dbunit.dataset.OrderedTableNameMap:234 - createDataType(sqlType=12, sqlTypeName=VARCHAR) - start
08:54:28,200 DEBUG org.dbunit.dataset.OrderedTableNameMap:234 - forSqlType(sqlType=12) - start
08:54:28,200 DEBUG org.dbunit.dataset.OrderedTableNameMap:234 - getSqlType() - start
08:54:28,201 DEBUG org.dbunit.dataset.OrderedTableNameMap:234 - nullableValue(nullable=1) - start
08:54:28,201 DEBUG org.dbunit.dataset.OrderedTableNameMap:234 - autoIncrementValue(isAutoIncrement=NO) - start
08:54:28,202 DEBUG org.dbunit.dataset.OrderedTableNameMap:234 - Comparing the following values using caseSensitive=false (searched&lt;=&gt;actual): catalog: null&lt;=&gt;OPENHDS schema: null&lt;=&gt;PUBLIC table: USER&lt;=&gt;USER column: null&lt;=&gt;FIRSTNAME
08:54:28,203 DEBUG org.dbunit.dataset.OrderedTableNameMap:234 - createDataType(sqlType=12 , sqlTypeName=VARCHAR, tableName=USER, columnName=FIRSTNAME) - start
08:54:28,204 DEBUG org.dbunit.dataset.OrderedTableNameMap:234 - createDataType(sqlType=12, sqlTypeName=VARCHAR) - start
08:54:28,204 DEBUG org.dbunit.dataset.OrderedTableNameMap:234 - forSqlType(sqlType=12) - start
08:54:28,205 DEBUG org.dbunit.dataset.OrderedTableNameMap:234 - getSqlType() - start
08:54:28,206 DEBUG org.dbunit.dataset.OrderedTableNameMap:234 - nullableValue(nullable=1) - start
08:54:28,207 DEBUG org.dbunit.dataset.OrderedTableNameMap:234 - autoIncrementValue(isAutoIncrement=NO) - start
08:54:28,208 DEBUG org.dbunit.dataset.OrderedTableNameMap:234 - Comparing the following values using caseSensitive=false (searched&lt;=&gt;actual): catalog: null&lt;=&gt;OPENHDS schema: null&lt;=&gt;PUBLIC table: USER&lt;=&gt;USER column: null&lt;=&gt;FULLNAME
08:54:28,208 DEBUG org.dbunit.dataset.OrderedTableNameMap:234 - createDataType(sqlType=12 , sqlTypeName=VARCHAR, tableName=USER, columnName=FULLNAME) - start
08:54:28,209 DEBUG org.dbunit.dataset.OrderedTableNameMap:234 - createDataType(sqlType=12, sqlTypeName=VARCHAR) - start
08:54:28,210 DEBUG org.dbunit.dataset.OrderedTableNameMap:234 - forSqlType(sqlType=12) - start
08:54:28,210 DEBUG org.dbunit.dataset.OrderedTableNameMap:234 - getSqlType() - start
08:54:28,211 DEBUG org.dbunit.dataset.OrderedTableNameMap:234 - nullableValue(nullable=1) - start
08:54:28,211 DEBUG org.dbunit.dataset.OrderedTableNameMap:234 - autoIncrementValue(isAutoIncrement=NO) - start
08:54:28,212 DEBUG org.dbunit.dataset.OrderedTableNameMap:234 - Comparing the following values using caseSensitive=false (searched&lt;=&gt;actual): catalog: null&lt;=&gt;OPENHDS schema: null&lt;=&gt;PUBLIC table: USER&lt;=&gt;USER column: null&lt;=&gt;LASTLOGINTIME
08:54:28,215 DEBUG org.dbunit.dataset.OrderedTableNameMap:234 - createDataType(sqlType=-5 , sqlTypeName=BIGINT, tableName=USER, columnName=LASTLOGINTIME) - start
08:54:28,216 DEBUG org.dbunit.dataset.OrderedTableNameMap:234 - createDataType(sqlType=-5, sqlTypeName=BIGINT) - start
08:54:28,216 DEBUG org.dbunit.dataset.OrderedTableNameMap:234 - forSqlType(sqlType=-5) - start
08:54:28,217 DEBUG org.dbunit.dataset.OrderedTableNameMap:234 - getSqlType() - start
08:54:28,217 DEBUG org.dbunit.dataset.OrderedTableNameMap:234 - getSqlType() - start
08:54:28,217 DEBUG org.dbunit.dataset.OrderedTableNameMap:234 - getSqlType() - start
08:54:28,218 DEBUG org.dbunit.dataset.OrderedTableNameMap:234 - getSqlType() - start
08:54:28,218 DEBUG org.dbunit.dataset.OrderedTableNameMap:234 - getSqlType() - start
08:54:28,219 DEBUG org.dbunit.dataset.OrderedTableNameMap:234 - getSqlType() - start
08:54:28,219 DEBUG org.dbunit.dataset.OrderedTableNameMap:234 - getSqlType() - start
08:54:28,220 DEBUG org.dbunit.dataset.OrderedTableNameMap:234 - getSqlType() - start
08:54:28,220 DEBUG org.dbunit.dataset.OrderedTableNameMap:234 - getSqlType() - start
08:54:28,221 DEBUG org.dbunit.dataset.OrderedTableNameMap:234 - getSqlType() - start
08:54:28,221 DEBUG org.dbunit.dataset.OrderedTableNameMap:234 - getSqlType() - start
08:54:28,222 DEBUG org.dbunit.dataset.OrderedTableNameMap:234 - getSqlType() - start
08:54:28,222 DEBUG org.dbunit.dataset.OrderedTableNameMap:234 - getSqlType() - start
08:54:28,222 DEBUG org.dbunit.dataset.OrderedTableNameMap:234 - getSqlType() - start
08:54:28,223 DEBUG org.dbunit.dataset.OrderedTableNameMap:234 - getSqlType() - start
08:54:28,223 DEBUG org.dbunit.dataset.OrderedTableNameMap:234 - nullableValue(nullable=0) - start
08:54:28,224 DEBUG org.dbunit.dataset.OrderedTableNameMap:234 - autoIncrementValue(isAutoIncrement=NO) - start
08:54:28,224 DEBUG org.dbunit.dataset.OrderedTableNameMap:234 - Comparing the following values using caseSensitive=false (searched&lt;=&gt;actual): catalog: null&lt;=&gt;OPENHDS schema: null&lt;=&gt;PUBLIC table: USER&lt;=&gt;USER column: null&lt;=&gt;LASTNAME
08:54:28,224 DEBUG org.dbunit.dataset.OrderedTableNameMap:234 - createDataType(sqlType=12 , sqlTypeName=VARCHAR, tableName=USER, columnName=LASTNAME) - start
08:54:28,225 DEBUG org.dbunit.dataset.OrderedTableNameMap:234 - createDataType(sqlType=12, sqlTypeName=VARCHAR) - start
08:54:28,225 DEBUG org.dbunit.dataset.OrderedTableNameMap:234 - forSqlType(sqlType=12) - start
08:54:28,226 DEBUG org.dbunit.dataset.OrderedTableNameMap:234 - getSqlType() - start
08:54:28,226 DEBUG org.dbunit.dataset.OrderedTableNameMap:234 - nullableValue(nullable=1) - start
08:54:28,226 DEBUG org.dbunit.dataset.OrderedTableNameMap:234 - autoIncrementValue(isAutoIncrement=NO) - start
08:54:28,227 DEBUG org.dbunit.dataset.OrderedTableNameMap:234 - Comparing the following values using caseSensitive=false (searched&lt;=&gt;actual): catalog: null&lt;=&gt;OPENHDS schema: null&lt;=&gt;PUBLIC table: USER&lt;=&gt;USER column: null&lt;=&gt;PASSWORD
08:54:28,228 DEBUG org.dbunit.dataset.OrderedTableNameMap:234 - createDataType(sqlType=12 , sqlTypeName=VARCHAR, tableName=USER, columnName=PASSWORD) - start
08:54:28,229 DEBUG org.dbunit.dataset.OrderedTableNameMap:234 - createDataType(sqlType=12, sqlTypeName=VARCHAR) - start
08:54:28,234 DEBUG org.dbunit.dataset.OrderedTableNameMap:234 - forSqlType(sqlType=12) - start
08:54:28,234 DEBUG org.dbunit.dataset.OrderedTableNameMap:234 - getSqlType() - start
08:54:28,235 DEBUG org.dbunit.dataset.OrderedTableNameMap:234 - nullableValue(nullable=1) - start
08:54:28,236 DEBUG org.dbunit.dataset.OrderedTableNameMap:234 - autoIncrementValue(isAutoIncrement=NO) - start
08:54:28,237 DEBUG org.dbunit.dataset.OrderedTableNameMap:234 - Comparing the following values using caseSensitive=false (searched&lt;=&gt;actual): catalog: null&lt;=&gt;OPENHDS schema: null&lt;=&gt;PUBLIC table: USER&lt;=&gt;USER column: null&lt;=&gt;SESSIONID
08:54:28,238 DEBUG org.dbunit.dataset.OrderedTableNameMap:234 - createDataType(sqlType=12 , sqlTypeName=VARCHAR, tableName=USER, columnName=SESSIONID) - start
08:54:28,239 DEBUG org.dbunit.dataset.OrderedTableNameMap:234 - createDataType(sqlType=12, sqlTypeName=VARCHAR) - start
08:54:28,239 DEBUG org.dbunit.dataset.OrderedTableNameMap:234 - forSqlType(sqlType=12) - start
08:54:28,240 DEBUG org.dbunit.dataset.OrderedTableNameMap:234 - getSqlType() - start
08:54:28,241 DEBUG org.dbunit.dataset.OrderedTableNameMap:234 - nullableValue(nullable=1) - start
08:54:28,241 DEBUG org.dbunit.dataset.OrderedTableNameMap:234 - autoIncrementValue(isAutoIncrement=NO) - start
08:54:28,242 DEBUG org.dbunit.dataset.OrderedTableNameMap:234 - Comparing the following values using caseSensitive=false (searched&lt;=&gt;actual): catalog: null&lt;=&gt;OPENHDS schema: null&lt;=&gt;PUBLIC table: USER&lt;=&gt;USER column: null&lt;=&gt;USERNAME
08:54:28,242 DEBUG org.dbunit.dataset.OrderedTableNameMap:234 - createDataType(sqlType=12 , sqlTypeName=VARCHAR, tableName=USER, columnName=USERNAME) - start
08:54:28,243 DEBUG org.dbunit.dataset.OrderedTableNameMap:234 - createDataType(sqlType=12, sqlTypeName=VARCHAR) - start
08:54:28,243 DEBUG org.dbunit.dataset.OrderedTableNameMap:234 - forSqlType(sqlType=12) - start
08:54:28,244 DEBUG org.dbunit.dataset.OrderedTableNameMap:234 - getSqlType() - start
08:54:28,245 DEBUG org.dbunit.dataset.OrderedTableNameMap:234 - nullableValue(nullable=1) - start
08:54:28,245 DEBUG org.dbunit.dataset.OrderedTableNameMap:234 - autoIncrementValue(isAutoIncrement=NO) - start
08:54:28,246 DEBUG org.dbunit.dataset.OrderedTableNameMap:234 - getPrimaryKeys() - start
08:54:28,246 DEBUG org.dbunit.dataset.OrderedTableNameMap:234 - getPrimaryKeyNames() - start
08:54:28,247 DEBUG org.dbunit.dataset.OrderedTableNameMap:234 - getConnection() - start
08:54:28,248 DEBUG org.dbunit.dataset.OrderedTableNameMap:234 - getName() - start
08:54:28,249 DEBUG org.dbunit.dataset.OrderedTableNameMap:234 - getColumns() - start
08:54:28,250 DEBUG org.dbunit.dataset.OrderedTableNameMap:234 - getColumns(columnNames=[UUID], columns=[(UUID, VARCHAR, noNulls), (DELETED, BOOLEAN, noNulls), (DESCRIPTION, VARCHAR, nullable), (FIRSTNAME, VARCHAR, nullable), (FULLNAME, VARCHAR, nullable), (LASTLOGINTIME, BIGINT, noNulls), (LASTNAME, VARCHAR, nullable), (PASSWORD, VARCHAR, nullable), (SESSIONID, VARCHAR, nullable), (USERNAME, VARCHAR, nullable)]) - start
08:54:28,250 DEBUG org.dbunit.dataset.OrderedTableNameMap:234 - getColumn(columnName=UUID, columns=[(UUID, VARCHAR, noNulls), (DELETED, BOOLEAN, noNulls), (DESCRIPTION, VARCHAR, nullable), (FIRSTNAME, VARCHAR, nullable), (FULLNAME, VARCHAR, nullable), (LASTLOGINTIME, BIGINT, noNulls), (LASTNAME, VARCHAR, nullable), (PASSWORD, VARCHAR, nullable), (SESSIONID, VARCHAR, nullable), (USERNAME, VARCHAR, nullable)]) - start
08:54:28,251 DEBUG org.dbunit.dataset.OrderedTableNameMap:234 - update(tableName=user, object=table=USER, cols=[(UUID, VARCHAR, noNulls), (DELETED, BOOLEAN, noNulls), (DESCRIPTION, VARCHAR, nullable), (FIRSTNAME, VARCHAR, nullable), (FULLNAME, VARCHAR, nullable), (LASTLOGINTIME, BIGINT, noNulls), (LASTNAME, VARCHAR, nullable), (PASSWORD, VARCHAR, nullable), (SESSIONID, VARCHAR, nullable), (USERNAME, VARCHAR, nullable)], pk=[(UUID, VARCHAR, noNulls)]) - start
08:54:28,251 DEBUG org.dbunit.dataset.OrderedTableNameMap:253 - getTableName(tableName=user) - start
08:54:28,252 DEBUG org.dbunit.dataset.OrderedTableNameMap:264 - getTableName(tableName=user) - end - result=USER
08:54:28,253 DEBUG org.dbunit.dataset.OrderedTableNameMap:253 - getTableName(tableName=user) - start
08:54:28,254 DEBUG org.dbunit.dataset.OrderedTableNameMap:264 - getTableName(tableName=user) - end - result=USER
08:54:28,254 DEBUG org.dbunit.dataset.AbstractTableMetaData:101 - getColumnIndex(columnName=uuid) - start
08:54:28,255 DEBUG org.dbunit.database.DatabaseTableMetaData:301 - getColumns() - start
08:54:28,256 DEBUG org.dbunit.database.DatabaseTableMetaData:301 - getColumns() - start
08:54:28,256 DEBUG org.dbunit.dataset.AbstractTableMetaData:101 - getColumnIndex(columnName=firstName) - start
08:54:28,257 DEBUG org.dbunit.database.DatabaseTableMetaData:301 - getColumns() - start
08:54:28,257 DEBUG org.dbunit.dataset.AbstractTableMetaData:101 - getColumnIndex(columnName=lastName) - start
08:54:28,258 DEBUG org.dbunit.database.DatabaseTableMetaData:301 - getColumns() - start
08:54:28,258 DEBUG org.dbunit.dataset.AbstractTableMetaData:101 - getColumnIndex(columnName=fullName) - start
08:54:28,259 DEBUG org.dbunit.database.DatabaseTableMetaData:301 - getColumns() - start
08:54:28,259 DEBUG org.dbunit.dataset.AbstractTableMetaData:101 - getColumnIndex(columnName=description) - start
08:54:28,260 DEBUG org.dbunit.database.DatabaseTableMetaData:301 - getColumns() - start
08:54:28,260 DEBUG org.dbunit.dataset.AbstractTableMetaData:101 - getColumnIndex(columnName=username) - start
08:54:28,261 DEBUG org.dbunit.database.DatabaseTableMetaData:301 - getColumns() - start
08:54:28,261 DEBUG org.dbunit.dataset.AbstractTableMetaData:101 - getColumnIndex(columnName=password) - start
08:54:28,262 DEBUG org.dbunit.database.DatabaseTableMetaData:301 - getColumns() - start
08:54:28,262 DEBUG org.dbunit.dataset.AbstractTableMetaData:101 - getColumnIndex(columnName=lastLoginTime) - start
08:54:28,263 DEBUG org.dbunit.database.DatabaseTableMetaData:301 - getColumns() - start
08:54:28,263 DEBUG org.dbunit.dataset.AbstractTableMetaData:101 - getColumnIndex(columnName=deleted) - start
08:54:28,264 DEBUG org.dbunit.database.DatabaseTableMetaData:301 - getColumns() - start
08:54:28,264 DEBUG org.dbunit.database.DatabaseTableMetaData:374 - getPrimaryKeys() - start
08:54:28,265 DEBUG org.dbunit.operation.RefreshOperation:146 - createUpdateOperation(connection=_databaseConfig=org.dbunit.database.DatabaseConfig[, _propertyMap={http://www.dbunit.org/properties/statementFactory=org.dbunit.database.statement.PreparedStatementFactory@eb5ea0, http://www.dbunit.org/features/caseSensitiveTableNames=false, http://www.dbunit.org/properties/fetchSize=100, http://www.dbunit.org/features/batchedStatements=false, http://www.dbunit.org/properties/metadataHandler=org.dbunit.database.DefaultMetadataHandler@60648, http://www.dbunit.org/properties/datatypeFactory=org.dbunit.dataset.datatype.DefaultDataTypeFactory[_toleratedDeltaMap=org.dbunit.dataset.datatype.ToleratedDeltaMap@133a07d], http://www.dbunit.org/properties/escapePattern=null, http://www.dbunit.org/properties/batchSize=100, http://www.dbunit.org/features/qualifiedTableNames=false, http://www.dbunit.org/properties/tableType=[Ljava.lang.String;@6d6f28, http://www.dbunit.org/properties/resultSetTableFactory=org.dbunit.database.CachedResultSetTableFactory@9cde9a, http://www.dbunit.org/features/datatypeWarning=true}], _dataSet=AbstractDataSet[_orderedTableNameMap=null], metaData=tableName=USER, columns=[(UUID, VARCHAR, noNulls), (FIRSTNAME, VARCHAR, nullable), (LASTNAME, VARCHAR, nullable), (FULLNAME, VARCHAR, nullable), (DESCRIPTION, VARCHAR, nullable), (USERNAME, VARCHAR, nullable), (PASSWORD, VARCHAR, nullable), (LASTLOGINTIME, BIGINT, noNulls), (DELETED, BOOLEAN, noNulls)], keys=[(UUID, VARCHAR, noNulls)]) - start
08:54:28,266 DEBUG org.dbunit.operation.UpdateOperation:63 - getOperationData(metaData=tableName=USER, columns=[(UUID, VARCHAR, noNulls), (FIRSTNAME, VARCHAR, nullable), (LASTNAME, VARCHAR, nullable), (FULLNAME, VARCHAR, nullable), (DESCRIPTION, VARCHAR, nullable), (USERNAME, VARCHAR, nullable), (PASSWORD, VARCHAR, nullable), (LASTLOGINTIME, BIGINT, noNulls), (DELETED, BOOLEAN, noNulls)], keys=[(UUID, VARCHAR, noNulls)], ignoreMapping=null, connection=_databaseConfig=org.dbunit.database.DatabaseConfig[, _propertyMap={http://www.dbunit.org/properties/statementFactory=org.dbunit.database.statement.PreparedStatementFactory@eb5ea0, http://www.dbunit.org/features/caseSensitiveTableNames=false, http://www.dbunit.org/properties/fetchSize=100, http://www.dbunit.org/features/batchedStatements=false, http://www.dbunit.org/properties/metadataHandler=org.dbunit.database.DefaultMetadataHandler@60648, http://www.dbunit.org/properties/datatypeFactory=org.dbunit.dataset.datatype.DefaultDataTypeFactory[_toleratedDeltaMap=org.dbunit.dataset.datatype.ToleratedDeltaMap@133a07d], http://www.dbunit.org/properties/escapePattern=null, http://www.dbunit.org/properties/batchSize=100, http://www.dbunit.org/features/qualifiedTableNames=false, http://www.dbunit.org/properties/tableType=[Ljava.lang.String;@6d6f28, http://www.dbunit.org/properties/resultSetTableFactory=org.dbunit.database.CachedResultSetTableFactory@9cde9a, http://www.dbunit.org/features/datatypeWarning=true}], _dataSet=AbstractDataSet[_orderedTableNameMap=null]) - start
08:54:28,267 DEBUG org.dbunit.operation.AbstractOperation:55 - getQualifiedName(prefix=null, name=USER, connection=_databaseConfig=org.dbunit.database.DatabaseConfig[, _propertyMap={http://www.dbunit.org/properties/statementFactory=org.dbunit.database.statement.PreparedStatementFactory@eb5ea0, http://www.dbunit.org/features/caseSensitiveTableNames=false, http://www.dbunit.org/properties/fetchSize=100, http://www.dbunit.org/features/batchedStatements=false, http://www.dbunit.org/properties/metadataHandler=org.dbunit.database.DefaultMetadataHandler@60648, http://www.dbunit.org/properties/datatypeFactory=org.dbunit.dataset.datatype.DefaultDataTypeFactory[_toleratedDeltaMap=org.dbunit.dataset.datatype.ToleratedDeltaMap@133a07d], http://www.dbunit.org/properties/escapePattern=null, http://www.dbunit.org/properties/batchSize=100, http://www.dbunit.org/features/qualifiedTableNames=false, http://www.dbunit.org/properties/tableType=[Ljava.lang.String;@6d6f28, http://www.dbunit.org/properties/resultSetTableFactory=org.dbunit.database.CachedResultSetTableFactory@9cde9a, http://www.dbunit.org/features/datatypeWarning=true}], _dataSet=AbstractDataSet[_orderedTableNameMap=null]) - start
08:54:28,267 DEBUG org.dbunit.util.QualifiedTableName:126 - getQualifiedName() - start
08:54:28,268 DEBUG org.dbunit.util.QualifiedTableName:190 - getQualifiedName(prefix=null, name=USER, escapePattern=null) - start
08:54:28,269 DEBUG org.dbunit.dataset.Columns:154 - getColumn(columnName=UUID, columns=[(UUID, VARCHAR, noNulls)]) - start
08:54:28,269 DEBUG org.dbunit.dataset.Columns:154 - getColumn(columnName=FIRSTNAME, columns=[(UUID, VARCHAR, noNulls)]) - start
08:54:28,270 DEBUG org.dbunit.operation.AbstractOperation:55 - getQualifiedName(prefix=null, name=FIRSTNAME, connection=_databaseConfig=org.dbunit.database.DatabaseConfig[, _propertyMap={http://www.dbunit.org/properties/statementFactory=org.dbunit.database.statement.PreparedStatementFactory@eb5ea0, http://www.dbunit.org/features/caseSensitiveTableNames=false, http://www.dbunit.org/properties/fetchSize=100, http://www.dbunit.org/features/batchedStatements=false, http://www.dbunit.org/properties/metadataHandler=org.dbunit.database.DefaultMetadataHandler@60648, http://www.dbunit.org/properties/datatypeFactory=org.dbunit.dataset.datatype.DefaultDataTypeFactory[_toleratedDeltaMap=org.dbunit.dataset.datatype.ToleratedDeltaMap@133a07d], http://www.dbunit.org/properties/escapePattern=null, http://www.dbunit.org/properties/batchSize=100, http://www.dbunit.org/features/qualifiedTableNames=false, http://www.dbunit.org/properties/tableType=[Ljava.lang.String;@6d6f28, http://www.dbunit.org/properties/resultSetTableFactory=org.dbunit.database.CachedResultSetTableFactory@9cde9a, http://www.dbunit.org/features/datatypeWarning=true}], _dataSet=AbstractDataSet[_orderedTableNameMap=null]) - start
08:54:28,270 DEBUG org.dbunit.util.QualifiedTableName:126 - getQualifiedName() - start
08:54:28,271 DEBUG org.dbunit.util.QualifiedTableName:190 - getQualifiedName(prefix=null, name=FIRSTNAME, escapePattern=null) - start
08:54:28,272 DEBUG org.dbunit.dataset.Columns:154 - getColumn(columnName=LASTNAME, columns=[(UUID, VARCHAR, noNulls)]) - start
08:54:28,272 DEBUG org.dbunit.operation.AbstractOperation:55 - getQualifiedName(prefix=null, name=LASTNAME, connection=_databaseConfig=org.dbunit.database.DatabaseConfig[, _propertyMap={http://www.dbunit.org/properties/statementFactory=org.dbunit.database.statement.PreparedStatementFactory@eb5ea0, http://www.dbunit.org/features/caseSensitiveTableNames=false, http://www.dbunit.org/properties/fetchSize=100, http://www.dbunit.org/features/batchedStatements=false, http://www.dbunit.org/properties/metadataHandler=org.dbunit.database.DefaultMetadataHandler@60648, http://www.dbunit.org/properties/datatypeFactory=org.dbunit.dataset.datatype.DefaultDataTypeFactory[_toleratedDeltaMap=org.dbunit.dataset.datatype.ToleratedDeltaMap@133a07d], http://www.dbunit.org/properties/escapePattern=null, http://www.dbunit.org/properties/batchSize=100, http://www.dbunit.org/features/qualifiedTableNames=false, http://www.dbunit.org/properties/tableType=[Ljava.lang.String;@6d6f28, http://www.dbunit.org/properties/resultSetTableFactory=org.dbunit.database.CachedResultSetTableFactory@9cde9a, http://www.dbunit.org/features/datatypeWarning=true}], _dataSet=AbstractDataSet[_orderedTableNameMap=null]) - start
08:54:28,273 DEBUG org.dbunit.util.QualifiedTableName:126 - getQualifiedName() - start
08:54:28,273 DEBUG org.dbunit.util.QualifiedTableName:190 - getQualifiedName(prefix=null, name=LASTNAME, escapePattern=null) - start
08:54:28,274 DEBUG org.dbunit.dataset.Columns:154 - getColumn(columnName=FULLNAME, columns=[(UUID, VARCHAR, noNulls)]) - start
08:54:28,274 DEBUG org.dbunit.operation.AbstractOperation:55 - getQualifiedName(prefix=null, name=FULLNAME, connection=_databaseConfig=org.dbunit.database.DatabaseConfig[, _propertyMap={http://www.dbunit.org/properties/statementFactory=org.dbunit.database.statement.PreparedStatementFactory@eb5ea0, http://www.dbunit.org/features/caseSensitiveTableNames=false, http://www.dbunit.org/properties/fetchSize=100, http://www.dbunit.org/features/batchedStatements=false, http://www.dbunit.org/properties/metadataHandler=org.dbunit.database.DefaultMetadataHandler@60648, http://www.dbunit.org/properties/datatypeFactory=org.dbunit.dataset.datatype.DefaultDataTypeFactory[_toleratedDeltaMap=org.dbunit.dataset.datatype.ToleratedDeltaMap@133a07d], http://www.dbunit.org/properties/escapePattern=null, http://www.dbunit.org/properties/batchSize=100, http://www.dbunit.org/features/qualifiedTableNames=false, http://www.dbunit.org/properties/tableType=[Ljava.lang.String;@6d6f28, http://www.dbunit.org/properties/resultSetTableFactory=org.dbunit.database.CachedResultSetTableFactory@9cde9a, http://www.dbunit.org/features/datatypeWarning=true}], _dataSet=AbstractDataSet[_orderedTableNameMap=null]) - start
08:54:28,275 DEBUG org.dbunit.util.QualifiedTableName:126 - getQualifiedName() - start
08:54:28,276 DEBUG org.dbunit.util.QualifiedTableName:190 - getQualifiedName(prefix=null, name=FULLNAME, escapePattern=null) - start
08:54:28,276 DEBUG org.dbunit.dataset.Columns:154 - getColumn(columnName=DESCRIPTION, columns=[(UUID, VARCHAR, noNulls)]) - start
08:54:28,277 DEBUG org.dbunit.operation.AbstractOperation:55 - getQualifiedName(prefix=null, name=DESCRIPTION, connection=_databaseConfig=org.dbunit.database.DatabaseConfig[, _propertyMap={http://www.dbunit.org/properties/statementFactory=org.dbunit.database.statement.PreparedStatementFactory@eb5ea0, http://www.dbunit.org/features/caseSensitiveTableNames=false, http://www.dbunit.org/properties/fetchSize=100, http://www.dbunit.org/features/batchedStatements=false, http://www.dbunit.org/properties/metadataHandler=org.dbunit.database.DefaultMetadataHandler@60648, http://www.dbunit.org/properties/datatypeFactory=org.dbunit.dataset.datatype.DefaultDataTypeFactory[_toleratedDeltaMap=org.dbunit.dataset.datatype.ToleratedDeltaMap@133a07d], http://www.dbunit.org/properties/escapePattern=null, http://www.dbunit.org/properties/batchSize=100, http://www.dbunit.org/features/qualifiedTableNames=false, http://www.dbunit.org/properties/tableType=[Ljava.lang.String;@6d6f28, http://www.dbunit.org/properties/resultSetTableFactory=org.dbunit.database.CachedResultSetTableFactory@9cde9a, http://www.dbunit.org/features/datatypeWarning=true}], _dataSet=AbstractDataSet[_orderedTableNameMap=null]) - start
08:54:28,277 DEBUG org.dbunit.util.QualifiedTableName:126 - getQualifiedName() - start
08:54:28,278 DEBUG org.dbunit.util.QualifiedTableName:190 - getQualifiedName(prefix=null, name=DESCRIPTION, escapePattern=null) - start
08:54:28,279 DEBUG org.dbunit.dataset.Columns:154 - getColumn(columnName=USERNAME, columns=[(UUID, VARCHAR, noNulls)]) - start
08:54:28,280 DEBUG org.dbunit.operation.AbstractOperation:55 - getQualifiedName(prefix=null, name=USERNAME, connection=_databaseConfig=org.dbunit.database.DatabaseConfig[, _propertyMap={http://www.dbunit.org/properties/statementFactory=org.dbunit.database.statement.PreparedStatementFactory@eb5ea0, http://www.dbunit.org/features/caseSensitiveTableNames=false, http://www.dbunit.org/properties/fetchSize=100, http://www.dbunit.org/features/batchedStatements=false, http://www.dbunit.org/properties/metadataHandler=org.dbunit.database.DefaultMetadataHandler@60648, http://www.dbunit.org/properties/datatypeFactory=org.dbunit.dataset.datatype.DefaultDataTypeFactory[_toleratedDeltaMap=org.dbunit.dataset.datatype.ToleratedDeltaMap@133a07d], http://www.dbunit.org/properties/escapePattern=null, http://www.dbunit.org/properties/batchSize=100, http://www.dbunit.org/features/qualifiedTableNames=false, http://www.dbunit.org/properties/tableType=[Ljava.lang.String;@6d6f28, http://www.dbunit.org/properties/resultSetTableFactory=org.dbunit.database.CachedResultSetTableFactory@9cde9a, http://www.dbunit.org/features/datatypeWarning=true}], _dataSet=AbstractDataSet[_orderedTableNameMap=null]) - start
08:54:28,280 DEBUG org.dbunit.util.QualifiedTableName:126 - getQualifiedName() - start
08:54:28,281 DEBUG org.dbunit.util.QualifiedTableName:190 - getQualifiedName(prefix=null, name=USERNAME, escapePattern=null) - start
08:54:28,282 DEBUG org.dbunit.dataset.Columns:154 - getColumn(columnName=PASSWORD, columns=[(UUID, VARCHAR, noNulls)]) - start
08:54:28,282 DEBUG org.dbunit.operation.AbstractOperation:55 - getQualifiedName(prefix=null, name=PASSWORD, connection=_databaseConfig=org.dbunit.database.DatabaseConfig[, _propertyMap={http://www.dbunit.org/properties/statementFactory=org.dbunit.database.statement.PreparedStatementFactory@eb5ea0, http://www.dbunit.org/features/caseSensitiveTableNames=false, http://www.dbunit.org/properties/fetchSize=100, http://www.dbunit.org/features/batchedStatements=false, http://www.dbunit.org/properties/metadataHandler=org.dbunit.database.DefaultMetadataHandler@60648, http://www.dbunit.org/properties/datatypeFactory=org.dbunit.dataset.datatype.DefaultDataTypeFactory[_toleratedDeltaMap=org.dbunit.dataset.datatype.ToleratedDeltaMap@133a07d], http://www.dbunit.org/properties/escapePattern=null, http://www.dbunit.org/properties/batchSize=100, http://www.dbunit.org/features/qualifiedTableNames=false, http://www.dbunit.org/properties/tableType=[Ljava.lang.String;@6d6f28, http://www.dbunit.org/properties/resultSetTableFactory=org.dbunit.database.CachedResultSetTableFactory@9cde9a, http://www.dbunit.org/features/datatypeWarning=true}], _dataSet=AbstractDataSet[_orderedTableNameMap=null]) - start
08:54:28,283 DEBUG org.dbunit.util.QualifiedTableName:126 - getQualifiedName() - start
08:54:28,284 DEBUG org.dbunit.util.QualifiedTableName:190 - getQualifiedName(prefix=null, name=PASSWORD, escapePattern=null) - start
08:54:28,284 DEBUG org.dbunit.dataset.Columns:154 - getColumn(columnName=LASTLOGINTIME, columns=[(UUID, VARCHAR, noNulls)]) - start
08:54:28,285 DEBUG org.dbunit.operation.AbstractOperation:55 - getQualifiedName(prefix=null, name=LASTLOGINTIME, connection=_databaseConfig=org.dbunit.database.DatabaseConfig[, _propertyMap={http://www.dbunit.org/properties/statementFactory=org.dbunit.database.statement.PreparedStatementFactory@eb5ea0, http://www.dbunit.org/features/caseSensitiveTableNames=false, http://www.dbunit.org/properties/fetchSize=100, http://www.dbunit.org/features/batchedStatements=false, http://www.dbunit.org/properties/metadataHandler=org.dbunit.database.DefaultMetadataHandler@60648, http://www.dbunit.org/properties/datatypeFactory=org.dbunit.dataset.datatype.DefaultDataTypeFactory[_toleratedDeltaMap=org.dbunit.dataset.datatype.ToleratedDeltaMap@133a07d], http://www.dbunit.org/properties/escapePattern=null, http://www.dbunit.org/properties/batchSize=100, http://www.dbunit.org/features/qualifiedTableNames=false, http://www.dbunit.org/properties/tableType=[Ljava.lang.String;@6d6f28, http://www.dbunit.org/properties/resultSetTableFactory=org.dbunit.database.CachedResultSetTableFactory@9cde9a, http://www.dbunit.org/features/datatypeWarning=true}], _dataSet=AbstractDataSet[_orderedTableNameMap=null]) - start
08:54:28,286 DEBUG org.dbunit.util.QualifiedTableName:126 - getQualifiedName() - start
08:54:28,286 DEBUG org.dbunit.util.QualifiedTableName:190 - getQualifiedName(prefix=null, name=LASTLOGINTIME, escapePattern=null) - start
08:54:28,287 DEBUG org.dbunit.dataset.Columns:154 - getColumn(columnName=DELETED, columns=[(UUID, VARCHAR, noNulls)]) - start
08:54:28,288 DEBUG org.dbunit.operation.AbstractOperation:55 - getQualifiedName(prefix=null, name=DELETED, connection=_databaseConfig=org.dbunit.database.DatabaseConfig[, _propertyMap={http://www.dbunit.org/properties/statementFactory=org.dbunit.database.statement.PreparedStatementFactory@eb5ea0, http://www.dbunit.org/features/caseSensitiveTableNames=false, http://www.dbunit.org/properties/fetchSize=100, http://www.dbunit.org/features/batchedStatements=false, http://www.dbunit.org/properties/metadataHandler=org.dbunit.database.DefaultMetadataHandler@60648, http://www.dbunit.org/properties/datatypeFactory=org.dbunit.dataset.datatype.DefaultDataTypeFactory[_toleratedDeltaMap=org.dbunit.dataset.datatype.ToleratedDeltaMap@133a07d], http://www.dbunit.org/properties/escapePattern=null, http://www.dbunit.org/properties/batchSize=100, http://www.dbunit.org/features/qualifiedTableNames=false, http://www.dbunit.org/properties/tableType=[Ljava.lang.String;@6d6f28, http://www.dbunit.org/properties/resultSetTableFactory=org.dbunit.database.CachedResultSetTableFactory@9cde9a, http://www.dbunit.org/features/datatypeWarning=true}], _dataSet=AbstractDataSet[_orderedTableNameMap=null]) - start
08:54:28,289 DEBUG org.dbunit.util.QualifiedTableName:126 - getQualifiedName() - start
08:54:28,289 DEBUG org.dbunit.util.QualifiedTableName:190 - getQualifiedName(prefix=null, name=DELETED, escapePattern=null) - start
08:54:28,290 DEBUG org.dbunit.operation.AbstractOperation:55 - getQualifiedName(prefix=null, name=UUID, connection=_databaseConfig=org.dbunit.database.DatabaseConfig[, _propertyMap={http://www.dbunit.org/properties/statementFactory=org.dbunit.database.statement.PreparedStatementFactory@eb5ea0, http://www.dbunit.org/features/caseSensitiveTableNames=false, http://www.dbunit.org/properties/fetchSize=100, http://www.dbunit.org/features/batchedStatements=false, http://www.dbunit.org/properties/metadataHandler=org.dbunit.database.DefaultMetadataHandler@60648, http://www.dbunit.org/properties/datatypeFactory=org.dbunit.dataset.datatype.DefaultDataTypeFactory[_toleratedDeltaMap=org.dbunit.dataset.datatype.ToleratedDeltaMap@133a07d], http://www.dbunit.org/properties/escapePattern=null, http://www.dbunit.org/properties/batchSize=100, http://www.dbunit.org/features/qualifiedTableNames=false, http://www.dbunit.org/properties/tableType=[Ljava.lang.String;@6d6f28, http://www.dbunit.org/properties/resultSetTableFactory=org.dbunit.database.CachedResultSetTableFactory@9cde9a, http://www.dbunit.org/features/datatypeWarning=true}], _dataSet=AbstractDataSet[_orderedTableNameMap=null]) - start
08:54:28,290 DEBUG org.dbunit.util.QualifiedTableName:126 - getQualifiedName() - start
08:54:28,291 DEBUG org.dbunit.util.QualifiedTableName:190 - getQualifiedName(prefix=null, name=UUID, escapePattern=null) - start
08:54:28,291 DEBUG org.dbunit.database.DatabaseDataSourceConnection:113 - getConnection() - start
08:54:28,292 DEBUG org.dbunit.operation.RefreshOperation$RowOperation:180 - execute(table=org.dbunit.dataset.DefaultTable[_metaData=tableName=user, columns=[(uuid, UNKNOWN, nullableUnknown), (firstName, UNKNOWN, nullableUnknown), (lastName, UNKNOWN, nullableUnknown), (fullName, UNKNOWN, nullableUnknown), (description, UNKNOWN, nullableUnknown), (username, UNKNOWN, nullableUnknown), (password, UNKNOWN, nullableUnknown), (lastLoginTime, UNKNOWN, nullableUnknown), (deleted, UNKNOWN, nullableUnknown)], keys=[], _rowList.size()=1], row=0) - start
08:54:28,292 DEBUG org.dbunit.dataset.DefaultTable:192 - getValue(row=0, column=FIRSTNAME) - start
08:54:28,293 DEBUG org.dbunit.dataset.AbstractTable:41 - assertValidRowIndex(row=0) - start
08:54:28,293 DEBUG org.dbunit.dataset.AbstractTable:51 - assertValidRowIndex(row=0, rowCount=1) - start
08:54:28,293 DEBUG org.dbunit.dataset.AbstractTable:75 - getColumnIndex(columnName=FIRSTNAME) - start
08:54:28,293 DEBUG org.dbunit.dataset.AbstractTableMetaData:101 - getColumnIndex(columnName=FIRSTNAME) - start
08:54:28,294 DEBUG org.dbunit.database.statement.SimplePreparedStatement:64 - addValue(value=OpenHDS, dataType=VARCHAR) - start
08:54:28,294 DEBUG org.dbunit.dataset.datatype.StringDataType:157 - setSqlValue(value=OpenHDS, column=1, statement=prep221: update USER set FIRSTNAME = ?, LASTNAME = ?, FULLNAME = ?, DESCRIPTION = ?, USERNAME = ?, PASSWORD = ?, LASTLOGINTIME = ?, DELETED = ? where UUID = ?) - start
08:54:28,294 DEBUG org.dbunit.dataset.datatype.DataType:177 - asString(value=OpenHDS) - start
08:54:28,295 DEBUG org.dbunit.dataset.datatype.StringDataType:59 - typeCast(value=OpenHDS) - start
08:54:28,295 DEBUG org.dbunit.dataset.DefaultTable:192 - getValue(row=0, column=LASTNAME) - start
08:54:28,295 DEBUG org.dbunit.dataset.AbstractTable:41 - assertValidRowIndex(row=0) - start
08:54:28,296 DEBUG org.dbunit.dataset.AbstractTable:51 - assertValidRowIndex(row=0, rowCount=1) - start
08:54:28,296 DEBUG org.dbunit.dataset.AbstractTable:75 - getColumnIndex(columnName=LASTNAME) - start
08:54:28,296 DEBUG org.dbunit.dataset.AbstractTableMetaData:101 - getColumnIndex(columnName=LASTNAME) - start
08:54:28,297 DEBUG org.dbunit.database.statement.SimplePreparedStatement:64 - addValue(value=Administrator, dataType=VARCHAR) - start
08:54:28,297 DEBUG org.dbunit.dataset.datatype.StringDataType:157 - setSqlValue(value=Administrator, column=2, statement=prep221: update USER set FIRSTNAME = ?, LASTNAME = ?, FULLNAME = ?, DESCRIPTION = ?, USERNAME = ?, PASSWORD = ?, LASTLOGINTIME = ?, DELETED = ? where UUID = ? {1: &apos;OpenHDS&apos;}) - start
08:54:28,298 DEBUG org.dbunit.dataset.datatype.DataType:177 - asString(value=Administrator) - start
08:54:28,298 DEBUG org.dbunit.dataset.datatype.StringDataType:59 - typeCast(value=Administrator) - start
08:54:28,299 DEBUG org.dbunit.dataset.DefaultTable:192 - getValue(row=0, column=FULLNAME) - start
08:54:28,299 DEBUG org.dbunit.dataset.AbstractTable:41 - assertValidRowIndex(row=0) - start
08:54:28,299 DEBUG org.dbunit.dataset.AbstractTable:51 - assertValidRowIndex(row=0, rowCount=1) - start
08:54:28,299 DEBUG org.dbunit.dataset.AbstractTable:75 - getColumnIndex(columnName=FULLNAME) - start
08:54:28,300 DEBUG org.dbunit.dataset.AbstractTableMetaData:101 - getColumnIndex(columnName=FULLNAME) - start
08:54:28,300 DEBUG org.dbunit.database.statement.SimplePreparedStatement:64 - addValue(value=Administrator, dataType=VARCHAR) - start
08:54:28,300 DEBUG org.dbunit.dataset.datatype.StringDataType:157 - setSqlValue(value=Administrator, column=3, statement=prep221: update USER set FIRSTNAME = ?, LASTNAME = ?, FULLNAME = ?, DESCRIPTION = ?, USERNAME = ?, PASSWORD = ?, LASTLOGINTIME = ?, DELETED = ? where UUID = ? {1: &apos;OpenHDS&apos;, 2: &apos;Administrator&apos;}) - start
08:54:28,301 DEBUG org.dbunit.dataset.datatype.DataType:177 - asString(value=Administrator) - start
08:54:28,301 DEBUG org.dbunit.dataset.datatype.StringDataType:59 - typeCast(value=Administrator) - start
08:54:28,301 DEBUG org.dbunit.dataset.DefaultTable:192 - getValue(row=0, column=DESCRIPTION) - start
08:54:28,302 DEBUG org.dbunit.dataset.AbstractTable:41 - assertValidRowIndex(row=0) - start
08:54:28,302 DEBUG org.dbunit.dataset.AbstractTable:51 - assertValidRowIndex(row=0, rowCount=1) - start
08:54:28,303 DEBUG org.dbunit.dataset.AbstractTable:75 - getColumnIndex(columnName=DESCRIPTION) - start
08:54:28,303 DEBUG org.dbunit.dataset.AbstractTableMetaData:101 - getColumnIndex(columnName=DESCRIPTION) - start
08:54:28,303 DEBUG org.dbunit.database.statement.SimplePreparedStatement:64 - addValue(value=Administrator User, dataType=VARCHAR) - start
08:54:28,304 DEBUG org.dbunit.dataset.datatype.StringDataType:157 - setSqlValue(value=Administrator User, column=4, statement=prep221: update USER set FIRSTNAME = ?, LASTNAME = ?, FULLNAME = ?, DESCRIPTION = ?, USERNAME = ?, PASSWORD = ?, LASTLOGINTIME = ?, DELETED = ? where UUID = ? {1: &apos;OpenHDS&apos;, 2: &apos;Administrator&apos;, 3: &apos;Administrator&apos;}) - start
08:54:28,304 DEBUG org.dbunit.dataset.datatype.DataType:177 - asString(value=Administrator User) - start
08:54:28,304 DEBUG org.dbunit.dataset.datatype.StringDataType:59 - typeCast(value=Administrator User) - start
08:54:28,305 DEBUG org.dbunit.dataset.DefaultTable:192 - getValue(row=0, column=USERNAME) - start
08:54:28,305 DEBUG org.dbunit.dataset.AbstractTable:41 - assertValidRowIndex(row=0) - start
08:54:28,306 DEBUG org.dbunit.dataset.AbstractTable:51 - assertValidRowIndex(row=0, rowCount=1) - start
08:54:28,306 DEBUG org.dbunit.dataset.AbstractTable:75 - getColumnIndex(columnName=USERNAME) - start
08:54:28,306 DEBUG org.dbunit.dataset.AbstractTableMetaData:101 - getColumnIndex(columnName=USERNAME) - start
08:54:28,307 DEBUG org.dbunit.database.statement.SimplePreparedStatement:64 - addValue(value=admin, dataType=VARCHAR) - start
08:54:28,307 DEBUG org.dbunit.dataset.datatype.StringDataType:157 - setSqlValue(value=admin, column=5, statement=prep221: update USER set FIRSTNAME = ?, LASTNAME = ?, FULLNAME = ?, DESCRIPTION = ?, USERNAME = ?, PASSWORD = ?, LASTLOGINTIME = ?, DELETED = ? where UUID = ? {1: &apos;OpenHDS&apos;, 2: &apos;Administrator&apos;, 3: &apos;Administrator&apos;, 4: &apos;Administrator User&apos;}) - start
08:54:28,307 DEBUG org.dbunit.dataset.datatype.DataType:177 - asString(value=admin) - start
08:54:28,311 DEBUG org.dbunit.dataset.datatype.StringDataType:59 - typeCast(value=admin) - start
08:54:28,311 DEBUG org.dbunit.dataset.DefaultTable:192 - getValue(row=0, column=PASSWORD) - start
08:54:28,311 DEBUG org.dbunit.dataset.AbstractTable:41 - assertValidRowIndex(row=0) - start
08:54:28,312 DEBUG org.dbunit.dataset.AbstractTable:51 - assertValidRowIndex(row=0, rowCount=1) - start
08:54:28,312 DEBUG org.dbunit.dataset.AbstractTable:75 - getColumnIndex(columnName=PASSWORD) - start
08:54:28,313 DEBUG org.dbunit.dataset.AbstractTableMetaData:101 - getColumnIndex(columnName=PASSWORD) - start
08:54:28,313 DEBUG org.dbunit.database.statement.SimplePreparedStatement:64 - addValue(value=test, dataType=VARCHAR) - start
08:54:28,314 DEBUG org.dbunit.dataset.datatype.StringDataType:157 - setSqlValue(value=test, column=6, statement=prep221: update USER set FIRSTNAME = ?, LASTNAME = ?, FULLNAME = ?, DESCRIPTION = ?, USERNAME = ?, PASSWORD = ?, LASTLOGINTIME = ?, DELETED = ? where UUID = ? {1: &apos;OpenHDS&apos;, 2: &apos;Administrator&apos;, 3: &apos;Administrator&apos;, 4: &apos;Administrator User&apos;, 5: &apos;admin&apos;}) - start
08:54:28,314 DEBUG org.dbunit.dataset.datatype.DataType:177 - asString(value=test) - start
08:54:28,314 DEBUG org.dbunit.dataset.datatype.StringDataType:59 - typeCast(value=test) - start
08:54:28,315 DEBUG org.dbunit.dataset.DefaultTable:192 - getValue(row=0, column=LASTLOGINTIME) - start
08:54:28,315 DEBUG org.dbunit.dataset.AbstractTable:41 - assertValidRowIndex(row=0) - start
08:54:28,315 DEBUG org.dbunit.dataset.AbstractTable:51 - assertValidRowIndex(row=0, rowCount=1) - start
08:54:28,316 DEBUG org.dbunit.dataset.AbstractTable:75 - getColumnIndex(columnName=LASTLOGINTIME) - start
08:54:28,316 DEBUG org.dbunit.dataset.AbstractTableMetaData:101 - getColumnIndex(columnName=LASTLOGINTIME) - start
08:54:28,317 DEBUG org.dbunit.database.statement.SimplePreparedStatement:64 - addValue(value=0, dataType=BIGINT) - start
08:54:28,317 DEBUG org.dbunit.dataset.datatype.BigIntegerDataType:112 - setSqlValue(value=0, column=7, statement=prep221: update USER set FIRSTNAME = ?, LASTNAME = ?, FULLNAME = ?, DESCRIPTION = ?, USERNAME = ?, PASSWORD = ?, LASTLOGINTIME = ?, DELETED = ? where UUID = ? {1: &apos;OpenHDS&apos;, 2: &apos;Administrator&apos;, 3: &apos;Administrator&apos;, 4: &apos;Administrator User&apos;, 5: &apos;admin&apos;, 6: &apos;test&apos;}) - start
08:54:28,318 DEBUG org.dbunit.dataset.datatype.BigIntegerDataType:62 - typeCast(value=0) - start
08:54:28,320 DEBUG org.dbunit.dataset.DefaultTable:192 - getValue(row=0, column=DELETED) - start
08:54:28,321 DEBUG org.dbunit.dataset.AbstractTable:41 - assertValidRowIndex(row=0) - start
08:54:28,321 DEBUG org.dbunit.dataset.AbstractTable:51 - assertValidRowIndex(row=0, rowCount=1) - start
08:54:28,322 DEBUG org.dbunit.dataset.AbstractTable:75 - getColumnIndex(columnName=DELETED) - start
08:54:28,323 DEBUG org.dbunit.dataset.AbstractTableMetaData:101 - getColumnIndex(columnName=DELETED) - start
08:54:28,323 DEBUG org.dbunit.database.statement.SimplePreparedStatement:64 - addValue(value=false, dataType=BOOLEAN) - start
08:54:28,324 DEBUG org.dbunit.dataset.datatype.BooleanDataType:143 - setSqlValue(value=false, column=8, statement=prep221: update USER set FIRSTNAME = ?, LASTNAME = ?, FULLNAME = ?, DESCRIPTION = ?, USERNAME = ?, PASSWORD = ?, LASTLOGINTIME = ?, DELETED = ? where UUID = ? {1: &apos;OpenHDS&apos;, 2: &apos;Administrator&apos;, 3: &apos;Administrator&apos;, 4: &apos;Administrator User&apos;, 5: &apos;admin&apos;, 6: &apos;test&apos;, 7: 0}) - start
08:54:28,324 DEBUG org.dbunit.dataset.datatype.BooleanDataType:66 - typeCast(value=false) - start
08:54:28,325 DEBUG org.dbunit.dataset.DefaultTable:192 - getValue(row=0, column=UUID) - start
08:54:28,326 DEBUG org.dbunit.dataset.AbstractTable:41 - assertValidRowIndex(row=0) - start
08:54:28,326 DEBUG org.dbunit.dataset.AbstractTable:51 - assertValidRowIndex(row=0, rowCount=1) - start
08:54:28,327 DEBUG org.dbunit.dataset.AbstractTable:75 - getColumnIndex(columnName=UUID) - start
08:54:28,327 DEBUG org.dbunit.dataset.AbstractTableMetaData:101 - getColumnIndex(columnName=UUID) - start
08:54:28,328 DEBUG org.dbunit.database.statement.SimplePreparedStatement:64 - addValue(value=User 1, dataType=VARCHAR) - start
08:54:28,328 DEBUG org.dbunit.dataset.datatype.StringDataType:157 - setSqlValue(value=User 1, column=9, statement=prep221: update USER set FIRSTNAME = ?, LASTNAME = ?, FULLNAME = ?, DESCRIPTION = ?, USERNAME = ?, PASSWORD = ?, LASTLOGINTIME = ?, DELETED = ? where UUID = ? {1: &apos;OpenHDS&apos;, 2: &apos;Administrator&apos;, 3: &apos;Administrator&apos;, 4: &apos;Administrator User&apos;, 5: &apos;admin&apos;, 6: &apos;test&apos;, 7: 0, 8: FALSE}) - start
08:54:28,329 DEBUG org.dbunit.dataset.datatype.DataType:177 - asString(value=User 1) - start
08:54:28,330 DEBUG org.dbunit.dataset.datatype.StringDataType:59 - typeCast(value=User 1) - start
08:54:28,330 DEBUG org.dbunit.database.statement.SimplePreparedStatement:78 - addBatch() - start
08:54:28,331 DEBUG org.dbunit.database.statement.SimplePreparedStatement:90 - executeBatch() - start
08:54:28,332 DEBUG org.dbunit.database.statement.SimplePreparedStatement:99 - clearBatch() - start
08:54:28,332 DEBUG org.dbunit.database.statement.SimplePreparedStatement:99 - clearBatch() - start
08:54:28,333 DEBUG org.dbunit.operation.RefreshOperation$RowOperation:180 - execute(table=org.dbunit.dataset.DefaultTable[_metaData=tableName=user, columns=[(uuid, UNKNOWN, nullableUnknown), (firstName, UNKNOWN, nullableUnknown), (lastName, UNKNOWN, nullableUnknown), (fullName, UNKNOWN, nullableUnknown), (description, UNKNOWN, nullableUnknown), (username, UNKNOWN, nullableUnknown), (password, UNKNOWN, nullableUnknown), (lastLoginTime, UNKNOWN, nullableUnknown), (deleted, UNKNOWN, nullableUnknown)], keys=[], _rowList.size()=1], row=1) - start
08:54:28,333 DEBUG org.dbunit.dataset.DefaultTable:192 - getValue(row=1, column=FIRSTNAME) - start
08:54:28,334 DEBUG org.dbunit.dataset.AbstractTable:41 - assertValidRowIndex(row=1) - start
08:54:28,334 DEBUG org.dbunit.dataset.AbstractTable:51 - assertValidRowIndex(row=1, rowCount=1) - start
08:54:28,335 DEBUG org.dbunit.operation.RefreshOperation$RowOperation:204 - close() - start
08:54:28,335 DEBUG org.dbunit.database.statement.AbstractPreparedBatchStatement:54 - close() - start
08:54:28,336 DEBUG org.dbunit.operation.RefreshOperation$RowOperation:204 - close() - start
08:54:28,336 DEBUG org.dbunit.dataset.DefaultTableIterator:76 - getTable() - start
08:54:28,338 DEBUG org.dbunit.operation.AbstractBatchOperation:64 - isEmpty(table=org.dbunit.dataset.DefaultTable[_metaData=tableName=user_roles, columns=[(user_uuid, UNKNOWN, nullableUnknown), (role_uuid, UNKNOWN, nullableUnknown)], keys=[], _rowList.size()=1]) - start
08:54:28,339 DEBUG org.dbunit.dataset.DefaultTable:192 - getValue(row=0, column=user_uuid) - start
08:54:28,339 DEBUG org.dbunit.dataset.AbstractTable:41 - assertValidRowIndex(row=0) - start
08:54:28,340 DEBUG org.dbunit.dataset.AbstractTable:51 - assertValidRowIndex(row=0, rowCount=1) - start
08:54:28,340 DEBUG org.dbunit.dataset.AbstractTable:75 - getColumnIndex(columnName=user_uuid) - start
08:54:28,341 DEBUG org.dbunit.dataset.AbstractTableMetaData:101 - getColumnIndex(columnName=user_uuid) - start
08:54:28,342 DEBUG org.dbunit.operation.AbstractOperation:75 - getOperationMetaData(connection=_databaseConfig=org.dbunit.database.DatabaseConfig[, _propertyMap={http://www.dbunit.org/properties/statementFactory=org.dbunit.database.statement.PreparedStatementFactory@eb5ea0, http://www.dbunit.org/features/caseSensitiveTableNames=false, http://www.dbunit.org/properties/fetchSize=100, http://www.dbunit.org/features/batchedStatements=false, http://www.dbunit.org/properties/metadataHandler=org.dbunit.database.DefaultMetadataHandler@60648, http://www.dbunit.org/properties/datatypeFactory=org.dbunit.dataset.datatype.DefaultDataTypeFactory[_toleratedDeltaMap=org.dbunit.dataset.datatype.ToleratedDeltaMap@133a07d], http://www.dbunit.org/properties/escapePattern=null, http://www.dbunit.org/properties/batchSize=100, http://www.dbunit.org/features/qualifiedTableNames=false, http://www.dbunit.org/properties/tableType=[Ljava.lang.String;@6d6f28, http://www.dbunit.org/properties/resultSetTableFactory=org.dbunit.database.CachedResultSetTableFactory@9cde9a, http://www.dbunit.org/features/datatypeWarning=true}], _dataSet=AbstractDataSet[_orderedTableNameMap=null], metaData=tableName=user_roles, columns=[(user_uuid, UNKNOWN, nullableUnknown), (role_uuid, UNKNOWN, nullableUnknown)], keys=[]) - start
08:54:28,342 DEBUG org.dbunit.database.AbstractDatabaseConnection:66 - createDataSet() - start
08:54:28,343 DEBUG org.dbunit.database.DatabaseDataSet:279 - getTableMetaData(tableName=user_roles) - start
08:54:28,343 DEBUG org.dbunit.database.DatabaseDataSet:173 - initialize() - start
08:54:28,344 DEBUG org.dbunit.dataset.OrderedTableNameMap:253 - getTableName(tableName=user_roles) - start
08:54:28,344 DEBUG org.dbunit.dataset.OrderedTableNameMap:264 - getTableName(tableName=user_roles) - end - result=USER_ROLES
08:54:28,345 DEBUG org.dbunit.dataset.OrderedTableNameMap:253 - getTableName(tableName=user_roles) - start
08:54:28,346 DEBUG org.dbunit.dataset.OrderedTableNameMap:264 - getTableName(tableName=user_roles) - end - result=USER_ROLES
08:54:28,346 DEBUG org.dbunit.database.DatabaseDataSourceConnection:113 - getConnection() - start
08:54:28,347 DEBUG org.dbunit.util.SQLHelper:657 - isEscaped returns &apos;false&apos; for tableName=user_roles (dbIdentifierQuoteString=&quot;)
08:54:28,347 DEBUG org.dbunit.util.SQLHelper:637 - class org.dbunit.database.DatabaseTableMetaData. Corrected table name: oldValue=user_roles newValue=USER_ROLES
08:54:28,348 DEBUG org.dbunit.database.DatabaseTableMetaData:139 - Validating if table &apos;USER_ROLES&apos; exists in schema &apos;null&apos; ...
08:54:28,349 DEBUG org.dbunit.util.SQLHelper:117 - close(resultSet=org.apache.commons.dbcp.DelegatingResultSet@176de62) - start
08:54:28,350 DEBUG org.dbunit.dataset.OrderedTableNameMap:234 - getColumns() - start
08:54:28,350 DEBUG org.dbunit.dataset.OrderedTableNameMap:234 - getConnection() - start
08:54:28,352 DEBUG org.dbunit.dataset.OrderedTableNameMap:234 - getConnection() - start
08:54:28,353  WARN org.dbunit.dataset.OrderedTableNameMap:234 - Potential problem found: The configured data type factory &apos;class org.dbunit.dataset.datatype.DefaultDataTypeFactory&apos; might cause problems with the current database &apos;H2&apos; (e.g. some datatypes may not be supported properly). In rare cases you might see this message because the list of supported database products is incomplete (list=[derby]). If so please request a java-class update via the forums.If you are using your own IDataTypeFactory extending DefaultDataTypeFactory, ensure that you override getValidDbProducts() to specify the supported database products.
08:54:28,354 DEBUG org.dbunit.dataset.OrderedTableNameMap:234 - Comparing the following values using caseSensitive=false (searched&lt;=&gt;actual): catalog: null&lt;=&gt;OPENHDS schema: null&lt;=&gt;PUBLIC table: USER_ROLES&lt;=&gt;USER_ROLES column: null&lt;=&gt;USER_UUID
08:54:28,354 DEBUG org.dbunit.dataset.OrderedTableNameMap:234 - createDataType(sqlType=12 , sqlTypeName=VARCHAR, tableName=USER_ROLES, columnName=USER_UUID) - start
08:54:28,355 DEBUG org.dbunit.dataset.OrderedTableNameMap:234 - createDataType(sqlType=12, sqlTypeName=VARCHAR) - start
08:54:28,355 DEBUG org.dbunit.dataset.OrderedTableNameMap:234 - forSqlType(sqlType=12) - start
08:54:28,356 DEBUG org.dbunit.dataset.OrderedTableNameMap:234 - getSqlType() - start
08:54:28,357 DEBUG org.dbunit.dataset.OrderedTableNameMap:234 - nullableValue(nullable=0) - start
08:54:28,357 DEBUG org.dbunit.dataset.OrderedTableNameMap:234 - autoIncrementValue(isAutoIncrement=NO) - start
08:54:28,358 DEBUG org.dbunit.dataset.OrderedTableNameMap:234 - Comparing the following values using caseSensitive=false (searched&lt;=&gt;actual): catalog: null&lt;=&gt;OPENHDS schema: null&lt;=&gt;PUBLIC table: USER_ROLES&lt;=&gt;USER_ROLES column: null&lt;=&gt;ROLE_UUID
08:54:28,359 DEBUG org.dbunit.dataset.OrderedTableNameMap:234 - createDataType(sqlType=12 , sqlTypeName=VARCHAR, tableName=USER_ROLES, columnName=ROLE_UUID) - start
08:54:28,360 DEBUG org.dbunit.dataset.OrderedTableNameMap:234 - createDataType(sqlType=12, sqlTypeName=VARCHAR) - start
08:54:28,361 DEBUG org.dbunit.dataset.OrderedTableNameMap:234 - forSqlType(sqlType=12) - start
08:54:28,361 DEBUG org.dbunit.dataset.OrderedTableNameMap:234 - getSqlType() - start
08:54:28,362 DEBUG org.dbunit.dataset.OrderedTableNameMap:234 - nullableValue(nullable=0) - start
08:54:28,362 DEBUG org.dbunit.dataset.OrderedTableNameMap:234 - autoIncrementValue(isAutoIncrement=NO) - start
08:54:28,363 DEBUG org.dbunit.dataset.OrderedTableNameMap:234 - getPrimaryKeys() - start
08:54:28,364 DEBUG org.dbunit.dataset.OrderedTableNameMap:234 - getPrimaryKeyNames() - start
08:54:28,365 DEBUG org.dbunit.dataset.OrderedTableNameMap:234 - getConnection() - start
08:54:28,366 DEBUG org.dbunit.dataset.OrderedTableNameMap:234 - getName() - start
08:54:28,370 DEBUG org.dbunit.dataset.OrderedTableNameMap:234 - getName() - start
08:54:28,370 DEBUG org.dbunit.dataset.OrderedTableNameMap:234 - getColumns() - start
08:54:28,371 DEBUG org.dbunit.dataset.OrderedTableNameMap:234 - getColumns(columnNames=[USER_UUID, ROLE_UUID], columns=[(USER_UUID, VARCHAR, noNulls), (ROLE_UUID, VARCHAR, noNulls)]) - start
08:54:28,371 DEBUG org.dbunit.dataset.OrderedTableNameMap:234 - getColumn(columnName=USER_UUID, columns=[(USER_UUID, VARCHAR, noNulls), (ROLE_UUID, VARCHAR, noNulls)]) - start
08:54:28,371 DEBUG org.dbunit.dataset.OrderedTableNameMap:234 - getColumn(columnName=ROLE_UUID, columns=[(USER_UUID, VARCHAR, noNulls), (ROLE_UUID, VARCHAR, noNulls)]) - start
08:54:28,372 DEBUG org.dbunit.dataset.OrderedTableNameMap:234 - update(tableName=user_roles, object=table=USER_ROLES, cols=[(USER_UUID, VARCHAR, noNulls), (ROLE_UUID, VARCHAR, noNulls)], pk=[(USER_UUID, VARCHAR, noNulls), (ROLE_UUID, VARCHAR, noNulls)]) - start
08:54:28,372 DEBUG org.dbunit.dataset.OrderedTableNameMap:253 - getTableName(tableName=user_roles) - start
08:54:28,372 DEBUG org.dbunit.dataset.OrderedTableNameMap:264 - getTableName(tableName=user_roles) - end - result=USER_ROLES
08:54:28,372 DEBUG org.dbunit.dataset.OrderedTableNameMap:253 - getTableName(tableName=user_roles) - start
08:54:28,373 DEBUG org.dbunit.dataset.OrderedTableNameMap:264 - getTableName(tableName=user_roles) - end - result=USER_ROLES
08:54:28,373 DEBUG org.dbunit.dataset.AbstractTableMetaData:101 - getColumnIndex(columnName=user_uuid) - start
08:54:28,373 DEBUG org.dbunit.database.DatabaseTableMetaData:301 - getColumns() - start
08:54:28,374 DEBUG org.dbunit.database.DatabaseTableMetaData:301 - getColumns() - start
08:54:28,374 DEBUG org.dbunit.dataset.AbstractTableMetaData:101 - getColumnIndex(columnName=role_uuid) - start
08:54:28,374 DEBUG org.dbunit.database.DatabaseTableMetaData:301 - getColumns() - start
08:54:28,374 DEBUG org.dbunit.database.DatabaseTableMetaData:374 - getPrimaryKeys() - start
08:54:28,375 DEBUG org.dbunit.operation.RefreshOperation:146 - createUpdateOperation(connection=_databaseConfig=org.dbunit.database.DatabaseConfig[, _propertyMap={http://www.dbunit.org/properties/statementFactory=org.dbunit.database.statement.PreparedStatementFactory@eb5ea0, http://www.dbunit.org/features/caseSensitiveTableNames=false, http://www.dbunit.org/properties/fetchSize=100, http://www.dbunit.org/features/batchedStatements=false, http://www.dbunit.org/properties/metadataHandler=org.dbunit.database.DefaultMetadataHandler@60648, http://www.dbunit.org/properties/datatypeFactory=org.dbunit.dataset.datatype.DefaultDataTypeFactory[_toleratedDeltaMap=org.dbunit.dataset.datatype.ToleratedDeltaMap@133a07d], http://www.dbunit.org/properties/escapePattern=null, http://www.dbunit.org/properties/batchSize=100, http://www.dbunit.org/features/qualifiedTableNames=false, http://www.dbunit.org/properties/tableType=[Ljava.lang.String;@6d6f28, http://www.dbunit.org/properties/resultSetTableFactory=org.dbunit.database.CachedResultSetTableFactory@9cde9a, http://www.dbunit.org/features/datatypeWarning=true}], _dataSet=AbstractDataSet[_orderedTableNameMap=null], metaData=tableName=USER_ROLES, columns=[(USER_UUID, VARCHAR, noNulls), (ROLE_UUID, VARCHAR, noNulls)], keys=[(USER_UUID, VARCHAR, noNulls), (ROLE_UUID, VARCHAR, noNulls)]) - start
08:54:28,375 DEBUG org.dbunit.operation.RefreshOperation$RowExistOperation:308 - getSelectCountData(metaData=tableName=USER_ROLES, columns=[(USER_UUID, VARCHAR, noNulls), (ROLE_UUID, VARCHAR, noNulls)], keys=[(USER_UUID, VARCHAR, noNulls), (ROLE_UUID, VARCHAR, noNulls)], connection=_databaseConfig=org.dbunit.database.DatabaseConfig[, _propertyMap={http://www.dbunit.org/properties/statementFactory=org.dbunit.database.statement.PreparedStatementFactory@eb5ea0, http://www.dbunit.org/features/caseSensitiveTableNames=false, http://www.dbunit.org/properties/fetchSize=100, http://www.dbunit.org/features/batchedStatements=false, http://www.dbunit.org/properties/metadataHandler=org.dbunit.database.DefaultMetadataHandler@60648, http://www.dbunit.org/properties/datatypeFactory=org.dbunit.dataset.datatype.DefaultDataTypeFactory[_toleratedDeltaMap=org.dbunit.dataset.datatype.ToleratedDeltaMap@133a07d], http://www.dbunit.org/properties/escapePattern=null, http://www.dbunit.org/properties/batchSize=100, http://www.dbunit.org/features/qualifiedTableNames=false, http://www.dbunit.org/properties/tableType=[Ljava.lang.String;@6d6f28, http://www.dbunit.org/properties/resultSetTableFactory=org.dbunit.database.CachedResultSetTableFactory@9cde9a, http://www.dbunit.org/features/datatypeWarning=true}], _dataSet=AbstractDataSet[_orderedTableNameMap=null]) - start
08:54:28,376 DEBUG org.dbunit.operation.AbstractOperation:55 - getQualifiedName(prefix=null, name=USER_ROLES, connection=_databaseConfig=org.dbunit.database.DatabaseConfig[, _propertyMap={http://www.dbunit.org/properties/statementFactory=org.dbunit.database.statement.PreparedStatementFactory@eb5ea0, http://www.dbunit.org/features/caseSensitiveTableNames=false, http://www.dbunit.org/properties/fetchSize=100, http://www.dbunit.org/features/batchedStatements=false, http://www.dbunit.org/properties/metadataHandler=org.dbunit.database.DefaultMetadataHandler@60648, http://www.dbunit.org/properties/datatypeFactory=org.dbunit.dataset.datatype.DefaultDataTypeFactory[_toleratedDeltaMap=org.dbunit.dataset.datatype.ToleratedDeltaMap@133a07d], http://www.dbunit.org/properties/escapePattern=null, http://www.dbunit.org/properties/batchSize=100, http://www.dbunit.org/features/qualifiedTableNames=false, http://www.dbunit.org/properties/tableType=[Ljava.lang.String;@6d6f28, http://www.dbunit.org/properties/resultSetTableFactory=org.dbunit.database.CachedResultSetTableFactory@9cde9a, http://www.dbunit.org/features/datatypeWarning=true}], _dataSet=AbstractDataSet[_orderedTableNameMap=null]) - start
08:54:28,376 DEBUG org.dbunit.util.QualifiedTableName:126 - getQualifiedName() - start
08:54:28,377 DEBUG org.dbunit.util.QualifiedTableName:190 - getQualifiedName(prefix=null, name=USER_ROLES, escapePattern=null) - start
08:54:28,377 DEBUG org.dbunit.operation.AbstractOperation:55 - getQualifiedName(prefix=null, name=USER_UUID, connection=_databaseConfig=org.dbunit.database.DatabaseConfig[, _propertyMap={http://www.dbunit.org/properties/statementFactory=org.dbunit.database.statement.PreparedStatementFactory@eb5ea0, http://www.dbunit.org/features/caseSensitiveTableNames=false, http://www.dbunit.org/properties/fetchSize=100, http://www.dbunit.org/features/batchedStatements=false, http://www.dbunit.org/properties/metadataHandler=org.dbunit.database.DefaultMetadataHandler@60648, http://www.dbunit.org/properties/datatypeFactory=org.dbunit.dataset.datatype.DefaultDataTypeFactory[_toleratedDeltaMap=org.dbunit.dataset.datatype.ToleratedDeltaMap@133a07d], http://www.dbunit.org/properties/escapePattern=null, http://www.dbunit.org/properties/batchSize=100, http://www.dbunit.org/features/qualifiedTableNames=false, http://www.dbunit.org/properties/tableType=[Ljava.lang.String;@6d6f28, http://www.dbunit.org/properties/resultSetTableFactory=org.dbunit.database.CachedResultSetTableFactory@9cde9a, http://www.dbunit.org/features/datatypeWarning=true}], _dataSet=AbstractDataSet[_orderedTableNameMap=null]) - start
08:54:28,377 DEBUG org.dbunit.util.QualifiedTableName:126 - getQualifiedName() - start
08:54:28,378 DEBUG org.dbunit.util.QualifiedTableName:190 - getQualifiedName(prefix=null, name=USER_UUID, escapePattern=null) - start
08:54:28,378 DEBUG org.dbunit.operation.AbstractOperation:55 - getQualifiedName(prefix=null, name=ROLE_UUID, connection=_databaseConfig=org.dbunit.database.DatabaseConfig[, _propertyMap={http://www.dbunit.org/properties/statementFactory=org.dbunit.database.statement.PreparedStatementFactory@eb5ea0, http://www.dbunit.org/features/caseSensitiveTableNames=false, http://www.dbunit.org/properties/fetchSize=100, http://www.dbunit.org/features/batchedStatements=false, http://www.dbunit.org/properties/metadataHandler=org.dbunit.database.DefaultMetadataHandler@60648, http://www.dbunit.org/properties/datatypeFactory=org.dbunit.dataset.datatype.DefaultDataTypeFactory[_toleratedDeltaMap=org.dbunit.dataset.datatype.ToleratedDeltaMap@133a07d], http://www.dbunit.org/properties/escapePattern=null, http://www.dbunit.org/properties/batchSize=100, http://www.dbunit.org/features/qualifiedTableNames=false, http://www.dbunit.org/properties/tableType=[Ljava.lang.String;@6d6f28, http://www.dbunit.org/properties/resultSetTableFactory=org.dbunit.database.CachedResultSetTableFactory@9cde9a, http://www.dbunit.org/features/datatypeWarning=true}], _dataSet=AbstractDataSet[_orderedTableNameMap=null]) - start
08:54:28,378 DEBUG org.dbunit.util.QualifiedTableName:126 - getQualifiedName() - start
08:54:28,379 DEBUG org.dbunit.util.QualifiedTableName:190 - getQualifiedName(prefix=null, name=ROLE_UUID, escapePattern=null) - start
08:54:28,379 DEBUG org.dbunit.database.DatabaseDataSourceConnection:113 - getConnection() - start
08:54:28,380 DEBUG org.dbunit.operation.RefreshOperation$RowExistOperation:350 - execute(table=org.dbunit.dataset.DefaultTable[_metaData=tableName=user_roles, columns=[(user_uuid, UNKNOWN, nullableUnknown), (role_uuid, UNKNOWN, nullableUnknown)], keys=[], _rowList.size()=1], row=0) - start
08:54:28,380 DEBUG org.dbunit.dataset.DefaultTable:192 - getValue(row=0, column=USER_UUID) - start
08:54:28,381 DEBUG org.dbunit.dataset.AbstractTable:41 - assertValidRowIndex(row=0) - start
08:54:28,381 DEBUG org.dbunit.dataset.AbstractTable:51 - assertValidRowIndex(row=0, rowCount=1) - start
08:54:28,382 DEBUG org.dbunit.dataset.AbstractTable:75 - getColumnIndex(columnName=USER_UUID) - start
08:54:28,382 DEBUG org.dbunit.dataset.AbstractTableMetaData:101 - getColumnIndex(columnName=USER_UUID) - start
08:54:28,382 DEBUG org.dbunit.dataset.datatype.StringDataType:157 - setSqlValue(value=User 1, column=1, statement=prep225: select COUNT(*) from USER_ROLES where USER_UUID = ? and ROLE_UUID = ?) - start
08:54:28,383 DEBUG org.dbunit.dataset.datatype.DataType:177 - asString(value=User 1) - start
08:54:28,383 DEBUG org.dbunit.dataset.datatype.StringDataType:59 - typeCast(value=User 1) - start
08:54:28,383 DEBUG org.dbunit.dataset.DefaultTable:192 - getValue(row=0, column=ROLE_UUID) - start
08:54:28,384 DEBUG org.dbunit.dataset.AbstractTable:41 - assertValidRowIndex(row=0) - start
08:54:28,384 DEBUG org.dbunit.dataset.AbstractTable:51 - assertValidRowIndex(row=0, rowCount=1) - start
08:54:28,385 DEBUG org.dbunit.dataset.AbstractTable:75 - getColumnIndex(columnName=ROLE_UUID) - start
08:54:28,385 DEBUG org.dbunit.dataset.AbstractTableMetaData:101 - getColumnIndex(columnName=ROLE_UUID) - start
08:54:28,386 DEBUG org.dbunit.dataset.datatype.StringDataType:157 - setSqlValue(value=ROLE1, column=2, statement=prep225: select COUNT(*) from USER_ROLES where USER_UUID = ? and ROLE_UUID = ? {1: &apos;User 1&apos;}) - start
08:54:28,386 DEBUG org.dbunit.dataset.datatype.DataType:177 - asString(value=ROLE1) - start
08:54:28,386 DEBUG org.dbunit.dataset.datatype.StringDataType:59 - typeCast(value=ROLE1) - start
08:54:28,387 DEBUG org.dbunit.operation.RefreshOperation$RowExistOperation:350 - execute(table=org.dbunit.dataset.DefaultTable[_metaData=tableName=user_roles, columns=[(user_uuid, UNKNOWN, nullableUnknown), (role_uuid, UNKNOWN, nullableUnknown)], keys=[], _rowList.size()=1], row=1) - start
08:54:28,387 DEBUG org.dbunit.dataset.DefaultTable:192 - getValue(row=1, column=USER_UUID) - start
08:54:28,388 DEBUG org.dbunit.dataset.AbstractTable:41 - assertValidRowIndex(row=1) - start
08:54:28,388 DEBUG org.dbunit.dataset.AbstractTable:51 - assertValidRowIndex(row=1, rowCount=1) - start
08:54:28,389 DEBUG org.dbunit.operation.RefreshOperation$RowExistOperation:374 - close() - start
08:54:28,389 DEBUG org.dbunit.operation.RefreshOperation$RowOperation:204 - close() - start
08:54:28,392 DEBUG org.dbunit.dataset.DefaultTableIterator:76 - getTable() - start
08:54:28,393 DEBUG org.dbunit.operation.AbstractBatchOperation:64 - isEmpty(table=org.dbunit.dataset.DefaultTable[_metaData=tableName=locationhierarchylevel, columns=[(uuid, UNKNOWN, nullableUnknown), (keyIdentifier, UNKNOWN, nullableUnknown), (name, UNKNOWN, nullableUnknown)], keys=[], _rowList.size()=3]) - start
08:54:28,393 DEBUG org.dbunit.dataset.DefaultTable:192 - getValue(row=0, column=uuid) - start
08:54:28,394 DEBUG org.dbunit.dataset.AbstractTable:41 - assertValidRowIndex(row=0) - start
08:54:28,394 DEBUG org.dbunit.dataset.AbstractTable:51 - assertValidRowIndex(row=0, rowCount=3) - start
08:54:28,395 DEBUG org.dbunit.dataset.AbstractTable:75 - getColumnIndex(columnName=uuid) - start
08:54:28,395 DEBUG org.dbunit.dataset.AbstractTableMetaData:101 - getColumnIndex(columnName=uuid) - start
08:54:28,395 DEBUG org.dbunit.operation.AbstractOperation:75 - getOperationMetaData(connection=_databaseConfig=org.dbunit.database.DatabaseConfig[, _propertyMap={http://www.dbunit.org/properties/statementFactory=org.dbunit.database.statement.PreparedStatementFactory@eb5ea0, http://www.dbunit.org/features/caseSensitiveTableNames=false, http://www.dbunit.org/properties/fetchSize=100, http://www.dbunit.org/features/batchedStatements=false, http://www.dbunit.org/properties/metadataHandler=org.dbunit.database.DefaultMetadataHandler@60648, http://www.dbunit.org/properties/datatypeFactory=org.dbunit.dataset.datatype.DefaultDataTypeFactory[_toleratedDeltaMap=org.dbunit.dataset.datatype.ToleratedDeltaMap@133a07d], http://www.dbunit.org/properties/escapePattern=null, http://www.dbunit.org/properties/batchSize=100, http://www.dbunit.org/features/qualifiedTableNames=false, http://www.dbunit.org/properties/tableType=[Ljava.lang.String;@6d6f28, http://www.dbunit.org/properties/resultSetTableFactory=org.dbunit.database.CachedResultSetTableFactory@9cde9a, http://www.dbunit.org/features/datatypeWarning=true}], _dataSet=AbstractDataSet[_orderedTableNameMap=null], metaData=tableName=locationhierarchylevel, columns=[(uuid, UNKNOWN, nullableUnknown), (keyIdentifier, UNKNOWN, nullableUnknown), (name, UNKNOWN, nullableUnknown)], keys=[]) - start
08:54:28,396 DEBUG org.dbunit.database.AbstractDatabaseConnection:66 - createDataSet() - start
08:54:28,396 DEBUG org.dbunit.database.DatabaseDataSet:279 - getTableMetaData(tableName=locationhierarchylevel) - start
08:54:28,397 DEBUG org.dbunit.database.DatabaseDataSet:173 - initialize() - start
08:54:28,397 DEBUG org.dbunit.dataset.OrderedTableNameMap:253 - getTableName(tableName=locationhierarchylevel) - start
08:54:28,397 DEBUG org.dbunit.dataset.OrderedTableNameMap:264 - getTableName(tableName=locationhierarchylevel) - end - result=LOCATIONHIERARCHYLEVEL
08:54:28,398 DEBUG org.dbunit.dataset.OrderedTableNameMap:253 - getTableName(tableName=locationhierarchylevel) - start
08:54:28,398 DEBUG org.dbunit.dataset.OrderedTableNameMap:264 - getTableName(tableName=locationhierarchylevel) - end - result=LOCATIONHIERARCHYLEVEL
08:54:28,399 DEBUG org.dbunit.database.DatabaseDataSourceConnection:113 - getConnection() - start
08:54:28,399 DEBUG org.dbunit.util.SQLHelper:657 - isEscaped returns &apos;false&apos; for tableName=locationhierarchylevel (dbIdentifierQuoteString=&quot;)
08:54:28,400 DEBUG org.dbunit.util.SQLHelper:637 - class org.dbunit.database.DatabaseTableMetaData. Corrected table name: oldValue=locationhierarchylevel newValue=LOCATIONHIERARCHYLEVEL
08:54:28,400 DEBUG org.dbunit.database.DatabaseTableMetaData:139 - Validating if table &apos;LOCATIONHIERARCHYLEVEL&apos; exists in schema &apos;null&apos; ...
08:54:28,401 DEBUG org.dbunit.util.SQLHelper:117 - close(resultSet=org.apache.commons.dbcp.DelegatingResultSet@1695e3e) - start
08:54:28,401 DEBUG org.dbunit.dataset.OrderedTableNameMap:234 - getColumns() - start
08:54:28,402 DEBUG org.dbunit.dataset.OrderedTableNameMap:234 - getConnection() - start
08:54:28,403 DEBUG org.dbunit.dataset.OrderedTableNameMap:234 - getConnection() - start
08:54:28,403  WARN org.dbunit.dataset.OrderedTableNameMap:234 - Potential problem found: The configured data type factory &apos;class org.dbunit.dataset.datatype.DefaultDataTypeFactory&apos; might cause problems with the current database &apos;H2&apos; (e.g. some datatypes may not be supported properly). In rare cases you might see this message because the list of supported database products is incomplete (list=[derby]). If so please request a java-class update via the forums.If you are using your own IDataTypeFactory extending DefaultDataTypeFactory, ensure that you override getValidDbProducts() to specify the supported database products.
08:54:28,404 DEBUG org.dbunit.dataset.OrderedTableNameMap:234 - Comparing the following values using caseSensitive=false (searched&lt;=&gt;actual): catalog: null&lt;=&gt;OPENHDS schema: null&lt;=&gt;PUBLIC table: LOCATIONHIERARCHYLEVEL&lt;=&gt;LOCATIONHIERARCHYLEVEL column: null&lt;=&gt;UUID
08:54:28,405 DEBUG org.dbunit.dataset.OrderedTableNameMap:234 - createDataType(sqlType=12 , sqlTypeName=VARCHAR, tableName=LOCATIONHIERARCHYLEVEL, columnName=UUID) - start
08:54:28,406 DEBUG org.dbunit.dataset.OrderedTableNameMap:234 - createDataType(sqlType=12, sqlTypeName=VARCHAR) - start
08:54:28,406 DEBUG org.dbunit.dataset.OrderedTableNameMap:234 - forSqlType(sqlType=12) - start
08:54:28,407 DEBUG org.dbunit.dataset.OrderedTableNameMap:234 - getSqlType() - start
08:54:28,408 DEBUG org.dbunit.dataset.OrderedTableNameMap:234 - nullableValue(nullable=0) - start
08:54:28,409 DEBUG org.dbunit.dataset.OrderedTableNameMap:234 - autoIncrementValue(isAutoIncrement=NO) - start
08:54:28,410 DEBUG org.dbunit.dataset.OrderedTableNameMap:234 - Comparing the following values using caseSensitive=false (searched&lt;=&gt;actual): catalog: null&lt;=&gt;OPENHDS schema: null&lt;=&gt;PUBLIC table: LOCATIONHIERARCHYLEVEL&lt;=&gt;LOCATIONHIERARCHYLEVEL column: null&lt;=&gt;KEYIDENTIFIER
08:54:28,410 DEBUG org.dbunit.dataset.OrderedTableNameMap:234 - createDataType(sqlType=4 , sqlTypeName=INTEGER, tableName=LOCATIONHIERARCHYLEVEL, columnName=KEYIDENTIFIER) - start
08:54:28,411 DEBUG org.dbunit.dataset.OrderedTableNameMap:234 - createDataType(sqlType=4, sqlTypeName=INTEGER) - start
08:54:28,412 DEBUG org.dbunit.dataset.OrderedTableNameMap:234 - forSqlType(sqlType=4) - start
08:54:28,412 DEBUG org.dbunit.dataset.OrderedTableNameMap:234 - getSqlType() - start
08:54:28,413 DEBUG org.dbunit.dataset.OrderedTableNameMap:234 - getSqlType() - start
08:54:28,414 DEBUG org.dbunit.dataset.OrderedTableNameMap:234 - getSqlType() - start
08:54:28,414 DEBUG org.dbunit.dataset.OrderedTableNameMap:234 - getSqlType() - start
08:54:28,415 DEBUG org.dbunit.dataset.OrderedTableNameMap:234 - getSqlType() - start
08:54:28,415 DEBUG org.dbunit.dataset.OrderedTableNameMap:234 - getSqlType() - start
08:54:28,416 DEBUG org.dbunit.dataset.OrderedTableNameMap:234 - getSqlType() - start
08:54:28,416 DEBUG org.dbunit.dataset.OrderedTableNameMap:234 - getSqlType() - start
08:54:28,417 DEBUG org.dbunit.dataset.OrderedTableNameMap:234 - getSqlType() - start
08:54:28,418 DEBUG org.dbunit.dataset.OrderedTableNameMap:234 - getSqlType() - start
08:54:28,418 DEBUG org.dbunit.dataset.OrderedTableNameMap:234 - getSqlType() - start
08:54:28,419 DEBUG org.dbunit.dataset.OrderedTableNameMap:234 - getSqlType() - start
08:54:28,420 DEBUG org.dbunit.dataset.OrderedTableNameMap:234 - nullableValue(nullable=0) - start
08:54:28,420 DEBUG org.dbunit.dataset.OrderedTableNameMap:234 - autoIncrementValue(isAutoIncrement=NO) - start
08:54:28,421 DEBUG org.dbunit.dataset.OrderedTableNameMap:234 - Comparing the following values using caseSensitive=false (searched&lt;=&gt;actual): catalog: null&lt;=&gt;OPENHDS schema: null&lt;=&gt;PUBLIC table: LOCATIONHIERARCHYLEVEL&lt;=&gt;LOCATIONHIERARCHYLEVEL column: null&lt;=&gt;NAME
08:54:28,422 DEBUG org.dbunit.dataset.OrderedTableNameMap:234 - createDataType(sqlType=12 , sqlTypeName=VARCHAR, tableName=LOCATIONHIERARCHYLEVEL, columnName=NAME) - start
08:54:28,422 DEBUG org.dbunit.dataset.OrderedTableNameMap:234 - createDataType(sqlType=12, sqlTypeName=VARCHAR) - start
08:54:28,423 DEBUG org.dbunit.dataset.OrderedTableNameMap:234 - forSqlType(sqlType=12) - start
08:54:28,424 DEBUG org.dbunit.dataset.OrderedTableNameMap:234 - getSqlType() - start
08:54:28,424 DEBUG org.dbunit.dataset.OrderedTableNameMap:234 - nullableValue(nullable=0) - start
08:54:28,425 DEBUG org.dbunit.dataset.OrderedTableNameMap:234 - autoIncrementValue(isAutoIncrement=NO) - start
08:54:28,426 DEBUG org.dbunit.dataset.OrderedTableNameMap:234 - getPrimaryKeys() - start
08:54:28,426 DEBUG org.dbunit.dataset.OrderedTableNameMap:234 - getPrimaryKeyNames() - start
08:54:28,427 DEBUG org.dbunit.dataset.OrderedTableNameMap:234 - getConnection() - start
08:54:28,430 DEBUG org.dbunit.dataset.OrderedTableNameMap:234 - getName() - start
08:54:28,430 DEBUG org.dbunit.dataset.OrderedTableNameMap:234 - getColumns() - start
08:54:28,431 DEBUG org.dbunit.dataset.OrderedTableNameMap:234 - getColumns(columnNames=[UUID], columns=[(UUID, VARCHAR, noNulls), (KEYIDENTIFIER, INTEGER, noNulls), (NAME, VARCHAR, noNulls)]) - start
08:54:28,432 DEBUG org.dbunit.dataset.OrderedTableNameMap:234 - getColumn(columnName=UUID, columns=[(UUID, VARCHAR, noNulls), (KEYIDENTIFIER, INTEGER, noNulls), (NAME, VARCHAR, noNulls)]) - start
08:54:28,432 DEBUG org.dbunit.dataset.OrderedTableNameMap:234 - update(tableName=locationhierarchylevel, object=table=LOCATIONHIERARCHYLEVEL, cols=[(UUID, VARCHAR, noNulls), (KEYIDENTIFIER, INTEGER, noNulls), (NAME, VARCHAR, noNulls)], pk=[(UUID, VARCHAR, noNulls)]) - start
08:54:28,433 DEBUG org.dbunit.dataset.OrderedTableNameMap:253 - getTableName(tableName=locationhierarchylevel) - start
08:54:28,434 DEBUG org.dbunit.dataset.OrderedTableNameMap:264 - getTableName(tableName=locationhierarchylevel) - end - result=LOCATIONHIERARCHYLEVEL
08:54:28,434 DEBUG org.dbunit.dataset.OrderedTableNameMap:253 - getTableName(tableName=locationhierarchylevel) - start
08:54:28,435 DEBUG org.dbunit.dataset.OrderedTableNameMap:264 - getTableName(tableName=locationhierarchylevel) - end - result=LOCATIONHIERARCHYLEVEL
08:54:28,435 DEBUG org.dbunit.dataset.AbstractTableMetaData:101 - getColumnIndex(columnName=uuid) - start
08:54:28,436 DEBUG org.dbunit.database.DatabaseTableMetaData:301 - getColumns() - start
08:54:28,437 DEBUG org.dbunit.database.DatabaseTableMetaData:301 - getColumns() - start
08:54:28,437 DEBUG org.dbunit.dataset.AbstractTableMetaData:101 - getColumnIndex(columnName=keyIdentifier) - start
08:54:28,438 DEBUG org.dbunit.database.DatabaseTableMetaData:301 - getColumns() - start
08:54:28,438 DEBUG org.dbunit.dataset.AbstractTableMetaData:101 - getColumnIndex(columnName=name) - start
08:54:28,439 DEBUG org.dbunit.database.DatabaseTableMetaData:301 - getColumns() - start
08:54:28,440 DEBUG org.dbunit.database.DatabaseTableMetaData:374 - getPrimaryKeys() - start
08:54:28,440 DEBUG org.dbunit.operation.RefreshOperation:146 - createUpdateOperation(connection=_databaseConfig=org.dbunit.database.DatabaseConfig[, _propertyMap={http://www.dbunit.org/properties/statementFactory=org.dbunit.database.statement.PreparedStatementFactory@eb5ea0, http://www.dbunit.org/features/caseSensitiveTableNames=false, http://www.dbunit.org/properties/fetchSize=100, http://www.dbunit.org/features/batchedStatements=false, http://www.dbunit.org/properties/metadataHandler=org.dbunit.database.DefaultMetadataHandler@60648, http://www.dbunit.org/properties/datatypeFactory=org.dbunit.dataset.datatype.DefaultDataTypeFactory[_toleratedDeltaMap=org.dbunit.dataset.datatype.ToleratedDeltaMap@133a07d], http://www.dbunit.org/properties/escapePattern=null, http://www.dbunit.org/properties/batchSize=100, http://www.dbunit.org/features/qualifiedTableNames=false, http://www.dbunit.org/properties/tableType=[Ljava.lang.String;@6d6f28, http://www.dbunit.org/properties/resultSetTableFactory=org.dbunit.database.CachedResultSetTableFactory@9cde9a, http://www.dbunit.org/features/datatypeWarning=true}], _dataSet=AbstractDataSet[_orderedTableNameMap=null], metaData=tableName=LOCATIONHIERARCHYLEVEL, columns=[(UUID, VARCHAR, noNulls), (KEYIDENTIFIER, INTEGER, noNulls), (NAME, VARCHAR, noNulls)], keys=[(UUID, VARCHAR, noNulls)]) - start
08:54:28,441 DEBUG org.dbunit.operation.UpdateOperation:63 - getOperationData(metaData=tableName=LOCATIONHIERARCHYLEVEL, columns=[(UUID, VARCHAR, noNulls), (KEYIDENTIFIER, INTEGER, noNulls), (NAME, VARCHAR, noNulls)], keys=[(UUID, VARCHAR, noNulls)], ignoreMapping=null, connection=_databaseConfig=org.dbunit.database.DatabaseConfig[, _propertyMap={http://www.dbunit.org/properties/statementFactory=org.dbunit.database.statement.PreparedStatementFactory@eb5ea0, http://www.dbunit.org/features/caseSensitiveTableNames=false, http://www.dbunit.org/properties/fetchSize=100, http://www.dbunit.org/features/batchedStatements=false, http://www.dbunit.org/properties/metadataHandler=org.dbunit.database.DefaultMetadataHandler@60648, http://www.dbunit.org/properties/datatypeFactory=org.dbunit.dataset.datatype.DefaultDataTypeFactory[_toleratedDeltaMap=org.dbunit.dataset.datatype.ToleratedDeltaMap@133a07d], http://www.dbunit.org/properties/escapePattern=null, http://www.dbunit.org/properties/batchSize=100, http://www.dbunit.org/features/qualifiedTableNames=false, http://www.dbunit.org/properties/tableType=[Ljava.lang.String;@6d6f28, http://www.dbunit.org/properties/resultSetTableFactory=org.dbunit.database.CachedResultSetTableFactory@9cde9a, http://www.dbunit.org/features/datatypeWarning=true}], _dataSet=AbstractDataSet[_orderedTableNameMap=null]) - start
08:54:28,442 DEBUG org.dbunit.operation.AbstractOperation:55 - getQualifiedName(prefix=null, name=LOCATIONHIERARCHYLEVEL, connection=_databaseConfig=org.dbunit.database.DatabaseConfig[, _propertyMap={http://www.dbunit.org/properties/statementFactory=org.dbunit.database.statement.PreparedStatementFactory@eb5ea0, http://www.dbunit.org/features/caseSensitiveTableNames=false, http://www.dbunit.org/properties/fetchSize=100, http://www.dbunit.org/features/batchedStatements=false, http://www.dbunit.org/properties/metadataHandler=org.dbunit.database.DefaultMetadataHandler@60648, http://www.dbunit.org/properties/datatypeFactory=org.dbunit.dataset.datatype.DefaultDataTypeFactory[_toleratedDeltaMap=org.dbunit.dataset.datatype.ToleratedDeltaMap@133a07d], http://www.dbunit.org/properties/escapePattern=null, http://www.dbunit.org/properties/batchSize=100, http://www.dbunit.org/features/qualifiedTableNames=false, http://www.dbunit.org/properties/tableType=[Ljava.lang.String;@6d6f28, http://www.dbunit.org/properties/resultSetTableFactory=org.dbunit.database.CachedResultSetTableFactory@9cde9a, http://www.dbunit.org/features/datatypeWarning=true}], _dataSet=AbstractDataSet[_orderedTableNameMap=null]) - start
08:54:28,442 DEBUG org.dbunit.util.QualifiedTableName:126 - getQualifiedName() - start
08:54:28,443 DEBUG org.dbunit.util.QualifiedTableName:190 - getQualifiedName(prefix=null, name=LOCATIONHIERARCHYLEVEL, escapePattern=null) - start
08:54:28,443 DEBUG org.dbunit.dataset.Columns:154 - getColumn(columnName=UUID, columns=[(UUID, VARCHAR, noNulls)]) - start
08:54:28,444 DEBUG org.dbunit.dataset.Columns:154 - getColumn(columnName=KEYIDENTIFIER, columns=[(UUID, VARCHAR, noNulls)]) - start
08:54:28,445 DEBUG org.dbunit.operation.AbstractOperation:55 - getQualifiedName(prefix=null, name=KEYIDENTIFIER, connection=_databaseConfig=org.dbunit.database.DatabaseConfig[, _propertyMap={http://www.dbunit.org/properties/statementFactory=org.dbunit.database.statement.PreparedStatementFactory@eb5ea0, http://www.dbunit.org/features/caseSensitiveTableNames=false, http://www.dbunit.org/properties/fetchSize=100, http://www.dbunit.org/features/batchedStatements=false, http://www.dbunit.org/properties/metadataHandler=org.dbunit.database.DefaultMetadataHandler@60648, http://www.dbunit.org/properties/datatypeFactory=org.dbunit.dataset.datatype.DefaultDataTypeFactory[_toleratedDeltaMap=org.dbunit.dataset.datatype.ToleratedDeltaMap@133a07d], http://www.dbunit.org/properties/escapePattern=null, http://www.dbunit.org/properties/batchSize=100, http://www.dbunit.org/features/qualifiedTableNames=false, http://www.dbunit.org/properties/tableType=[Ljava.lang.String;@6d6f28, http://www.dbunit.org/properties/resultSetTableFactory=org.dbunit.database.CachedResultSetTableFactory@9cde9a, http://www.dbunit.org/features/datatypeWarning=true}], _dataSet=AbstractDataSet[_orderedTableNameMap=null]) - start
08:54:28,446 DEBUG org.dbunit.util.QualifiedTableName:126 - getQualifiedName() - start
08:54:28,446 DEBUG org.dbunit.util.QualifiedTableName:190 - getQualifiedName(prefix=null, name=KEYIDENTIFIER, escapePattern=null) - start
08:54:28,447 DEBUG org.dbunit.dataset.Columns:154 - getColumn(columnName=NAME, columns=[(UUID, VARCHAR, noNulls)]) - start
08:54:28,448 DEBUG org.dbunit.operation.AbstractOperation:55 - getQualifiedName(prefix=null, name=NAME, connection=_databaseConfig=org.dbunit.database.DatabaseConfig[, _propertyMap={http://www.dbunit.org/properties/statementFactory=org.dbunit.database.statement.PreparedStatementFactory@eb5ea0, http://www.dbunit.org/features/caseSensitiveTableNames=false, http://www.dbunit.org/properties/fetchSize=100, http://www.dbunit.org/features/batchedStatements=false, http://www.dbunit.org/properties/metadataHandler=org.dbunit.database.DefaultMetadataHandler@60648, http://www.dbunit.org/properties/datatypeFactory=org.dbunit.dataset.datatype.DefaultDataTypeFactory[_toleratedDeltaMap=org.dbunit.dataset.datatype.ToleratedDeltaMap@133a07d], http://www.dbunit.org/properties/escapePattern=null, http://www.dbunit.org/properties/batchSize=100, http://www.dbunit.org/features/qualifiedTableNames=false, http://www.dbunit.org/properties/tableType=[Ljava.lang.String;@6d6f28, http://www.dbunit.org/properties/resultSetTableFactory=org.dbunit.database.CachedResultSetTableFactory@9cde9a, http://www.dbunit.org/features/datatypeWarning=true}], _dataSet=AbstractDataSet[_orderedTableNameMap=null]) - start
08:54:28,449 DEBUG org.dbunit.util.QualifiedTableName:126 - getQualifiedName() - start
08:54:28,449 DEBUG org.dbunit.util.QualifiedTableName:190 - getQualifiedName(prefix=null, name=NAME, escapePattern=null) - start
08:54:28,450 DEBUG org.dbunit.operation.AbstractOperation:55 - getQualifiedName(prefix=null, name=UUID, connection=_databaseConfig=org.dbunit.database.DatabaseConfig[, _propertyMap={http://www.dbunit.org/properties/statementFactory=org.dbunit.database.statement.PreparedStatementFactory@eb5ea0, http://www.dbunit.org/features/caseSensitiveTableNames=false, http://www.dbunit.org/properties/fetchSize=100, http://www.dbunit.org/features/batchedStatements=false, http://www.dbunit.org/properties/metadataHandler=org.dbunit.database.DefaultMetadataHandler@60648, http://www.dbunit.org/properties/datatypeFactory=org.dbunit.dataset.datatype.DefaultDataTypeFactory[_toleratedDeltaMap=org.dbunit.dataset.datatype.ToleratedDeltaMap@133a07d], http://www.dbunit.org/properties/escapePattern=null, http://www.dbunit.org/properties/batchSize=100, http://www.dbunit.org/features/qualifiedTableNames=false, http://www.dbunit.org/properties/tableType=[Ljava.lang.String;@6d6f28, http://www.dbunit.org/properties/resultSetTableFactory=org.dbunit.database.CachedResultSetTableFactory@9cde9a, http://www.dbunit.org/features/datatypeWarning=true}], _dataSet=AbstractDataSet[_orderedTableNameMap=null]) - start
08:54:28,451 DEBUG org.dbunit.util.QualifiedTableName:126 - getQualifiedName() - start
08:54:28,452 DEBUG org.dbunit.util.QualifiedTableName:190 - getQualifiedName(prefix=null, name=UUID, escapePattern=null) - start
08:54:28,452 DEBUG org.dbunit.database.DatabaseDataSourceConnection:113 - getConnection() - start
08:54:28,453 DEBUG org.dbunit.operation.RefreshOperation$RowOperation:180 - execute(table=org.dbunit.dataset.DefaultTable[_metaData=tableName=locationhierarchylevel, columns=[(uuid, UNKNOWN, nullableUnknown), (keyIdentifier, UNKNOWN, nullableUnknown), (name, UNKNOWN, nullableUnknown)], keys=[], _rowList.size()=3], row=0) - start
08:54:28,454 DEBUG org.dbunit.dataset.DefaultTable:192 - getValue(row=0, column=KEYIDENTIFIER) - start
08:54:28,454 DEBUG org.dbunit.dataset.AbstractTable:41 - assertValidRowIndex(row=0) - start
08:54:28,455 DEBUG org.dbunit.dataset.AbstractTable:51 - assertValidRowIndex(row=0, rowCount=3) - start
08:54:28,456 DEBUG org.dbunit.dataset.AbstractTable:75 - getColumnIndex(columnName=KEYIDENTIFIER) - start
08:54:28,456 DEBUG org.dbunit.dataset.AbstractTableMetaData:101 - getColumnIndex(columnName=KEYIDENTIFIER) - start
08:54:28,457 DEBUG org.dbunit.database.statement.SimplePreparedStatement:64 - addValue(value=1, dataType=INTEGER) - start
08:54:28,458 DEBUG org.dbunit.dataset.datatype.IntegerDataType:103 - setSqlValue(value=1, column=1, statement=prep229: update LOCATIONHIERARCHYLEVEL set KEYIDENTIFIER = ?, NAME = ? where UUID = ?) - start
08:54:28,459 DEBUG org.dbunit.dataset.datatype.IntegerDataType:56 - typeCast(value=1) - start
08:54:28,459 DEBUG org.dbunit.dataset.datatype.IntegerDataType:56 - typeCast(value=1) - start
08:54:28,460 DEBUG org.dbunit.dataset.DefaultTable:192 - getValue(row=0, column=NAME) - start
08:54:28,461 DEBUG org.dbunit.dataset.AbstractTable:41 - assertValidRowIndex(row=0) - start
08:54:28,461 DEBUG org.dbunit.dataset.AbstractTable:51 - assertValidRowIndex(row=0, rowCount=3) - start
08:54:28,462 DEBUG org.dbunit.dataset.AbstractTable:75 - getColumnIndex(columnName=NAME) - start
08:54:28,462 DEBUG org.dbunit.dataset.AbstractTableMetaData:101 - getColumnIndex(columnName=NAME) - start
08:54:28,463 DEBUG org.dbunit.database.statement.SimplePreparedStatement:64 - addValue(value=Level 1, dataType=VARCHAR) - start
08:54:28,463 DEBUG org.dbunit.dataset.datatype.StringDataType:157 - setSqlValue(value=Level 1, column=2, statement=prep229: update LOCATIONHIERARCHYLEVEL set KEYIDENTIFIER = ?, NAME = ? where UUID = ? {1: 1}) - start
08:54:28,464 DEBUG org.dbunit.dataset.datatype.DataType:177 - asString(value=Level 1) - start
08:54:28,464 DEBUG org.dbunit.dataset.datatype.StringDataType:59 - typeCast(value=Level 1) - start
08:54:28,465 DEBUG org.dbunit.dataset.DefaultTable:192 - getValue(row=0, column=UUID) - start
08:54:28,465 DEBUG org.dbunit.dataset.AbstractTable:41 - assertValidRowIndex(row=0) - start
08:54:28,466 DEBUG org.dbunit.dataset.AbstractTable:51 - assertValidRowIndex(row=0, rowCount=3) - start
08:54:28,466 DEBUG org.dbunit.dataset.AbstractTable:75 - getColumnIndex(columnName=UUID) - start
08:54:28,467 DEBUG org.dbunit.dataset.AbstractTableMetaData:101 - getColumnIndex(columnName=UUID) - start
08:54:28,468 DEBUG org.dbunit.database.statement.SimplePreparedStatement:64 - addValue(value=HierarchyLevel1, dataType=VARCHAR) - start
08:54:28,468 DEBUG org.dbunit.dataset.datatype.StringDataType:157 - setSqlValue(value=HierarchyLevel1, column=3, statement=prep229: update LOCATIONHIERARCHYLEVEL set KEYIDENTIFIER = ?, NAME = ? where UUID = ? {1: 1, 2: &apos;Level 1&apos;}) - start
08:54:28,468 DEBUG org.dbunit.dataset.datatype.DataType:177 - asString(value=HierarchyLevel1) - start
08:54:28,469 DEBUG org.dbunit.dataset.datatype.StringDataType:59 - typeCast(value=HierarchyLevel1) - start
08:54:28,469 DEBUG org.dbunit.database.statement.SimplePreparedStatement:78 - addBatch() - start
08:54:28,469 DEBUG org.dbunit.database.statement.SimplePreparedStatement:90 - executeBatch() - start
08:54:28,470 DEBUG org.dbunit.database.statement.SimplePreparedStatement:99 - clearBatch() - start
08:54:28,470 DEBUG org.dbunit.database.statement.SimplePreparedStatement:99 - clearBatch() - start
08:54:28,470 DEBUG org.dbunit.operation.RefreshOperation$RowOperation:180 - execute(table=org.dbunit.dataset.DefaultTable[_metaData=tableName=locationhierarchylevel, columns=[(uuid, UNKNOWN, nullableUnknown), (keyIdentifier, UNKNOWN, nullableUnknown), (name, UNKNOWN, nullableUnknown)], keys=[], _rowList.size()=3], row=1) - start
08:54:28,471 DEBUG org.dbunit.dataset.DefaultTable:192 - getValue(row=1, column=KEYIDENTIFIER) - start
08:54:28,471 DEBUG org.dbunit.dataset.AbstractTable:41 - assertValidRowIndex(row=1) - start
08:54:28,471 DEBUG org.dbunit.dataset.AbstractTable:51 - assertValidRowIndex(row=1, rowCount=3) - start
08:54:28,472 DEBUG org.dbunit.dataset.AbstractTable:75 - getColumnIndex(columnName=KEYIDENTIFIER) - start
08:54:28,472 DEBUG org.dbunit.dataset.AbstractTableMetaData:101 - getColumnIndex(columnName=KEYIDENTIFIER) - start
08:54:28,472 DEBUG org.dbunit.database.statement.SimplePreparedStatement:64 - addValue(value=2, dataType=INTEGER) - start
08:54:28,473 DEBUG org.dbunit.dataset.datatype.IntegerDataType:103 - setSqlValue(value=2, column=1, statement=prep229: update LOCATIONHIERARCHYLEVEL set KEYIDENTIFIER = ?, NAME = ? where UUID = ? {1: 1, 2: &apos;Level 1&apos;, 3: &apos;HierarchyLevel1&apos;}) - start
08:54:28,473 DEBUG org.dbunit.dataset.datatype.IntegerDataType:56 - typeCast(value=2) - start
08:54:28,473 DEBUG org.dbunit.dataset.datatype.IntegerDataType:56 - typeCast(value=2) - start
08:54:28,474 DEBUG org.dbunit.dataset.DefaultTable:192 - getValue(row=1, column=NAME) - start
08:54:28,477 DEBUG org.dbunit.dataset.AbstractTable:41 - assertValidRowIndex(row=1) - start
08:54:28,478 DEBUG org.dbunit.dataset.AbstractTable:51 - assertValidRowIndex(row=1, rowCount=3) - start
08:54:28,478 DEBUG org.dbunit.dataset.AbstractTable:75 - getColumnIndex(columnName=NAME) - start
08:54:28,479 DEBUG org.dbunit.dataset.AbstractTableMetaData:101 - getColumnIndex(columnName=NAME) - start
08:54:28,479 DEBUG org.dbunit.database.statement.SimplePreparedStatement:64 - addValue(value=Level 2, dataType=VARCHAR) - start
08:54:28,480 DEBUG org.dbunit.dataset.datatype.StringDataType:157 - setSqlValue(value=Level 2, column=2, statement=prep229: update LOCATIONHIERARCHYLEVEL set KEYIDENTIFIER = ?, NAME = ? where UUID = ? {1: 2, 2: &apos;Level 1&apos;, 3: &apos;HierarchyLevel1&apos;}) - start
08:54:28,480 DEBUG org.dbunit.dataset.datatype.DataType:177 - asString(value=Level 2) - start
08:54:28,481 DEBUG org.dbunit.dataset.datatype.StringDataType:59 - typeCast(value=Level 2) - start
08:54:28,482 DEBUG org.dbunit.dataset.DefaultTable:192 - getValue(row=1, column=UUID) - start
08:54:28,482 DEBUG org.dbunit.dataset.AbstractTable:41 - assertValidRowIndex(row=1) - start
08:54:28,482 DEBUG org.dbunit.dataset.AbstractTable:51 - assertValidRowIndex(row=1, rowCount=3) - start
08:54:28,483 DEBUG org.dbunit.dataset.AbstractTable:75 - getColumnIndex(columnName=UUID) - start
08:54:28,483 DEBUG org.dbunit.dataset.AbstractTableMetaData:101 - getColumnIndex(columnName=UUID) - start
08:54:28,483 DEBUG org.dbunit.database.statement.SimplePreparedStatement:64 - addValue(value=HierarchyLevel2, dataType=VARCHAR) - start
08:54:28,484 DEBUG org.dbunit.dataset.datatype.StringDataType:157 - setSqlValue(value=HierarchyLevel2, column=3, statement=prep229: update LOCATIONHIERARCHYLEVEL set KEYIDENTIFIER = ?, NAME = ? where UUID = ? {1: 2, 2: &apos;Level 2&apos;, 3: &apos;HierarchyLevel1&apos;}) - start
08:54:28,484 DEBUG org.dbunit.dataset.datatype.DataType:177 - asString(value=HierarchyLevel2) - start
08:54:28,484 DEBUG org.dbunit.dataset.datatype.StringDataType:59 - typeCast(value=HierarchyLevel2) - start
08:54:28,485 DEBUG org.dbunit.database.statement.SimplePreparedStatement:78 - addBatch() - start
08:54:28,485 DEBUG org.dbunit.database.statement.SimplePreparedStatement:90 - executeBatch() - start
08:54:28,485 DEBUG org.dbunit.database.statement.SimplePreparedStatement:99 - clearBatch() - start
08:54:28,486 DEBUG org.dbunit.database.statement.SimplePreparedStatement:99 - clearBatch() - start
08:54:28,486 DEBUG org.dbunit.operation.RefreshOperation$RowOperation:180 - execute(table=org.dbunit.dataset.DefaultTable[_metaData=tableName=locationhierarchylevel, columns=[(uuid, UNKNOWN, nullableUnknown), (keyIdentifier, UNKNOWN, nullableUnknown), (name, UNKNOWN, nullableUnknown)], keys=[], _rowList.size()=3], row=2) - start
08:54:28,486 DEBUG org.dbunit.dataset.DefaultTable:192 - getValue(row=2, column=KEYIDENTIFIER) - start
08:54:28,487 DEBUG org.dbunit.dataset.AbstractTable:41 - assertValidRowIndex(row=2) - start
08:54:28,487 DEBUG org.dbunit.dataset.AbstractTable:51 - assertValidRowIndex(row=2, rowCount=3) - start
08:54:28,487 DEBUG org.dbunit.dataset.AbstractTable:75 - getColumnIndex(columnName=KEYIDENTIFIER) - start
08:54:28,488 DEBUG org.dbunit.dataset.AbstractTableMetaData:101 - getColumnIndex(columnName=KEYIDENTIFIER) - start
08:54:28,488 DEBUG org.dbunit.database.statement.SimplePreparedStatement:64 - addValue(value=3, dataType=INTEGER) - start
08:54:28,489 DEBUG org.dbunit.dataset.datatype.IntegerDataType:103 - setSqlValue(value=3, column=1, statement=prep229: update LOCATIONHIERARCHYLEVEL set KEYIDENTIFIER = ?, NAME = ? where UUID = ? {1: 2, 2: &apos;Level 2&apos;, 3: &apos;HierarchyLevel2&apos;}) - start
08:54:28,489 DEBUG org.dbunit.dataset.datatype.IntegerDataType:56 - typeCast(value=3) - start
08:54:28,490 DEBUG org.dbunit.dataset.datatype.IntegerDataType:56 - typeCast(value=3) - start
08:54:28,490 DEBUG org.dbunit.dataset.DefaultTable:192 - getValue(row=2, column=NAME) - start
08:54:28,490 DEBUG org.dbunit.dataset.AbstractTable:41 - assertValidRowIndex(row=2) - start
08:54:28,490 DEBUG org.dbunit.dataset.AbstractTable:51 - assertValidRowIndex(row=2, rowCount=3) - start
08:54:28,491 DEBUG org.dbunit.dataset.AbstractTable:75 - getColumnIndex(columnName=NAME) - start
08:54:28,491 DEBUG org.dbunit.dataset.AbstractTableMetaData:101 - getColumnIndex(columnName=NAME) - start
08:54:28,491 DEBUG org.dbunit.database.statement.SimplePreparedStatement:64 - addValue(value=Level 3, dataType=VARCHAR) - start
08:54:28,493 DEBUG org.dbunit.dataset.datatype.StringDataType:157 - setSqlValue(value=Level 3, column=2, statement=prep229: update LOCATIONHIERARCHYLEVEL set KEYIDENTIFIER = ?, NAME = ? where UUID = ? {1: 3, 2: &apos;Level 2&apos;, 3: &apos;HierarchyLevel2&apos;}) - start
08:54:28,493 DEBUG org.dbunit.dataset.datatype.DataType:177 - asString(value=Level 3) - start
08:54:28,493 DEBUG org.dbunit.dataset.datatype.StringDataType:59 - typeCast(value=Level 3) - start
08:54:28,494 DEBUG org.dbunit.dataset.DefaultTable:192 - getValue(row=2, column=UUID) - start
08:54:28,494 DEBUG org.dbunit.dataset.AbstractTable:41 - assertValidRowIndex(row=2) - start
08:54:28,494 DEBUG org.dbunit.dataset.AbstractTable:51 - assertValidRowIndex(row=2, rowCount=3) - start
08:54:28,495 DEBUG org.dbunit.dataset.AbstractTable:75 - getColumnIndex(columnName=UUID) - start
08:54:28,495 DEBUG org.dbunit.dataset.AbstractTableMetaData:101 - getColumnIndex(columnName=UUID) - start
08:54:28,495 DEBUG org.dbunit.database.statement.SimplePreparedStatement:64 - addValue(value=HierarchyLevel3, dataType=VARCHAR) - start
08:54:28,496 DEBUG org.dbunit.dataset.datatype.StringDataType:157 - setSqlValue(value=HierarchyLevel3, column=3, statement=prep229: update LOCATIONHIERARCHYLEVEL set KEYIDENTIFIER = ?, NAME = ? where UUID = ? {1: 3, 2: &apos;Level 3&apos;, 3: &apos;HierarchyLevel2&apos;}) - start
08:54:28,496 DEBUG org.dbunit.dataset.datatype.DataType:177 - asString(value=HierarchyLevel3) - start
08:54:28,496 DEBUG org.dbunit.dataset.datatype.StringDataType:59 - typeCast(value=HierarchyLevel3) - start
08:54:28,497 DEBUG org.dbunit.database.statement.SimplePreparedStatement:78 - addBatch() - start
08:54:28,497 DEBUG org.dbunit.database.statement.SimplePreparedStatement:90 - executeBatch() - start
08:54:28,497 DEBUG org.dbunit.database.statement.SimplePreparedStatement:99 - clearBatch() - start
08:54:28,498 DEBUG org.dbunit.database.statement.SimplePreparedStatement:99 - clearBatch() - start
08:54:28,498 DEBUG org.dbunit.operation.RefreshOperation$RowOperation:180 - execute(table=org.dbunit.dataset.DefaultTable[_metaData=tableName=locationhierarchylevel, columns=[(uuid, UNKNOWN, nullableUnknown), (keyIdentifier, UNKNOWN, nullableUnknown), (name, UNKNOWN, nullableUnknown)], keys=[], _rowList.size()=3], row=3) - start
08:54:28,498 DEBUG org.dbunit.dataset.DefaultTable:192 - getValue(row=3, column=KEYIDENTIFIER) - start
08:54:28,499 DEBUG org.dbunit.dataset.AbstractTable:41 - assertValidRowIndex(row=3) - start
08:54:28,499 DEBUG org.dbunit.dataset.AbstractTable:51 - assertValidRowIndex(row=3, rowCount=3) - start
08:54:28,499 DEBUG org.dbunit.operation.RefreshOperation$RowOperation:204 - close() - start
08:54:28,500 DEBUG org.dbunit.database.statement.AbstractPreparedBatchStatement:54 - close() - start
08:54:28,500 DEBUG org.dbunit.operation.RefreshOperation$RowOperation:204 - close() - start
08:54:28,500 DEBUG org.dbunit.dataset.DefaultTableIterator:76 - getTable() - start
08:54:28,501 DEBUG org.dbunit.operation.AbstractBatchOperation:64 - isEmpty(table=org.dbunit.dataset.DefaultTable[_metaData=tableName=locationhierarchy, columns=[(uuid, UNKNOWN, nullableUnknown), (name, UNKNOWN, nullableUnknown), (extId, UNKNOWN, nullableUnknown), (level_uuid, UNKNOWN, nullableUnknown), (parent_uuid, UNKNOWN, nullableUnknown)], keys=[], _rowList.size()=3]) - start
08:54:28,501 DEBUG org.dbunit.dataset.DefaultTable:192 - getValue(row=0, column=uuid) - start
08:54:28,501 DEBUG org.dbunit.dataset.AbstractTable:41 - assertValidRowIndex(row=0) - start
08:54:28,502 DEBUG org.dbunit.dataset.AbstractTable:51 - assertValidRowIndex(row=0, rowCount=3) - start
08:54:28,503 DEBUG org.dbunit.dataset.AbstractTable:75 - getColumnIndex(columnName=uuid) - start
08:54:28,503 DEBUG org.dbunit.dataset.AbstractTableMetaData:101 - getColumnIndex(columnName=uuid) - start
08:54:28,504 DEBUG org.dbunit.operation.AbstractOperation:75 - getOperationMetaData(connection=_databaseConfig=org.dbunit.database.DatabaseConfig[, _propertyMap={http://www.dbunit.org/properties/statementFactory=org.dbunit.database.statement.PreparedStatementFactory@eb5ea0, http://www.dbunit.org/features/caseSensitiveTableNames=false, http://www.dbunit.org/properties/fetchSize=100, http://www.dbunit.org/features/batchedStatements=false, http://www.dbunit.org/properties/metadataHandler=org.dbunit.database.DefaultMetadataHandler@60648, http://www.dbunit.org/properties/datatypeFactory=org.dbunit.dataset.datatype.DefaultDataTypeFactory[_toleratedDeltaMap=org.dbunit.dataset.datatype.ToleratedDeltaMap@133a07d], http://www.dbunit.org/properties/escapePattern=null, http://www.dbunit.org/properties/batchSize=100, http://www.dbunit.org/features/qualifiedTableNames=false, http://www.dbunit.org/properties/tableType=[Ljava.lang.String;@6d6f28, http://www.dbunit.org/properties/resultSetTableFactory=org.dbunit.database.CachedResultSetTableFactory@9cde9a, http://www.dbunit.org/features/datatypeWarning=true}], _dataSet=AbstractDataSet[_orderedTableNameMap=null], metaData=tableName=locationhierarchy, columns=[(uuid, UNKNOWN, nullableUnknown), (name, UNKNOWN, nullableUnknown), (extId, UNKNOWN, nullableUnknown), (level_uuid, UNKNOWN, nullableUnknown), (parent_uuid, UNKNOWN, nullableUnknown)], keys=[]) - start
08:54:28,504 DEBUG org.dbunit.database.AbstractDatabaseConnection:66 - createDataSet() - start
08:54:28,504 DEBUG org.dbunit.database.DatabaseDataSet:279 - getTableMetaData(tableName=locationhierarchy) - start
08:54:28,505 DEBUG org.dbunit.database.DatabaseDataSet:173 - initialize() - start
08:54:28,505 DEBUG org.dbunit.dataset.OrderedTableNameMap:253 - getTableName(tableName=locationhierarchy) - start
08:54:28,505 DEBUG org.dbunit.dataset.OrderedTableNameMap:264 - getTableName(tableName=locationhierarchy) - end - result=LOCATIONHIERARCHY
08:54:28,506 DEBUG org.dbunit.dataset.OrderedTableNameMap:253 - getTableName(tableName=locationhierarchy) - start
08:54:28,506 DEBUG org.dbunit.dataset.OrderedTableNameMap:264 - getTableName(tableName=locationhierarchy) - end - result=LOCATIONHIERARCHY
08:54:28,506 DEBUG org.dbunit.database.DatabaseDataSourceConnection:113 - getConnection() - start
08:54:28,507 DEBUG org.dbunit.util.SQLHelper:657 - isEscaped returns &apos;false&apos; for tableName=locationhierarchy (dbIdentifierQuoteString=&quot;)
08:54:28,507 DEBUG org.dbunit.util.SQLHelper:637 - class org.dbunit.database.DatabaseTableMetaData. Corrected table name: oldValue=locationhierarchy newValue=LOCATIONHIERARCHY
08:54:28,508 DEBUG org.dbunit.database.DatabaseTableMetaData:139 - Validating if table &apos;LOCATIONHIERARCHY&apos; exists in schema &apos;null&apos; ...
08:54:28,508 DEBUG org.dbunit.util.SQLHelper:117 - close(resultSet=org.apache.commons.dbcp.DelegatingResultSet@1a4437a) - start
08:54:28,509 DEBUG org.dbunit.dataset.OrderedTableNameMap:234 - getColumns() - start
08:54:28,509 DEBUG org.dbunit.dataset.OrderedTableNameMap:234 - getConnection() - start
08:54:28,510 DEBUG org.dbunit.dataset.OrderedTableNameMap:234 - getConnection() - start
08:54:28,511  WARN org.dbunit.dataset.OrderedTableNameMap:234 - Potential problem found: The configured data type factory &apos;class org.dbunit.dataset.datatype.DefaultDataTypeFactory&apos; might cause problems with the current database &apos;H2&apos; (e.g. some datatypes may not be supported properly). In rare cases you might see this message because the list of supported database products is incomplete (list=[derby]). If so please request a java-class update via the forums.If you are using your own IDataTypeFactory extending DefaultDataTypeFactory, ensure that you override getValidDbProducts() to specify the supported database products.
08:54:28,512 DEBUG org.dbunit.dataset.OrderedTableNameMap:234 - Comparing the following values using caseSensitive=false (searched&lt;=&gt;actual): catalog: null&lt;=&gt;OPENHDS schema: null&lt;=&gt;PUBLIC table: LOCATIONHIERARCHY&lt;=&gt;LOCATIONHIERARCHY column: null&lt;=&gt;UUID
08:54:28,513 DEBUG org.dbunit.dataset.OrderedTableNameMap:234 - createDataType(sqlType=12 , sqlTypeName=VARCHAR, tableName=LOCATIONHIERARCHY, columnName=UUID) - start
08:54:28,513 DEBUG org.dbunit.dataset.OrderedTableNameMap:234 - createDataType(sqlType=12, sqlTypeName=VARCHAR) - start
08:54:28,513 DEBUG org.dbunit.dataset.OrderedTableNameMap:234 - forSqlType(sqlType=12) - start
08:54:28,514 DEBUG org.dbunit.dataset.OrderedTableNameMap:234 - getSqlType() - start
08:54:28,514 DEBUG org.dbunit.dataset.OrderedTableNameMap:234 - nullableValue(nullable=0) - start
08:54:28,514 DEBUG org.dbunit.dataset.OrderedTableNameMap:234 - autoIncrementValue(isAutoIncrement=NO) - start
08:54:28,515 DEBUG org.dbunit.dataset.OrderedTableNameMap:234 - Comparing the following values using caseSensitive=false (searched&lt;=&gt;actual): catalog: null&lt;=&gt;OPENHDS schema: null&lt;=&gt;PUBLIC table: LOCATIONHIERARCHY&lt;=&gt;LOCATIONHIERARCHY column: null&lt;=&gt;EXTID
08:54:28,515 DEBUG org.dbunit.dataset.OrderedTableNameMap:234 - createDataType(sqlType=12 , sqlTypeName=VARCHAR, tableName=LOCATIONHIERARCHY, columnName=EXTID) - start
08:54:28,516 DEBUG org.dbunit.dataset.OrderedTableNameMap:234 - createDataType(sqlType=12, sqlTypeName=VARCHAR) - start
08:54:28,516 DEBUG org.dbunit.dataset.OrderedTableNameMap:234 - forSqlType(sqlType=12) - start
08:54:28,516 DEBUG org.dbunit.dataset.OrderedTableNameMap:234 - getSqlType() - start
08:54:28,517 DEBUG org.dbunit.dataset.OrderedTableNameMap:234 - nullableValue(nullable=0) - start
08:54:28,517 DEBUG org.dbunit.dataset.OrderedTableNameMap:234 - autoIncrementValue(isAutoIncrement=NO) - start
08:54:28,518 DEBUG org.dbunit.dataset.OrderedTableNameMap:234 - Comparing the following values using caseSensitive=false (searched&lt;=&gt;actual): catalog: null&lt;=&gt;OPENHDS schema: null&lt;=&gt;PUBLIC table: LOCATIONHIERARCHY&lt;=&gt;LOCATIONHIERARCHY column: null&lt;=&gt;NAME
08:54:28,518 DEBUG org.dbunit.dataset.OrderedTableNameMap:234 - createDataType(sqlType=12 , sqlTypeName=VARCHAR, tableName=LOCATIONHIERARCHY, columnName=NAME) - start
08:54:28,518 DEBUG org.dbunit.dataset.OrderedTableNameMap:234 - createDataType(sqlType=12, sqlTypeName=VARCHAR) - start
08:54:28,519 DEBUG org.dbunit.dataset.OrderedTableNameMap:234 - forSqlType(sqlType=12) - start
08:54:28,519 DEBUG org.dbunit.dataset.OrderedTableNameMap:234 - getSqlType() - start
08:54:28,520 DEBUG org.dbunit.dataset.OrderedTableNameMap:234 - nullableValue(nullable=0) - start
08:54:28,520 DEBUG org.dbunit.dataset.OrderedTableNameMap:234 - autoIncrementValue(isAutoIncrement=NO) - start
08:54:28,521 DEBUG org.dbunit.dataset.OrderedTableNameMap:234 - Comparing the following values using caseSensitive=false (searched&lt;=&gt;actual): catalog: null&lt;=&gt;OPENHDS schema: null&lt;=&gt;PUBLIC table: LOCATIONHIERARCHY&lt;=&gt;LOCATIONHIERARCHY column: null&lt;=&gt;LEVEL_UUID
08:54:28,521 DEBUG org.dbunit.dataset.OrderedTableNameMap:234 - createDataType(sqlType=12 , sqlTypeName=VARCHAR, tableName=LOCATIONHIERARCHY, columnName=LEVEL_UUID) - start
08:54:28,522 DEBUG org.dbunit.dataset.OrderedTableNameMap:234 - createDataType(sqlType=12, sqlTypeName=VARCHAR) - start
08:54:28,522 DEBUG org.dbunit.dataset.OrderedTableNameMap:234 - forSqlType(sqlType=12) - start
08:54:28,523 DEBUG org.dbunit.dataset.OrderedTableNameMap:234 - getSqlType() - start
08:54:28,523 DEBUG org.dbunit.dataset.OrderedTableNameMap:234 - nullableValue(nullable=1) - start
08:54:28,525 DEBUG org.dbunit.dataset.OrderedTableNameMap:234 - autoIncrementValue(isAutoIncrement=NO) - start
08:54:28,525 DEBUG org.dbunit.dataset.OrderedTableNameMap:234 - Comparing the following values using caseSensitive=false (searched&lt;=&gt;actual): catalog: null&lt;=&gt;OPENHDS schema: null&lt;=&gt;PUBLIC table: LOCATIONHIERARCHY&lt;=&gt;LOCATIONHIERARCHY column: null&lt;=&gt;PARENT_UUID
08:54:28,526 DEBUG org.dbunit.dataset.OrderedTableNameMap:234 - createDataType(sqlType=12 , sqlTypeName=VARCHAR, tableName=LOCATIONHIERARCHY, columnName=PARENT_UUID) - start
08:54:28,526 DEBUG org.dbunit.dataset.OrderedTableNameMap:234 - createDataType(sqlType=12, sqlTypeName=VARCHAR) - start
08:54:28,527 DEBUG org.dbunit.dataset.OrderedTableNameMap:234 - forSqlType(sqlType=12) - start
08:54:28,527 DEBUG org.dbunit.dataset.OrderedTableNameMap:234 - getSqlType() - start
08:54:28,527 DEBUG org.dbunit.dataset.OrderedTableNameMap:234 - nullableValue(nullable=1) - start
08:54:28,528 DEBUG org.dbunit.dataset.OrderedTableNameMap:234 - autoIncrementValue(isAutoIncrement=NO) - start
08:54:28,528 DEBUG org.dbunit.dataset.OrderedTableNameMap:234 - getPrimaryKeys() - start
08:54:28,528 DEBUG org.dbunit.dataset.OrderedTableNameMap:234 - getPrimaryKeyNames() - start
08:54:28,529 DEBUG org.dbunit.dataset.OrderedTableNameMap:234 - getConnection() - start
08:54:28,530 DEBUG org.dbunit.dataset.OrderedTableNameMap:234 - getName() - start
08:54:28,530 DEBUG org.dbunit.dataset.OrderedTableNameMap:234 - getColumns() - start
08:54:28,537 DEBUG org.dbunit.dataset.OrderedTableNameMap:234 - getColumns(columnNames=[UUID], columns=[(UUID, VARCHAR, noNulls), (EXTID, VARCHAR, noNulls), (NAME, VARCHAR, noNulls), (LEVEL_UUID, VARCHAR, nullable), (PARENT_UUID, VARCHAR, nullable)]) - start
08:54:28,538 DEBUG org.dbunit.dataset.OrderedTableNameMap:234 - getColumn(columnName=UUID, columns=[(UUID, VARCHAR, noNulls), (EXTID, VARCHAR, noNulls), (NAME, VARCHAR, noNulls), (LEVEL_UUID, VARCHAR, nullable), (PARENT_UUID, VARCHAR, nullable)]) - start
08:54:28,539 DEBUG org.dbunit.dataset.OrderedTableNameMap:234 - update(tableName=locationhierarchy, object=table=LOCATIONHIERARCHY, cols=[(UUID, VARCHAR, noNulls), (EXTID, VARCHAR, noNulls), (NAME, VARCHAR, noNulls), (LEVEL_UUID, VARCHAR, nullable), (PARENT_UUID, VARCHAR, nullable)], pk=[(UUID, VARCHAR, noNulls)]) - start
08:54:28,540 DEBUG org.dbunit.dataset.OrderedTableNameMap:253 - getTableName(tableName=locationhierarchy) - start
08:54:28,540 DEBUG org.dbunit.dataset.OrderedTableNameMap:264 - getTableName(tableName=locationhierarchy) - end - result=LOCATIONHIERARCHY
08:54:28,540 DEBUG org.dbunit.dataset.OrderedTableNameMap:253 - getTableName(tableName=locationhierarchy) - start
08:54:28,541 DEBUG org.dbunit.dataset.OrderedTableNameMap:264 - getTableName(tableName=locationhierarchy) - end - result=LOCATIONHIERARCHY
08:54:28,541 DEBUG org.dbunit.dataset.AbstractTableMetaData:101 - getColumnIndex(columnName=uuid) - start
08:54:28,541 DEBUG org.dbunit.database.DatabaseTableMetaData:301 - getColumns() - start
08:54:28,542 DEBUG org.dbunit.database.DatabaseTableMetaData:301 - getColumns() - start
08:54:28,542 DEBUG org.dbunit.dataset.AbstractTableMetaData:101 - getColumnIndex(columnName=name) - start
08:54:28,543 DEBUG org.dbunit.database.DatabaseTableMetaData:301 - getColumns() - start
08:54:28,543 DEBUG org.dbunit.dataset.AbstractTableMetaData:101 - getColumnIndex(columnName=extId) - start
08:54:28,544 DEBUG org.dbunit.database.DatabaseTableMetaData:301 - getColumns() - start
08:54:28,544 DEBUG org.dbunit.dataset.AbstractTableMetaData:101 - getColumnIndex(columnName=level_uuid) - start
08:54:28,545 DEBUG org.dbunit.database.DatabaseTableMetaData:301 - getColumns() - start
08:54:28,548 DEBUG org.dbunit.dataset.AbstractTableMetaData:101 - getColumnIndex(columnName=parent_uuid) - start
08:54:28,549 DEBUG org.dbunit.database.DatabaseTableMetaData:301 - getColumns() - start
08:54:28,550 DEBUG org.dbunit.database.DatabaseTableMetaData:374 - getPrimaryKeys() - start
08:54:28,550 DEBUG org.dbunit.operation.RefreshOperation:146 - createUpdateOperation(connection=_databaseConfig=org.dbunit.database.DatabaseConfig[, _propertyMap={http://www.dbunit.org/properties/statementFactory=org.dbunit.database.statement.PreparedStatementFactory@eb5ea0, http://www.dbunit.org/features/caseSensitiveTableNames=false, http://www.dbunit.org/properties/fetchSize=100, http://www.dbunit.org/features/batchedStatements=false, http://www.dbunit.org/properties/metadataHandler=org.dbunit.database.DefaultMetadataHandler@60648, http://www.dbunit.org/properties/datatypeFactory=org.dbunit.dataset.datatype.DefaultDataTypeFactory[_toleratedDeltaMap=org.dbunit.dataset.datatype.ToleratedDeltaMap@133a07d], http://www.dbunit.org/properties/escapePattern=null, http://www.dbunit.org/properties/batchSize=100, http://www.dbunit.org/features/qualifiedTableNames=false, http://www.dbunit.org/properties/tableType=[Ljava.lang.String;@6d6f28, http://www.dbunit.org/properties/resultSetTableFactory=org.dbunit.database.CachedResultSetTableFactory@9cde9a, http://www.dbunit.org/features/datatypeWarning=true}], _dataSet=AbstractDataSet[_orderedTableNameMap=null], metaData=tableName=LOCATIONHIERARCHY, columns=[(UUID, VARCHAR, noNulls), (NAME, VARCHAR, noNulls), (EXTID, VARCHAR, noNulls), (LEVEL_UUID, VARCHAR, nullable), (PARENT_UUID, VARCHAR, nullable)], keys=[(UUID, VARCHAR, noNulls)]) - start
08:54:28,551 DEBUG org.dbunit.operation.UpdateOperation:63 - getOperationData(metaData=tableName=LOCATIONHIERARCHY, columns=[(UUID, VARCHAR, noNulls), (NAME, VARCHAR, noNulls), (EXTID, VARCHAR, noNulls), (LEVEL_UUID, VARCHAR, nullable), (PARENT_UUID, VARCHAR, nullable)], keys=[(UUID, VARCHAR, noNulls)], ignoreMapping=null, connection=_databaseConfig=org.dbunit.database.DatabaseConfig[, _propertyMap={http://www.dbunit.org/properties/statementFactory=org.dbunit.database.statement.PreparedStatementFactory@eb5ea0, http://www.dbunit.org/features/caseSensitiveTableNames=false, http://www.dbunit.org/properties/fetchSize=100, http://www.dbunit.org/features/batchedStatements=false, http://www.dbunit.org/properties/metadataHandler=org.dbunit.database.DefaultMetadataHandler@60648, http://www.dbunit.org/properties/datatypeFactory=org.dbunit.dataset.datatype.DefaultDataTypeFactory[_toleratedDeltaMap=org.dbunit.dataset.datatype.ToleratedDeltaMap@133a07d], http://www.dbunit.org/properties/escapePattern=null, http://www.dbunit.org/properties/batchSize=100, http://www.dbunit.org/features/qualifiedTableNames=false, http://www.dbunit.org/properties/tableType=[Ljava.lang.String;@6d6f28, http://www.dbunit.org/properties/resultSetTableFactory=org.dbunit.database.CachedResultSetTableFactory@9cde9a, http://www.dbunit.org/features/datatypeWarning=true}], _dataSet=AbstractDataSet[_orderedTableNameMap=null]) - start
08:54:28,552 DEBUG org.dbunit.operation.AbstractOperation:55 - getQualifiedName(prefix=null, name=LOCATIONHIERARCHY, connection=_databaseConfig=org.dbunit.database.DatabaseConfig[, _propertyMap={http://www.dbunit.org/properties/statementFactory=org.dbunit.database.statement.PreparedStatementFactory@eb5ea0, http://www.dbunit.org/features/caseSensitiveTableNames=false, http://www.dbunit.org/properties/fetchSize=100, http://www.dbunit.org/features/batchedStatements=false, http://www.dbunit.org/properties/metadataHandler=org.dbunit.database.DefaultMetadataHandler@60648, http://www.dbunit.org/properties/datatypeFactory=org.dbunit.dataset.datatype.DefaultDataTypeFactory[_toleratedDeltaMap=org.dbunit.dataset.datatype.ToleratedDeltaMap@133a07d], http://www.dbunit.org/properties/escapePattern=null, http://www.dbunit.org/properties/batchSize=100, http://www.dbunit.org/features/qualifiedTableNames=false, http://www.dbunit.org/properties/tableType=[Ljava.lang.String;@6d6f28, http://www.dbunit.org/properties/resultSetTableFactory=org.dbunit.database.CachedResultSetTableFactory@9cde9a, http://www.dbunit.org/features/datatypeWarning=true}], _dataSet=AbstractDataSet[_orderedTableNameMap=null]) - start
08:54:28,553 DEBUG org.dbunit.util.QualifiedTableName:126 - getQualifiedName() - start
08:54:28,553 DEBUG org.dbunit.util.QualifiedTableName:190 - getQualifiedName(prefix=null, name=LOCATIONHIERARCHY, escapePattern=null) - start
08:54:28,554 DEBUG org.dbunit.dataset.Columns:154 - getColumn(columnName=UUID, columns=[(UUID, VARCHAR, noNulls)]) - start
08:54:28,555 DEBUG org.dbunit.dataset.Columns:154 - getColumn(columnName=NAME, columns=[(UUID, VARCHAR, noNulls)]) - start
08:54:28,555 DEBUG org.dbunit.operation.AbstractOperation:55 - getQualifiedName(prefix=null, name=NAME, connection=_databaseConfig=org.dbunit.database.DatabaseConfig[, _propertyMap={http://www.dbunit.org/properties/statementFactory=org.dbunit.database.statement.PreparedStatementFactory@eb5ea0, http://www.dbunit.org/features/caseSensitiveTableNames=false, http://www.dbunit.org/properties/fetchSize=100, http://www.dbunit.org/features/batchedStatements=false, http://www.dbunit.org/properties/metadataHandler=org.dbunit.database.DefaultMetadataHandler@60648, http://www.dbunit.org/properties/datatypeFactory=org.dbunit.dataset.datatype.DefaultDataTypeFactory[_toleratedDeltaMap=org.dbunit.dataset.datatype.ToleratedDeltaMap@133a07d], http://www.dbunit.org/properties/escapePattern=null, http://www.dbunit.org/properties/batchSize=100, http://www.dbunit.org/features/qualifiedTableNames=false, http://www.dbunit.org/properties/tableType=[Ljava.lang.String;@6d6f28, http://www.dbunit.org/properties/resultSetTableFactory=org.dbunit.database.CachedResultSetTableFactory@9cde9a, http://www.dbunit.org/features/datatypeWarning=true}], _dataSet=AbstractDataSet[_orderedTableNameMap=null]) - start
08:54:28,556 DEBUG org.dbunit.util.QualifiedTableName:126 - getQualifiedName() - start
08:54:28,556 DEBUG org.dbunit.util.QualifiedTableName:190 - getQualifiedName(prefix=null, name=NAME, escapePattern=null) - start
08:54:28,557 DEBUG org.dbunit.dataset.Columns:154 - getColumn(columnName=EXTID, columns=[(UUID, VARCHAR, noNulls)]) - start
08:54:28,558 DEBUG org.dbunit.operation.AbstractOperation:55 - getQualifiedName(prefix=null, name=EXTID, connection=_databaseConfig=org.dbunit.database.DatabaseConfig[, _propertyMap={http://www.dbunit.org/properties/statementFactory=org.dbunit.database.statement.PreparedStatementFactory@eb5ea0, http://www.dbunit.org/features/caseSensitiveTableNames=false, http://www.dbunit.org/properties/fetchSize=100, http://www.dbunit.org/features/batchedStatements=false, http://www.dbunit.org/properties/metadataHandler=org.dbunit.database.DefaultMetadataHandler@60648, http://www.dbunit.org/properties/datatypeFactory=org.dbunit.dataset.datatype.DefaultDataTypeFactory[_toleratedDeltaMap=org.dbunit.dataset.datatype.ToleratedDeltaMap@133a07d], http://www.dbunit.org/properties/escapePattern=null, http://www.dbunit.org/properties/batchSize=100, http://www.dbunit.org/features/qualifiedTableNames=false, http://www.dbunit.org/properties/tableType=[Ljava.lang.String;@6d6f28, http://www.dbunit.org/properties/resultSetTableFactory=org.dbunit.database.CachedResultSetTableFactory@9cde9a, http://www.dbunit.org/features/datatypeWarning=true}], _dataSet=AbstractDataSet[_orderedTableNameMap=null]) - start
08:54:28,559 DEBUG org.dbunit.util.QualifiedTableName:126 - getQualifiedName() - start
08:54:28,559 DEBUG org.dbunit.util.QualifiedTableName:190 - getQualifiedName(prefix=null, name=EXTID, escapePattern=null) - start
08:54:28,560 DEBUG org.dbunit.dataset.Columns:154 - getColumn(columnName=LEVEL_UUID, columns=[(UUID, VARCHAR, noNulls)]) - start
08:54:28,561 DEBUG org.dbunit.operation.AbstractOperation:55 - getQualifiedName(prefix=null, name=LEVEL_UUID, connection=_databaseConfig=org.dbunit.database.DatabaseConfig[, _propertyMap={http://www.dbunit.org/properties/statementFactory=org.dbunit.database.statement.PreparedStatementFactory@eb5ea0, http://www.dbunit.org/features/caseSensitiveTableNames=false, http://www.dbunit.org/properties/fetchSize=100, http://www.dbunit.org/features/batchedStatements=false, http://www.dbunit.org/properties/metadataHandler=org.dbunit.database.DefaultMetadataHandler@60648, http://www.dbunit.org/properties/datatypeFactory=org.dbunit.dataset.datatype.DefaultDataTypeFactory[_toleratedDeltaMap=org.dbunit.dataset.datatype.ToleratedDeltaMap@133a07d], http://www.dbunit.org/properties/escapePattern=null, http://www.dbunit.org/properties/batchSize=100, http://www.dbunit.org/features/qualifiedTableNames=false, http://www.dbunit.org/properties/tableType=[Ljava.lang.String;@6d6f28, http://www.dbunit.org/properties/resultSetTableFactory=org.dbunit.database.CachedResultSetTableFactory@9cde9a, http://www.dbunit.org/features/datatypeWarning=true}], _dataSet=AbstractDataSet[_orderedTableNameMap=null]) - start
08:54:28,561 DEBUG org.dbunit.util.QualifiedTableName:126 - getQualifiedName() - start
08:54:28,562 DEBUG org.dbunit.util.QualifiedTableName:190 - getQualifiedName(prefix=null, name=LEVEL_UUID, escapePattern=null) - start
08:54:28,562 DEBUG org.dbunit.dataset.Columns:154 - getColumn(columnName=PARENT_UUID, columns=[(UUID, VARCHAR, noNulls)]) - start
08:54:28,563 DEBUG org.dbunit.operation.AbstractOperation:55 - getQualifiedName(prefix=null, name=PARENT_UUID, connection=_databaseConfig=org.dbunit.database.DatabaseConfig[, _propertyMap={http://www.dbunit.org/properties/statementFactory=org.dbunit.database.statement.PreparedStatementFactory@eb5ea0, http://www.dbunit.org/features/caseSensitiveTableNames=false, http://www.dbunit.org/properties/fetchSize=100, http://www.dbunit.org/features/batchedStatements=false, http://www.dbunit.org/properties/metadataHandler=org.dbunit.database.DefaultMetadataHandler@60648, http://www.dbunit.org/properties/datatypeFactory=org.dbunit.dataset.datatype.DefaultDataTypeFactory[_toleratedDeltaMap=org.dbunit.dataset.datatype.ToleratedDeltaMap@133a07d], http://www.dbunit.org/properties/escapePattern=null, http://www.dbunit.org/properties/batchSize=100, http://www.dbunit.org/features/qualifiedTableNames=false, http://www.dbunit.org/properties/tableType=[Ljava.lang.String;@6d6f28, http://www.dbunit.org/properties/resultSetTableFactory=org.dbunit.database.CachedResultSetTableFactory@9cde9a, http://www.dbunit.org/features/datatypeWarning=true}], _dataSet=AbstractDataSet[_orderedTableNameMap=null]) - start
08:54:28,564 DEBUG org.dbunit.util.QualifiedTableName:126 - getQualifiedName() - start
08:54:28,565 DEBUG org.dbunit.util.QualifiedTableName:190 - getQualifiedName(prefix=null, name=PARENT_UUID, escapePattern=null) - start
08:54:28,566 DEBUG org.dbunit.operation.AbstractOperation:55 - getQualifiedName(prefix=null, name=UUID, connection=_databaseConfig=org.dbunit.database.DatabaseConfig[, _propertyMap={http://www.dbunit.org/properties/statementFactory=org.dbunit.database.statement.PreparedStatementFactory@eb5ea0, http://www.dbunit.org/features/caseSensitiveTableNames=false, http://www.dbunit.org/properties/fetchSize=100, http://www.dbunit.org/features/batchedStatements=false, http://www.dbunit.org/properties/metadataHandler=org.dbunit.database.DefaultMetadataHandler@60648, http://www.dbunit.org/properties/datatypeFactory=org.dbunit.dataset.datatype.DefaultDataTypeFactory[_toleratedDeltaMap=org.dbunit.dataset.datatype.ToleratedDeltaMap@133a07d], http://www.dbunit.org/properties/escapePattern=null, http://www.dbunit.org/properties/batchSize=100, http://www.dbunit.org/features/qualifiedTableNames=false, http://www.dbunit.org/properties/tableType=[Ljava.lang.String;@6d6f28, http://www.dbunit.org/properties/resultSetTableFactory=org.dbunit.database.CachedResultSetTableFactory@9cde9a, http://www.dbunit.org/features/datatypeWarning=true}], _dataSet=AbstractDataSet[_orderedTableNameMap=null]) - start
08:54:28,566 DEBUG org.dbunit.util.QualifiedTableName:126 - getQualifiedName() - start
08:54:28,567 DEBUG org.dbunit.util.QualifiedTableName:190 - getQualifiedName(prefix=null, name=UUID, escapePattern=null) - start
08:54:28,568 DEBUG org.dbunit.database.DatabaseDataSourceConnection:113 - getConnection() - start
08:54:28,569 DEBUG org.dbunit.operation.RefreshOperation$RowOperation:180 - execute(table=org.dbunit.dataset.DefaultTable[_metaData=tableName=locationhierarchy, columns=[(uuid, UNKNOWN, nullableUnknown), (name, UNKNOWN, nullableUnknown), (extId, UNKNOWN, nullableUnknown), (level_uuid, UNKNOWN, nullableUnknown), (parent_uuid, UNKNOWN, nullableUnknown)], keys=[], _rowList.size()=3], row=0) - start
08:54:28,569 DEBUG org.dbunit.dataset.DefaultTable:192 - getValue(row=0, column=NAME) - start
08:54:28,570 DEBUG org.dbunit.dataset.AbstractTable:41 - assertValidRowIndex(row=0) - start
08:54:28,571 DEBUG org.dbunit.dataset.AbstractTable:51 - assertValidRowIndex(row=0, rowCount=3) - start
08:54:28,571 DEBUG org.dbunit.dataset.AbstractTable:75 - getColumnIndex(columnName=NAME) - start
08:54:28,572 DEBUG org.dbunit.dataset.AbstractTableMetaData:101 - getColumnIndex(columnName=NAME) - start
08:54:28,573 DEBUG org.dbunit.database.statement.SimplePreparedStatement:64 - addValue(value=TAN, dataType=VARCHAR) - start
08:54:28,573 DEBUG org.dbunit.dataset.datatype.StringDataType:157 - setSqlValue(value=TAN, column=1, statement=prep233: update LOCATIONHIERARCHY set NAME = ?, EXTID = ?, LEVEL_UUID = ?, PARENT_UUID = ? where UUID = ?) - start
08:54:28,574 DEBUG org.dbunit.dataset.datatype.DataType:177 - asString(value=TAN) - start
08:54:28,574 DEBUG org.dbunit.dataset.datatype.StringDataType:59 - typeCast(value=TAN) - start
08:54:28,575 DEBUG org.dbunit.dataset.DefaultTable:192 - getValue(row=0, column=EXTID) - start
08:54:28,575 DEBUG org.dbunit.dataset.AbstractTable:41 - assertValidRowIndex(row=0) - start
08:54:28,576 DEBUG org.dbunit.dataset.AbstractTable:51 - assertValidRowIndex(row=0, rowCount=3) - start
08:54:28,577 DEBUG org.dbunit.dataset.AbstractTable:75 - getColumnIndex(columnName=EXTID) - start
08:54:28,577 DEBUG org.dbunit.dataset.AbstractTableMetaData:101 - getColumnIndex(columnName=EXTID) - start
08:54:28,578 DEBUG org.dbunit.database.statement.SimplePreparedStatement:64 - addValue(value=TAN, dataType=VARCHAR) - start
08:54:28,579 DEBUG org.dbunit.dataset.datatype.StringDataType:157 - setSqlValue(value=TAN, column=2, statement=prep233: update LOCATIONHIERARCHY set NAME = ?, EXTID = ?, LEVEL_UUID = ?, PARENT_UUID = ? where UUID = ? {1: &apos;TAN&apos;}) - start
08:54:28,580 DEBUG org.dbunit.dataset.datatype.DataType:177 - asString(value=TAN) - start
08:54:28,580 DEBUG org.dbunit.dataset.datatype.StringDataType:59 - typeCast(value=TAN) - start
08:54:28,581 DEBUG org.dbunit.dataset.DefaultTable:192 - getValue(row=0, column=LEVEL_UUID) - start
08:54:28,581 DEBUG org.dbunit.dataset.AbstractTable:41 - assertValidRowIndex(row=0) - start
08:54:28,582 DEBUG org.dbunit.dataset.AbstractTable:51 - assertValidRowIndex(row=0, rowCount=3) - start
08:54:28,583 DEBUG org.dbunit.dataset.AbstractTable:75 - getColumnIndex(columnName=LEVEL_UUID) - start
08:54:28,583 DEBUG org.dbunit.dataset.AbstractTableMetaData:101 - getColumnIndex(columnName=LEVEL_UUID) - start
08:54:28,584 DEBUG org.dbunit.database.statement.SimplePreparedStatement:64 - addValue(value=HierarchyLevel1, dataType=VARCHAR) - start
08:54:28,584 DEBUG org.dbunit.dataset.datatype.StringDataType:157 - setSqlValue(value=HierarchyLevel1, column=3, statement=prep233: update LOCATIONHIERARCHY set NAME = ?, EXTID = ?, LEVEL_UUID = ?, PARENT_UUID = ? where UUID = ? {1: &apos;TAN&apos;, 2: &apos;TAN&apos;}) - start
08:54:28,585 DEBUG org.dbunit.dataset.datatype.DataType:177 - asString(value=HierarchyLevel1) - start
08:54:28,586 DEBUG org.dbunit.dataset.datatype.StringDataType:59 - typeCast(value=HierarchyLevel1) - start
08:54:28,586 DEBUG org.dbunit.dataset.DefaultTable:192 - getValue(row=0, column=PARENT_UUID) - start
08:54:28,587 DEBUG org.dbunit.dataset.AbstractTable:41 - assertValidRowIndex(row=0) - start
08:54:28,587 DEBUG org.dbunit.dataset.AbstractTable:51 - assertValidRowIndex(row=0, rowCount=3) - start
08:54:28,588 DEBUG org.dbunit.dataset.AbstractTable:75 - getColumnIndex(columnName=PARENT_UUID) - start
08:54:28,589 DEBUG org.dbunit.dataset.AbstractTableMetaData:101 - getColumnIndex(columnName=PARENT_UUID) - start
08:54:28,590 DEBUG org.dbunit.database.statement.SimplePreparedStatement:64 - addValue(value=hierarchy_root, dataType=VARCHAR) - start
08:54:28,590 DEBUG org.dbunit.dataset.datatype.StringDataType:157 - setSqlValue(value=hierarchy_root, column=4, statement=prep233: update LOCATIONHIERARCHY set NAME = ?, EXTID = ?, LEVEL_UUID = ?, PARENT_UUID = ? where UUID = ? {1: &apos;TAN&apos;, 2: &apos;TAN&apos;, 3: &apos;HierarchyLevel1&apos;}) - start
08:54:28,591 DEBUG org.dbunit.dataset.datatype.DataType:177 - asString(value=hierarchy_root) - start
08:54:28,591 DEBUG org.dbunit.dataset.datatype.StringDataType:59 - typeCast(value=hierarchy_root) - start
08:54:28,592 DEBUG org.dbunit.dataset.DefaultTable:192 - getValue(row=0, column=UUID) - start
08:54:28,593 DEBUG org.dbunit.dataset.AbstractTable:41 - assertValidRowIndex(row=0) - start
08:54:28,593 DEBUG org.dbunit.dataset.AbstractTable:51 - assertValidRowIndex(row=0, rowCount=3) - start
08:54:28,594 DEBUG org.dbunit.dataset.AbstractTable:75 - getColumnIndex(columnName=UUID) - start
08:54:28,594 DEBUG org.dbunit.dataset.AbstractTableMetaData:101 - getColumnIndex(columnName=UUID) - start
08:54:28,595 DEBUG org.dbunit.database.statement.SimplePreparedStatement:64 - addValue(value=hierarchy1, dataType=VARCHAR) - start
08:54:28,595 DEBUG org.dbunit.dataset.datatype.StringDataType:157 - setSqlValue(value=hierarchy1, column=5, statement=prep233: update LOCATIONHIERARCHY set NAME = ?, EXTID = ?, LEVEL_UUID = ?, PARENT_UUID = ? where UUID = ? {1: &apos;TAN&apos;, 2: &apos;TAN&apos;, 3: &apos;HierarchyLevel1&apos;, 4: &apos;hierarchy_root&apos;}) - start
08:54:28,596 DEBUG org.dbunit.dataset.datatype.DataType:177 - asString(value=hierarchy1) - start
08:54:28,596 DEBUG org.dbunit.dataset.datatype.StringDataType:59 - typeCast(value=hierarchy1) - start
08:54:28,597 DEBUG org.dbunit.database.statement.SimplePreparedStatement:78 - addBatch() - start
08:54:28,598 DEBUG org.dbunit.database.statement.SimplePreparedStatement:90 - executeBatch() - start
08:54:28,598 DEBUG org.dbunit.database.statement.SimplePreparedStatement:99 - clearBatch() - start
08:54:28,599 DEBUG org.dbunit.database.statement.SimplePreparedStatement:99 - clearBatch() - start
08:54:28,599 DEBUG org.dbunit.operation.RefreshOperation$InsertRowOperation:238 - execute(table=org.dbunit.dataset.DefaultTable[_metaData=tableName=locationhierarchy, columns=[(uuid, UNKNOWN, nullableUnknown), (name, UNKNOWN, nullableUnknown), (extId, UNKNOWN, nullableUnknown), (level_uuid, UNKNOWN, nullableUnknown), (parent_uuid, UNKNOWN, nullableUnknown)], keys=[], _rowList.size()=3], row=0) - start
08:54:28,600 DEBUG org.dbunit.operation.InsertOperation:113 - getIgnoreMapping(table=org.dbunit.dataset.DefaultTable[_metaData=tableName=locationhierarchy, columns=[(uuid, UNKNOWN, nullableUnknown), (name, UNKNOWN, nullableUnknown), (extId, UNKNOWN, nullableUnknown), (level_uuid, UNKNOWN, nullableUnknown), (parent_uuid, UNKNOWN, nullableUnknown)], keys=[], _rowList.size()=3], row=0) - start
08:54:28,601 DEBUG org.dbunit.dataset.DefaultTable:192 - getValue(row=0, column=uuid) - start
08:54:28,601 DEBUG org.dbunit.dataset.AbstractTable:41 - assertValidRowIndex(row=0) - start
08:54:28,602 DEBUG org.dbunit.dataset.AbstractTable:51 - assertValidRowIndex(row=0, rowCount=3) - start
08:54:28,603 DEBUG org.dbunit.dataset.AbstractTable:75 - getColumnIndex(columnName=uuid) - start
08:54:28,603 DEBUG org.dbunit.dataset.AbstractTableMetaData:101 - getColumnIndex(columnName=uuid) - start
08:54:28,604 DEBUG org.dbunit.dataset.DefaultTable:192 - getValue(row=0, column=name) - start
08:54:28,606 DEBUG org.dbunit.dataset.AbstractTable:41 - assertValidRowIndex(row=0) - start
08:54:28,607 DEBUG org.dbunit.dataset.AbstractTable:51 - assertValidRowIndex(row=0, rowCount=3) - start
08:54:28,607 DEBUG org.dbunit.dataset.AbstractTable:75 - getColumnIndex(columnName=name) - start
08:54:28,608 DEBUG org.dbunit.dataset.AbstractTableMetaData:101 - getColumnIndex(columnName=name) - start
08:54:28,608 DEBUG org.dbunit.dataset.DefaultTable:192 - getValue(row=0, column=extId) - start
08:54:28,609 DEBUG org.dbunit.dataset.AbstractTable:41 - assertValidRowIndex(row=0) - start
08:54:28,609 DEBUG org.dbunit.dataset.AbstractTable:51 - assertValidRowIndex(row=0, rowCount=3) - start
08:54:28,610 DEBUG org.dbunit.dataset.AbstractTable:75 - getColumnIndex(columnName=extId) - start
08:54:28,611 DEBUG org.dbunit.dataset.AbstractTableMetaData:101 - getColumnIndex(columnName=extId) - start
08:54:28,611 DEBUG org.dbunit.dataset.DefaultTable:192 - getValue(row=0, column=level_uuid) - start
08:54:28,612 DEBUG org.dbunit.dataset.AbstractTable:41 - assertValidRowIndex(row=0) - start
08:54:28,612 DEBUG org.dbunit.dataset.AbstractTable:51 - assertValidRowIndex(row=0, rowCount=3) - start
08:54:28,613 DEBUG org.dbunit.dataset.AbstractTable:75 - getColumnIndex(columnName=level_uuid) - start
08:54:28,614 DEBUG org.dbunit.dataset.AbstractTableMetaData:101 - getColumnIndex(columnName=level_uuid) - start
08:54:28,614 DEBUG org.dbunit.dataset.DefaultTable:192 - getValue(row=0, column=parent_uuid) - start
08:54:28,615 DEBUG org.dbunit.dataset.AbstractTable:41 - assertValidRowIndex(row=0) - start
08:54:28,615 DEBUG org.dbunit.dataset.AbstractTable:51 - assertValidRowIndex(row=0, rowCount=3) - start
08:54:28,616 DEBUG org.dbunit.dataset.AbstractTable:75 - getColumnIndex(columnName=parent_uuid) - start
08:54:28,617 DEBUG org.dbunit.dataset.AbstractTableMetaData:101 - getColumnIndex(columnName=parent_uuid) - start
08:54:28,618 DEBUG org.dbunit.operation.InsertOperation:65 - getOperationData(metaData=tableName=LOCATIONHIERARCHY, columns=[(UUID, VARCHAR, noNulls), (NAME, VARCHAR, noNulls), (EXTID, VARCHAR, noNulls), (LEVEL_UUID, VARCHAR, nullable), (PARENT_UUID, VARCHAR, nullable)], keys=[(UUID, VARCHAR, noNulls)], ignoreMapping={}, connection=_databaseConfig=org.dbunit.database.DatabaseConfig[, _propertyMap={http://www.dbunit.org/properties/statementFactory=org.dbunit.database.statement.PreparedStatementFactory@eb5ea0, http://www.dbunit.org/features/caseSensitiveTableNames=false, http://www.dbunit.org/properties/fetchSize=100, http://www.dbunit.org/features/batchedStatements=false, http://www.dbunit.org/properties/metadataHandler=org.dbunit.database.DefaultMetadataHandler@60648, http://www.dbunit.org/properties/datatypeFactory=org.dbunit.dataset.datatype.DefaultDataTypeFactory[_toleratedDeltaMap=org.dbunit.dataset.datatype.ToleratedDeltaMap@133a07d], http://www.dbunit.org/properties/escapePattern=null, http://www.dbunit.org/properties/batchSize=100, http://www.dbunit.org/features/qualifiedTableNames=false, http://www.dbunit.org/properties/tableType=[Ljava.lang.String;@6d6f28, http://www.dbunit.org/properties/resultSetTableFactory=org.dbunit.database.CachedResultSetTableFactory@9cde9a, http://www.dbunit.org/features/datatypeWarning=true}], _dataSet=AbstractDataSet[_orderedTableNameMap=null]) - start
08:54:28,619 DEBUG org.dbunit.operation.AbstractOperation:55 - getQualifiedName(prefix=null, name=LOCATIONHIERARCHY, connection=_databaseConfig=org.dbunit.database.DatabaseConfig[, _propertyMap={http://www.dbunit.org/properties/statementFactory=org.dbunit.database.statement.PreparedStatementFactory@eb5ea0, http://www.dbunit.org/features/caseSensitiveTableNames=false, http://www.dbunit.org/properties/fetchSize=100, http://www.dbunit.org/features/batchedStatements=false, http://www.dbunit.org/properties/metadataHandler=org.dbunit.database.DefaultMetadataHandler@60648, http://www.dbunit.org/properties/datatypeFactory=org.dbunit.dataset.datatype.DefaultDataTypeFactory[_toleratedDeltaMap=org.dbunit.dataset.datatype.ToleratedDeltaMap@133a07d], http://www.dbunit.org/properties/escapePattern=null, http://www.dbunit.org/properties/batchSize=100, http://www.dbunit.org/features/qualifiedTableNames=false, http://www.dbunit.org/properties/tableType=[Ljava.lang.String;@6d6f28, http://www.dbunit.org/properties/resultSetTableFactory=org.dbunit.database.CachedResultSetTableFactory@9cde9a, http://www.dbunit.org/features/datatypeWarning=true}], _dataSet=AbstractDataSet[_orderedTableNameMap=null]) - start
08:54:28,619 DEBUG org.dbunit.util.QualifiedTableName:126 - getQualifiedName() - start
08:54:28,620 DEBUG org.dbunit.util.QualifiedTableName:190 - getQualifiedName(prefix=null, name=LOCATIONHIERARCHY, escapePattern=null) - start
08:54:28,621 DEBUG org.dbunit.operation.AbstractOperation:55 - getQualifiedName(prefix=null, name=UUID, connection=_databaseConfig=org.dbunit.database.DatabaseConfig[, _propertyMap={http://www.dbunit.org/properties/statementFactory=org.dbunit.database.statement.PreparedStatementFactory@eb5ea0, http://www.dbunit.org/features/caseSensitiveTableNames=false, http://www.dbunit.org/properties/fetchSize=100, http://www.dbunit.org/features/batchedStatements=false, http://www.dbunit.org/properties/metadataHandler=org.dbunit.database.DefaultMetadataHandler@60648, http://www.dbunit.org/properties/datatypeFactory=org.dbunit.dataset.datatype.DefaultDataTypeFactory[_toleratedDeltaMap=org.dbunit.dataset.datatype.ToleratedDeltaMap@133a07d], http://www.dbunit.org/properties/escapePattern=null, http://www.dbunit.org/properties/batchSize=100, http://www.dbunit.org/features/qualifiedTableNames=false, http://www.dbunit.org/properties/tableType=[Ljava.lang.String;@6d6f28, http://www.dbunit.org/properties/resultSetTableFactory=org.dbunit.database.CachedResultSetTableFactory@9cde9a, http://www.dbunit.org/features/datatypeWarning=true}], _dataSet=AbstractDataSet[_orderedTableNameMap=null]) - start
08:54:28,621 DEBUG org.dbunit.util.QualifiedTableName:126 - getQualifiedName() - start
08:54:28,622 DEBUG org.dbunit.util.QualifiedTableName:190 - getQualifiedName(prefix=null, name=UUID, escapePattern=null) - start
08:54:28,623 DEBUG org.dbunit.operation.AbstractOperation:55 - getQualifiedName(prefix=null, name=NAME, connection=_databaseConfig=org.dbunit.database.DatabaseConfig[, _propertyMap={http://www.dbunit.org/properties/statementFactory=org.dbunit.database.statement.PreparedStatementFactory@eb5ea0, http://www.dbunit.org/features/caseSensitiveTableNames=false, http://www.dbunit.org/properties/fetchSize=100, http://www.dbunit.org/features/batchedStatements=false, http://www.dbunit.org/properties/metadataHandler=org.dbunit.database.DefaultMetadataHandler@60648, http://www.dbunit.org/properties/datatypeFactory=org.dbunit.dataset.datatype.DefaultDataTypeFactory[_toleratedDeltaMap=org.dbunit.dataset.datatype.ToleratedDeltaMap@133a07d], http://www.dbunit.org/properties/escapePattern=null, http://www.dbunit.org/properties/batchSize=100, http://www.dbunit.org/features/qualifiedTableNames=false, http://www.dbunit.org/properties/tableType=[Ljava.lang.String;@6d6f28, http://www.dbunit.org/properties/resultSetTableFactory=org.dbunit.database.CachedResultSetTableFactory@9cde9a, http://www.dbunit.org/features/datatypeWarning=true}], _dataSet=AbstractDataSet[_orderedTableNameMap=null]) - start
08:54:28,623 DEBUG org.dbunit.util.QualifiedTableName:126 - getQualifiedName() - start
08:54:28,624 DEBUG org.dbunit.util.QualifiedTableName:190 - getQualifiedName(prefix=null, name=NAME, escapePattern=null) - start
08:54:28,626 DEBUG org.dbunit.operation.AbstractOperation:55 - getQualifiedName(prefix=null, name=EXTID, connection=_databaseConfig=org.dbunit.database.DatabaseConfig[, _propertyMap={http://www.dbunit.org/properties/statementFactory=org.dbunit.database.statement.PreparedStatementFactory@eb5ea0, http://www.dbunit.org/features/caseSensitiveTableNames=false, http://www.dbunit.org/properties/fetchSize=100, http://www.dbunit.org/features/batchedStatements=false, http://www.dbunit.org/properties/metadataHandler=org.dbunit.database.DefaultMetadataHandler@60648, http://www.dbunit.org/properties/datatypeFactory=org.dbunit.dataset.datatype.DefaultDataTypeFactory[_toleratedDeltaMap=org.dbunit.dataset.datatype.ToleratedDeltaMap@133a07d], http://www.dbunit.org/properties/escapePattern=null, http://www.dbunit.org/properties/batchSize=100, http://www.dbunit.org/features/qualifiedTableNames=false, http://www.dbunit.org/properties/tableType=[Ljava.lang.String;@6d6f28, http://www.dbunit.org/properties/resultSetTableFactory=org.dbunit.database.CachedResultSetTableFactory@9cde9a, http://www.dbunit.org/features/datatypeWarning=true}], _dataSet=AbstractDataSet[_orderedTableNameMap=null]) - start
08:54:28,627 DEBUG org.dbunit.util.QualifiedTableName:126 - getQualifiedName() - start
08:54:28,627 DEBUG org.dbunit.util.QualifiedTableName:190 - getQualifiedName(prefix=null, name=EXTID, escapePattern=null) - start
08:54:28,628 DEBUG org.dbunit.operation.AbstractOperation:55 - getQualifiedName(prefix=null, name=LEVEL_UUID, connection=_databaseConfig=org.dbunit.database.DatabaseConfig[, _propertyMap={http://www.dbunit.org/properties/statementFactory=org.dbunit.database.statement.PreparedStatementFactory@eb5ea0, http://www.dbunit.org/features/caseSensitiveTableNames=false, http://www.dbunit.org/properties/fetchSize=100, http://www.dbunit.org/features/batchedStatements=false, http://www.dbunit.org/properties/metadataHandler=org.dbunit.database.DefaultMetadataHandler@60648, http://www.dbunit.org/properties/datatypeFactory=org.dbunit.dataset.datatype.DefaultDataTypeFactory[_toleratedDeltaMap=org.dbunit.dataset.datatype.ToleratedDeltaMap@133a07d], http://www.dbunit.org/properties/escapePattern=null, http://www.dbunit.org/properties/batchSize=100, http://www.dbunit.org/features/qualifiedTableNames=false, http://www.dbunit.org/properties/tableType=[Ljava.lang.String;@6d6f28, http://www.dbunit.org/properties/resultSetTableFactory=org.dbunit.database.CachedResultSetTableFactory@9cde9a, http://www.dbunit.org/features/datatypeWarning=true}], _dataSet=AbstractDataSet[_orderedTableNameMap=null]) - start
08:54:28,629 DEBUG org.dbunit.util.QualifiedTableName:126 - getQualifiedName() - start
08:54:28,629 DEBUG org.dbunit.util.QualifiedTableName:190 - getQualifiedName(prefix=null, name=LEVEL_UUID, escapePattern=null) - start
08:54:28,630 DEBUG org.dbunit.operation.AbstractOperation:55 - getQualifiedName(prefix=null, name=PARENT_UUID, connection=_databaseConfig=org.dbunit.database.DatabaseConfig[, _propertyMap={http://www.dbunit.org/properties/statementFactory=org.dbunit.database.statement.PreparedStatementFactory@eb5ea0, http://www.dbunit.org/features/caseSensitiveTableNames=false, http://www.dbunit.org/properties/fetchSize=100, http://www.dbunit.org/features/batchedStatements=false, http://www.dbunit.org/properties/metadataHandler=org.dbunit.database.DefaultMetadataHandler@60648, http://www.dbunit.org/properties/datatypeFactory=org.dbunit.dataset.datatype.DefaultDataTypeFactory[_toleratedDeltaMap=org.dbunit.dataset.datatype.ToleratedDeltaMap@133a07d], http://www.dbunit.org/properties/escapePattern=null, http://www.dbunit.org/properties/batchSize=100, http://www.dbunit.org/features/qualifiedTableNames=false, http://www.dbunit.org/properties/tableType=[Ljava.lang.String;@6d6f28, http://www.dbunit.org/properties/resultSetTableFactory=org.dbunit.database.CachedResultSetTableFactory@9cde9a, http://www.dbunit.org/features/datatypeWarning=true}], _dataSet=AbstractDataSet[_orderedTableNameMap=null]) - start
08:54:28,631 DEBUG org.dbunit.util.QualifiedTableName:126 - getQualifiedName() - start
08:54:28,632 DEBUG org.dbunit.util.QualifiedTableName:190 - getQualifiedName(prefix=null, name=PARENT_UUID, escapePattern=null) - start
08:54:28,633 DEBUG org.dbunit.database.DatabaseDataSourceConnection:113 - getConnection() - start
08:54:28,633 DEBUG org.dbunit.operation.RefreshOperation$RowOperation:180 - execute(table=org.dbunit.dataset.DefaultTable[_metaData=tableName=locationhierarchy, columns=[(uuid, UNKNOWN, nullableUnknown), (name, UNKNOWN, nullableUnknown), (extId, UNKNOWN, nullableUnknown), (level_uuid, UNKNOWN, nullableUnknown), (parent_uuid, UNKNOWN, nullableUnknown)], keys=[], _rowList.size()=3], row=0) - start
08:54:28,639 DEBUG org.dbunit.dataset.DefaultTable:192 - getValue(row=0, column=UUID) - start
08:54:28,639 DEBUG org.dbunit.dataset.AbstractTable:41 - assertValidRowIndex(row=0) - start
08:54:28,640 DEBUG org.dbunit.dataset.AbstractTable:51 - assertValidRowIndex(row=0, rowCount=3) - start
08:54:28,640 DEBUG org.dbunit.dataset.AbstractTable:75 - getColumnIndex(columnName=UUID) - start
08:54:28,640 DEBUG org.dbunit.dataset.AbstractTableMetaData:101 - getColumnIndex(columnName=UUID) - start
08:54:28,641 DEBUG org.dbunit.database.statement.SimplePreparedStatement:64 - addValue(value=hierarchy1, dataType=VARCHAR) - start
08:54:28,641 DEBUG org.dbunit.dataset.datatype.StringDataType:157 - setSqlValue(value=hierarchy1, column=1, statement=prep234: insert into LOCATIONHIERARCHY (UUID, NAME, EXTID, LEVEL_UUID, PARENT_UUID) values (?, ?, ?, ?, ?)) - start
08:54:28,641 DEBUG org.dbunit.dataset.datatype.DataType:177 - asString(value=hierarchy1) - start
08:54:28,642 DEBUG org.dbunit.dataset.datatype.StringDataType:59 - typeCast(value=hierarchy1) - start
08:54:28,642 DEBUG org.dbunit.dataset.DefaultTable:192 - getValue(row=0, column=NAME) - start
08:54:28,642 DEBUG org.dbunit.dataset.AbstractTable:41 - assertValidRowIndex(row=0) - start
08:54:28,643 DEBUG org.dbunit.dataset.AbstractTable:51 - assertValidRowIndex(row=0, rowCount=3) - start
08:54:28,645 DEBUG org.dbunit.dataset.AbstractTable:75 - getColumnIndex(columnName=NAME) - start
08:54:28,645 DEBUG org.dbunit.dataset.AbstractTableMetaData:101 - getColumnIndex(columnName=NAME) - start
08:54:28,646 DEBUG org.dbunit.database.statement.SimplePreparedStatement:64 - addValue(value=TAN, dataType=VARCHAR) - start
08:54:28,646 DEBUG org.dbunit.dataset.datatype.StringDataType:157 - setSqlValue(value=TAN, column=2, statement=prep234: insert into LOCATIONHIERARCHY (UUID, NAME, EXTID, LEVEL_UUID, PARENT_UUID) values (?, ?, ?, ?, ?) {1: &apos;hierarchy1&apos;}) - start
08:54:28,646 DEBUG org.dbunit.dataset.datatype.DataType:177 - asString(value=TAN) - start
08:54:28,647 DEBUG org.dbunit.dataset.datatype.StringDataType:59 - typeCast(value=TAN) - start
08:54:28,647 DEBUG org.dbunit.dataset.DefaultTable:192 - getValue(row=0, column=EXTID) - start
08:54:28,647 DEBUG org.dbunit.dataset.AbstractTable:41 - assertValidRowIndex(row=0) - start
08:54:28,648 DEBUG org.dbunit.dataset.AbstractTable:51 - assertValidRowIndex(row=0, rowCount=3) - start
08:54:28,648 DEBUG org.dbunit.dataset.AbstractTable:75 - getColumnIndex(columnName=EXTID) - start
08:54:28,648 DEBUG org.dbunit.dataset.AbstractTableMetaData:101 - getColumnIndex(columnName=EXTID) - start
08:54:28,649 DEBUG org.dbunit.database.statement.SimplePreparedStatement:64 - addValue(value=TAN, dataType=VARCHAR) - start
08:54:28,649 DEBUG org.dbunit.dataset.datatype.StringDataType:157 - setSqlValue(value=TAN, column=3, statement=prep234: insert into LOCATIONHIERARCHY (UUID, NAME, EXTID, LEVEL_UUID, PARENT_UUID) values (?, ?, ?, ?, ?) {1: &apos;hierarchy1&apos;, 2: &apos;TAN&apos;}) - start
08:54:28,649 DEBUG org.dbunit.dataset.datatype.DataType:177 - asString(value=TAN) - start
08:54:28,650 DEBUG org.dbunit.dataset.datatype.StringDataType:59 - typeCast(value=TAN) - start
08:54:28,651 DEBUG org.dbunit.dataset.DefaultTable:192 - getValue(row=0, column=LEVEL_UUID) - start
08:54:28,651 DEBUG org.dbunit.dataset.AbstractTable:41 - assertValidRowIndex(row=0) - start
08:54:28,651 DEBUG org.dbunit.dataset.AbstractTable:51 - assertValidRowIndex(row=0, rowCount=3) - start
08:54:28,652 DEBUG org.dbunit.dataset.AbstractTable:75 - getColumnIndex(columnName=LEVEL_UUID) - start
08:54:28,652 DEBUG org.dbunit.dataset.AbstractTableMetaData:101 - getColumnIndex(columnName=LEVEL_UUID) - start
08:54:28,652 DEBUG org.dbunit.database.statement.SimplePreparedStatement:64 - addValue(value=HierarchyLevel1, dataType=VARCHAR) - start
08:54:28,653 DEBUG org.dbunit.dataset.datatype.StringDataType:157 - setSqlValue(value=HierarchyLevel1, column=4, statement=prep234: insert into LOCATIONHIERARCHY (UUID, NAME, EXTID, LEVEL_UUID, PARENT_UUID) values (?, ?, ?, ?, ?) {1: &apos;hierarchy1&apos;, 2: &apos;TAN&apos;, 3: &apos;TAN&apos;}) - start
08:54:28,653 DEBUG org.dbunit.dataset.datatype.DataType:177 - asString(value=HierarchyLevel1) - start
08:54:28,653 DEBUG org.dbunit.dataset.datatype.StringDataType:59 - typeCast(value=HierarchyLevel1) - start
08:54:28,654 DEBUG org.dbunit.dataset.DefaultTable:192 - getValue(row=0, column=PARENT_UUID) - start
08:54:28,654 DEBUG org.dbunit.dataset.AbstractTable:41 - assertValidRowIndex(row=0) - start
08:54:28,654 DEBUG org.dbunit.dataset.AbstractTable:51 - assertValidRowIndex(row=0, rowCount=3) - start
08:54:28,655 DEBUG org.dbunit.dataset.AbstractTable:75 - getColumnIndex(columnName=PARENT_UUID) - start
08:54:28,655 DEBUG org.dbunit.dataset.AbstractTableMetaData:101 - getColumnIndex(columnName=PARENT_UUID) - start
08:54:28,655 DEBUG org.dbunit.database.statement.SimplePreparedStatement:64 - addValue(value=hierarchy_root, dataType=VARCHAR) - start
08:54:28,656 DEBUG org.dbunit.dataset.datatype.StringDataType:157 - setSqlValue(value=hierarchy_root, column=5, statement=prep234: insert into LOCATIONHIERARCHY (UUID, NAME, EXTID, LEVEL_UUID, PARENT_UUID) values (?, ?, ?, ?, ?) {1: &apos;hierarchy1&apos;, 2: &apos;TAN&apos;, 3: &apos;TAN&apos;, 4: &apos;HierarchyLevel1&apos;}) - start
08:54:28,656 DEBUG org.dbunit.dataset.datatype.DataType:177 - asString(value=hierarchy_root) - start
08:54:28,656 DEBUG org.dbunit.dataset.datatype.StringDataType:59 - typeCast(value=hierarchy_root) - start
08:54:28,657 DEBUG org.dbunit.database.statement.SimplePreparedStatement:78 - addBatch() - start
08:54:28,657 DEBUG org.dbunit.database.statement.SimplePreparedStatement:90 - executeBatch() - start
08:54:28,658 DEBUG org.dbunit.database.statement.SimplePreparedStatement:99 - clearBatch() - start
08:54:28,658 DEBUG org.dbunit.database.statement.SimplePreparedStatement:99 - clearBatch() - start
08:54:28,658 DEBUG org.dbunit.operation.RefreshOperation$RowOperation:180 - execute(table=org.dbunit.dataset.DefaultTable[_metaData=tableName=locationhierarchy, columns=[(uuid, UNKNOWN, nullableUnknown), (name, UNKNOWN, nullableUnknown), (extId, UNKNOWN, nullableUnknown), (level_uuid, UNKNOWN, nullableUnknown), (parent_uuid, UNKNOWN, nullableUnknown)], keys=[], _rowList.size()=3], row=1) - start
08:54:28,659 DEBUG org.dbunit.dataset.DefaultTable:192 - getValue(row=1, column=NAME) - start
08:54:28,659 DEBUG org.dbunit.dataset.AbstractTable:41 - assertValidRowIndex(row=1) - start
08:54:28,659 DEBUG org.dbunit.dataset.AbstractTable:51 - assertValidRowIndex(row=1, rowCount=3) - start
08:54:28,661 DEBUG org.dbunit.dataset.AbstractTable:75 - getColumnIndex(columnName=NAME) - start
08:54:28,661 DEBUG org.dbunit.dataset.AbstractTableMetaData:101 - getColumnIndex(columnName=NAME) - start
08:54:28,661 DEBUG org.dbunit.database.statement.SimplePreparedStatement:64 - addValue(value=IFA, dataType=VARCHAR) - start
08:54:28,662 DEBUG org.dbunit.dataset.datatype.StringDataType:157 - setSqlValue(value=IFA, column=1, statement=prep233: update LOCATIONHIERARCHY set NAME = ?, EXTID = ?, LEVEL_UUID = ?, PARENT_UUID = ? where UUID = ? {1: &apos;TAN&apos;, 2: &apos;TAN&apos;, 3: &apos;HierarchyLevel1&apos;, 4: &apos;hierarchy_root&apos;, 5: &apos;hierarchy1&apos;}) - start
08:54:28,662 DEBUG org.dbunit.dataset.datatype.DataType:177 - asString(value=IFA) - start
08:54:28,663 DEBUG org.dbunit.dataset.datatype.StringDataType:59 - typeCast(value=IFA) - start
08:54:28,663 DEBUG org.dbunit.dataset.DefaultTable:192 - getValue(row=1, column=EXTID) - start
08:54:28,663 DEBUG org.dbunit.dataset.AbstractTable:41 - assertValidRowIndex(row=1) - start
08:54:28,664 DEBUG org.dbunit.dataset.AbstractTable:51 - assertValidRowIndex(row=1, rowCount=3) - start
08:54:28,664 DEBUG org.dbunit.dataset.AbstractTable:75 - getColumnIndex(columnName=EXTID) - start
08:54:28,664 DEBUG org.dbunit.dataset.AbstractTableMetaData:101 - getColumnIndex(columnName=EXTID) - start
08:54:28,665 DEBUG org.dbunit.database.statement.SimplePreparedStatement:64 - addValue(value=IFA, dataType=VARCHAR) - start
08:54:28,665 DEBUG org.dbunit.dataset.datatype.StringDataType:157 - setSqlValue(value=IFA, column=2, statement=prep233: update LOCATIONHIERARCHY set NAME = ?, EXTID = ?, LEVEL_UUID = ?, PARENT_UUID = ? where UUID = ? {1: &apos;IFA&apos;, 2: &apos;TAN&apos;, 3: &apos;HierarchyLevel1&apos;, 4: &apos;hierarchy_root&apos;, 5: &apos;hierarchy1&apos;}) - start
08:54:28,666 DEBUG org.dbunit.dataset.datatype.DataType:177 - asString(value=IFA) - start
08:54:28,666 DEBUG org.dbunit.dataset.datatype.StringDataType:59 - typeCast(value=IFA) - start
08:54:28,666 DEBUG org.dbunit.dataset.DefaultTable:192 - getValue(row=1, column=LEVEL_UUID) - start
08:54:28,667 DEBUG org.dbunit.dataset.AbstractTable:41 - assertValidRowIndex(row=1) - start
08:54:28,667 DEBUG org.dbunit.dataset.AbstractTable:51 - assertValidRowIndex(row=1, rowCount=3) - start
08:54:28,667 DEBUG org.dbunit.dataset.AbstractTable:75 - getColumnIndex(columnName=LEVEL_UUID) - start
08:54:28,668 DEBUG org.dbunit.dataset.AbstractTableMetaData:101 - getColumnIndex(columnName=LEVEL_UUID) - start
08:54:28,668 DEBUG org.dbunit.database.statement.SimplePreparedStatement:64 - addValue(value=HierarchyLevel2, dataType=VARCHAR) - start
08:54:28,668 DEBUG org.dbunit.dataset.datatype.StringDataType:157 - setSqlValue(value=HierarchyLevel2, column=3, statement=prep233: update LOCATIONHIERARCHY set NAME = ?, EXTID = ?, LEVEL_UUID = ?, PARENT_UUID = ? where UUID = ? {1: &apos;IFA&apos;, 2: &apos;IFA&apos;, 3: &apos;HierarchyLevel1&apos;, 4: &apos;hierarchy_root&apos;, 5: &apos;hierarchy1&apos;}) - start
08:54:28,669 DEBUG org.dbunit.dataset.datatype.DataType:177 - asString(value=HierarchyLevel2) - start
08:54:28,669 DEBUG org.dbunit.dataset.datatype.StringDataType:59 - typeCast(value=HierarchyLevel2) - start
08:54:28,670 DEBUG org.dbunit.dataset.DefaultTable:192 - getValue(row=1, column=PARENT_UUID) - start
08:54:28,670 DEBUG org.dbunit.dataset.AbstractTable:41 - assertValidRowIndex(row=1) - start
08:54:28,671 DEBUG org.dbunit.dataset.AbstractTable:51 - assertValidRowIndex(row=1, rowCount=3) - start
08:54:28,671 DEBUG org.dbunit.dataset.AbstractTable:75 - getColumnIndex(columnName=PARENT_UUID) - start
08:54:28,672 DEBUG org.dbunit.dataset.AbstractTableMetaData:101 - getColumnIndex(columnName=PARENT_UUID) - start
08:54:28,672 DEBUG org.dbunit.database.statement.SimplePreparedStatement:64 - addValue(value=hierarchy1, dataType=VARCHAR) - start
08:54:28,673 DEBUG org.dbunit.dataset.datatype.StringDataType:157 - setSqlValue(value=hierarchy1, column=4, statement=prep233: update LOCATIONHIERARCHY set NAME = ?, EXTID = ?, LEVEL_UUID = ?, PARENT_UUID = ? where UUID = ? {1: &apos;IFA&apos;, 2: &apos;IFA&apos;, 3: &apos;HierarchyLevel2&apos;, 4: &apos;hierarchy_root&apos;, 5: &apos;hierarchy1&apos;}) - start
08:54:28,673 DEBUG org.dbunit.dataset.datatype.DataType:177 - asString(value=hierarchy1) - start
08:54:28,674 DEBUG org.dbunit.dataset.datatype.StringDataType:59 - typeCast(value=hierarchy1) - start
08:54:28,674 DEBUG org.dbunit.dataset.DefaultTable:192 - getValue(row=1, column=UUID) - start
08:54:28,675 DEBUG org.dbunit.dataset.AbstractTable:41 - assertValidRowIndex(row=1) - start
08:54:28,675 DEBUG org.dbunit.dataset.AbstractTable:51 - assertValidRowIndex(row=1, rowCount=3) - start
08:54:28,675 DEBUG org.dbunit.dataset.AbstractTable:75 - getColumnIndex(columnName=UUID) - start
08:54:28,676 DEBUG org.dbunit.dataset.AbstractTableMetaData:101 - getColumnIndex(columnName=UUID) - start
08:54:28,676 DEBUG org.dbunit.database.statement.SimplePreparedStatement:64 - addValue(value=hierarchy2, dataType=VARCHAR) - start
08:54:28,677 DEBUG org.dbunit.dataset.datatype.StringDataType:157 - setSqlValue(value=hierarchy2, column=5, statement=prep233: update LOCATIONHIERARCHY set NAME = ?, EXTID = ?, LEVEL_UUID = ?, PARENT_UUID = ? where UUID = ? {1: &apos;IFA&apos;, 2: &apos;IFA&apos;, 3: &apos;HierarchyLevel2&apos;, 4: &apos;hierarchy1&apos;, 5: &apos;hierarchy1&apos;}) - start
08:54:28,677 DEBUG org.dbunit.dataset.datatype.DataType:177 - asString(value=hierarchy2) - start
08:54:28,678 DEBUG org.dbunit.dataset.datatype.StringDataType:59 - typeCast(value=hierarchy2) - start
08:54:28,678 DEBUG org.dbunit.database.statement.SimplePreparedStatement:78 - addBatch() - start
08:54:28,679 DEBUG org.dbunit.database.statement.SimplePreparedStatement:90 - executeBatch() - start
08:54:28,679 DEBUG org.dbunit.database.statement.SimplePreparedStatement:99 - clearBatch() - start
08:54:28,679 DEBUG org.dbunit.database.statement.SimplePreparedStatement:99 - clearBatch() - start
08:54:28,680 DEBUG org.dbunit.operation.RefreshOperation$InsertRowOperation:238 - execute(table=org.dbunit.dataset.DefaultTable[_metaData=tableName=locationhierarchy, columns=[(uuid, UNKNOWN, nullableUnknown), (name, UNKNOWN, nullableUnknown), (extId, UNKNOWN, nullableUnknown), (level_uuid, UNKNOWN, nullableUnknown), (parent_uuid, UNKNOWN, nullableUnknown)], keys=[], _rowList.size()=3], row=1) - start
08:54:28,680 DEBUG org.dbunit.operation.InsertOperation:134 - equalsIgnoreMapping(ignoreMapping={}, table=org.dbunit.dataset.DefaultTable[_metaData=tableName=locationhierarchy, columns=[(uuid, UNKNOWN, nullableUnknown), (name, UNKNOWN, nullableUnknown), (extId, UNKNOWN, nullableUnknown), (level_uuid, UNKNOWN, nullableUnknown), (parent_uuid, UNKNOWN, nullableUnknown)], keys=[], _rowList.size()=3], row=1) - start
08:54:28,681 DEBUG org.dbunit.dataset.DefaultTable:192 - getValue(row=1, column=uuid) - start
08:54:28,681 DEBUG org.dbunit.dataset.AbstractTable:41 - assertValidRowIndex(row=1) - start
08:54:28,682 DEBUG org.dbunit.dataset.AbstractTable:51 - assertValidRowIndex(row=1, rowCount=3) - start
08:54:28,682 DEBUG org.dbunit.dataset.AbstractTable:75 - getColumnIndex(columnName=uuid) - start
08:54:28,683 DEBUG org.dbunit.dataset.AbstractTableMetaData:101 - getColumnIndex(columnName=uuid) - start
08:54:28,683 DEBUG org.dbunit.dataset.DefaultTable:192 - getValue(row=1, column=name) - start
08:54:28,683 DEBUG org.dbunit.dataset.AbstractTable:41 - assertValidRowIndex(row=1) - start
08:54:28,684 DEBUG org.dbunit.dataset.AbstractTable:51 - assertValidRowIndex(row=1, rowCount=3) - start
08:54:28,684 DEBUG org.dbunit.dataset.AbstractTable:75 - getColumnIndex(columnName=name) - start
08:54:28,685 DEBUG org.dbunit.dataset.AbstractTableMetaData:101 - getColumnIndex(columnName=name) - start
08:54:28,685 DEBUG org.dbunit.dataset.DefaultTable:192 - getValue(row=1, column=extId) - start
08:54:28,685 DEBUG org.dbunit.dataset.AbstractTable:41 - assertValidRowIndex(row=1) - start
08:54:28,686 DEBUG org.dbunit.dataset.AbstractTable:51 - assertValidRowIndex(row=1, rowCount=3) - start
08:54:28,686 DEBUG org.dbunit.dataset.AbstractTable:75 - getColumnIndex(columnName=extId) - start
08:54:28,687 DEBUG org.dbunit.dataset.AbstractTableMetaData:101 - getColumnIndex(columnName=extId) - start
08:54:28,687 DEBUG org.dbunit.dataset.DefaultTable:192 - getValue(row=1, column=level_uuid) - start
08:54:28,688 DEBUG org.dbunit.dataset.AbstractTable:41 - assertValidRowIndex(row=1) - start
08:54:28,688 DEBUG org.dbunit.dataset.AbstractTable:51 - assertValidRowIndex(row=1, rowCount=3) - start
08:54:28,688 DEBUG org.dbunit.dataset.AbstractTable:75 - getColumnIndex(columnName=level_uuid) - start
08:54:28,689 DEBUG org.dbunit.dataset.AbstractTableMetaData:101 - getColumnIndex(columnName=level_uuid) - start
08:54:28,689 DEBUG org.dbunit.dataset.DefaultTable:192 - getValue(row=1, column=parent_uuid) - start
08:54:28,690 DEBUG org.dbunit.dataset.AbstractTable:41 - assertValidRowIndex(row=1) - start
08:54:28,690 DEBUG org.dbunit.dataset.AbstractTable:51 - assertValidRowIndex(row=1, rowCount=3) - start
08:54:28,691 DEBUG org.dbunit.dataset.AbstractTable:75 - getColumnIndex(columnName=parent_uuid) - start
08:54:28,691 DEBUG org.dbunit.dataset.AbstractTableMetaData:101 - getColumnIndex(columnName=parent_uuid) - start
08:54:28,691 DEBUG org.dbunit.operation.RefreshOperation$RowOperation:180 - execute(table=org.dbunit.dataset.DefaultTable[_metaData=tableName=locationhierarchy, columns=[(uuid, UNKNOWN, nullableUnknown), (name, UNKNOWN, nullableUnknown), (extId, UNKNOWN, nullableUnknown), (level_uuid, UNKNOWN, nullableUnknown), (parent_uuid, UNKNOWN, nullableUnknown)], keys=[], _rowList.size()=3], row=1) - start
08:54:28,692 DEBUG org.dbunit.dataset.DefaultTable:192 - getValue(row=1, column=UUID) - start
08:54:28,692 DEBUG org.dbunit.dataset.AbstractTable:41 - assertValidRowIndex(row=1) - start
08:54:28,693 DEBUG org.dbunit.dataset.AbstractTable:51 - assertValidRowIndex(row=1, rowCount=3) - start
08:54:28,693 DEBUG org.dbunit.dataset.AbstractTable:75 - getColumnIndex(columnName=UUID) - start
08:54:28,694 DEBUG org.dbunit.dataset.AbstractTableMetaData:101 - getColumnIndex(columnName=UUID) - start
08:54:28,694 DEBUG org.dbunit.database.statement.SimplePreparedStatement:64 - addValue(value=hierarchy2, dataType=VARCHAR) - start
08:54:28,694 DEBUG org.dbunit.dataset.datatype.StringDataType:157 - setSqlValue(value=hierarchy2, column=1, statement=prep234: insert into LOCATIONHIERARCHY (UUID, NAME, EXTID, LEVEL_UUID, PARENT_UUID) values (?, ?, ?, ?, ?) {1: &apos;hierarchy1&apos;, 2: &apos;TAN&apos;, 3: &apos;TAN&apos;, 4: &apos;HierarchyLevel1&apos;, 5: &apos;hierarchy_root&apos;}) - start
08:54:28,695 DEBUG org.dbunit.dataset.datatype.DataType:177 - asString(value=hierarchy2) - start
08:54:28,695 DEBUG org.dbunit.dataset.datatype.StringDataType:59 - typeCast(value=hierarchy2) - start
08:54:28,696 DEBUG org.dbunit.dataset.DefaultTable:192 - getValue(row=1, column=NAME) - start
08:54:28,696 DEBUG org.dbunit.dataset.AbstractTable:41 - assertValidRowIndex(row=1) - start
08:54:28,697 DEBUG org.dbunit.dataset.AbstractTable:51 - assertValidRowIndex(row=1, rowCount=3) - start
08:54:28,697 DEBUG org.dbunit.dataset.AbstractTable:75 - getColumnIndex(columnName=NAME) - start
08:54:28,698 DEBUG org.dbunit.dataset.AbstractTableMetaData:101 - getColumnIndex(columnName=NAME) - start
08:54:28,698 DEBUG org.dbunit.database.statement.SimplePreparedStatement:64 - addValue(value=IFA, dataType=VARCHAR) - start
08:54:28,699 DEBUG org.dbunit.dataset.datatype.StringDataType:157 - setSqlValue(value=IFA, column=2, statement=prep234: insert into LOCATIONHIERARCHY (UUID, NAME, EXTID, LEVEL_UUID, PARENT_UUID) values (?, ?, ?, ?, ?) {1: &apos;hierarchy2&apos;, 2: &apos;TAN&apos;, 3: &apos;TAN&apos;, 4: &apos;HierarchyLevel1&apos;, 5: &apos;hierarchy_root&apos;}) - start
08:54:28,699 DEBUG org.dbunit.dataset.datatype.DataType:177 - asString(value=IFA) - start
08:54:28,699 DEBUG org.dbunit.dataset.datatype.StringDataType:59 - typeCast(value=IFA) - start
08:54:28,700 DEBUG org.dbunit.dataset.DefaultTable:192 - getValue(row=1, column=EXTID) - start
08:54:28,700 DEBUG org.dbunit.dataset.AbstractTable:41 - assertValidRowIndex(row=1) - start
08:54:28,701 DEBUG org.dbunit.dataset.AbstractTable:51 - assertValidRowIndex(row=1, rowCount=3) - start
08:54:28,702 DEBUG org.dbunit.dataset.AbstractTable:75 - getColumnIndex(columnName=EXTID) - start
08:54:28,702 DEBUG org.dbunit.dataset.AbstractTableMetaData:101 - getColumnIndex(columnName=EXTID) - start
08:54:28,703 DEBUG org.dbunit.database.statement.SimplePreparedStatement:64 - addValue(value=IFA, dataType=VARCHAR) - start
08:54:28,703 DEBUG org.dbunit.dataset.datatype.StringDataType:157 - setSqlValue(value=IFA, column=3, statement=prep234: insert into LOCATIONHIERARCHY (UUID, NAME, EXTID, LEVEL_UUID, PARENT_UUID) values (?, ?, ?, ?, ?) {1: &apos;hierarchy2&apos;, 2: &apos;IFA&apos;, 3: &apos;TAN&apos;, 4: &apos;HierarchyLevel1&apos;, 5: &apos;hierarchy_root&apos;}) - start
08:54:28,704 DEBUG org.dbunit.dataset.datatype.DataType:177 - asString(value=IFA) - start
08:54:28,704 DEBUG org.dbunit.dataset.datatype.StringDataType:59 - typeCast(value=IFA) - start
08:54:28,705 DEBUG org.dbunit.dataset.DefaultTable:192 - getValue(row=1, column=LEVEL_UUID) - start
08:54:28,705 DEBUG org.dbunit.dataset.AbstractTable:41 - assertValidRowIndex(row=1) - start
08:54:28,706 DEBUG org.dbunit.dataset.AbstractTable:51 - assertValidRowIndex(row=1, rowCount=3) - start
08:54:28,708 DEBUG org.dbunit.dataset.AbstractTable:75 - getColumnIndex(columnName=LEVEL_UUID) - start
08:54:28,709 DEBUG org.dbunit.dataset.AbstractTableMetaData:101 - getColumnIndex(columnName=LEVEL_UUID) - start
08:54:28,709 DEBUG org.dbunit.database.statement.SimplePreparedStatement:64 - addValue(value=HierarchyLevel2, dataType=VARCHAR) - start
08:54:28,709 DEBUG org.dbunit.dataset.datatype.StringDataType:157 - setSqlValue(value=HierarchyLevel2, column=4, statement=prep234: insert into LOCATIONHIERARCHY (UUID, NAME, EXTID, LEVEL_UUID, PARENT_UUID) values (?, ?, ?, ?, ?) {1: &apos;hierarchy2&apos;, 2: &apos;IFA&apos;, 3: &apos;IFA&apos;, 4: &apos;HierarchyLevel1&apos;, 5: &apos;hierarchy_root&apos;}) - start
08:54:28,710 DEBUG org.dbunit.dataset.datatype.DataType:177 - asString(value=HierarchyLevel2) - start
08:54:28,710 DEBUG org.dbunit.dataset.datatype.StringDataType:59 - typeCast(value=HierarchyLevel2) - start
08:54:28,711 DEBUG org.dbunit.dataset.DefaultTable:192 - getValue(row=1, column=PARENT_UUID) - start
08:54:28,711 DEBUG org.dbunit.dataset.AbstractTable:41 - assertValidRowIndex(row=1) - start
08:54:28,712 DEBUG org.dbunit.dataset.AbstractTable:51 - assertValidRowIndex(row=1, rowCount=3) - start
08:54:28,712 DEBUG org.dbunit.dataset.AbstractTable:75 - getColumnIndex(columnName=PARENT_UUID) - start
08:54:28,713 DEBUG org.dbunit.dataset.AbstractTableMetaData:101 - getColumnIndex(columnName=PARENT_UUID) - start
08:54:28,713 DEBUG org.dbunit.database.statement.SimplePreparedStatement:64 - addValue(value=hierarchy1, dataType=VARCHAR) - start
08:54:28,714 DEBUG org.dbunit.dataset.datatype.StringDataType:157 - setSqlValue(value=hierarchy1, column=5, statement=prep234: insert into LOCATIONHIERARCHY (UUID, NAME, EXTID, LEVEL_UUID, PARENT_UUID) values (?, ?, ?, ?, ?) {1: &apos;hierarchy2&apos;, 2: &apos;IFA&apos;, 3: &apos;IFA&apos;, 4: &apos;HierarchyLevel2&apos;, 5: &apos;hierarchy_root&apos;}) - start
08:54:28,714 DEBUG org.dbunit.dataset.datatype.DataType:177 - asString(value=hierarchy1) - start
08:54:28,714 DEBUG org.dbunit.dataset.datatype.StringDataType:59 - typeCast(value=hierarchy1) - start
08:54:28,715 DEBUG org.dbunit.database.statement.SimplePreparedStatement:78 - addBatch() - start
08:54:28,715 DEBUG org.dbunit.database.statement.SimplePreparedStatement:90 - executeBatch() - start
08:54:28,716 DEBUG org.dbunit.database.statement.SimplePreparedStatement:99 - clearBatch() - start
08:54:28,716 DEBUG org.dbunit.database.statement.SimplePreparedStatement:99 - clearBatch() - start
08:54:28,717 DEBUG org.dbunit.operation.RefreshOperation$RowOperation:180 - execute(table=org.dbunit.dataset.DefaultTable[_metaData=tableName=locationhierarchy, columns=[(uuid, UNKNOWN, nullableUnknown), (name, UNKNOWN, nullableUnknown), (extId, UNKNOWN, nullableUnknown), (level_uuid, UNKNOWN, nullableUnknown), (parent_uuid, UNKNOWN, nullableUnknown)], keys=[], _rowList.size()=3], row=2) - start
08:54:28,717 DEBUG org.dbunit.dataset.DefaultTable:192 - getValue(row=2, column=NAME) - start
08:54:28,717 DEBUG org.dbunit.dataset.AbstractTable:41 - assertValidRowIndex(row=2) - start
08:54:28,718 DEBUG org.dbunit.dataset.AbstractTable:51 - assertValidRowIndex(row=2, rowCount=3) - start
08:54:28,718 DEBUG org.dbunit.dataset.AbstractTable:75 - getColumnIndex(columnName=NAME) - start
08:54:28,719 DEBUG org.dbunit.dataset.AbstractTableMetaData:101 - getColumnIndex(columnName=NAME) - start
08:54:28,719 DEBUG org.dbunit.database.statement.SimplePreparedStatement:64 - addValue(value=IFB, dataType=VARCHAR) - start
08:54:28,720 DEBUG org.dbunit.dataset.datatype.StringDataType:157 - setSqlValue(value=IFB, column=1, statement=prep233: update LOCATIONHIERARCHY set NAME = ?, EXTID = ?, LEVEL_UUID = ?, PARENT_UUID = ? where UUID = ? {1: &apos;IFA&apos;, 2: &apos;IFA&apos;, 3: &apos;HierarchyLevel2&apos;, 4: &apos;hierarchy1&apos;, 5: &apos;hierarchy2&apos;}) - start
08:54:28,720 DEBUG org.dbunit.dataset.datatype.DataType:177 - asString(value=IFB) - start
08:54:28,720 DEBUG org.dbunit.dataset.datatype.StringDataType:59 - typeCast(value=IFB) - start
08:54:28,721 DEBUG org.dbunit.dataset.DefaultTable:192 - getValue(row=2, column=EXTID) - start
08:54:28,721 DEBUG org.dbunit.dataset.AbstractTable:41 - assertValidRowIndex(row=2) - start
08:54:28,722 DEBUG org.dbunit.dataset.AbstractTable:51 - assertValidRowIndex(row=2, rowCount=3) - start
08:54:28,722 DEBUG org.dbunit.dataset.AbstractTable:75 - getColumnIndex(columnName=EXTID) - start
08:54:28,722 DEBUG org.dbunit.dataset.AbstractTableMetaData:101 - getColumnIndex(columnName=EXTID) - start
08:54:28,723 DEBUG org.dbunit.database.statement.SimplePreparedStatement:64 - addValue(value=IFB, dataType=VARCHAR) - start
08:54:28,723 DEBUG org.dbunit.dataset.datatype.StringDataType:157 - setSqlValue(value=IFB, column=2, statement=prep233: update LOCATIONHIERARCHY set NAME = ?, EXTID = ?, LEVEL_UUID = ?, PARENT_UUID = ? where UUID = ? {1: &apos;IFB&apos;, 2: &apos;IFA&apos;, 3: &apos;HierarchyLevel2&apos;, 4: &apos;hierarchy1&apos;, 5: &apos;hierarchy2&apos;}) - start
08:54:28,724 DEBUG org.dbunit.dataset.datatype.DataType:177 - asString(value=IFB) - start
08:54:28,724 DEBUG org.dbunit.dataset.datatype.StringDataType:59 - typeCast(value=IFB) - start
08:54:28,725 DEBUG org.dbunit.dataset.DefaultTable:192 - getValue(row=2, column=LEVEL_UUID) - start
08:54:28,725 DEBUG org.dbunit.dataset.AbstractTable:41 - assertValidRowIndex(row=2) - start
08:54:28,725 DEBUG org.dbunit.dataset.AbstractTable:51 - assertValidRowIndex(row=2, rowCount=3) - start
08:54:28,726 DEBUG org.dbunit.dataset.AbstractTable:75 - getColumnIndex(columnName=LEVEL_UUID) - start
08:54:28,726 DEBUG org.dbunit.dataset.AbstractTableMetaData:101 - getColumnIndex(columnName=LEVEL_UUID) - start
08:54:28,727 DEBUG org.dbunit.database.statement.SimplePreparedStatement:64 - addValue(value=HierarchyLevel3, dataType=VARCHAR) - start
08:54:28,727 DEBUG org.dbunit.dataset.datatype.StringDataType:157 - setSqlValue(value=HierarchyLevel3, column=3, statement=prep233: update LOCATIONHIERARCHY set NAME = ?, EXTID = ?, LEVEL_UUID = ?, PARENT_UUID = ? where UUID = ? {1: &apos;IFB&apos;, 2: &apos;IFB&apos;, 3: &apos;HierarchyLevel2&apos;, 4: &apos;hierarchy1&apos;, 5: &apos;hierarchy2&apos;}) - start
08:54:28,728 DEBUG org.dbunit.dataset.datatype.DataType:177 - asString(value=HierarchyLevel3) - start
08:54:28,728 DEBUG org.dbunit.dataset.datatype.StringDataType:59 - typeCast(value=HierarchyLevel3) - start
08:54:28,729 DEBUG org.dbunit.dataset.DefaultTable:192 - getValue(row=2, column=PARENT_UUID) - start
08:54:28,729 DEBUG org.dbunit.dataset.AbstractTable:41 - assertValidRowIndex(row=2) - start
08:54:28,729 DEBUG org.dbunit.dataset.AbstractTable:51 - assertValidRowIndex(row=2, rowCount=3) - start
08:54:28,730 DEBUG org.dbunit.dataset.AbstractTable:75 - getColumnIndex(columnName=PARENT_UUID) - start
08:54:28,730 DEBUG org.dbunit.dataset.AbstractTableMetaData:101 - getColumnIndex(columnName=PARENT_UUID) - start
08:54:28,731 DEBUG org.dbunit.database.statement.SimplePreparedStatement:64 - addValue(value=hierarchy2, dataType=VARCHAR) - start
08:54:28,731 DEBUG org.dbunit.dataset.datatype.StringDataType:157 - setSqlValue(value=hierarchy2, column=4, statement=prep233: update LOCATIONHIERARCHY set NAME = ?, EXTID = ?, LEVEL_UUID = ?, PARENT_UUID = ? where UUID = ? {1: &apos;IFB&apos;, 2: &apos;IFB&apos;, 3: &apos;HierarchyLevel3&apos;, 4: &apos;hierarchy1&apos;, 5: &apos;hierarchy2&apos;}) - start
08:54:28,732 DEBUG org.dbunit.dataset.datatype.DataType:177 - asString(value=hierarchy2) - start
08:54:28,732 DEBUG org.dbunit.dataset.datatype.StringDataType:59 - typeCast(value=hierarchy2) - start
08:54:28,733 DEBUG org.dbunit.dataset.DefaultTable:192 - getValue(row=2, column=UUID) - start
08:54:28,733 DEBUG org.dbunit.dataset.AbstractTable:41 - assertValidRowIndex(row=2) - start
08:54:28,733 DEBUG org.dbunit.dataset.AbstractTable:51 - assertValidRowIndex(row=2, rowCount=3) - start
08:54:28,734 DEBUG org.dbunit.dataset.AbstractTable:75 - getColumnIndex(columnName=UUID) - start
08:54:28,734 DEBUG org.dbunit.dataset.AbstractTableMetaData:101 - getColumnIndex(columnName=UUID) - start
08:54:28,735 DEBUG org.dbunit.database.statement.SimplePreparedStatement:64 - addValue(value=hierarchy3, dataType=VARCHAR) - start
08:54:28,735 DEBUG org.dbunit.dataset.datatype.StringDataType:157 - setSqlValue(value=hierarchy3, column=5, statement=prep233: update LOCATIONHIERARCHY set NAME = ?, EXTID = ?, LEVEL_UUID = ?, PARENT_UUID = ? where UUID = ? {1: &apos;IFB&apos;, 2: &apos;IFB&apos;, 3: &apos;HierarchyLevel3&apos;, 4: &apos;hierarchy2&apos;, 5: &apos;hierarchy2&apos;}) - start
08:54:28,736 DEBUG org.dbunit.dataset.datatype.DataType:177 - asString(value=hierarchy3) - start
08:54:28,736 DEBUG org.dbunit.dataset.datatype.StringDataType:59 - typeCast(value=hierarchy3) - start
08:54:28,736 DEBUG org.dbunit.database.statement.SimplePreparedStatement:78 - addBatch() - start
08:54:28,737 DEBUG org.dbunit.database.statement.SimplePreparedStatement:90 - executeBatch() - start
08:54:28,737 DEBUG org.dbunit.database.statement.SimplePreparedStatement:99 - clearBatch() - start
08:54:28,738 DEBUG org.dbunit.database.statement.SimplePreparedStatement:99 - clearBatch() - start
08:54:28,740 DEBUG org.dbunit.operation.RefreshOperation$InsertRowOperation:238 - execute(table=org.dbunit.dataset.DefaultTable[_metaData=tableName=locationhierarchy, columns=[(uuid, UNKNOWN, nullableUnknown), (name, UNKNOWN, nullableUnknown), (extId, UNKNOWN, nullableUnknown), (level_uuid, UNKNOWN, nullableUnknown), (parent_uuid, UNKNOWN, nullableUnknown)], keys=[], _rowList.size()=3], row=2) - start
08:54:28,741 DEBUG org.dbunit.operation.InsertOperation:134 - equalsIgnoreMapping(ignoreMapping={}, table=org.dbunit.dataset.DefaultTable[_metaData=tableName=locationhierarchy, columns=[(uuid, UNKNOWN, nullableUnknown), (name, UNKNOWN, nullableUnknown), (extId, UNKNOWN, nullableUnknown), (level_uuid, UNKNOWN, nullableUnknown), (parent_uuid, UNKNOWN, nullableUnknown)], keys=[], _rowList.size()=3], row=2) - start
08:54:28,741 DEBUG org.dbunit.dataset.DefaultTable:192 - getValue(row=2, column=uuid) - start
08:54:28,741 DEBUG org.dbunit.dataset.AbstractTable:41 - assertValidRowIndex(row=2) - start
08:54:28,744 DEBUG org.dbunit.dataset.AbstractTable:51 - assertValidRowIndex(row=2, rowCount=3) - start
08:54:28,745 DEBUG org.dbunit.dataset.AbstractTable:75 - getColumnIndex(columnName=uuid) - start
08:54:28,745 DEBUG org.dbunit.dataset.AbstractTableMetaData:101 - getColumnIndex(columnName=uuid) - start
08:54:28,746 DEBUG org.dbunit.dataset.DefaultTable:192 - getValue(row=2, column=name) - start
08:54:28,746 DEBUG org.dbunit.dataset.AbstractTable:41 - assertValidRowIndex(row=2) - start
08:54:28,747 DEBUG org.dbunit.dataset.AbstractTable:51 - assertValidRowIndex(row=2, rowCount=3) - start
08:54:28,747 DEBUG org.dbunit.dataset.AbstractTable:75 - getColumnIndex(columnName=name) - start
08:54:28,747 DEBUG org.dbunit.dataset.AbstractTableMetaData:101 - getColumnIndex(columnName=name) - start
08:54:28,748 DEBUG org.dbunit.dataset.DefaultTable:192 - getValue(row=2, column=extId) - start
08:54:28,748 DEBUG org.dbunit.dataset.AbstractTable:41 - assertValidRowIndex(row=2) - start
08:54:28,749 DEBUG org.dbunit.dataset.AbstractTable:51 - assertValidRowIndex(row=2, rowCount=3) - start
08:54:28,749 DEBUG org.dbunit.dataset.AbstractTable:75 - getColumnIndex(columnName=extId) - start
08:54:28,750 DEBUG org.dbunit.dataset.AbstractTableMetaData:101 - getColumnIndex(columnName=extId) - start
08:54:28,750 DEBUG org.dbunit.dataset.DefaultTable:192 - getValue(row=2, column=level_uuid) - start
08:54:28,750 DEBUG org.dbunit.dataset.AbstractTable:41 - assertValidRowIndex(row=2) - start
08:54:28,751 DEBUG org.dbunit.dataset.AbstractTable:51 - assertValidRowIndex(row=2, rowCount=3) - start
08:54:28,751 DEBUG org.dbunit.dataset.AbstractTable:75 - getColumnIndex(columnName=level_uuid) - start
08:54:28,752 DEBUG org.dbunit.dataset.AbstractTableMetaData:101 - getColumnIndex(columnName=level_uuid) - start
08:54:28,752 DEBUG org.dbunit.dataset.DefaultTable:192 - getValue(row=2, column=parent_uuid) - start
08:54:28,753 DEBUG org.dbunit.dataset.AbstractTable:41 - assertValidRowIndex(row=2) - start
08:54:28,753 DEBUG org.dbunit.dataset.AbstractTable:51 - assertValidRowIndex(row=2, rowCount=3) - start
08:54:28,753 DEBUG org.dbunit.dataset.AbstractTable:75 - getColumnIndex(columnName=parent_uuid) - start
08:54:28,754 DEBUG org.dbunit.dataset.AbstractTableMetaData:101 - getColumnIndex(columnName=parent_uuid) - start
08:54:28,754 DEBUG org.dbunit.operation.RefreshOperation$RowOperation:180 - execute(table=org.dbunit.dataset.DefaultTable[_metaData=tableName=locationhierarchy, columns=[(uuid, UNKNOWN, nullableUnknown), (name, UNKNOWN, nullableUnknown), (extId, UNKNOWN, nullableUnknown), (level_uuid, UNKNOWN, nullableUnknown), (parent_uuid, UNKNOWN, nullableUnknown)], keys=[], _rowList.size()=3], row=2) - start
08:54:28,755 DEBUG org.dbunit.dataset.DefaultTable:192 - getValue(row=2, column=UUID) - start
08:54:28,755 DEBUG org.dbunit.dataset.AbstractTable:41 - assertValidRowIndex(row=2) - start
08:54:28,756 DEBUG org.dbunit.dataset.AbstractTable:51 - assertValidRowIndex(row=2, rowCount=3) - start
08:54:28,756 DEBUG org.dbunit.dataset.AbstractTable:75 - getColumnIndex(columnName=UUID) - start
08:54:28,757 DEBUG org.dbunit.dataset.AbstractTableMetaData:101 - getColumnIndex(columnName=UUID) - start
08:54:28,757 DEBUG org.dbunit.database.statement.SimplePreparedStatement:64 - addValue(value=hierarchy3, dataType=VARCHAR) - start
08:54:28,758 DEBUG org.dbunit.dataset.datatype.StringDataType:157 - setSqlValue(value=hierarchy3, column=1, statement=prep234: insert into LOCATIONHIERARCHY (UUID, NAME, EXTID, LEVEL_UUID, PARENT_UUID) values (?, ?, ?, ?, ?) {1: &apos;hierarchy2&apos;, 2: &apos;IFA&apos;, 3: &apos;IFA&apos;, 4: &apos;HierarchyLevel2&apos;, 5: &apos;hierarchy1&apos;}) - start
08:54:28,758 DEBUG org.dbunit.dataset.datatype.DataType:177 - asString(value=hierarchy3) - start
08:54:28,759 DEBUG org.dbunit.dataset.datatype.StringDataType:59 - typeCast(value=hierarchy3) - start
08:54:28,759 DEBUG org.dbunit.dataset.DefaultTable:192 - getValue(row=2, column=NAME) - start
08:54:28,760 DEBUG org.dbunit.dataset.AbstractTable:41 - assertValidRowIndex(row=2) - start
08:54:28,760 DEBUG org.dbunit.dataset.AbstractTable:51 - assertValidRowIndex(row=2, rowCount=3) - start
08:54:28,760 DEBUG org.dbunit.dataset.AbstractTable:75 - getColumnIndex(columnName=NAME) - start
08:54:28,761 DEBUG org.dbunit.dataset.AbstractTableMetaData:101 - getColumnIndex(columnName=NAME) - start
08:54:28,761 DEBUG org.dbunit.database.statement.SimplePreparedStatement:64 - addValue(value=IFB, dataType=VARCHAR) - start
08:54:28,762 DEBUG org.dbunit.dataset.datatype.StringDataType:157 - setSqlValue(value=IFB, column=2, statement=prep234: insert into LOCATIONHIERARCHY (UUID, NAME, EXTID, LEVEL_UUID, PARENT_UUID) values (?, ?, ?, ?, ?) {1: &apos;hierarchy3&apos;, 2: &apos;IFA&apos;, 3: &apos;IFA&apos;, 4: &apos;HierarchyLevel2&apos;, 5: &apos;hierarchy1&apos;}) - start
08:54:28,762 DEBUG org.dbunit.dataset.datatype.DataType:177 - asString(value=IFB) - start
08:54:28,763 DEBUG org.dbunit.dataset.datatype.StringDataType:59 - typeCast(value=IFB) - start
08:54:28,763 DEBUG org.dbunit.dataset.DefaultTable:192 - getValue(row=2, column=EXTID) - start
08:54:28,763 DEBUG org.dbunit.dataset.AbstractTable:41 - assertValidRowIndex(row=2) - start
08:54:28,764 DEBUG org.dbunit.dataset.AbstractTable:51 - assertValidRowIndex(row=2, rowCount=3) - start
08:54:28,764 DEBUG org.dbunit.dataset.AbstractTable:75 - getColumnIndex(columnName=EXTID) - start
08:54:28,764 DEBUG org.dbunit.dataset.AbstractTableMetaData:101 - getColumnIndex(columnName=EXTID) - start
08:54:28,765 DEBUG org.dbunit.database.statement.SimplePreparedStatement:64 - addValue(value=IFB, dataType=VARCHAR) - start
08:54:28,765 DEBUG org.dbunit.dataset.datatype.StringDataType:157 - setSqlValue(value=IFB, column=3, statement=prep234: insert into LOCATIONHIERARCHY (UUID, NAME, EXTID, LEVEL_UUID, PARENT_UUID) values (?, ?, ?, ?, ?) {1: &apos;hierarchy3&apos;, 2: &apos;IFB&apos;, 3: &apos;IFA&apos;, 4: &apos;HierarchyLevel2&apos;, 5: &apos;hierarchy1&apos;}) - start
08:54:28,765 DEBUG org.dbunit.dataset.datatype.DataType:177 - asString(value=IFB) - start
08:54:28,766 DEBUG org.dbunit.dataset.datatype.StringDataType:59 - typeCast(value=IFB) - start
08:54:28,766 DEBUG org.dbunit.dataset.DefaultTable:192 - getValue(row=2, column=LEVEL_UUID) - start
08:54:28,766 DEBUG org.dbunit.dataset.AbstractTable:41 - assertValidRowIndex(row=2) - start
08:54:28,767 DEBUG org.dbunit.dataset.AbstractTable:51 - assertValidRowIndex(row=2, rowCount=3) - start
08:54:28,767 DEBUG org.dbunit.dataset.AbstractTable:75 - getColumnIndex(columnName=LEVEL_UUID) - start
08:54:28,767 DEBUG org.dbunit.dataset.AbstractTableMetaData:101 - getColumnIndex(columnName=LEVEL_UUID) - start
08:54:28,768 DEBUG org.dbunit.database.statement.SimplePreparedStatement:64 - addValue(value=HierarchyLevel3, dataType=VARCHAR) - start
08:54:28,768 DEBUG org.dbunit.dataset.datatype.StringDataType:157 - setSqlValue(value=HierarchyLevel3, column=4, statement=prep234: insert into LOCATIONHIERARCHY (UUID, NAME, EXTID, LEVEL_UUID, PARENT_UUID) values (?, ?, ?, ?, ?) {1: &apos;hierarchy3&apos;, 2: &apos;IFB&apos;, 3: &apos;IFB&apos;, 4: &apos;HierarchyLevel2&apos;, 5: &apos;hierarchy1&apos;}) - start
08:54:28,772 DEBUG org.dbunit.dataset.datatype.DataType:177 - asString(value=HierarchyLevel3) - start
08:54:28,773 DEBUG org.dbunit.dataset.datatype.StringDataType:59 - typeCast(value=HierarchyLevel3) - start
08:54:28,773 DEBUG org.dbunit.dataset.DefaultTable:192 - getValue(row=2, column=PARENT_UUID) - start
08:54:28,774 DEBUG org.dbunit.dataset.AbstractTable:41 - assertValidRowIndex(row=2) - start
08:54:28,774 DEBUG org.dbunit.dataset.AbstractTable:51 - assertValidRowIndex(row=2, rowCount=3) - start
08:54:28,774 DEBUG org.dbunit.dataset.AbstractTable:75 - getColumnIndex(columnName=PARENT_UUID) - start
08:54:28,775 DEBUG org.dbunit.dataset.AbstractTableMetaData:101 - getColumnIndex(columnName=PARENT_UUID) - start
08:54:28,775 DEBUG org.dbunit.database.statement.SimplePreparedStatement:64 - addValue(value=hierarchy2, dataType=VARCHAR) - start
08:54:28,776 DEBUG org.dbunit.dataset.datatype.StringDataType:157 - setSqlValue(value=hierarchy2, column=5, statement=prep234: insert into LOCATIONHIERARCHY (UUID, NAME, EXTID, LEVEL_UUID, PARENT_UUID) values (?, ?, ?, ?, ?) {1: &apos;hierarchy3&apos;, 2: &apos;IFB&apos;, 3: &apos;IFB&apos;, 4: &apos;HierarchyLevel3&apos;, 5: &apos;hierarchy1&apos;}) - start
08:54:28,776 DEBUG org.dbunit.dataset.datatype.DataType:177 - asString(value=hierarchy2) - start
08:54:28,776 DEBUG org.dbunit.dataset.datatype.StringDataType:59 - typeCast(value=hierarchy2) - start
08:54:28,777 DEBUG org.dbunit.database.statement.SimplePreparedStatement:78 - addBatch() - start
08:54:28,777 DEBUG org.dbunit.database.statement.SimplePreparedStatement:90 - executeBatch() - start
08:54:28,778 DEBUG org.dbunit.database.statement.SimplePreparedStatement:99 - clearBatch() - start
08:54:28,780 DEBUG org.dbunit.database.statement.SimplePreparedStatement:99 - clearBatch() - start
08:54:28,781 DEBUG org.dbunit.operation.RefreshOperation$RowOperation:180 - execute(table=org.dbunit.dataset.DefaultTable[_metaData=tableName=locationhierarchy, columns=[(uuid, UNKNOWN, nullableUnknown), (name, UNKNOWN, nullableUnknown), (extId, UNKNOWN, nullableUnknown), (level_uuid, UNKNOWN, nullableUnknown), (parent_uuid, UNKNOWN, nullableUnknown)], keys=[], _rowList.size()=3], row=3) - start
08:54:28,781 DEBUG org.dbunit.dataset.DefaultTable:192 - getValue(row=3, column=NAME) - start
08:54:28,781 DEBUG org.dbunit.dataset.AbstractTable:41 - assertValidRowIndex(row=3) - start
08:54:28,782 DEBUG org.dbunit.dataset.AbstractTable:51 - assertValidRowIndex(row=3, rowCount=3) - start
08:54:28,782 DEBUG org.dbunit.operation.RefreshOperation$RowOperation:204 - close() - start
08:54:28,782 DEBUG org.dbunit.database.statement.AbstractPreparedBatchStatement:54 - close() - start
08:54:28,783 DEBUG org.dbunit.operation.RefreshOperation$RowOperation:204 - close() - start
08:54:28,783 DEBUG org.dbunit.database.statement.AbstractPreparedBatchStatement:54 - close() - start
08:54:28,784 DEBUG org.dbunit.dataset.DefaultTableIterator:76 - getTable() - start
08:54:28,784 DEBUG org.dbunit.operation.AbstractBatchOperation:64 - isEmpty(table=org.dbunit.dataset.DefaultTable[_metaData=tableName=fieldworker, columns=[(uuid, UNKNOWN, nullableUnknown), (extId, UNKNOWN, nullableUnknown), (firstname, UNKNOWN, nullableUnknown), (lastname, UNKNOWN, nullableUnknown), (deleted, UNKNOWN, nullableUnknown)], keys=[], _rowList.size()=1]) - start
08:54:28,784 DEBUG org.dbunit.dataset.DefaultTable:192 - getValue(row=0, column=uuid) - start
08:54:28,785 DEBUG org.dbunit.dataset.AbstractTable:41 - assertValidRowIndex(row=0) - start
08:54:28,785 DEBUG org.dbunit.dataset.AbstractTable:51 - assertValidRowIndex(row=0, rowCount=1) - start
08:54:28,785 DEBUG org.dbunit.dataset.AbstractTable:75 - getColumnIndex(columnName=uuid) - start
08:54:28,786 DEBUG org.dbunit.dataset.AbstractTableMetaData:101 - getColumnIndex(columnName=uuid) - start
08:54:28,786 DEBUG org.dbunit.operation.AbstractOperation:75 - getOperationMetaData(connection=_databaseConfig=org.dbunit.database.DatabaseConfig[, _propertyMap={http://www.dbunit.org/properties/statementFactory=org.dbunit.database.statement.PreparedStatementFactory@eb5ea0, http://www.dbunit.org/features/caseSensitiveTableNames=false, http://www.dbunit.org/properties/fetchSize=100, http://www.dbunit.org/features/batchedStatements=false, http://www.dbunit.org/properties/metadataHandler=org.dbunit.database.DefaultMetadataHandler@60648, http://www.dbunit.org/properties/datatypeFactory=org.dbunit.dataset.datatype.DefaultDataTypeFactory[_toleratedDeltaMap=org.dbunit.dataset.datatype.ToleratedDeltaMap@133a07d], http://www.dbunit.org/properties/escapePattern=null, http://www.dbunit.org/properties/batchSize=100, http://www.dbunit.org/features/qualifiedTableNames=false, http://www.dbunit.org/properties/tableType=[Ljava.lang.String;@6d6f28, http://www.dbunit.org/properties/resultSetTableFactory=org.dbunit.database.CachedResultSetTableFactory@9cde9a, http://www.dbunit.org/features/datatypeWarning=true}], _dataSet=AbstractDataSet[_orderedTableNameMap=null], metaData=tableName=fieldworker, columns=[(uuid, UNKNOWN, nullableUnknown), (extId, UNKNOWN, nullableUnknown), (firstname, UNKNOWN, nullableUnknown), (lastname, UNKNOWN, nullableUnknown), (deleted, UNKNOWN, nullableUnknown)], keys=[]) - start
08:54:28,787 DEBUG org.dbunit.database.AbstractDatabaseConnection:66 - createDataSet() - start
08:54:28,787 DEBUG org.dbunit.database.DatabaseDataSet:279 - getTableMetaData(tableName=fieldworker) - start
08:54:28,787 DEBUG org.dbunit.database.DatabaseDataSet:173 - initialize() - start
08:54:28,788 DEBUG org.dbunit.dataset.OrderedTableNameMap:253 - getTableName(tableName=fieldworker) - start
08:54:28,789 DEBUG org.dbunit.dataset.OrderedTableNameMap:264 - getTableName(tableName=fieldworker) - end - result=FIELDWORKER
08:54:28,790 DEBUG org.dbunit.dataset.OrderedTableNameMap:253 - getTableName(tableName=fieldworker) - start
08:54:28,791 DEBUG org.dbunit.dataset.OrderedTableNameMap:264 - getTableName(tableName=fieldworker) - end - result=FIELDWORKER
08:54:28,791 DEBUG org.dbunit.database.DatabaseDataSourceConnection:113 - getConnection() - start
08:54:28,792 DEBUG org.dbunit.util.SQLHelper:657 - isEscaped returns &apos;false&apos; for tableName=fieldworker (dbIdentifierQuoteString=&quot;)
08:54:28,793 DEBUG org.dbunit.util.SQLHelper:637 - class org.dbunit.database.DatabaseTableMetaData. Corrected table name: oldValue=fieldworker newValue=FIELDWORKER
08:54:28,793 DEBUG org.dbunit.database.DatabaseTableMetaData:139 - Validating if table &apos;FIELDWORKER&apos; exists in schema &apos;null&apos; ...
08:54:28,795 DEBUG org.dbunit.util.SQLHelper:117 - close(resultSet=org.apache.commons.dbcp.DelegatingResultSet@161a054) - start
08:54:28,795 DEBUG org.dbunit.dataset.OrderedTableNameMap:234 - getColumns() - start
08:54:28,796 DEBUG org.dbunit.dataset.OrderedTableNameMap:234 - getConnection() - start
08:54:28,799 DEBUG org.dbunit.dataset.OrderedTableNameMap:234 - getConnection() - start
08:54:28,799  WARN org.dbunit.dataset.OrderedTableNameMap:234 - Potential problem found: The configured data type factory &apos;class org.dbunit.dataset.datatype.DefaultDataTypeFactory&apos; might cause problems with the current database &apos;H2&apos; (e.g. some datatypes may not be supported properly). In rare cases you might see this message because the list of supported database products is incomplete (list=[derby]). If so please request a java-class update via the forums.If you are using your own IDataTypeFactory extending DefaultDataTypeFactory, ensure that you override getValidDbProducts() to specify the supported database products.
08:54:28,800 DEBUG org.dbunit.dataset.OrderedTableNameMap:234 - Comparing the following values using caseSensitive=false (searched&lt;=&gt;actual): catalog: null&lt;=&gt;OPENHDS schema: null&lt;=&gt;PUBLIC table: FIELDWORKER&lt;=&gt;FIELDWORKER column: null&lt;=&gt;UUID
08:54:28,801 DEBUG org.dbunit.dataset.OrderedTableNameMap:234 - createDataType(sqlType=12 , sqlTypeName=VARCHAR, tableName=FIELDWORKER, columnName=UUID) - start
08:54:28,801 DEBUG org.dbunit.dataset.OrderedTableNameMap:234 - createDataType(sqlType=12, sqlTypeName=VARCHAR) - start
08:54:28,802 DEBUG org.dbunit.dataset.OrderedTableNameMap:234 - forSqlType(sqlType=12) - start
08:54:28,803 DEBUG org.dbunit.dataset.OrderedTableNameMap:234 - getSqlType() - start
08:54:28,803 DEBUG org.dbunit.dataset.OrderedTableNameMap:234 - nullableValue(nullable=0) - start
08:54:28,804 DEBUG org.dbunit.dataset.OrderedTableNameMap:234 - autoIncrementValue(isAutoIncrement=NO) - start
08:54:28,805 DEBUG org.dbunit.dataset.OrderedTableNameMap:234 - Comparing the following values using caseSensitive=false (searched&lt;=&gt;actual): catalog: null&lt;=&gt;OPENHDS schema: null&lt;=&gt;PUBLIC table: FIELDWORKER&lt;=&gt;FIELDWORKER column: null&lt;=&gt;DELETED
08:54:28,805 DEBUG org.dbunit.dataset.OrderedTableNameMap:234 - createDataType(sqlType=16 , sqlTypeName=BOOLEAN, tableName=FIELDWORKER, columnName=DELETED) - start
08:54:28,806 DEBUG org.dbunit.dataset.OrderedTableNameMap:234 - createDataType(sqlType=16, sqlTypeName=BOOLEAN) - start
08:54:28,807 DEBUG org.dbunit.dataset.OrderedTableNameMap:234 - forSqlType(sqlType=16) - start
08:54:28,808 DEBUG org.dbunit.dataset.OrderedTableNameMap:234 - getSqlType() - start
08:54:28,808 DEBUG org.dbunit.dataset.OrderedTableNameMap:234 - getSqlType() - start
08:54:28,809 DEBUG org.dbunit.dataset.OrderedTableNameMap:234 - getSqlType() - start
08:54:28,810 DEBUG org.dbunit.dataset.OrderedTableNameMap:234 - getSqlType() - start
08:54:28,811 DEBUG org.dbunit.dataset.OrderedTableNameMap:234 - getSqlType() - start
08:54:28,811 DEBUG org.dbunit.dataset.OrderedTableNameMap:234 - getSqlType() - start
08:54:28,812 DEBUG org.dbunit.dataset.OrderedTableNameMap:234 - getSqlType() - start
08:54:28,812 DEBUG org.dbunit.dataset.OrderedTableNameMap:234 - getSqlType() - start
08:54:28,813 DEBUG org.dbunit.dataset.OrderedTableNameMap:234 - getSqlType() - start
08:54:28,814 DEBUG org.dbunit.dataset.OrderedTableNameMap:234 - getSqlType() - start
08:54:28,815 DEBUG org.dbunit.dataset.OrderedTableNameMap:234 - nullableValue(nullable=0) - start
08:54:28,815 DEBUG org.dbunit.dataset.OrderedTableNameMap:234 - autoIncrementValue(isAutoIncrement=NO) - start
08:54:28,816 DEBUG org.dbunit.dataset.OrderedTableNameMap:234 - Comparing the following values using caseSensitive=false (searched&lt;=&gt;actual): catalog: null&lt;=&gt;OPENHDS schema: null&lt;=&gt;PUBLIC table: FIELDWORKER&lt;=&gt;FIELDWORKER column: null&lt;=&gt;INSERTDATE
08:54:28,817 DEBUG org.dbunit.dataset.OrderedTableNameMap:234 - createDataType(sqlType=91 , sqlTypeName=DATE, tableName=FIELDWORKER, columnName=INSERTDATE) - start
08:54:28,817 DEBUG org.dbunit.dataset.OrderedTableNameMap:234 - createDataType(sqlType=91, sqlTypeName=DATE) - start
08:54:28,818 DEBUG org.dbunit.dataset.OrderedTableNameMap:234 - forSqlType(sqlType=91) - start
08:54:28,819 DEBUG org.dbunit.dataset.OrderedTableNameMap:234 - getSqlType() - start
08:54:28,820 DEBUG org.dbunit.dataset.OrderedTableNameMap:234 - getSqlType() - start
08:54:28,820 DEBUG org.dbunit.dataset.OrderedTableNameMap:234 - getSqlType() - start
08:54:28,821 DEBUG org.dbunit.dataset.OrderedTableNameMap:234 - getSqlType() - start
08:54:28,821 DEBUG org.dbunit.dataset.OrderedTableNameMap:234 - getSqlType() - start
08:54:28,822 DEBUG org.dbunit.dataset.OrderedTableNameMap:234 - getSqlType() - start
08:54:28,823 DEBUG org.dbunit.dataset.OrderedTableNameMap:234 - getSqlType() - start
08:54:28,824 DEBUG org.dbunit.dataset.OrderedTableNameMap:234 - getSqlType() - start
08:54:28,828 DEBUG org.dbunit.dataset.OrderedTableNameMap:234 - getSqlType() - start
08:54:28,829 DEBUG org.dbunit.dataset.OrderedTableNameMap:234 - getSqlType() - start
08:54:28,831 DEBUG org.dbunit.dataset.OrderedTableNameMap:234 - getSqlType() - start
08:54:28,831 DEBUG org.dbunit.dataset.OrderedTableNameMap:234 - getSqlType() - start
08:54:28,832 DEBUG org.dbunit.dataset.OrderedTableNameMap:234 - getSqlType() - start
08:54:28,833 DEBUG org.dbunit.dataset.OrderedTableNameMap:234 - getSqlType() - start
08:54:28,833 DEBUG org.dbunit.dataset.OrderedTableNameMap:234 - getSqlType() - start
08:54:28,834 DEBUG org.dbunit.dataset.OrderedTableNameMap:234 - getSqlType() - start
08:54:28,835 DEBUG org.dbunit.dataset.OrderedTableNameMap:234 - getSqlType() - start
08:54:28,835 DEBUG org.dbunit.dataset.OrderedTableNameMap:234 - getSqlType() - start
08:54:28,836 DEBUG org.dbunit.dataset.OrderedTableNameMap:234 - getSqlType() - start
08:54:28,836 DEBUG org.dbunit.dataset.OrderedTableNameMap:234 - nullableValue(nullable=1) - start
08:54:28,837 DEBUG org.dbunit.dataset.OrderedTableNameMap:234 - autoIncrementValue(isAutoIncrement=NO) - start
08:54:28,837 DEBUG org.dbunit.dataset.OrderedTableNameMap:234 - Comparing the following values using caseSensitive=false (searched&lt;=&gt;actual): catalog: null&lt;=&gt;OPENHDS schema: null&lt;=&gt;PUBLIC table: FIELDWORKER&lt;=&gt;FIELDWORKER column: null&lt;=&gt;VOIDDATE
08:54:28,838 DEBUG org.dbunit.dataset.OrderedTableNameMap:234 - createDataType(sqlType=93 , sqlTypeName=TIMESTAMP, tableName=FIELDWORKER, columnName=VOIDDATE) - start
08:54:28,838 DEBUG org.dbunit.dataset.OrderedTableNameMap:234 - createDataType(sqlType=93, sqlTypeName=TIMESTAMP) - start
08:54:28,839 DEBUG org.dbunit.dataset.OrderedTableNameMap:234 - forSqlType(sqlType=93) - start
08:54:28,840 DEBUG org.dbunit.dataset.OrderedTableNameMap:234 - getSqlType() - start
08:54:28,840 DEBUG org.dbunit.dataset.OrderedTableNameMap:234 - getSqlType() - start
08:54:28,841 DEBUG org.dbunit.dataset.OrderedTableNameMap:234 - getSqlType() - start
08:54:28,842 DEBUG org.dbunit.dataset.OrderedTableNameMap:234 - getSqlType() - start
08:54:28,843 DEBUG org.dbunit.dataset.OrderedTableNameMap:234 - getSqlType() - start
08:54:28,843 DEBUG org.dbunit.dataset.OrderedTableNameMap:234 - getSqlType() - start
08:54:28,844 DEBUG org.dbunit.dataset.OrderedTableNameMap:234 - getSqlType() - start
08:54:28,845 DEBUG org.dbunit.dataset.OrderedTableNameMap:234 - getSqlType() - start
08:54:28,845 DEBUG org.dbunit.dataset.OrderedTableNameMap:234 - getSqlType() - start
08:54:28,846 DEBUG org.dbunit.dataset.OrderedTableNameMap:234 - getSqlType() - start
08:54:28,847 DEBUG org.dbunit.dataset.OrderedTableNameMap:234 - getSqlType() - start
08:54:28,847 DEBUG org.dbunit.dataset.OrderedTableNameMap:234 - getSqlType() - start
08:54:28,848 DEBUG org.dbunit.dataset.OrderedTableNameMap:234 - getSqlType() - start
08:54:28,849 DEBUG org.dbunit.dataset.OrderedTableNameMap:234 - getSqlType() - start
08:54:28,849 DEBUG org.dbunit.dataset.OrderedTableNameMap:234 - getSqlType() - start
08:54:28,850 DEBUG org.dbunit.dataset.OrderedTableNameMap:234 - getSqlType() - start
08:54:28,851 DEBUG org.dbunit.dataset.OrderedTableNameMap:234 - getSqlType() - start
08:54:28,851 DEBUG org.dbunit.dataset.OrderedTableNameMap:234 - getSqlType() - start
08:54:28,852 DEBUG org.dbunit.dataset.OrderedTableNameMap:234 - getSqlType() - start
08:54:28,853 DEBUG org.dbunit.dataset.OrderedTableNameMap:234 - getSqlType() - start
08:54:28,853 DEBUG org.dbunit.dataset.OrderedTableNameMap:234 - getSqlType() - start
08:54:28,854 DEBUG org.dbunit.dataset.OrderedTableNameMap:234 - nullableValue(nullable=1) - start
08:54:28,855 DEBUG org.dbunit.dataset.OrderedTableNameMap:234 - autoIncrementValue(isAutoIncrement=NO) - start
08:54:28,855 DEBUG org.dbunit.dataset.OrderedTableNameMap:234 - Comparing the following values using caseSensitive=false (searched&lt;=&gt;actual): catalog: null&lt;=&gt;OPENHDS schema: null&lt;=&gt;PUBLIC table: FIELDWORKER&lt;=&gt;FIELDWORKER column: null&lt;=&gt;VOIDREASON
08:54:28,856 DEBUG org.dbunit.dataset.OrderedTableNameMap:234 - createDataType(sqlType=12 , sqlTypeName=VARCHAR, tableName=FIELDWORKER, columnName=VOIDREASON) - start
08:54:28,856 DEBUG org.dbunit.dataset.OrderedTableNameMap:234 - createDataType(sqlType=12, sqlTypeName=VARCHAR) - start
08:54:28,857 DEBUG org.dbunit.dataset.OrderedTableNameMap:234 - forSqlType(sqlType=12) - start
08:54:28,858 DEBUG org.dbunit.dataset.OrderedTableNameMap:234 - getSqlType() - start
08:54:28,858 DEBUG org.dbunit.dataset.OrderedTableNameMap:234 - nullableValue(nullable=1) - start
08:54:28,859 DEBUG org.dbunit.dataset.OrderedTableNameMap:234 - autoIncrementValue(isAutoIncrement=NO) - start
08:54:28,859 DEBUG org.dbunit.dataset.OrderedTableNameMap:234 - Comparing the following values using caseSensitive=false (searched&lt;=&gt;actual): catalog: null&lt;=&gt;OPENHDS schema: null&lt;=&gt;PUBLIC table: FIELDWORKER&lt;=&gt;FIELDWORKER column: null&lt;=&gt;EXTID
08:54:28,860 DEBUG org.dbunit.dataset.OrderedTableNameMap:234 - createDataType(sqlType=12 , sqlTypeName=VARCHAR, tableName=FIELDWORKER, columnName=EXTID) - start
08:54:28,860 DEBUG org.dbunit.dataset.OrderedTableNameMap:234 - createDataType(sqlType=12, sqlTypeName=VARCHAR) - start
08:54:28,861 DEBUG org.dbunit.dataset.OrderedTableNameMap:234 - forSqlType(sqlType=12) - start
08:54:28,862 DEBUG org.dbunit.dataset.OrderedTableNameMap:234 - getSqlType() - start
08:54:28,862 DEBUG org.dbunit.dataset.OrderedTableNameMap:234 - nullableValue(nullable=0) - start
08:54:28,863 DEBUG org.dbunit.dataset.OrderedTableNameMap:234 - autoIncrementValue(isAutoIncrement=NO) - start
08:54:28,864 DEBUG org.dbunit.dataset.OrderedTableNameMap:234 - Comparing the following values using caseSensitive=false (searched&lt;=&gt;actual): catalog: null&lt;=&gt;OPENHDS schema: null&lt;=&gt;PUBLIC table: FIELDWORKER&lt;=&gt;FIELDWORKER column: null&lt;=&gt;FIRSTNAME
08:54:28,864 DEBUG org.dbunit.dataset.OrderedTableNameMap:234 - createDataType(sqlType=12 , sqlTypeName=VARCHAR, tableName=FIELDWORKER, columnName=FIRSTNAME) - start
08:54:28,865 DEBUG org.dbunit.dataset.OrderedTableNameMap:234 - createDataType(sqlType=12, sqlTypeName=VARCHAR) - start
08:54:28,866 DEBUG org.dbunit.dataset.OrderedTableNameMap:234 - forSqlType(sqlType=12) - start
08:54:28,868 DEBUG org.dbunit.dataset.OrderedTableNameMap:234 - getSqlType() - start
08:54:28,869 DEBUG org.dbunit.dataset.OrderedTableNameMap:234 - nullableValue(nullable=1) - start
08:54:28,870 DEBUG org.dbunit.dataset.OrderedTableNameMap:234 - autoIncrementValue(isAutoIncrement=NO) - start
08:54:28,871 DEBUG org.dbunit.dataset.OrderedTableNameMap:234 - Comparing the following values using caseSensitive=false (searched&lt;=&gt;actual): catalog: null&lt;=&gt;OPENHDS schema: null&lt;=&gt;PUBLIC table: FIELDWORKER&lt;=&gt;FIELDWORKER column: null&lt;=&gt;LASTNAME
08:54:28,872 DEBUG org.dbunit.dataset.OrderedTableNameMap:234 - createDataType(sqlType=12 , sqlTypeName=VARCHAR, tableName=FIELDWORKER, columnName=LASTNAME) - start
08:54:28,872 DEBUG org.dbunit.dataset.OrderedTableNameMap:234 - createDataType(sqlType=12, sqlTypeName=VARCHAR) - start
08:54:28,875 DEBUG org.dbunit.dataset.OrderedTableNameMap:234 - forSqlType(sqlType=12) - start
08:54:28,875 DEBUG org.dbunit.dataset.OrderedTableNameMap:234 - getSqlType() - start
08:54:28,875 DEBUG org.dbunit.dataset.OrderedTableNameMap:234 - nullableValue(nullable=1) - start
08:54:28,876 DEBUG org.dbunit.dataset.OrderedTableNameMap:234 - autoIncrementValue(isAutoIncrement=NO) - start
08:54:28,876 DEBUG org.dbunit.dataset.OrderedTableNameMap:234 - Comparing the following values using caseSensitive=false (searched&lt;=&gt;actual): catalog: null&lt;=&gt;OPENHDS schema: null&lt;=&gt;PUBLIC table: FIELDWORKER&lt;=&gt;FIELDWORKER column: null&lt;=&gt;INSERTBY_UUID
08:54:28,876 DEBUG org.dbunit.dataset.OrderedTableNameMap:234 - createDataType(sqlType=12 , sqlTypeName=VARCHAR, tableName=FIELDWORKER, columnName=INSERTBY_UUID) - start
08:54:28,877 DEBUG org.dbunit.dataset.OrderedTableNameMap:234 - createDataType(sqlType=12, sqlTypeName=VARCHAR) - start
08:54:28,877 DEBUG org.dbunit.dataset.OrderedTableNameMap:234 - forSqlType(sqlType=12) - start
08:54:28,878 DEBUG org.dbunit.dataset.OrderedTableNameMap:234 - getSqlType() - start
08:54:28,878 DEBUG org.dbunit.dataset.OrderedTableNameMap:234 - nullableValue(nullable=1) - start
08:54:28,878 DEBUG org.dbunit.dataset.OrderedTableNameMap:234 - autoIncrementValue(isAutoIncrement=NO) - start
08:54:28,879 DEBUG org.dbunit.dataset.OrderedTableNameMap:234 - Comparing the following values using caseSensitive=false (searched&lt;=&gt;actual): catalog: null&lt;=&gt;OPENHDS schema: null&lt;=&gt;PUBLIC table: FIELDWORKER&lt;=&gt;FIELDWORKER column: null&lt;=&gt;VOIDBY_UUID
08:54:28,879 DEBUG org.dbunit.dataset.OrderedTableNameMap:234 - createDataType(sqlType=12 , sqlTypeName=VARCHAR, tableName=FIELDWORKER, columnName=VOIDBY_UUID) - start
08:54:28,880 DEBUG org.dbunit.dataset.OrderedTableNameMap:234 - createDataType(sqlType=12, sqlTypeName=VARCHAR) - start
08:54:28,880 DEBUG org.dbunit.dataset.OrderedTableNameMap:234 - forSqlType(sqlType=12) - start
08:54:28,880 DEBUG org.dbunit.dataset.OrderedTableNameMap:234 - getSqlType() - start
08:54:28,881 DEBUG org.dbunit.dataset.OrderedTableNameMap:234 - nullableValue(nullable=1) - start
08:54:28,881 DEBUG org.dbunit.dataset.OrderedTableNameMap:234 - autoIncrementValue(isAutoIncrement=NO) - start
08:54:28,881 DEBUG org.dbunit.dataset.OrderedTableNameMap:234 - getPrimaryKeys() - start
08:54:28,882 DEBUG org.dbunit.dataset.OrderedTableNameMap:234 - getPrimaryKeyNames() - start
08:54:28,882 DEBUG org.dbunit.dataset.OrderedTableNameMap:234 - getConnection() - start
08:54:28,883 DEBUG org.dbunit.dataset.OrderedTableNameMap:234 - getName() - start
08:54:28,884 DEBUG org.dbunit.dataset.OrderedTableNameMap:234 - getColumns() - start
08:54:28,884 DEBUG org.dbunit.dataset.OrderedTableNameMap:234 - getColumns(columnNames=[UUID], columns=[(UUID, VARCHAR, noNulls), (DELETED, BOOLEAN, noNulls), (INSERTDATE, DATE, nullable), (VOIDDATE, TIMESTAMP, nullable), (VOIDREASON, VARCHAR, nullable), (EXTID, VARCHAR, noNulls), (FIRSTNAME, VARCHAR, nullable), (LASTNAME, VARCHAR, nullable), (INSERTBY_UUID, VARCHAR, nullable), (VOIDBY_UUID, VARCHAR, nullable)]) - start
08:54:28,886 DEBUG org.dbunit.dataset.OrderedTableNameMap:234 - getColumn(columnName=UUID, columns=[(UUID, VARCHAR, noNulls), (DELETED, BOOLEAN, noNulls), (INSERTDATE, DATE, nullable), (VOIDDATE, TIMESTAMP, nullable), (VOIDREASON, VARCHAR, nullable), (EXTID, VARCHAR, noNulls), (FIRSTNAME, VARCHAR, nullable), (LASTNAME, VARCHAR, nullable), (INSERTBY_UUID, VARCHAR, nullable), (VOIDBY_UUID, VARCHAR, nullable)]) - start
08:54:28,886 DEBUG org.dbunit.dataset.OrderedTableNameMap:234 - update(tableName=fieldworker, object=table=FIELDWORKER, cols=[(UUID, VARCHAR, noNulls), (DELETED, BOOLEAN, noNulls), (INSERTDATE, DATE, nullable), (VOIDDATE, TIMESTAMP, nullable), (VOIDREASON, VARCHAR, nullable), (EXTID, VARCHAR, noNulls), (FIRSTNAME, VARCHAR, nullable), (LASTNAME, VARCHAR, nullable), (INSERTBY_UUID, VARCHAR, nullable), (VOIDBY_UUID, VARCHAR, nullable)], pk=[(UUID, VARCHAR, noNulls)]) - start
08:54:28,887 DEBUG org.dbunit.dataset.OrderedTableNameMap:253 - getTableName(tableName=fieldworker) - start
08:54:28,887 DEBUG org.dbunit.dataset.OrderedTableNameMap:264 - getTableName(tableName=fieldworker) - end - result=FIELDWORKER
08:54:28,887 DEBUG org.dbunit.dataset.OrderedTableNameMap:253 - getTableName(tableName=fieldworker) - start
08:54:28,888 DEBUG org.dbunit.dataset.OrderedTableNameMap:264 - getTableName(tableName=fieldworker) - end - result=FIELDWORKER
08:54:28,888 DEBUG org.dbunit.dataset.AbstractTableMetaData:101 - getColumnIndex(columnName=uuid) - start
08:54:28,888 DEBUG org.dbunit.database.DatabaseTableMetaData:301 - getColumns() - start
08:54:28,889 DEBUG org.dbunit.database.DatabaseTableMetaData:301 - getColumns() - start
08:54:28,889 DEBUG org.dbunit.dataset.AbstractTableMetaData:101 - getColumnIndex(columnName=extId) - start
08:54:28,889 DEBUG org.dbunit.database.DatabaseTableMetaData:301 - getColumns() - start
08:54:28,889 DEBUG org.dbunit.dataset.AbstractTableMetaData:101 - getColumnIndex(columnName=firstname) - start
08:54:28,890 DEBUG org.dbunit.database.DatabaseTableMetaData:301 - getColumns() - start
08:54:28,890 DEBUG org.dbunit.dataset.AbstractTableMetaData:101 - getColumnIndex(columnName=lastname) - start
08:54:28,890 DEBUG org.dbunit.database.DatabaseTableMetaData:301 - getColumns() - start
08:54:28,891 DEBUG org.dbunit.dataset.AbstractTableMetaData:101 - getColumnIndex(columnName=deleted) - start
08:54:28,891 DEBUG org.dbunit.database.DatabaseTableMetaData:301 - getColumns() - start
08:54:28,891 DEBUG org.dbunit.database.DatabaseTableMetaData:374 - getPrimaryKeys() - start
08:54:28,892 DEBUG org.dbunit.operation.RefreshOperation:146 - createUpdateOperation(connection=_databaseConfig=org.dbunit.database.DatabaseConfig[, _propertyMap={http://www.dbunit.org/properties/statementFactory=org.dbunit.database.statement.PreparedStatementFactory@eb5ea0, http://www.dbunit.org/features/caseSensitiveTableNames=false, http://www.dbunit.org/properties/fetchSize=100, http://www.dbunit.org/features/batchedStatements=false, http://www.dbunit.org/properties/metadataHandler=org.dbunit.database.DefaultMetadataHandler@60648, http://www.dbunit.org/properties/datatypeFactory=org.dbunit.dataset.datatype.DefaultDataTypeFactory[_toleratedDeltaMap=org.dbunit.dataset.datatype.ToleratedDeltaMap@133a07d], http://www.dbunit.org/properties/escapePattern=null, http://www.dbunit.org/properties/batchSize=100, http://www.dbunit.org/features/qualifiedTableNames=false, http://www.dbunit.org/properties/tableType=[Ljava.lang.String;@6d6f28, http://www.dbunit.org/properties/resultSetTableFactory=org.dbunit.database.CachedResultSetTableFactory@9cde9a, http://www.dbunit.org/features/datatypeWarning=true}], _dataSet=AbstractDataSet[_orderedTableNameMap=null], metaData=tableName=FIELDWORKER, columns=[(UUID, VARCHAR, noNulls), (EXTID, VARCHAR, noNulls), (FIRSTNAME, VARCHAR, nullable), (LASTNAME, VARCHAR, nullable), (DELETED, BOOLEAN, noNulls)], keys=[(UUID, VARCHAR, noNulls)]) - start
08:54:28,893 DEBUG org.dbunit.operation.UpdateOperation:63 - getOperationData(metaData=tableName=FIELDWORKER, columns=[(UUID, VARCHAR, noNulls), (EXTID, VARCHAR, noNulls), (FIRSTNAME, VARCHAR, nullable), (LASTNAME, VARCHAR, nullable), (DELETED, BOOLEAN, noNulls)], keys=[(UUID, VARCHAR, noNulls)], ignoreMapping=null, connection=_databaseConfig=org.dbunit.database.DatabaseConfig[, _propertyMap={http://www.dbunit.org/properties/statementFactory=org.dbunit.database.statement.PreparedStatementFactory@eb5ea0, http://www.dbunit.org/features/caseSensitiveTableNames=false, http://www.dbunit.org/properties/fetchSize=100, http://www.dbunit.org/features/batchedStatements=false, http://www.dbunit.org/properties/metadataHandler=org.dbunit.database.DefaultMetadataHandler@60648, http://www.dbunit.org/properties/datatypeFactory=org.dbunit.dataset.datatype.DefaultDataTypeFactory[_toleratedDeltaMap=org.dbunit.dataset.datatype.ToleratedDeltaMap@133a07d], http://www.dbunit.org/properties/escapePattern=null, http://www.dbunit.org/properties/batchSize=100, http://www.dbunit.org/features/qualifiedTableNames=false, http://www.dbunit.org/properties/tableType=[Ljava.lang.String;@6d6f28, http://www.dbunit.org/properties/resultSetTableFactory=org.dbunit.database.CachedResultSetTableFactory@9cde9a, http://www.dbunit.org/features/datatypeWarning=true}], _dataSet=AbstractDataSet[_orderedTableNameMap=null]) - start
08:54:28,894 DEBUG org.dbunit.operation.AbstractOperation:55 - getQualifiedName(prefix=null, name=FIELDWORKER, connection=_databaseConfig=org.dbunit.database.DatabaseConfig[, _propertyMap={http://www.dbunit.org/properties/statementFactory=org.dbunit.database.statement.PreparedStatementFactory@eb5ea0, http://www.dbunit.org/features/caseSensitiveTableNames=false, http://www.dbunit.org/properties/fetchSize=100, http://www.dbunit.org/features/batchedStatements=false, http://www.dbunit.org/properties/metadataHandler=org.dbunit.database.DefaultMetadataHandler@60648, http://www.dbunit.org/properties/datatypeFactory=org.dbunit.dataset.datatype.DefaultDataTypeFactory[_toleratedDeltaMap=org.dbunit.dataset.datatype.ToleratedDeltaMap@133a07d], http://www.dbunit.org/properties/escapePattern=null, http://www.dbunit.org/properties/batchSize=100, http://www.dbunit.org/features/qualifiedTableNames=false, http://www.dbunit.org/properties/tableType=[Ljava.lang.String;@6d6f28, http://www.dbunit.org/properties/resultSetTableFactory=org.dbunit.database.CachedResultSetTableFactory@9cde9a, http://www.dbunit.org/features/datatypeWarning=true}], _dataSet=AbstractDataSet[_orderedTableNameMap=null]) - start
08:54:28,894 DEBUG org.dbunit.util.QualifiedTableName:126 - getQualifiedName() - start
08:54:28,894 DEBUG org.dbunit.util.QualifiedTableName:190 - getQualifiedName(prefix=null, name=FIELDWORKER, escapePattern=null) - start
08:54:28,895 DEBUG org.dbunit.dataset.Columns:154 - getColumn(columnName=UUID, columns=[(UUID, VARCHAR, noNulls)]) - start
08:54:28,895 DEBUG org.dbunit.dataset.Columns:154 - getColumn(columnName=EXTID, columns=[(UUID, VARCHAR, noNulls)]) - start
08:54:28,895 DEBUG org.dbunit.operation.AbstractOperation:55 - getQualifiedName(prefix=null, name=EXTID, connection=_databaseConfig=org.dbunit.database.DatabaseConfig[, _propertyMap={http://www.dbunit.org/properties/statementFactory=org.dbunit.database.statement.PreparedStatementFactory@eb5ea0, http://www.dbunit.org/features/caseSensitiveTableNames=false, http://www.dbunit.org/properties/fetchSize=100, http://www.dbunit.org/features/batchedStatements=false, http://www.dbunit.org/properties/metadataHandler=org.dbunit.database.DefaultMetadataHandler@60648, http://www.dbunit.org/properties/datatypeFactory=org.dbunit.dataset.datatype.DefaultDataTypeFactory[_toleratedDeltaMap=org.dbunit.dataset.datatype.ToleratedDeltaMap@133a07d], http://www.dbunit.org/properties/escapePattern=null, http://www.dbunit.org/properties/batchSize=100, http://www.dbunit.org/features/qualifiedTableNames=false, http://www.dbunit.org/properties/tableType=[Ljava.lang.String;@6d6f28, http://www.dbunit.org/properties/resultSetTableFactory=org.dbunit.database.CachedResultSetTableFactory@9cde9a, http://www.dbunit.org/features/datatypeWarning=true}], _dataSet=AbstractDataSet[_orderedTableNameMap=null]) - start
08:54:28,896 DEBUG org.dbunit.util.QualifiedTableName:126 - getQualifiedName() - start
08:54:28,897 DEBUG org.dbunit.util.QualifiedTableName:190 - getQualifiedName(prefix=null, name=EXTID, escapePattern=null) - start
08:54:28,897 DEBUG org.dbunit.dataset.Columns:154 - getColumn(columnName=FIRSTNAME, columns=[(UUID, VARCHAR, noNulls)]) - start
08:54:28,897 DEBUG org.dbunit.operation.AbstractOperation:55 - getQualifiedName(prefix=null, name=FIRSTNAME, connection=_databaseConfig=org.dbunit.database.DatabaseConfig[, _propertyMap={http://www.dbunit.org/properties/statementFactory=org.dbunit.database.statement.PreparedStatementFactory@eb5ea0, http://www.dbunit.org/features/caseSensitiveTableNames=false, http://www.dbunit.org/properties/fetchSize=100, http://www.dbunit.org/features/batchedStatements=false, http://www.dbunit.org/properties/metadataHandler=org.dbunit.database.DefaultMetadataHandler@60648, http://www.dbunit.org/properties/datatypeFactory=org.dbunit.dataset.datatype.DefaultDataTypeFactory[_toleratedDeltaMap=org.dbunit.dataset.datatype.ToleratedDeltaMap@133a07d], http://www.dbunit.org/properties/escapePattern=null, http://www.dbunit.org/properties/batchSize=100, http://www.dbunit.org/features/qualifiedTableNames=false, http://www.dbunit.org/properties/tableType=[Ljava.lang.String;@6d6f28, http://www.dbunit.org/properties/resultSetTableFactory=org.dbunit.database.CachedResultSetTableFactory@9cde9a, http://www.dbunit.org/features/datatypeWarning=true}], _dataSet=AbstractDataSet[_orderedTableNameMap=null]) - start
08:54:28,898 DEBUG org.dbunit.util.QualifiedTableName:126 - getQualifiedName() - start
08:54:28,898 DEBUG org.dbunit.util.QualifiedTableName:190 - getQualifiedName(prefix=null, name=FIRSTNAME, escapePattern=null) - start
08:54:28,898 DEBUG org.dbunit.dataset.Columns:154 - getColumn(columnName=LASTNAME, columns=[(UUID, VARCHAR, noNulls)]) - start
08:54:28,899 DEBUG org.dbunit.operation.AbstractOperation:55 - getQualifiedName(prefix=null, name=LASTNAME, connection=_databaseConfig=org.dbunit.database.DatabaseConfig[, _propertyMap={http://www.dbunit.org/properties/statementFactory=org.dbunit.database.statement.PreparedStatementFactory@eb5ea0, http://www.dbunit.org/features/caseSensitiveTableNames=false, http://www.dbunit.org/properties/fetchSize=100, http://www.dbunit.org/features/batchedStatements=false, http://www.dbunit.org/properties/metadataHandler=org.dbunit.database.DefaultMetadataHandler@60648, http://www.dbunit.org/properties/datatypeFactory=org.dbunit.dataset.datatype.DefaultDataTypeFactory[_toleratedDeltaMap=org.dbunit.dataset.datatype.ToleratedDeltaMap@133a07d], http://www.dbunit.org/properties/escapePattern=null, http://www.dbunit.org/properties/batchSize=100, http://www.dbunit.org/features/qualifiedTableNames=false, http://www.dbunit.org/properties/tableType=[Ljava.lang.String;@6d6f28, http://www.dbunit.org/properties/resultSetTableFactory=org.dbunit.database.CachedResultSetTableFactory@9cde9a, http://www.dbunit.org/features/datatypeWarning=true}], _dataSet=AbstractDataSet[_orderedTableNameMap=null]) - start
08:54:28,899 DEBUG org.dbunit.util.QualifiedTableName:126 - getQualifiedName() - start
08:54:28,900 DEBUG org.dbunit.util.QualifiedTableName:190 - getQualifiedName(prefix=null, name=LASTNAME, escapePattern=null) - start
08:54:28,900 DEBUG org.dbunit.dataset.Columns:154 - getColumn(columnName=DELETED, columns=[(UUID, VARCHAR, noNulls)]) - start
08:54:28,901 DEBUG org.dbunit.operation.AbstractOperation:55 - getQualifiedName(prefix=null, name=DELETED, connection=_databaseConfig=org.dbunit.database.DatabaseConfig[, _propertyMap={http://www.dbunit.org/properties/statementFactory=org.dbunit.database.statement.PreparedStatementFactory@eb5ea0, http://www.dbunit.org/features/caseSensitiveTableNames=false, http://www.dbunit.org/properties/fetchSize=100, http://www.dbunit.org/features/batchedStatements=false, http://www.dbunit.org/properties/metadataHandler=org.dbunit.database.DefaultMetadataHandler@60648, http://www.dbunit.org/properties/datatypeFactory=org.dbunit.dataset.datatype.DefaultDataTypeFactory[_toleratedDeltaMap=org.dbunit.dataset.datatype.ToleratedDeltaMap@133a07d], http://www.dbunit.org/properties/escapePattern=null, http://www.dbunit.org/properties/batchSize=100, http://www.dbunit.org/features/qualifiedTableNames=false, http://www.dbunit.org/properties/tableType=[Ljava.lang.String;@6d6f28, http://www.dbunit.org/properties/resultSetTableFactory=org.dbunit.database.CachedResultSetTableFactory@9cde9a, http://www.dbunit.org/features/datatypeWarning=true}], _dataSet=AbstractDataSet[_orderedTableNameMap=null]) - start
08:54:28,902 DEBUG org.dbunit.util.QualifiedTableName:126 - getQualifiedName() - start
08:54:28,902 DEBUG org.dbunit.util.QualifiedTableName:190 - getQualifiedName(prefix=null, name=DELETED, escapePattern=null) - start
08:54:28,903 DEBUG org.dbunit.operation.AbstractOperation:55 - getQualifiedName(prefix=null, name=UUID, connection=_databaseConfig=org.dbunit.database.DatabaseConfig[, _propertyMap={http://www.dbunit.org/properties/statementFactory=org.dbunit.database.statement.PreparedStatementFactory@eb5ea0, http://www.dbunit.org/features/caseSensitiveTableNames=false, http://www.dbunit.org/properties/fetchSize=100, http://www.dbunit.org/features/batchedStatements=false, http://www.dbunit.org/properties/metadataHandler=org.dbunit.database.DefaultMetadataHandler@60648, http://www.dbunit.org/properties/datatypeFactory=org.dbunit.dataset.datatype.DefaultDataTypeFactory[_toleratedDeltaMap=org.dbunit.dataset.datatype.ToleratedDeltaMap@133a07d], http://www.dbunit.org/properties/escapePattern=null, http://www.dbunit.org/properties/batchSize=100, http://www.dbunit.org/features/qualifiedTableNames=false, http://www.dbunit.org/properties/tableType=[Ljava.lang.String;@6d6f28, http://www.dbunit.org/properties/resultSetTableFactory=org.dbunit.database.CachedResultSetTableFactory@9cde9a, http://www.dbunit.org/features/datatypeWarning=true}], _dataSet=AbstractDataSet[_orderedTableNameMap=null]) - start
08:54:28,903 DEBUG org.dbunit.util.QualifiedTableName:126 - getQualifiedName() - start
08:54:28,904 DEBUG org.dbunit.util.QualifiedTableName:190 - getQualifiedName(prefix=null, name=UUID, escapePattern=null) - start
08:54:28,905 DEBUG org.dbunit.database.DatabaseDataSourceConnection:113 - getConnection() - start
08:54:28,906 DEBUG org.dbunit.operation.RefreshOperation$RowOperation:180 - execute(table=org.dbunit.dataset.DefaultTable[_metaData=tableName=fieldworker, columns=[(uuid, UNKNOWN, nullableUnknown), (extId, UNKNOWN, nullableUnknown), (firstname, UNKNOWN, nullableUnknown), (lastname, UNKNOWN, nullableUnknown), (deleted, UNKNOWN, nullableUnknown)], keys=[], _rowList.size()=1], row=0) - start
08:54:28,906 DEBUG org.dbunit.dataset.DefaultTable:192 - getValue(row=0, column=EXTID) - start
08:54:28,907 DEBUG org.dbunit.dataset.AbstractTable:41 - assertValidRowIndex(row=0) - start
08:54:28,907 DEBUG org.dbunit.dataset.AbstractTable:51 - assertValidRowIndex(row=0, rowCount=1) - start
08:54:28,907 DEBUG org.dbunit.dataset.AbstractTable:75 - getColumnIndex(columnName=EXTID) - start
08:54:28,908 DEBUG org.dbunit.dataset.AbstractTableMetaData:101 - getColumnIndex(columnName=EXTID) - start
08:54:28,908 DEBUG org.dbunit.database.statement.SimplePreparedStatement:64 - addValue(value=FWEK1D, dataType=VARCHAR) - start
08:54:28,909 DEBUG org.dbunit.dataset.datatype.StringDataType:157 - setSqlValue(value=FWEK1D, column=1, statement=prep238: update FIELDWORKER set EXTID = ?, FIRSTNAME = ?, LASTNAME = ?, DELETED = ? where UUID = ?) - start
08:54:28,909 DEBUG org.dbunit.dataset.datatype.DataType:177 - asString(value=FWEK1D) - start
08:54:28,909 DEBUG org.dbunit.dataset.datatype.StringDataType:59 - typeCast(value=FWEK1D) - start
08:54:28,910 DEBUG org.dbunit.dataset.DefaultTable:192 - getValue(row=0, column=FIRSTNAME) - start
08:54:28,910 DEBUG org.dbunit.dataset.AbstractTable:41 - assertValidRowIndex(row=0) - start
08:54:28,910 DEBUG org.dbunit.dataset.AbstractTable:51 - assertValidRowIndex(row=0, rowCount=1) - start
08:54:28,911 DEBUG org.dbunit.dataset.AbstractTable:75 - getColumnIndex(columnName=FIRSTNAME) - start
08:54:28,912 DEBUG org.dbunit.dataset.AbstractTableMetaData:101 - getColumnIndex(columnName=FIRSTNAME) - start
08:54:28,912 DEBUG org.dbunit.database.statement.SimplePreparedStatement:64 - addValue(value=Editha, dataType=VARCHAR) - start
08:54:28,913 DEBUG org.dbunit.dataset.datatype.StringDataType:157 - setSqlValue(value=Editha, column=2, statement=prep238: update FIELDWORKER set EXTID = ?, FIRSTNAME = ?, LASTNAME = ?, DELETED = ? where UUID = ? {1: &apos;FWEK1D&apos;}) - start
08:54:28,913 DEBUG org.dbunit.dataset.datatype.DataType:177 - asString(value=Editha) - start
08:54:28,913 DEBUG org.dbunit.dataset.datatype.StringDataType:59 - typeCast(value=Editha) - start
08:54:28,914 DEBUG org.dbunit.dataset.DefaultTable:192 - getValue(row=0, column=LASTNAME) - start
08:54:28,914 DEBUG org.dbunit.dataset.AbstractTable:41 - assertValidRowIndex(row=0) - start
08:54:28,915 DEBUG org.dbunit.dataset.AbstractTable:51 - assertValidRowIndex(row=0, rowCount=1) - start
08:54:28,915 DEBUG org.dbunit.dataset.AbstractTable:75 - getColumnIndex(columnName=LASTNAME) - start
08:54:28,916 DEBUG org.dbunit.dataset.AbstractTableMetaData:101 - getColumnIndex(columnName=LASTNAME) - start
08:54:28,916 DEBUG org.dbunit.database.statement.SimplePreparedStatement:64 - addValue(value=Kaweza, dataType=VARCHAR) - start
08:54:28,917 DEBUG org.dbunit.dataset.datatype.StringDataType:157 - setSqlValue(value=Kaweza, column=3, statement=prep238: update FIELDWORKER set EXTID = ?, FIRSTNAME = ?, LASTNAME = ?, DELETED = ? where UUID = ? {1: &apos;FWEK1D&apos;, 2: &apos;Editha&apos;}) - start
08:54:28,917 DEBUG org.dbunit.dataset.datatype.DataType:177 - asString(value=Kaweza) - start
08:54:28,917 DEBUG org.dbunit.dataset.datatype.StringDataType:59 - typeCast(value=Kaweza) - start
08:54:28,918 DEBUG org.dbunit.dataset.DefaultTable:192 - getValue(row=0, column=DELETED) - start
08:54:28,918 DEBUG org.dbunit.dataset.AbstractTable:41 - assertValidRowIndex(row=0) - start
08:54:28,919 DEBUG org.dbunit.dataset.AbstractTable:51 - assertValidRowIndex(row=0, rowCount=1) - start
08:54:28,919 DEBUG org.dbunit.dataset.AbstractTable:75 - getColumnIndex(columnName=DELETED) - start
08:54:28,919 DEBUG org.dbunit.dataset.AbstractTableMetaData:101 - getColumnIndex(columnName=DELETED) - start
08:54:28,920 DEBUG org.dbunit.database.statement.SimplePreparedStatement:64 - addValue(value=0, dataType=BOOLEAN) - start
08:54:28,920 DEBUG org.dbunit.dataset.datatype.BooleanDataType:143 - setSqlValue(value=0, column=4, statement=prep238: update FIELDWORKER set EXTID = ?, FIRSTNAME = ?, LASTNAME = ?, DELETED = ? where UUID = ? {1: &apos;FWEK1D&apos;, 2: &apos;Editha&apos;, 3: &apos;Kaweza&apos;}) - start
08:54:28,921 DEBUG org.dbunit.dataset.datatype.BooleanDataType:66 - typeCast(value=0) - start
08:54:28,921 DEBUG org.dbunit.dataset.datatype.IntegerDataType:56 - typeCast(value=0) - start
08:54:28,922 DEBUG org.dbunit.dataset.datatype.IntegerDataType:56 - typeCast(value=0) - start
08:54:28,922 DEBUG org.dbunit.dataset.datatype.BooleanDataType:66 - typeCast(value=0) - start
08:54:28,923 DEBUG org.dbunit.dataset.DefaultTable:192 - getValue(row=0, column=UUID) - start
08:54:28,923 DEBUG org.dbunit.dataset.AbstractTable:41 - assertValidRowIndex(row=0) - start
08:54:28,924 DEBUG org.dbunit.dataset.AbstractTable:51 - assertValidRowIndex(row=0, rowCount=1) - start
08:54:28,924 DEBUG org.dbunit.dataset.AbstractTable:75 - getColumnIndex(columnName=UUID) - start
08:54:28,924 DEBUG org.dbunit.dataset.AbstractTableMetaData:101 - getColumnIndex(columnName=UUID) - start
08:54:28,925 DEBUG org.dbunit.database.statement.SimplePreparedStatement:64 - addValue(value=FieldWorker1, dataType=VARCHAR) - start
08:54:28,925 DEBUG org.dbunit.dataset.datatype.StringDataType:157 - setSqlValue(value=FieldWorker1, column=5, statement=prep238: update FIELDWORKER set EXTID = ?, FIRSTNAME = ?, LASTNAME = ?, DELETED = ? where UUID = ? {1: &apos;FWEK1D&apos;, 2: &apos;Editha&apos;, 3: &apos;Kaweza&apos;, 4: FALSE}) - start
08:54:28,926 DEBUG org.dbunit.dataset.datatype.DataType:177 - asString(value=FieldWorker1) - start
08:54:28,926 DEBUG org.dbunit.dataset.datatype.StringDataType:59 - typeCast(value=FieldWorker1) - start
08:54:28,927 DEBUG org.dbunit.database.statement.SimplePreparedStatement:78 - addBatch() - start
08:54:28,927 DEBUG org.dbunit.database.statement.SimplePreparedStatement:90 - executeBatch() - start
08:54:28,928 DEBUG org.dbunit.database.statement.SimplePreparedStatement:99 - clearBatch() - start
08:54:28,928 DEBUG org.dbunit.database.statement.SimplePreparedStatement:99 - clearBatch() - start
08:54:28,929 DEBUG org.dbunit.operation.RefreshOperation$RowOperation:180 - execute(table=org.dbunit.dataset.DefaultTable[_metaData=tableName=fieldworker, columns=[(uuid, UNKNOWN, nullableUnknown), (extId, UNKNOWN, nullableUnknown), (firstname, UNKNOWN, nullableUnknown), (lastname, UNKNOWN, nullableUnknown), (deleted, UNKNOWN, nullableUnknown)], keys=[], _rowList.size()=1], row=1) - start
08:54:28,929 DEBUG org.dbunit.dataset.DefaultTable:192 - getValue(row=1, column=EXTID) - start
08:54:28,930 DEBUG org.dbunit.dataset.AbstractTable:41 - assertValidRowIndex(row=1) - start
08:54:28,930 DEBUG org.dbunit.dataset.AbstractTable:51 - assertValidRowIndex(row=1, rowCount=1) - start
08:54:28,931 DEBUG org.dbunit.operation.RefreshOperation$RowOperation:204 - close() - start
08:54:28,931 DEBUG org.dbunit.database.statement.AbstractPreparedBatchStatement:54 - close() - start
08:54:28,932 DEBUG org.dbunit.operation.RefreshOperation$RowOperation:204 - close() - start
08:54:28,932 DEBUG org.dbunit.dataset.DefaultTableIterator:76 - getTable() - start
08:54:28,933 DEBUG org.dbunit.operation.AbstractBatchOperation:64 - isEmpty(table=org.dbunit.dataset.DefaultTable[_metaData=tableName=individual, columns=[(uuid, UNKNOWN, nullableUnknown), (deleted, UNKNOWN, nullableUnknown), (insertDate, UNKNOWN, nullableUnknown), (voidReason, UNKNOWN, nullableUnknown), (status, UNKNOWN, nullableUnknown), (dob, UNKNOWN, nullableUnknown), (extId, UNKNOWN, nullableUnknown), (firstName, UNKNOWN, nullableUnknown), (gender, UNKNOWN, nullableUnknown), (lastName, UNKNOWN, nullableUnknown), (insertBy_uuid, UNKNOWN, nullableUnknown), (collectedBy_uuid, UNKNOWN, nullableUnknown)], keys=[], _rowList.size()=2]) - start
08:54:28,933 DEBUG org.dbunit.dataset.DefaultTable:192 - getValue(row=0, column=uuid) - start
08:54:28,933 DEBUG org.dbunit.dataset.AbstractTable:41 - assertValidRowIndex(row=0) - start
08:54:28,934 DEBUG org.dbunit.dataset.AbstractTable:51 - assertValidRowIndex(row=0, rowCount=2) - start
08:54:28,934 DEBUG org.dbunit.dataset.AbstractTable:75 - getColumnIndex(columnName=uuid) - start
08:54:28,935 DEBUG org.dbunit.dataset.AbstractTableMetaData:101 - getColumnIndex(columnName=uuid) - start
08:54:28,935 DEBUG org.dbunit.operation.AbstractOperation:75 - getOperationMetaData(connection=_databaseConfig=org.dbunit.database.DatabaseConfig[, _propertyMap={http://www.dbunit.org/properties/statementFactory=org.dbunit.database.statement.PreparedStatementFactory@eb5ea0, http://www.dbunit.org/features/caseSensitiveTableNames=false, http://www.dbunit.org/properties/fetchSize=100, http://www.dbunit.org/features/batchedStatements=false, http://www.dbunit.org/properties/metadataHandler=org.dbunit.database.DefaultMetadataHandler@60648, http://www.dbunit.org/properties/datatypeFactory=org.dbunit.dataset.datatype.DefaultDataTypeFactory[_toleratedDeltaMap=org.dbunit.dataset.datatype.ToleratedDeltaMap@133a07d], http://www.dbunit.org/properties/escapePattern=null, http://www.dbunit.org/properties/batchSize=100, http://www.dbunit.org/features/qualifiedTableNames=false, http://www.dbunit.org/properties/tableType=[Ljava.lang.String;@6d6f28, http://www.dbunit.org/properties/resultSetTableFactory=org.dbunit.database.CachedResultSetTableFactory@9cde9a, http://www.dbunit.org/features/datatypeWarning=true}], _dataSet=AbstractDataSet[_orderedTableNameMap=null], metaData=tableName=individual, columns=[(uuid, UNKNOWN, nullableUnknown), (deleted, UNKNOWN, nullableUnknown), (insertDate, UNKNOWN, nullableUnknown), (voidReason, UNKNOWN, nullableUnknown), (status, UNKNOWN, nullableUnknown), (dob, UNKNOWN, nullableUnknown), (extId, UNKNOWN, nullableUnknown), (firstName, UNKNOWN, nullableUnknown), (gender, UNKNOWN, nullableUnknown), (lastName, UNKNOWN, nullableUnknown), (insertBy_uuid, UNKNOWN, nullableUnknown), (collectedBy_uuid, UNKNOWN, nullableUnknown)], keys=[]) - start
08:54:28,936 DEBUG org.dbunit.database.AbstractDatabaseConnection:66 - createDataSet() - start
08:54:28,936 DEBUG org.dbunit.database.DatabaseDataSet:279 - getTableMetaData(tableName=individual) - start
08:54:28,937 DEBUG org.dbunit.database.DatabaseDataSet:173 - initialize() - start
08:54:28,939 DEBUG org.dbunit.dataset.OrderedTableNameMap:253 - getTableName(tableName=individual) - start
08:54:28,939 DEBUG org.dbunit.dataset.OrderedTableNameMap:264 - getTableName(tableName=individual) - end - result=INDIVIDUAL
08:54:28,940 DEBUG org.dbunit.dataset.OrderedTableNameMap:253 - getTableName(tableName=individual) - start
08:54:28,940 DEBUG org.dbunit.dataset.OrderedTableNameMap:264 - getTableName(tableName=individual) - end - result=INDIVIDUAL
08:54:28,941 DEBUG org.dbunit.database.DatabaseDataSourceConnection:113 - getConnection() - start
08:54:28,941 DEBUG org.dbunit.util.SQLHelper:657 - isEscaped returns &apos;false&apos; for tableName=individual (dbIdentifierQuoteString=&quot;)
08:54:28,942 DEBUG org.dbunit.util.SQLHelper:637 - class org.dbunit.database.DatabaseTableMetaData. Corrected table name: oldValue=individual newValue=INDIVIDUAL
08:54:28,942 DEBUG org.dbunit.database.DatabaseTableMetaData:139 - Validating if table &apos;INDIVIDUAL&apos; exists in schema &apos;null&apos; ...
08:54:28,943 DEBUG org.dbunit.util.SQLHelper:117 - close(resultSet=org.apache.commons.dbcp.DelegatingResultSet@1d85fd0) - start
08:54:28,944 DEBUG org.dbunit.dataset.OrderedTableNameMap:234 - getColumns() - start
08:54:28,944 DEBUG org.dbunit.dataset.OrderedTableNameMap:234 - getConnection() - start
08:54:28,946 DEBUG org.dbunit.dataset.OrderedTableNameMap:234 - getConnection() - start
08:54:28,946  WARN org.dbunit.dataset.OrderedTableNameMap:234 - Potential problem found: The configured data type factory &apos;class org.dbunit.dataset.datatype.DefaultDataTypeFactory&apos; might cause problems with the current database &apos;H2&apos; (e.g. some datatypes may not be supported properly). In rare cases you might see this message because the list of supported database products is incomplete (list=[derby]). If so please request a java-class update via the forums.If you are using your own IDataTypeFactory extending DefaultDataTypeFactory, ensure that you override getValidDbProducts() to specify the supported database products.
08:54:28,947 DEBUG org.dbunit.dataset.OrderedTableNameMap:234 - Comparing the following values using caseSensitive=false (searched&lt;=&gt;actual): catalog: null&lt;=&gt;OPENHDS schema: null&lt;=&gt;PUBLIC table: INDIVIDUAL&lt;=&gt;INDIVIDUAL column: null&lt;=&gt;UUID
08:54:28,947 DEBUG org.dbunit.dataset.OrderedTableNameMap:234 - createDataType(sqlType=12 , sqlTypeName=VARCHAR, tableName=INDIVIDUAL, columnName=UUID) - start
08:54:28,948 DEBUG org.dbunit.dataset.OrderedTableNameMap:234 - createDataType(sqlType=12, sqlTypeName=VARCHAR) - start
08:54:28,948 DEBUG org.dbunit.dataset.OrderedTableNameMap:234 - forSqlType(sqlType=12) - start
08:54:28,949 DEBUG org.dbunit.dataset.OrderedTableNameMap:234 - getSqlType() - start
08:54:28,949 DEBUG org.dbunit.dataset.OrderedTableNameMap:234 - nullableValue(nullable=0) - start
08:54:28,950 DEBUG org.dbunit.dataset.OrderedTableNameMap:234 - autoIncrementValue(isAutoIncrement=NO) - start
08:54:28,950 DEBUG org.dbunit.dataset.OrderedTableNameMap:234 - Comparing the following values using caseSensitive=false (searched&lt;=&gt;actual): catalog: null&lt;=&gt;OPENHDS schema: null&lt;=&gt;PUBLIC table: INDIVIDUAL&lt;=&gt;INDIVIDUAL column: null&lt;=&gt;DELETED
08:54:28,951 DEBUG org.dbunit.dataset.OrderedTableNameMap:234 - createDataType(sqlType=16 , sqlTypeName=BOOLEAN, tableName=INDIVIDUAL, columnName=DELETED) - start
08:54:28,951 DEBUG org.dbunit.dataset.OrderedTableNameMap:234 - createDataType(sqlType=16, sqlTypeName=BOOLEAN) - start
08:54:28,952 DEBUG org.dbunit.dataset.OrderedTableNameMap:234 - forSqlType(sqlType=16) - start
08:54:28,952 DEBUG org.dbunit.dataset.OrderedTableNameMap:234 - getSqlType() - start
08:54:28,953 DEBUG org.dbunit.dataset.OrderedTableNameMap:234 - getSqlType() - start
08:54:28,953 DEBUG org.dbunit.dataset.OrderedTableNameMap:234 - getSqlType() - start
08:54:28,953 DEBUG org.dbunit.dataset.OrderedTableNameMap:234 - getSqlType() - start
08:54:28,954 DEBUG org.dbunit.dataset.OrderedTableNameMap:234 - getSqlType() - start
08:54:28,954 DEBUG org.dbunit.dataset.OrderedTableNameMap:234 - getSqlType() - start
08:54:28,955 DEBUG org.dbunit.dataset.OrderedTableNameMap:234 - getSqlType() - start
08:54:28,955 DEBUG org.dbunit.dataset.OrderedTableNameMap:234 - getSqlType() - start
08:54:28,955 DEBUG org.dbunit.dataset.OrderedTableNameMap:234 - getSqlType() - start
08:54:28,956 DEBUG org.dbunit.dataset.OrderedTableNameMap:234 - getSqlType() - start
08:54:28,956 DEBUG org.dbunit.dataset.OrderedTableNameMap:234 - nullableValue(nullable=0) - start
08:54:28,957 DEBUG org.dbunit.dataset.OrderedTableNameMap:234 - autoIncrementValue(isAutoIncrement=NO) - start
08:54:28,957 DEBUG org.dbunit.dataset.OrderedTableNameMap:234 - Comparing the following values using caseSensitive=false (searched&lt;=&gt;actual): catalog: null&lt;=&gt;OPENHDS schema: null&lt;=&gt;PUBLIC table: INDIVIDUAL&lt;=&gt;INDIVIDUAL column: null&lt;=&gt;INSERTDATE
08:54:28,958 DEBUG org.dbunit.dataset.OrderedTableNameMap:234 - createDataType(sqlType=91 , sqlTypeName=DATE, tableName=INDIVIDUAL, columnName=INSERTDATE) - start
08:54:28,959 DEBUG org.dbunit.dataset.OrderedTableNameMap:234 - createDataType(sqlType=91, sqlTypeName=DATE) - start
08:54:28,959 DEBUG org.dbunit.dataset.OrderedTableNameMap:234 - forSqlType(sqlType=91) - start
08:54:28,959 DEBUG org.dbunit.dataset.OrderedTableNameMap:234 - getSqlType() - start
08:54:28,960 DEBUG org.dbunit.dataset.OrderedTableNameMap:234 - getSqlType() - start
08:54:28,960 DEBUG org.dbunit.dataset.OrderedTableNameMap:234 - getSqlType() - start
08:54:28,961 DEBUG org.dbunit.dataset.OrderedTableNameMap:234 - getSqlType() - start
08:54:28,961 DEBUG org.dbunit.dataset.OrderedTableNameMap:234 - getSqlType() - start
08:54:28,962 DEBUG org.dbunit.dataset.OrderedTableNameMap:234 - getSqlType() - start
08:54:28,962 DEBUG org.dbunit.dataset.OrderedTableNameMap:234 - getSqlType() - start
08:54:28,963 DEBUG org.dbunit.dataset.OrderedTableNameMap:234 - getSqlType() - start
08:54:28,963 DEBUG org.dbunit.dataset.OrderedTableNameMap:234 - getSqlType() - start
08:54:28,964 DEBUG org.dbunit.dataset.OrderedTableNameMap:234 - getSqlType() - start
08:54:28,964 DEBUG org.dbunit.dataset.OrderedTableNameMap:234 - getSqlType() - start
08:54:28,965 DEBUG org.dbunit.dataset.OrderedTableNameMap:234 - getSqlType() - start
08:54:28,965 DEBUG org.dbunit.dataset.OrderedTableNameMap:234 - getSqlType() - start
08:54:28,966 DEBUG org.dbunit.dataset.OrderedTableNameMap:234 - getSqlType() - start
08:54:28,966 DEBUG org.dbunit.dataset.OrderedTableNameMap:234 - getSqlType() - start
08:54:28,967 DEBUG org.dbunit.dataset.OrderedTableNameMap:234 - getSqlType() - start
08:54:28,967 DEBUG org.dbunit.dataset.OrderedTableNameMap:234 - getSqlType() - start
08:54:28,967 DEBUG org.dbunit.dataset.OrderedTableNameMap:234 - getSqlType() - start
08:54:28,968 DEBUG org.dbunit.dataset.OrderedTableNameMap:234 - getSqlType() - start
08:54:28,968 DEBUG org.dbunit.dataset.OrderedTableNameMap:234 - nullableValue(nullable=1) - start
08:54:28,969 DEBUG org.dbunit.dataset.OrderedTableNameMap:234 - autoIncrementValue(isAutoIncrement=NO) - start
08:54:28,969 DEBUG org.dbunit.dataset.OrderedTableNameMap:234 - Comparing the following values using caseSensitive=false (searched&lt;=&gt;actual): catalog: null&lt;=&gt;OPENHDS schema: null&lt;=&gt;PUBLIC table: INDIVIDUAL&lt;=&gt;INDIVIDUAL column: null&lt;=&gt;VOIDDATE
08:54:28,970 DEBUG org.dbunit.dataset.OrderedTableNameMap:234 - createDataType(sqlType=93 , sqlTypeName=TIMESTAMP, tableName=INDIVIDUAL, columnName=VOIDDATE) - start
08:54:28,970 DEBUG org.dbunit.dataset.OrderedTableNameMap:234 - createDataType(sqlType=93, sqlTypeName=TIMESTAMP) - start
08:54:28,971 DEBUG org.dbunit.dataset.OrderedTableNameMap:234 - forSqlType(sqlType=93) - start
08:54:28,971 DEBUG org.dbunit.dataset.OrderedTableNameMap:234 - getSqlType() - start
08:54:28,972 DEBUG org.dbunit.dataset.OrderedTableNameMap:234 - getSqlType() - start
08:54:28,972 DEBUG org.dbunit.dataset.OrderedTableNameMap:234 - getSqlType() - start
08:54:28,973 DEBUG org.dbunit.dataset.OrderedTableNameMap:234 - getSqlType() - start
08:54:28,973 DEBUG org.dbunit.dataset.OrderedTableNameMap:234 - getSqlType() - start
08:54:28,974 DEBUG org.dbunit.dataset.OrderedTableNameMap:234 - getSqlType() - start
08:54:28,974 DEBUG org.dbunit.dataset.OrderedTableNameMap:234 - getSqlType() - start
08:54:28,975 DEBUG org.dbunit.dataset.OrderedTableNameMap:234 - getSqlType() - start
08:54:28,975 DEBUG org.dbunit.dataset.OrderedTableNameMap:234 - getSqlType() - start
08:54:28,976 DEBUG org.dbunit.dataset.OrderedTableNameMap:234 - getSqlType() - start
08:54:28,976 DEBUG org.dbunit.dataset.OrderedTableNameMap:234 - getSqlType() - start
08:54:28,977 DEBUG org.dbunit.dataset.OrderedTableNameMap:234 - getSqlType() - start
08:54:28,977 DEBUG org.dbunit.dataset.OrderedTableNameMap:234 - getSqlType() - start
08:54:28,978 DEBUG org.dbunit.dataset.OrderedTableNameMap:234 - getSqlType() - start
08:54:28,978 DEBUG org.dbunit.dataset.OrderedTableNameMap:234 - getSqlType() - start
08:54:28,979 DEBUG org.dbunit.dataset.OrderedTableNameMap:234 - getSqlType() - start
08:54:28,979 DEBUG org.dbunit.dataset.OrderedTableNameMap:234 - getSqlType() - start
08:54:28,979 DEBUG org.dbunit.dataset.OrderedTableNameMap:234 - getSqlType() - start
08:54:28,980 DEBUG org.dbunit.dataset.OrderedTableNameMap:234 - getSqlType() - start
08:54:28,980 DEBUG org.dbunit.dataset.OrderedTableNameMap:234 - getSqlType() - start
08:54:28,981 DEBUG org.dbunit.dataset.OrderedTableNameMap:234 - getSqlType() - start
08:54:28,981 DEBUG org.dbunit.dataset.OrderedTableNameMap:234 - nullableValue(nullable=1) - start
08:54:28,982 DEBUG org.dbunit.dataset.OrderedTableNameMap:234 - autoIncrementValue(isAutoIncrement=NO) - start
08:54:28,983 DEBUG org.dbunit.dataset.OrderedTableNameMap:234 - Comparing the following values using caseSensitive=false (searched&lt;=&gt;actual): catalog: null&lt;=&gt;OPENHDS schema: null&lt;=&gt;PUBLIC table: INDIVIDUAL&lt;=&gt;INDIVIDUAL column: null&lt;=&gt;VOIDREASON
08:54:28,983 DEBUG org.dbunit.dataset.OrderedTableNameMap:234 - createDataType(sqlType=12 , sqlTypeName=VARCHAR, tableName=INDIVIDUAL, columnName=VOIDREASON) - start
08:54:28,984 DEBUG org.dbunit.dataset.OrderedTableNameMap:234 - createDataType(sqlType=12, sqlTypeName=VARCHAR) - start
08:54:28,984 DEBUG org.dbunit.dataset.OrderedTableNameMap:234 - forSqlType(sqlType=12) - start
08:54:28,985 DEBUG org.dbunit.dataset.OrderedTableNameMap:234 - getSqlType() - start
08:54:28,985 DEBUG org.dbunit.dataset.OrderedTableNameMap:234 - nullableValue(nullable=1) - start
08:54:28,986 DEBUG org.dbunit.dataset.OrderedTableNameMap:234 - autoIncrementValue(isAutoIncrement=NO) - start
08:54:28,986 DEBUG org.dbunit.dataset.OrderedTableNameMap:234 - Comparing the following values using caseSensitive=false (searched&lt;=&gt;actual): catalog: null&lt;=&gt;OPENHDS schema: null&lt;=&gt;PUBLIC table: INDIVIDUAL&lt;=&gt;INDIVIDUAL column: null&lt;=&gt;STATUS
08:54:28,987 DEBUG org.dbunit.dataset.OrderedTableNameMap:234 - createDataType(sqlType=12 , sqlTypeName=VARCHAR, tableName=INDIVIDUAL, columnName=STATUS) - start
08:54:28,987 DEBUG org.dbunit.dataset.OrderedTableNameMap:234 - createDataType(sqlType=12, sqlTypeName=VARCHAR) - start
08:54:28,988 DEBUG org.dbunit.dataset.OrderedTableNameMap:234 - forSqlType(sqlType=12) - start
08:54:28,988 DEBUG org.dbunit.dataset.OrderedTableNameMap:234 - getSqlType() - start
08:54:28,989 DEBUG org.dbunit.dataset.OrderedTableNameMap:234 - nullableValue(nullable=1) - start
08:54:28,989 DEBUG org.dbunit.dataset.OrderedTableNameMap:234 - autoIncrementValue(isAutoIncrement=NO) - start
08:54:28,990 DEBUG org.dbunit.dataset.OrderedTableNameMap:234 - Comparing the following values using caseSensitive=false (searched&lt;=&gt;actual): catalog: null&lt;=&gt;OPENHDS schema: null&lt;=&gt;PUBLIC table: INDIVIDUAL&lt;=&gt;INDIVIDUAL column: null&lt;=&gt;STATUSMESSAGE
08:54:28,990 DEBUG org.dbunit.dataset.OrderedTableNameMap:234 - createDataType(sqlType=12 , sqlTypeName=VARCHAR, tableName=INDIVIDUAL, columnName=STATUSMESSAGE) - start
08:54:28,991 DEBUG org.dbunit.dataset.OrderedTableNameMap:234 - createDataType(sqlType=12, sqlTypeName=VARCHAR) - start
08:54:28,991 DEBUG org.dbunit.dataset.OrderedTableNameMap:234 - forSqlType(sqlType=12) - start
08:54:28,992 DEBUG org.dbunit.dataset.OrderedTableNameMap:234 - getSqlType() - start
08:54:28,992 DEBUG org.dbunit.dataset.OrderedTableNameMap:234 - nullableValue(nullable=1) - start
08:54:28,993 DEBUG org.dbunit.dataset.OrderedTableNameMap:234 - autoIncrementValue(isAutoIncrement=NO) - start
08:54:28,993 DEBUG org.dbunit.dataset.OrderedTableNameMap:234 - Comparing the following values using caseSensitive=false (searched&lt;=&gt;actual): catalog: null&lt;=&gt;OPENHDS schema: null&lt;=&gt;PUBLIC table: INDIVIDUAL&lt;=&gt;INDIVIDUAL column: null&lt;=&gt;DOB
08:54:28,994 DEBUG org.dbunit.dataset.OrderedTableNameMap:234 - createDataType(sqlType=91 , sqlTypeName=DATE, tableName=INDIVIDUAL, columnName=DOB) - start
08:54:28,994 DEBUG org.dbunit.dataset.OrderedTableNameMap:234 - createDataType(sqlType=91, sqlTypeName=DATE) - start
08:54:28,995 DEBUG org.dbunit.dataset.OrderedTableNameMap:234 - forSqlType(sqlType=91) - start
08:54:28,995 DEBUG org.dbunit.dataset.OrderedTableNameMap:234 - getSqlType() - start
08:54:28,996 DEBUG org.dbunit.dataset.OrderedTableNameMap:234 - getSqlType() - start
08:54:28,996 DEBUG org.dbunit.dataset.OrderedTableNameMap:234 - getSqlType() - start
08:54:28,997 DEBUG org.dbunit.dataset.OrderedTableNameMap:234 - getSqlType() - start
08:54:28,997 DEBUG org.dbunit.dataset.OrderedTableNameMap:234 - getSqlType() - start
08:54:28,998 DEBUG org.dbunit.dataset.OrderedTableNameMap:234 - getSqlType() - start
08:54:28,998 DEBUG org.dbunit.dataset.OrderedTableNameMap:234 - getSqlType() - start
08:54:28,998 DEBUG org.dbunit.dataset.OrderedTableNameMap:234 - getSqlType() - start
08:54:28,999 DEBUG org.dbunit.dataset.OrderedTableNameMap:234 - getSqlType() - start
08:54:28,999 DEBUG org.dbunit.dataset.OrderedTableNameMap:234 - getSqlType() - start
08:54:29,000 DEBUG org.dbunit.dataset.OrderedTableNameMap:234 - getSqlType() - start
08:54:29,001 DEBUG org.dbunit.dataset.OrderedTableNameMap:234 - getSqlType() - start
08:54:29,001 DEBUG org.dbunit.dataset.OrderedTableNameMap:234 - getSqlType() - start
08:54:29,002 DEBUG org.dbunit.dataset.OrderedTableNameMap:234 - getSqlType() - start
08:54:29,002 DEBUG org.dbunit.dataset.OrderedTableNameMap:234 - getSqlType() - start
08:54:29,003 DEBUG org.dbunit.dataset.OrderedTableNameMap:234 - getSqlType() - start
08:54:29,003 DEBUG org.dbunit.dataset.OrderedTableNameMap:234 - getSqlType() - start
08:54:29,006 DEBUG org.dbunit.dataset.OrderedTableNameMap:234 - getSqlType() - start
08:54:29,006 DEBUG org.dbunit.dataset.OrderedTableNameMap:234 - getSqlType() - start
08:54:29,007 DEBUG org.dbunit.dataset.OrderedTableNameMap:234 - nullableValue(nullable=1) - start
08:54:29,008 DEBUG org.dbunit.dataset.OrderedTableNameMap:234 - autoIncrementValue(isAutoIncrement=NO) - start
08:54:29,009 DEBUG org.dbunit.dataset.OrderedTableNameMap:234 - Comparing the following values using caseSensitive=false (searched&lt;=&gt;actual): catalog: null&lt;=&gt;OPENHDS schema: null&lt;=&gt;PUBLIC table: INDIVIDUAL&lt;=&gt;INDIVIDUAL column: null&lt;=&gt;DOBASPECT
08:54:29,009 DEBUG org.dbunit.dataset.OrderedTableNameMap:234 - createDataType(sqlType=12 , sqlTypeName=VARCHAR, tableName=INDIVIDUAL, columnName=DOBASPECT) - start
08:54:29,010 DEBUG org.dbunit.dataset.OrderedTableNameMap:234 - createDataType(sqlType=12, sqlTypeName=VARCHAR) - start
08:54:29,010 DEBUG org.dbunit.dataset.OrderedTableNameMap:234 - forSqlType(sqlType=12) - start
08:54:29,010 DEBUG org.dbunit.dataset.OrderedTableNameMap:234 - getSqlType() - start
08:54:29,011 DEBUG org.dbunit.dataset.OrderedTableNameMap:234 - nullableValue(nullable=1) - start
08:54:29,011 DEBUG org.dbunit.dataset.OrderedTableNameMap:234 - autoIncrementValue(isAutoIncrement=NO) - start
08:54:29,012 DEBUG org.dbunit.dataset.OrderedTableNameMap:234 - Comparing the following values using caseSensitive=false (searched&lt;=&gt;actual): catalog: null&lt;=&gt;OPENHDS schema: null&lt;=&gt;PUBLIC table: INDIVIDUAL&lt;=&gt;INDIVIDUAL column: null&lt;=&gt;EXTID
08:54:29,012 DEBUG org.dbunit.dataset.OrderedTableNameMap:234 - createDataType(sqlType=12 , sqlTypeName=VARCHAR, tableName=INDIVIDUAL, columnName=EXTID) - start
08:54:29,012 DEBUG org.dbunit.dataset.OrderedTableNameMap:234 - createDataType(sqlType=12, sqlTypeName=VARCHAR) - start
08:54:29,013 DEBUG org.dbunit.dataset.OrderedTableNameMap:234 - forSqlType(sqlType=12) - start
08:54:29,013 DEBUG org.dbunit.dataset.OrderedTableNameMap:234 - getSqlType() - start
08:54:29,014 DEBUG org.dbunit.dataset.OrderedTableNameMap:234 - nullableValue(nullable=1) - start
08:54:29,014 DEBUG org.dbunit.dataset.OrderedTableNameMap:234 - autoIncrementValue(isAutoIncrement=NO) - start
08:54:29,014 DEBUG org.dbunit.dataset.OrderedTableNameMap:234 - Comparing the following values using caseSensitive=false (searched&lt;=&gt;actual): catalog: null&lt;=&gt;OPENHDS schema: null&lt;=&gt;PUBLIC table: INDIVIDUAL&lt;=&gt;INDIVIDUAL column: null&lt;=&gt;FIRSTNAME
08:54:29,015 DEBUG org.dbunit.dataset.OrderedTableNameMap:234 - createDataType(sqlType=12 , sqlTypeName=VARCHAR, tableName=INDIVIDUAL, columnName=FIRSTNAME) - start
08:54:29,015 DEBUG org.dbunit.dataset.OrderedTableNameMap:234 - createDataType(sqlType=12, sqlTypeName=VARCHAR) - start
08:54:29,016 DEBUG org.dbunit.dataset.OrderedTableNameMap:234 - forSqlType(sqlType=12) - start
08:54:29,016 DEBUG org.dbunit.dataset.OrderedTableNameMap:234 - getSqlType() - start
08:54:29,017 DEBUG org.dbunit.dataset.OrderedTableNameMap:234 - nullableValue(nullable=1) - start
08:54:29,017 DEBUG org.dbunit.dataset.OrderedTableNameMap:234 - autoIncrementValue(isAutoIncrement=NO) - start
08:54:29,017 DEBUG org.dbunit.dataset.OrderedTableNameMap:234 - Comparing the following values using caseSensitive=false (searched&lt;=&gt;actual): catalog: null&lt;=&gt;OPENHDS schema: null&lt;=&gt;PUBLIC table: INDIVIDUAL&lt;=&gt;INDIVIDUAL column: null&lt;=&gt;GENDER
08:54:29,024 DEBUG org.dbunit.dataset.OrderedTableNameMap:234 - createDataType(sqlType=12 , sqlTypeName=VARCHAR, tableName=INDIVIDUAL, columnName=GENDER) - start
08:54:29,024 DEBUG org.dbunit.dataset.OrderedTableNameMap:234 - createDataType(sqlType=12, sqlTypeName=VARCHAR) - start
08:54:29,025 DEBUG org.dbunit.dataset.OrderedTableNameMap:234 - forSqlType(sqlType=12) - start
08:54:29,026 DEBUG org.dbunit.dataset.OrderedTableNameMap:234 - getSqlType() - start
08:54:29,026 DEBUG org.dbunit.dataset.OrderedTableNameMap:234 - nullableValue(nullable=1) - start
08:54:29,027 DEBUG org.dbunit.dataset.OrderedTableNameMap:234 - autoIncrementValue(isAutoIncrement=NO) - start
08:54:29,027 DEBUG org.dbunit.dataset.OrderedTableNameMap:234 - Comparing the following values using caseSensitive=false (searched&lt;=&gt;actual): catalog: null&lt;=&gt;OPENHDS schema: null&lt;=&gt;PUBLIC table: INDIVIDUAL&lt;=&gt;INDIVIDUAL column: null&lt;=&gt;LASTNAME
08:54:29,028 DEBUG org.dbunit.dataset.OrderedTableNameMap:234 - createDataType(sqlType=12 , sqlTypeName=VARCHAR, tableName=INDIVIDUAL, columnName=LASTNAME) - start
08:54:29,028 DEBUG org.dbunit.dataset.OrderedTableNameMap:234 - createDataType(sqlType=12, sqlTypeName=VARCHAR) - start
08:54:29,029 DEBUG org.dbunit.dataset.OrderedTableNameMap:234 - forSqlType(sqlType=12) - start
08:54:29,029 DEBUG org.dbunit.dataset.OrderedTableNameMap:234 - getSqlType() - start
08:54:29,030 DEBUG org.dbunit.dataset.OrderedTableNameMap:234 - nullableValue(nullable=1) - start
08:54:29,030 DEBUG org.dbunit.dataset.OrderedTableNameMap:234 - autoIncrementValue(isAutoIncrement=NO) - start
08:54:29,030 DEBUG org.dbunit.dataset.OrderedTableNameMap:234 - Comparing the following values using caseSensitive=false (searched&lt;=&gt;actual): catalog: null&lt;=&gt;OPENHDS schema: null&lt;=&gt;PUBLIC table: INDIVIDUAL&lt;=&gt;INDIVIDUAL column: null&lt;=&gt;MIDDLENAME
08:54:29,031 DEBUG org.dbunit.dataset.OrderedTableNameMap:234 - createDataType(sqlType=12 , sqlTypeName=VARCHAR, tableName=INDIVIDUAL, columnName=MIDDLENAME) - start
08:54:29,031 DEBUG org.dbunit.dataset.OrderedTableNameMap:234 - createDataType(sqlType=12, sqlTypeName=VARCHAR) - start
08:54:29,032 DEBUG org.dbunit.dataset.OrderedTableNameMap:234 - forSqlType(sqlType=12) - start
08:54:29,032 DEBUG org.dbunit.dataset.OrderedTableNameMap:234 - getSqlType() - start
08:54:29,033 DEBUG org.dbunit.dataset.OrderedTableNameMap:234 - nullableValue(nullable=1) - start
08:54:29,033 DEBUG org.dbunit.dataset.OrderedTableNameMap:234 - autoIncrementValue(isAutoIncrement=NO) - start
08:54:29,034 DEBUG org.dbunit.dataset.OrderedTableNameMap:234 - Comparing the following values using caseSensitive=false (searched&lt;=&gt;actual): catalog: null&lt;=&gt;OPENHDS schema: null&lt;=&gt;PUBLIC table: INDIVIDUAL&lt;=&gt;INDIVIDUAL column: null&lt;=&gt;INSERTBY_UUID
08:54:29,034 DEBUG org.dbunit.dataset.OrderedTableNameMap:234 - createDataType(sqlType=12 , sqlTypeName=VARCHAR, tableName=INDIVIDUAL, columnName=INSERTBY_UUID) - start
08:54:29,035 DEBUG org.dbunit.dataset.OrderedTableNameMap:234 - createDataType(sqlType=12, sqlTypeName=VARCHAR) - start
08:54:29,036 DEBUG org.dbunit.dataset.OrderedTableNameMap:234 - forSqlType(sqlType=12) - start
08:54:29,036 DEBUG org.dbunit.dataset.OrderedTableNameMap:234 - getSqlType() - start
08:54:29,037 DEBUG org.dbunit.dataset.OrderedTableNameMap:234 - nullableValue(nullable=1) - start
08:54:29,038 DEBUG org.dbunit.dataset.OrderedTableNameMap:234 - autoIncrementValue(isAutoIncrement=NO) - start
08:54:29,039 DEBUG org.dbunit.dataset.OrderedTableNameMap:234 - Comparing the following values using caseSensitive=false (searched&lt;=&gt;actual): catalog: null&lt;=&gt;OPENHDS schema: null&lt;=&gt;PUBLIC table: INDIVIDUAL&lt;=&gt;INDIVIDUAL column: null&lt;=&gt;VOIDBY_UUID
08:54:29,039 DEBUG org.dbunit.dataset.OrderedTableNameMap:234 - createDataType(sqlType=12 , sqlTypeName=VARCHAR, tableName=INDIVIDUAL, columnName=VOIDBY_UUID) - start
08:54:29,040 DEBUG org.dbunit.dataset.OrderedTableNameMap:234 - createDataType(sqlType=12, sqlTypeName=VARCHAR) - start
08:54:29,040 DEBUG org.dbunit.dataset.OrderedTableNameMap:234 - forSqlType(sqlType=12) - start
08:54:29,041 DEBUG org.dbunit.dataset.OrderedTableNameMap:234 - getSqlType() - start
08:54:29,042 DEBUG org.dbunit.dataset.OrderedTableNameMap:234 - nullableValue(nullable=1) - start
08:54:29,042 DEBUG org.dbunit.dataset.OrderedTableNameMap:234 - autoIncrementValue(isAutoIncrement=NO) - start
08:54:29,043 DEBUG org.dbunit.dataset.OrderedTableNameMap:234 - Comparing the following values using caseSensitive=false (searched&lt;=&gt;actual): catalog: null&lt;=&gt;OPENHDS schema: null&lt;=&gt;PUBLIC table: INDIVIDUAL&lt;=&gt;INDIVIDUAL column: null&lt;=&gt;COLLECTEDBY_UUID
08:54:29,043 DEBUG org.dbunit.dataset.OrderedTableNameMap:234 - createDataType(sqlType=12 , sqlTypeName=VARCHAR, tableName=INDIVIDUAL, columnName=COLLECTEDBY_UUID) - start
08:54:29,044 DEBUG org.dbunit.dataset.OrderedTableNameMap:234 - createDataType(sqlType=12, sqlTypeName=VARCHAR) - start
08:54:29,045 DEBUG org.dbunit.dataset.OrderedTableNameMap:234 - forSqlType(sqlType=12) - start
08:54:29,046 DEBUG org.dbunit.dataset.OrderedTableNameMap:234 - getSqlType() - start
08:54:29,046 DEBUG org.dbunit.dataset.OrderedTableNameMap:234 - nullableValue(nullable=0) - start
08:54:29,047 DEBUG org.dbunit.dataset.OrderedTableNameMap:234 - autoIncrementValue(isAutoIncrement=NO) - start
08:54:29,047 DEBUG org.dbunit.dataset.OrderedTableNameMap:234 - Comparing the following values using caseSensitive=false (searched&lt;=&gt;actual): catalog: null&lt;=&gt;OPENHDS schema: null&lt;=&gt;PUBLIC table: INDIVIDUAL&lt;=&gt;INDIVIDUAL column: null&lt;=&gt;FATHER_UUID
08:54:29,048 DEBUG org.dbunit.dataset.OrderedTableNameMap:234 - createDataType(sqlType=12 , sqlTypeName=VARCHAR, tableName=INDIVIDUAL, columnName=FATHER_UUID) - start
08:54:29,048 DEBUG org.dbunit.dataset.OrderedTableNameMap:234 - createDataType(sqlType=12, sqlTypeName=VARCHAR) - start
08:54:29,049 DEBUG org.dbunit.dataset.OrderedTableNameMap:234 - forSqlType(sqlType=12) - start
08:54:29,049 DEBUG org.dbunit.dataset.OrderedTableNameMap:234 - getSqlType() - start
08:54:29,050 DEBUG org.dbunit.dataset.OrderedTableNameMap:234 - nullableValue(nullable=1) - start
08:54:29,050 DEBUG org.dbunit.dataset.OrderedTableNameMap:234 - autoIncrementValue(isAutoIncrement=NO) - start
08:54:29,051 DEBUG org.dbunit.dataset.OrderedTableNameMap:234 - Comparing the following values using caseSensitive=false (searched&lt;=&gt;actual): catalog: null&lt;=&gt;OPENHDS schema: null&lt;=&gt;PUBLIC table: INDIVIDUAL&lt;=&gt;INDIVIDUAL column: null&lt;=&gt;MOTHER_UUID
08:54:29,052 DEBUG org.dbunit.dataset.OrderedTableNameMap:234 - createDataType(sqlType=12 , sqlTypeName=VARCHAR, tableName=INDIVIDUAL, columnName=MOTHER_UUID) - start
08:54:29,052 DEBUG org.dbunit.dataset.OrderedTableNameMap:234 - createDataType(sqlType=12, sqlTypeName=VARCHAR) - start
08:54:29,053 DEBUG org.dbunit.dataset.OrderedTableNameMap:234 - forSqlType(sqlType=12) - start
08:54:29,053 DEBUG org.dbunit.dataset.OrderedTableNameMap:234 - getSqlType() - start
08:54:29,054 DEBUG org.dbunit.dataset.OrderedTableNameMap:234 - nullableValue(nullable=1) - start
08:54:29,055 DEBUG org.dbunit.dataset.OrderedTableNameMap:234 - autoIncrementValue(isAutoIncrement=NO) - start
08:54:29,055 DEBUG org.dbunit.dataset.OrderedTableNameMap:234 - getPrimaryKeys() - start
08:54:29,056 DEBUG org.dbunit.dataset.OrderedTableNameMap:234 - getPrimaryKeyNames() - start
08:54:29,056 DEBUG org.dbunit.dataset.OrderedTableNameMap:234 - getConnection() - start
08:54:29,058 DEBUG org.dbunit.dataset.OrderedTableNameMap:234 - getName() - start
08:54:29,059 DEBUG org.dbunit.dataset.OrderedTableNameMap:234 - getColumns() - start
08:54:29,060 DEBUG org.dbunit.dataset.OrderedTableNameMap:234 - getColumns(columnNames=[UUID], columns=[(UUID, VARCHAR, noNulls), (DELETED, BOOLEAN, noNulls), (INSERTDATE, DATE, nullable), (VOIDDATE, TIMESTAMP, nullable), (VOIDREASON, VARCHAR, nullable), (STATUS, VARCHAR, nullable), (STATUSMESSAGE, VARCHAR, nullable), (DOB, DATE, nullable), (DOBASPECT, VARCHAR, nullable), (EXTID, VARCHAR, nullable), (FIRSTNAME, VARCHAR, nullable), (GENDER, VARCHAR, nullable), (LASTNAME, VARCHAR, nullable), (MIDDLENAME, VARCHAR, nullable), (INSERTBY_UUID, VARCHAR, nullable), (VOIDBY_UUID, VARCHAR, nullable), (COLLECTEDBY_UUID, VARCHAR, noNulls), (FATHER_UUID, VARCHAR, nullable), (MOTHER_UUID, VARCHAR, nullable)]) - start
08:54:29,061 DEBUG org.dbunit.dataset.OrderedTableNameMap:234 - getColumn(columnName=UUID, columns=[(UUID, VARCHAR, noNulls), (DELETED, BOOLEAN, noNulls), (INSERTDATE, DATE, nullable), (VOIDDATE, TIMESTAMP, nullable), (VOIDREASON, VARCHAR, nullable), (STATUS, VARCHAR, nullable), (STATUSMESSAGE, VARCHAR, nullable), (DOB, DATE, nullable), (DOBASPECT, VARCHAR, nullable), (EXTID, VARCHAR, nullable), (FIRSTNAME, VARCHAR, nullable), (GENDER, VARCHAR, nullable), (LASTNAME, VARCHAR, nullable), (MIDDLENAME, VARCHAR, nullable), (INSERTBY_UUID, VARCHAR, nullable), (VOIDBY_UUID, VARCHAR, nullable), (COLLECTEDBY_UUID, VARCHAR, noNulls), (FATHER_UUID, VARCHAR, nullable), (MOTHER_UUID, VARCHAR, nullable)]) - start
08:54:29,061 DEBUG org.dbunit.dataset.OrderedTableNameMap:234 - update(tableName=individual, object=table=INDIVIDUAL, cols=[(UUID, VARCHAR, noNulls), (DELETED, BOOLEAN, noNulls), (INSERTDATE, DATE, nullable), (VOIDDATE, TIMESTAMP, nullable), (VOIDREASON, VARCHAR, nullable), (STATUS, VARCHAR, nullable), (STATUSMESSAGE, VARCHAR, nullable), (DOB, DATE, nullable), (DOBASPECT, VARCHAR, nullable), (EXTID, VARCHAR, nullable), (FIRSTNAME, VARCHAR, nullable), (GENDER, VARCHAR, nullable), (LASTNAME, VARCHAR, nullable), (MIDDLENAME, VARCHAR, nullable), (INSERTBY_UUID, VARCHAR, nullable), (VOIDBY_UUID, VARCHAR, nullable), (COLLECTEDBY_UUID, VARCHAR, noNulls), (FATHER_UUID, VARCHAR, nullable), (MOTHER_UUID, VARCHAR, nullable)], pk=[(UUID, VARCHAR, noNulls)]) - start
08:54:29,062 DEBUG org.dbunit.dataset.OrderedTableNameMap:253 - getTableName(tableName=individual) - start
08:54:29,064 DEBUG org.dbunit.dataset.OrderedTableNameMap:264 - getTableName(tableName=individual) - end - result=INDIVIDUAL
08:54:29,065 DEBUG org.dbunit.dataset.OrderedTableNameMap:253 - getTableName(tableName=individual) - start
08:54:29,065 DEBUG org.dbunit.dataset.OrderedTableNameMap:264 - getTableName(tableName=individual) - end - result=INDIVIDUAL
08:54:29,066 DEBUG org.dbunit.dataset.AbstractTableMetaData:101 - getColumnIndex(columnName=uuid) - start
08:54:29,066 DEBUG org.dbunit.database.DatabaseTableMetaData:301 - getColumns() - start
08:54:29,067 DEBUG org.dbunit.database.DatabaseTableMetaData:301 - getColumns() - start
08:54:29,068 DEBUG org.dbunit.dataset.AbstractTableMetaData:101 - getColumnIndex(columnName=deleted) - start
08:54:29,068 DEBUG org.dbunit.database.DatabaseTableMetaData:301 - getColumns() - start
08:54:29,069 DEBUG org.dbunit.dataset.AbstractTableMetaData:101 - getColumnIndex(columnName=insertDate) - start
08:54:29,069 DEBUG org.dbunit.database.DatabaseTableMetaData:301 - getColumns() - start
08:54:29,070 DEBUG org.dbunit.dataset.AbstractTableMetaData:101 - getColumnIndex(columnName=voidReason) - start
08:54:29,070 DEBUG org.dbunit.database.DatabaseTableMetaData:301 - getColumns() - start
08:54:29,071 DEBUG org.dbunit.dataset.AbstractTableMetaData:101 - getColumnIndex(columnName=status) - start
08:54:29,073 DEBUG org.dbunit.database.DatabaseTableMetaData:301 - getColumns() - start
08:54:29,073 DEBUG org.dbunit.dataset.AbstractTableMetaData:101 - getColumnIndex(columnName=dob) - start
08:54:29,074 DEBUG org.dbunit.database.DatabaseTableMetaData:301 - getColumns() - start
08:54:29,075 DEBUG org.dbunit.dataset.AbstractTableMetaData:101 - getColumnIndex(columnName=extId) - start
08:54:29,075 DEBUG org.dbunit.database.DatabaseTableMetaData:301 - getColumns() - start
08:54:29,076 DEBUG org.dbunit.dataset.AbstractTableMetaData:101 - getColumnIndex(columnName=firstName) - start
08:54:29,077 DEBUG org.dbunit.database.DatabaseTableMetaData:301 - getColumns() - start
08:54:29,077 DEBUG org.dbunit.dataset.AbstractTableMetaData:101 - getColumnIndex(columnName=gender) - start
08:54:29,078 DEBUG org.dbunit.database.DatabaseTableMetaData:301 - getColumns() - start
08:54:29,078 DEBUG org.dbunit.dataset.AbstractTableMetaData:101 - getColumnIndex(columnName=lastName) - start
08:54:29,079 DEBUG org.dbunit.database.DatabaseTableMetaData:301 - getColumns() - start
08:54:29,079 DEBUG org.dbunit.dataset.AbstractTableMetaData:101 - getColumnIndex(columnName=insertBy_uuid) - start
08:54:29,080 DEBUG org.dbunit.database.DatabaseTableMetaData:301 - getColumns() - start
08:54:29,081 DEBUG org.dbunit.dataset.AbstractTableMetaData:101 - getColumnIndex(columnName=collectedBy_uuid) - start
08:54:29,081 DEBUG org.dbunit.database.DatabaseTableMetaData:301 - getColumns() - start
08:54:29,082 DEBUG org.dbunit.database.DatabaseTableMetaData:374 - getPrimaryKeys() - start
08:54:29,083 DEBUG org.dbunit.operation.RefreshOperation:146 - createUpdateOperation(connection=_databaseConfig=org.dbunit.database.DatabaseConfig[, _propertyMap={http://www.dbunit.org/properties/statementFactory=org.dbunit.database.statement.PreparedStatementFactory@eb5ea0, http://www.dbunit.org/features/caseSensitiveTableNames=false, http://www.dbunit.org/properties/fetchSize=100, http://www.dbunit.org/features/batchedStatements=false, http://www.dbunit.org/properties/metadataHandler=org.dbunit.database.DefaultMetadataHandler@60648, http://www.dbunit.org/properties/datatypeFactory=org.dbunit.dataset.datatype.DefaultDataTypeFactory[_toleratedDeltaMap=org.dbunit.dataset.datatype.ToleratedDeltaMap@133a07d], http://www.dbunit.org/properties/escapePattern=null, http://www.dbunit.org/properties/batchSize=100, http://www.dbunit.org/features/qualifiedTableNames=false, http://www.dbunit.org/properties/tableType=[Ljava.lang.String;@6d6f28, http://www.dbunit.org/properties/resultSetTableFactory=org.dbunit.database.CachedResultSetTableFactory@9cde9a, http://www.dbunit.org/features/datatypeWarning=true}], _dataSet=AbstractDataSet[_orderedTableNameMap=null], metaData=tableName=INDIVIDUAL, columns=[(UUID, VARCHAR, noNulls), (DELETED, BOOLEAN, noNulls), (INSERTDATE, DATE, nullable), (VOIDREASON, VARCHAR, nullable), (STATUS, VARCHAR, nullable), (DOB, DATE, nullable), (EXTID, VARCHAR, nullable), (FIRSTNAME, VARCHAR, nullable), (GENDER, VARCHAR, nullable), (LASTNAME, VARCHAR, nullable), (INSERTBY_UUID, VARCHAR, nullable), (COLLECTEDBY_UUID, VARCHAR, noNulls)], keys=[(UUID, VARCHAR, noNulls)]) - start
08:54:29,083 DEBUG org.dbunit.operation.UpdateOperation:63 - getOperationData(metaData=tableName=INDIVIDUAL, columns=[(UUID, VARCHAR, noNulls), (DELETED, BOOLEAN, noNulls), (INSERTDATE, DATE, nullable), (VOIDREASON, VARCHAR, nullable), (STATUS, VARCHAR, nullable), (DOB, DATE, nullable), (EXTID, VARCHAR, nullable), (FIRSTNAME, VARCHAR, nullable), (GENDER, VARCHAR, nullable), (LASTNAME, VARCHAR, nullable), (INSERTBY_UUID, VARCHAR, nullable), (COLLECTEDBY_UUID, VARCHAR, noNulls)], keys=[(UUID, VARCHAR, noNulls)], ignoreMapping=null, connection=_databaseConfig=org.dbunit.database.DatabaseConfig[, _propertyMap={http://www.dbunit.org/properties/statementFactory=org.dbunit.database.statement.PreparedStatementFactory@eb5ea0, http://www.dbunit.org/features/caseSensitiveTableNames=false, http://www.dbunit.org/properties/fetchSize=100, http://www.dbunit.org/features/batchedStatements=false, http://www.dbunit.org/properties/metadataHandler=org.dbunit.database.DefaultMetadataHandler@60648, http://www.dbunit.org/properties/datatypeFactory=org.dbunit.dataset.datatype.DefaultDataTypeFactory[_toleratedDeltaMap=org.dbunit.dataset.datatype.ToleratedDeltaMap@133a07d], http://www.dbunit.org/properties/escapePattern=null, http://www.dbunit.org/properties/batchSize=100, http://www.dbunit.org/features/qualifiedTableNames=false, http://www.dbunit.org/properties/tableType=[Ljava.lang.String;@6d6f28, http://www.dbunit.org/properties/resultSetTableFactory=org.dbunit.database.CachedResultSetTableFactory@9cde9a, http://www.dbunit.org/features/datatypeWarning=true}], _dataSet=AbstractDataSet[_orderedTableNameMap=null]) - start
08:54:29,084 DEBUG org.dbunit.operation.AbstractOperation:55 - getQualifiedName(prefix=null, name=INDIVIDUAL, connection=_databaseConfig=org.dbunit.database.DatabaseConfig[, _propertyMap={http://www.dbunit.org/properties/statementFactory=org.dbunit.database.statement.PreparedStatementFactory@eb5ea0, http://www.dbunit.org/features/caseSensitiveTableNames=false, http://www.dbunit.org/properties/fetchSize=100, http://www.dbunit.org/features/batchedStatements=false, http://www.dbunit.org/properties/metadataHandler=org.dbunit.database.DefaultMetadataHandler@60648, http://www.dbunit.org/properties/datatypeFactory=org.dbunit.dataset.datatype.DefaultDataTypeFactory[_toleratedDeltaMap=org.dbunit.dataset.datatype.ToleratedDeltaMap@133a07d], http://www.dbunit.org/properties/escapePattern=null, http://www.dbunit.org/properties/batchSize=100, http://www.dbunit.org/features/qualifiedTableNames=false, http://www.dbunit.org/properties/tableType=[Ljava.lang.String;@6d6f28, http://www.dbunit.org/properties/resultSetTableFactory=org.dbunit.database.CachedResultSetTableFactory@9cde9a, http://www.dbunit.org/features/datatypeWarning=true}], _dataSet=AbstractDataSet[_orderedTableNameMap=null]) - start
08:54:29,085 DEBUG org.dbunit.util.QualifiedTableName:126 - getQualifiedName() - start
08:54:29,086 DEBUG org.dbunit.util.QualifiedTableName:190 - getQualifiedName(prefix=null, name=INDIVIDUAL, escapePattern=null) - start
08:54:29,086 DEBUG org.dbunit.dataset.Columns:154 - getColumn(columnName=UUID, columns=[(UUID, VARCHAR, noNulls)]) - start
08:54:29,087 DEBUG org.dbunit.dataset.Columns:154 - getColumn(columnName=DELETED, columns=[(UUID, VARCHAR, noNulls)]) - start
08:54:29,088 DEBUG org.dbunit.operation.AbstractOperation:55 - getQualifiedName(prefix=null, name=DELETED, connection=_databaseConfig=org.dbunit.database.DatabaseConfig[, _propertyMap={http://www.dbunit.org/properties/statementFactory=org.dbunit.database.statement.PreparedStatementFactory@eb5ea0, http://www.dbunit.org/features/caseSensitiveTableNames=false, http://www.dbunit.org/properties/fetchSize=100, http://www.dbunit.org/features/batchedStatements=false, http://www.dbunit.org/properties/metadataHandler=org.dbunit.database.DefaultMetadataHandler@60648, http://www.dbunit.org/properties/datatypeFactory=org.dbunit.dataset.datatype.DefaultDataTypeFactory[_toleratedDeltaMap=org.dbunit.dataset.datatype.ToleratedDeltaMap@133a07d], http://www.dbunit.org/properties/escapePattern=null, http://www.dbunit.org/properties/batchSize=100, http://www.dbunit.org/features/qualifiedTableNames=false, http://www.dbunit.org/properties/tableType=[Ljava.lang.String;@6d6f28, http://www.dbunit.org/properties/resultSetTableFactory=org.dbunit.database.CachedResultSetTableFactory@9cde9a, http://www.dbunit.org/features/datatypeWarning=true}], _dataSet=AbstractDataSet[_orderedTableNameMap=null]) - start
08:54:29,088 DEBUG org.dbunit.util.QualifiedTableName:126 - getQualifiedName() - start
08:54:29,089 DEBUG org.dbunit.util.QualifiedTableName:190 - getQualifiedName(prefix=null, name=DELETED, escapePattern=null) - start
08:54:29,090 DEBUG org.dbunit.dataset.Columns:154 - getColumn(columnName=INSERTDATE, columns=[(UUID, VARCHAR, noNulls)]) - start
08:54:29,090 DEBUG org.dbunit.operation.AbstractOperation:55 - getQualifiedName(prefix=null, name=INSERTDATE, connection=_databaseConfig=org.dbunit.database.DatabaseConfig[, _propertyMap={http://www.dbunit.org/properties/statementFactory=org.dbunit.database.statement.PreparedStatementFactory@eb5ea0, http://www.dbunit.org/features/caseSensitiveTableNames=false, http://www.dbunit.org/properties/fetchSize=100, http://www.dbunit.org/features/batchedStatements=false, http://www.dbunit.org/properties/metadataHandler=org.dbunit.database.DefaultMetadataHandler@60648, http://www.dbunit.org/properties/datatypeFactory=org.dbunit.dataset.datatype.DefaultDataTypeFactory[_toleratedDeltaMap=org.dbunit.dataset.datatype.ToleratedDeltaMap@133a07d], http://www.dbunit.org/properties/escapePattern=null, http://www.dbunit.org/properties/batchSize=100, http://www.dbunit.org/features/qualifiedTableNames=false, http://www.dbunit.org/properties/tableType=[Ljava.lang.String;@6d6f28, http://www.dbunit.org/properties/resultSetTableFactory=org.dbunit.database.CachedResultSetTableFactory@9cde9a, http://www.dbunit.org/features/datatypeWarning=true}], _dataSet=AbstractDataSet[_orderedTableNameMap=null]) - start
08:54:29,090 DEBUG org.dbunit.util.QualifiedTableName:126 - getQualifiedName() - start
08:54:29,091 DEBUG org.dbunit.util.QualifiedTableName:190 - getQualifiedName(prefix=null, name=INSERTDATE, escapePattern=null) - start
08:54:29,094 DEBUG org.dbunit.dataset.Columns:154 - getColumn(columnName=VOIDREASON, columns=[(UUID, VARCHAR, noNulls)]) - start
08:54:29,094 DEBUG org.dbunit.operation.AbstractOperation:55 - getQualifiedName(prefix=null, name=VOIDREASON, connection=_databaseConfig=org.dbunit.database.DatabaseConfig[, _propertyMap={http://www.dbunit.org/properties/statementFactory=org.dbunit.database.statement.PreparedStatementFactory@eb5ea0, http://www.dbunit.org/features/caseSensitiveTableNames=false, http://www.dbunit.org/properties/fetchSize=100, http://www.dbunit.org/features/batchedStatements=false, http://www.dbunit.org/properties/metadataHandler=org.dbunit.database.DefaultMetadataHandler@60648, http://www.dbunit.org/properties/datatypeFactory=org.dbunit.dataset.datatype.DefaultDataTypeFactory[_toleratedDeltaMap=org.dbunit.dataset.datatype.ToleratedDeltaMap@133a07d], http://www.dbunit.org/properties/escapePattern=null, http://www.dbunit.org/properties/batchSize=100, http://www.dbunit.org/features/qualifiedTableNames=false, http://www.dbunit.org/properties/tableType=[Ljava.lang.String;@6d6f28, http://www.dbunit.org/properties/resultSetTableFactory=org.dbunit.database.CachedResultSetTableFactory@9cde9a, http://www.dbunit.org/features/datatypeWarning=true}], _dataSet=AbstractDataSet[_orderedTableNameMap=null]) - start
08:54:29,095 DEBUG org.dbunit.util.QualifiedTableName:126 - getQualifiedName() - start
08:54:29,095 DEBUG org.dbunit.util.QualifiedTableName:190 - getQualifiedName(prefix=null, name=VOIDREASON, escapePattern=null) - start
08:54:29,096 DEBUG org.dbunit.dataset.Columns:154 - getColumn(columnName=STATUS, columns=[(UUID, VARCHAR, noNulls)]) - start
08:54:29,097 DEBUG org.dbunit.operation.AbstractOperation:55 - getQualifiedName(prefix=null, name=STATUS, connection=_databaseConfig=org.dbunit.database.DatabaseConfig[, _propertyMap={http://www.dbunit.org/properties/statementFactory=org.dbunit.database.statement.PreparedStatementFactory@eb5ea0, http://www.dbunit.org/features/caseSensitiveTableNames=false, http://www.dbunit.org/properties/fetchSize=100, http://www.dbunit.org/features/batchedStatements=false, http://www.dbunit.org/properties/metadataHandler=org.dbunit.database.DefaultMetadataHandler@60648, http://www.dbunit.org/properties/datatypeFactory=org.dbunit.dataset.datatype.DefaultDataTypeFactory[_toleratedDeltaMap=org.dbunit.dataset.datatype.ToleratedDeltaMap@133a07d], http://www.dbunit.org/properties/escapePattern=null, http://www.dbunit.org/properties/batchSize=100, http://www.dbunit.org/features/qualifiedTableNames=false, http://www.dbunit.org/properties/tableType=[Ljava.lang.String;@6d6f28, http://www.dbunit.org/properties/resultSetTableFactory=org.dbunit.database.CachedResultSetTableFactory@9cde9a, http://www.dbunit.org/features/datatypeWarning=true}], _dataSet=AbstractDataSet[_orderedTableNameMap=null]) - start
08:54:29,097 DEBUG org.dbunit.util.QualifiedTableName:126 - getQualifiedName() - start
08:54:29,098 DEBUG org.dbunit.util.QualifiedTableName:190 - getQualifiedName(prefix=null, name=STATUS, escapePattern=null) - start
08:54:29,099 DEBUG org.dbunit.dataset.Columns:154 - getColumn(columnName=DOB, columns=[(UUID, VARCHAR, noNulls)]) - start
08:54:29,099 DEBUG org.dbunit.operation.AbstractOperation:55 - getQualifiedName(prefix=null, name=DOB, connection=_databaseConfig=org.dbunit.database.DatabaseConfig[, _propertyMap={http://www.dbunit.org/properties/statementFactory=org.dbunit.database.statement.PreparedStatementFactory@eb5ea0, http://www.dbunit.org/features/caseSensitiveTableNames=false, http://www.dbunit.org/properties/fetchSize=100, http://www.dbunit.org/features/batchedStatements=false, http://www.dbunit.org/properties/metadataHandler=org.dbunit.database.DefaultMetadataHandler@60648, http://www.dbunit.org/properties/datatypeFactory=org.dbunit.dataset.datatype.DefaultDataTypeFactory[_toleratedDeltaMap=org.dbunit.dataset.datatype.ToleratedDeltaMap@133a07d], http://www.dbunit.org/properties/escapePattern=null, http://www.dbunit.org/properties/batchSize=100, http://www.dbunit.org/features/qualifiedTableNames=false, http://www.dbunit.org/properties/tableType=[Ljava.lang.String;@6d6f28, http://www.dbunit.org/properties/resultSetTableFactory=org.dbunit.database.CachedResultSetTableFactory@9cde9a, http://www.dbunit.org/features/datatypeWarning=true}], _dataSet=AbstractDataSet[_orderedTableNameMap=null]) - start
08:54:29,100 DEBUG org.dbunit.util.QualifiedTableName:126 - getQualifiedName() - start
08:54:29,101 DEBUG org.dbunit.util.QualifiedTableName:190 - getQualifiedName(prefix=null, name=DOB, escapePattern=null) - start
08:54:29,101 DEBUG org.dbunit.dataset.Columns:154 - getColumn(columnName=EXTID, columns=[(UUID, VARCHAR, noNulls)]) - start
08:54:29,102 DEBUG org.dbunit.operation.AbstractOperation:55 - getQualifiedName(prefix=null, name=EXTID, connection=_databaseConfig=org.dbunit.database.DatabaseConfig[, _propertyMap={http://www.dbunit.org/properties/statementFactory=org.dbunit.database.statement.PreparedStatementFactory@eb5ea0, http://www.dbunit.org/features/caseSensitiveTableNames=false, http://www.dbunit.org/properties/fetchSize=100, http://www.dbunit.org/features/batchedStatements=false, http://www.dbunit.org/properties/metadataHandler=org.dbunit.database.DefaultMetadataHandler@60648, http://www.dbunit.org/properties/datatypeFactory=org.dbunit.dataset.datatype.DefaultDataTypeFactory[_toleratedDeltaMap=org.dbunit.dataset.datatype.ToleratedDeltaMap@133a07d], http://www.dbunit.org/properties/escapePattern=null, http://www.dbunit.org/properties/batchSize=100, http://www.dbunit.org/features/qualifiedTableNames=false, http://www.dbunit.org/properties/tableType=[Ljava.lang.String;@6d6f28, http://www.dbunit.org/properties/resultSetTableFactory=org.dbunit.database.CachedResultSetTableFactory@9cde9a, http://www.dbunit.org/features/datatypeWarning=true}], _dataSet=AbstractDataSet[_orderedTableNameMap=null]) - start
08:54:29,103 DEBUG org.dbunit.util.QualifiedTableName:126 - getQualifiedName() - start
08:54:29,103 DEBUG org.dbunit.util.QualifiedTableName:190 - getQualifiedName(prefix=null, name=EXTID, escapePattern=null) - start
08:54:29,104 DEBUG org.dbunit.dataset.Columns:154 - getColumn(columnName=FIRSTNAME, columns=[(UUID, VARCHAR, noNulls)]) - start
08:54:29,105 DEBUG org.dbunit.operation.AbstractOperation:55 - getQualifiedName(prefix=null, name=FIRSTNAME, connection=_databaseConfig=org.dbunit.database.DatabaseConfig[, _propertyMap={http://www.dbunit.org/properties/statementFactory=org.dbunit.database.statement.PreparedStatementFactory@eb5ea0, http://www.dbunit.org/features/caseSensitiveTableNames=false, http://www.dbunit.org/properties/fetchSize=100, http://www.dbunit.org/features/batchedStatements=false, http://www.dbunit.org/properties/metadataHandler=org.dbunit.database.DefaultMetadataHandler@60648, http://www.dbunit.org/properties/datatypeFactory=org.dbunit.dataset.datatype.DefaultDataTypeFactory[_toleratedDeltaMap=org.dbunit.dataset.datatype.ToleratedDeltaMap@133a07d], http://www.dbunit.org/properties/escapePattern=null, http://www.dbunit.org/properties/batchSize=100, http://www.dbunit.org/features/qualifiedTableNames=false, http://www.dbunit.org/properties/tableType=[Ljava.lang.String;@6d6f28, http://www.dbunit.org/properties/resultSetTableFactory=org.dbunit.database.CachedResultSetTableFactory@9cde9a, http://www.dbunit.org/features/datatypeWarning=true}], _dataSet=AbstractDataSet[_orderedTableNameMap=null]) - start
08:54:29,105 DEBUG org.dbunit.util.QualifiedTableName:126 - getQualifiedName() - start
08:54:29,106 DEBUG org.dbunit.util.QualifiedTableName:190 - getQualifiedName(prefix=null, name=FIRSTNAME, escapePattern=null) - start
08:54:29,107 DEBUG org.dbunit.dataset.Columns:154 - getColumn(columnName=GENDER, columns=[(UUID, VARCHAR, noNulls)]) - start
08:54:29,108 DEBUG org.dbunit.operation.AbstractOperation:55 - getQualifiedName(prefix=null, name=GENDER, connection=_databaseConfig=org.dbunit.database.DatabaseConfig[, _propertyMap={http://www.dbunit.org/properties/statementFactory=org.dbunit.database.statement.PreparedStatementFactory@eb5ea0, http://www.dbunit.org/features/caseSensitiveTableNames=false, http://www.dbunit.org/properties/fetchSize=100, http://www.dbunit.org/features/batchedStatements=false, http://www.dbunit.org/properties/metadataHandler=org.dbunit.database.DefaultMetadataHandler@60648, http://www.dbunit.org/properties/datatypeFactory=org.dbunit.dataset.datatype.DefaultDataTypeFactory[_toleratedDeltaMap=org.dbunit.dataset.datatype.ToleratedDeltaMap@133a07d], http://www.dbunit.org/properties/escapePattern=null, http://www.dbunit.org/properties/batchSize=100, http://www.dbunit.org/features/qualifiedTableNames=false, http://www.dbunit.org/properties/tableType=[Ljava.lang.String;@6d6f28, http://www.dbunit.org/properties/resultSetTableFactory=org.dbunit.database.CachedResultSetTableFactory@9cde9a, http://www.dbunit.org/features/datatypeWarning=true}], _dataSet=AbstractDataSet[_orderedTableNameMap=null]) - start
08:54:29,108 DEBUG org.dbunit.util.QualifiedTableName:126 - getQualifiedName() - start
08:54:29,109 DEBUG org.dbunit.util.QualifiedTableName:190 - getQualifiedName(prefix=null, name=GENDER, escapePattern=null) - start
08:54:29,110 DEBUG org.dbunit.dataset.Columns:154 - getColumn(columnName=LASTNAME, columns=[(UUID, VARCHAR, noNulls)]) - start
08:54:29,110 DEBUG org.dbunit.operation.AbstractOperation:55 - getQualifiedName(prefix=null, name=LASTNAME, connection=_databaseConfig=org.dbunit.database.DatabaseConfig[, _propertyMap={http://www.dbunit.org/properties/statementFactory=org.dbunit.database.statement.PreparedStatementFactory@eb5ea0, http://www.dbunit.org/features/caseSensitiveTableNames=false, http://www.dbunit.org/properties/fetchSize=100, http://www.dbunit.org/features/batchedStatements=false, http://www.dbunit.org/properties/metadataHandler=org.dbunit.database.DefaultMetadataHandler@60648, http://www.dbunit.org/properties/datatypeFactory=org.dbunit.dataset.datatype.DefaultDataTypeFactory[_toleratedDeltaMap=org.dbunit.dataset.datatype.ToleratedDeltaMap@133a07d], http://www.dbunit.org/properties/escapePattern=null, http://www.dbunit.org/properties/batchSize=100, http://www.dbunit.org/features/qualifiedTableNames=false, http://www.dbunit.org/properties/tableType=[Ljava.lang.String;@6d6f28, http://www.dbunit.org/properties/resultSetTableFactory=org.dbunit.database.CachedResultSetTableFactory@9cde9a, http://www.dbunit.org/features/datatypeWarning=true}], _dataSet=AbstractDataSet[_orderedTableNameMap=null]) - start
08:54:29,111 DEBUG org.dbunit.util.QualifiedTableName:126 - getQualifiedName() - start
08:54:29,112 DEBUG org.dbunit.util.QualifiedTableName:190 - getQualifiedName(prefix=null, name=LASTNAME, escapePattern=null) - start
08:54:29,112 DEBUG org.dbunit.dataset.Columns:154 - getColumn(columnName=INSERTBY_UUID, columns=[(UUID, VARCHAR, noNulls)]) - start
08:54:29,113 DEBUG org.dbunit.operation.AbstractOperation:55 - getQualifiedName(prefix=null, name=INSERTBY_UUID, connection=_databaseConfig=org.dbunit.database.DatabaseConfig[, _propertyMap={http://www.dbunit.org/properties/statementFactory=org.dbunit.database.statement.PreparedStatementFactory@eb5ea0, http://www.dbunit.org/features/caseSensitiveTableNames=false, http://www.dbunit.org/properties/fetchSize=100, http://www.dbunit.org/features/batchedStatements=false, http://www.dbunit.org/properties/metadataHandler=org.dbunit.database.DefaultMetadataHandler@60648, http://www.dbunit.org/properties/datatypeFactory=org.dbunit.dataset.datatype.DefaultDataTypeFactory[_toleratedDeltaMap=org.dbunit.dataset.datatype.ToleratedDeltaMap@133a07d], http://www.dbunit.org/properties/escapePattern=null, http://www.dbunit.org/properties/batchSize=100, http://www.dbunit.org/features/qualifiedTableNames=false, http://www.dbunit.org/properties/tableType=[Ljava.lang.String;@6d6f28, http://www.dbunit.org/properties/resultSetTableFactory=org.dbunit.database.CachedResultSetTableFactory@9cde9a, http://www.dbunit.org/features/datatypeWarning=true}], _dataSet=AbstractDataSet[_orderedTableNameMap=null]) - start
08:54:29,114 DEBUG org.dbunit.util.QualifiedTableName:126 - getQualifiedName() - start
08:54:29,114 DEBUG org.dbunit.util.QualifiedTableName:190 - getQualifiedName(prefix=null, name=INSERTBY_UUID, escapePattern=null) - start
08:54:29,115 DEBUG org.dbunit.dataset.Columns:154 - getColumn(columnName=COLLECTEDBY_UUID, columns=[(UUID, VARCHAR, noNulls)]) - start
08:54:29,116 DEBUG org.dbunit.operation.AbstractOperation:55 - getQualifiedName(prefix=null, name=COLLECTEDBY_UUID, connection=_databaseConfig=org.dbunit.database.DatabaseConfig[, _propertyMap={http://www.dbunit.org/properties/statementFactory=org.dbunit.database.statement.PreparedStatementFactory@eb5ea0, http://www.dbunit.org/features/caseSensitiveTableNames=false, http://www.dbunit.org/properties/fetchSize=100, http://www.dbunit.org/features/batchedStatements=false, http://www.dbunit.org/properties/metadataHandler=org.dbunit.database.DefaultMetadataHandler@60648, http://www.dbunit.org/properties/datatypeFactory=org.dbunit.dataset.datatype.DefaultDataTypeFactory[_toleratedDeltaMap=org.dbunit.dataset.datatype.ToleratedDeltaMap@133a07d], http://www.dbunit.org/properties/escapePattern=null, http://www.dbunit.org/properties/batchSize=100, http://www.dbunit.org/features/qualifiedTableNames=false, http://www.dbunit.org/properties/tableType=[Ljava.lang.String;@6d6f28, http://www.dbunit.org/properties/resultSetTableFactory=org.dbunit.database.CachedResultSetTableFactory@9cde9a, http://www.dbunit.org/features/datatypeWarning=true}], _dataSet=AbstractDataSet[_orderedTableNameMap=null]) - start
08:54:29,116 DEBUG org.dbunit.util.QualifiedTableName:126 - getQualifiedName() - start
08:54:29,117 DEBUG org.dbunit.util.QualifiedTableName:190 - getQualifiedName(prefix=null, name=COLLECTEDBY_UUID, escapePattern=null) - start
08:54:29,118 DEBUG org.dbunit.operation.AbstractOperation:55 - getQualifiedName(prefix=null, name=UUID, connection=_databaseConfig=org.dbunit.database.DatabaseConfig[, _propertyMap={http://www.dbunit.org/properties/statementFactory=org.dbunit.database.statement.PreparedStatementFactory@eb5ea0, http://www.dbunit.org/features/caseSensitiveTableNames=false, http://www.dbunit.org/properties/fetchSize=100, http://www.dbunit.org/features/batchedStatements=false, http://www.dbunit.org/properties/metadataHandler=org.dbunit.database.DefaultMetadataHandler@60648, http://www.dbunit.org/properties/datatypeFactory=org.dbunit.dataset.datatype.DefaultDataTypeFactory[_toleratedDeltaMap=org.dbunit.dataset.datatype.ToleratedDeltaMap@133a07d], http://www.dbunit.org/properties/escapePattern=null, http://www.dbunit.org/properties/batchSize=100, http://www.dbunit.org/features/qualifiedTableNames=false, http://www.dbunit.org/properties/tableType=[Ljava.lang.String;@6d6f28, http://www.dbunit.org/properties/resultSetTableFactory=org.dbunit.database.CachedResultSetTableFactory@9cde9a, http://www.dbunit.org/features/datatypeWarning=true}], _dataSet=AbstractDataSet[_orderedTableNameMap=null]) - start
08:54:29,118 DEBUG org.dbunit.util.QualifiedTableName:126 - getQualifiedName() - start
08:54:29,119 DEBUG org.dbunit.util.QualifiedTableName:190 - getQualifiedName(prefix=null, name=UUID, escapePattern=null) - start
08:54:29,120 DEBUG org.dbunit.database.DatabaseDataSourceConnection:113 - getConnection() - start
08:54:29,121 DEBUG org.dbunit.operation.RefreshOperation$RowOperation:180 - execute(table=org.dbunit.dataset.DefaultTable[_metaData=tableName=individual, columns=[(uuid, UNKNOWN, nullableUnknown), (deleted, UNKNOWN, nullableUnknown), (insertDate, UNKNOWN, nullableUnknown), (voidReason, UNKNOWN, nullableUnknown), (status, UNKNOWN, nullableUnknown), (dob, UNKNOWN, nullableUnknown), (extId, UNKNOWN, nullableUnknown), (firstName, UNKNOWN, nullableUnknown), (gender, UNKNOWN, nullableUnknown), (lastName, UNKNOWN, nullableUnknown), (insertBy_uuid, UNKNOWN, nullableUnknown), (collectedBy_uuid, UNKNOWN, nullableUnknown)], keys=[], _rowList.size()=2], row=0) - start
08:54:29,122 DEBUG org.dbunit.dataset.DefaultTable:192 - getValue(row=0, column=DELETED) - start
08:54:29,122 DEBUG org.dbunit.dataset.AbstractTable:41 - assertValidRowIndex(row=0) - start
08:54:29,123 DEBUG org.dbunit.dataset.AbstractTable:51 - assertValidRowIndex(row=0, rowCount=2) - start
08:54:29,123 DEBUG org.dbunit.dataset.AbstractTable:75 - getColumnIndex(columnName=DELETED) - start
08:54:29,123 DEBUG org.dbunit.dataset.AbstractTableMetaData:101 - getColumnIndex(columnName=DELETED) - start
08:54:29,124 DEBUG org.dbunit.database.statement.SimplePreparedStatement:64 - addValue(value=0, dataType=BOOLEAN) - start
08:54:29,124 DEBUG org.dbunit.dataset.datatype.BooleanDataType:143 - setSqlValue(value=0, column=1, statement=prep242: update INDIVIDUAL set DELETED = ?, INSERTDATE = ?, VOIDREASON = ?, STATUS = ?, DOB = ?, EXTID = ?, FIRSTNAME = ?, GENDER = ?, LASTNAME = ?, INSERTBY_UUID = ?, COLLECTEDBY_UUID = ? where UUID = ?) - start
08:54:29,124 DEBUG org.dbunit.dataset.datatype.BooleanDataType:66 - typeCast(value=0) - start
08:54:29,124 DEBUG org.dbunit.dataset.datatype.IntegerDataType:56 - typeCast(value=0) - start
08:54:29,125 DEBUG org.dbunit.dataset.datatype.IntegerDataType:56 - typeCast(value=0) - start
08:54:29,125 DEBUG org.dbunit.dataset.datatype.BooleanDataType:66 - typeCast(value=0) - start
08:54:29,125 DEBUG org.dbunit.dataset.DefaultTable:192 - getValue(row=0, column=INSERTDATE) - start
08:54:29,126 DEBUG org.dbunit.dataset.AbstractTable:41 - assertValidRowIndex(row=0) - start
08:54:29,126 DEBUG org.dbunit.dataset.AbstractTable:51 - assertValidRowIndex(row=0, rowCount=2) - start
08:54:29,126 DEBUG org.dbunit.dataset.AbstractTable:75 - getColumnIndex(columnName=INSERTDATE) - start
08:54:29,127 DEBUG org.dbunit.dataset.AbstractTableMetaData:101 - getColumnIndex(columnName=INSERTDATE) - start
08:54:29,127 DEBUG org.dbunit.database.statement.SimplePreparedStatement:64 - addValue(value=2012-03-19, dataType=DATE) - start
08:54:29,127 DEBUG org.dbunit.dataset.datatype.DateDataType:138 - setSqlValue(value=2012-03-19, column=2, statement=prep242: update INDIVIDUAL set DELETED = ?, INSERTDATE = ?, VOIDREASON = ?, STATUS = ?, DOB = ?, EXTID = ?, FIRSTNAME = ?, GENDER = ?, LASTNAME = ?, INSERTBY_UUID = ?, COLLECTEDBY_UUID = ? where UUID = ? {1: FALSE}) - start
08:54:29,128 DEBUG org.dbunit.dataset.datatype.DateDataType:57 - typeCast(value=2012-03-19) - start
08:54:29,128 DEBUG org.dbunit.dataset.DefaultTable:192 - getValue(row=0, column=VOIDREASON) - start
08:54:29,129 DEBUG org.dbunit.dataset.AbstractTable:41 - assertValidRowIndex(row=0) - start
08:54:29,129 DEBUG org.dbunit.dataset.AbstractTable:51 - assertValidRowIndex(row=0, rowCount=2) - start
08:54:29,129 DEBUG org.dbunit.dataset.AbstractTable:75 - getColumnIndex(columnName=VOIDREASON) - start
08:54:29,130 DEBUG org.dbunit.dataset.AbstractTableMetaData:101 - getColumnIndex(columnName=VOIDREASON) - start
08:54:29,130 DEBUG org.dbunit.database.statement.SimplePreparedStatement:64 - addValue(value=, dataType=VARCHAR) - start
08:54:29,131 DEBUG org.dbunit.dataset.datatype.StringDataType:157 - setSqlValue(value=, column=3, statement=prep242: update INDIVIDUAL set DELETED = ?, INSERTDATE = ?, VOIDREASON = ?, STATUS = ?, DOB = ?, EXTID = ?, FIRSTNAME = ?, GENDER = ?, LASTNAME = ?, INSERTBY_UUID = ?, COLLECTEDBY_UUID = ? where UUID = ? {1: FALSE, 2: DATE &apos;2012-03-19&apos;}) - start
08:54:29,131 DEBUG org.dbunit.dataset.datatype.DataType:177 - asString(value=) - start
08:54:29,131 DEBUG org.dbunit.dataset.datatype.StringDataType:59 - typeCast(value=) - start
08:54:29,132 DEBUG org.dbunit.dataset.DefaultTable:192 - getValue(row=0, column=STATUS) - start
08:54:29,132 DEBUG org.dbunit.dataset.AbstractTable:41 - assertValidRowIndex(row=0) - start
08:54:29,132 DEBUG org.dbunit.dataset.AbstractTable:51 - assertValidRowIndex(row=0, rowCount=2) - start
08:54:29,133 DEBUG org.dbunit.dataset.AbstractTable:75 - getColumnIndex(columnName=STATUS) - start
08:54:29,133 DEBUG org.dbunit.dataset.AbstractTableMetaData:101 - getColumnIndex(columnName=STATUS) - start
08:54:29,133 DEBUG org.dbunit.database.statement.SimplePreparedStatement:64 - addValue(value=A, dataType=VARCHAR) - start
08:54:29,134 DEBUG org.dbunit.dataset.datatype.StringDataType:157 - setSqlValue(value=A, column=4, statement=prep242: update INDIVIDUAL set DELETED = ?, INSERTDATE = ?, VOIDREASON = ?, STATUS = ?, DOB = ?, EXTID = ?, FIRSTNAME = ?, GENDER = ?, LASTNAME = ?, INSERTBY_UUID = ?, COLLECTEDBY_UUID = ? where UUID = ? {1: FALSE, 2: DATE &apos;2012-03-19&apos;, 3: &apos;&apos;}) - start
08:54:29,134 DEBUG org.dbunit.dataset.datatype.DataType:177 - asString(value=A) - start
08:54:29,134 DEBUG org.dbunit.dataset.datatype.StringDataType:59 - typeCast(value=A) - start
08:54:29,134 DEBUG org.dbunit.dataset.DefaultTable:192 - getValue(row=0, column=DOB) - start
08:54:29,135 DEBUG org.dbunit.dataset.AbstractTable:41 - assertValidRowIndex(row=0) - start
08:54:29,135 DEBUG org.dbunit.dataset.AbstractTable:51 - assertValidRowIndex(row=0, rowCount=2) - start
08:54:29,135 DEBUG org.dbunit.dataset.AbstractTable:75 - getColumnIndex(columnName=DOB) - start
08:54:29,136 DEBUG org.dbunit.dataset.AbstractTableMetaData:101 - getColumnIndex(columnName=DOB) - start
08:54:29,136 DEBUG org.dbunit.database.statement.SimplePreparedStatement:64 - addValue(value=2000-01-03, dataType=DATE) - start
08:54:29,136 DEBUG org.dbunit.dataset.datatype.DateDataType:138 - setSqlValue(value=2000-01-03, column=5, statement=prep242: update INDIVIDUAL set DELETED = ?, INSERTDATE = ?, VOIDREASON = ?, STATUS = ?, DOB = ?, EXTID = ?, FIRSTNAME = ?, GENDER = ?, LASTNAME = ?, INSERTBY_UUID = ?, COLLECTEDBY_UUID = ? where UUID = ? {1: FALSE, 2: DATE &apos;2012-03-19&apos;, 3: &apos;&apos;, 4: &apos;A&apos;}) - start
08:54:29,137 DEBUG org.dbunit.dataset.datatype.DateDataType:57 - typeCast(value=2000-01-03) - start
08:54:29,137 DEBUG org.dbunit.dataset.DefaultTable:192 - getValue(row=0, column=EXTID) - start
08:54:29,137 DEBUG org.dbunit.dataset.AbstractTable:41 - assertValidRowIndex(row=0) - start
08:54:29,138 DEBUG org.dbunit.dataset.AbstractTable:51 - assertValidRowIndex(row=0, rowCount=2) - start
08:54:29,138 DEBUG org.dbunit.dataset.AbstractTable:75 - getColumnIndex(columnName=EXTID) - start
08:54:29,138 DEBUG org.dbunit.dataset.AbstractTableMetaData:101 - getColumnIndex(columnName=EXTID) - start
08:54:29,139 DEBUG org.dbunit.database.statement.SimplePreparedStatement:64 - addValue(value=MBI000001004, dataType=VARCHAR) - start
08:54:29,140 DEBUG org.dbunit.dataset.datatype.StringDataType:157 - setSqlValue(value=MBI000001004, column=6, statement=prep242: update INDIVIDUAL set DELETED = ?, INSERTDATE = ?, VOIDREASON = ?, STATUS = ?, DOB = ?, EXTID = ?, FIRSTNAME = ?, GENDER = ?, LASTNAME = ?, INSERTBY_UUID = ?, COLLECTEDBY_UUID = ? where UUID = ? {1: FALSE, 2: DATE &apos;2012-03-19&apos;, 3: &apos;&apos;, 4: &apos;A&apos;, 5: DATE &apos;2000-01-03&apos;}) - start
08:54:29,140 DEBUG org.dbunit.dataset.datatype.DataType:177 - asString(value=MBI000001004) - start
08:54:29,141 DEBUG org.dbunit.dataset.datatype.StringDataType:59 - typeCast(value=MBI000001004) - start
08:54:29,141 DEBUG org.dbunit.dataset.DefaultTable:192 - getValue(row=0, column=FIRSTNAME) - start
08:54:29,141 DEBUG org.dbunit.dataset.AbstractTable:41 - assertValidRowIndex(row=0) - start
08:54:29,141 DEBUG org.dbunit.dataset.AbstractTable:51 - assertValidRowIndex(row=0, rowCount=2) - start
08:54:29,142 DEBUG org.dbunit.dataset.AbstractTable:75 - getColumnIndex(columnName=FIRSTNAME) - start
08:54:29,142 DEBUG org.dbunit.dataset.AbstractTableMetaData:101 - getColumnIndex(columnName=FIRSTNAME) - start
08:54:29,142 DEBUG org.dbunit.database.statement.SimplePreparedStatement:64 - addValue(value=Jessica, dataType=VARCHAR) - start
08:54:29,143 DEBUG org.dbunit.dataset.datatype.StringDataType:157 - setSqlValue(value=Jessica, column=7, statement=prep242: update INDIVIDUAL set DELETED = ?, INSERTDATE = ?, VOIDREASON = ?, STATUS = ?, DOB = ?, EXTID = ?, FIRSTNAME = ?, GENDER = ?, LASTNAME = ?, INSERTBY_UUID = ?, COLLECTEDBY_UUID = ? where UUID = ? {1: FALSE, 2: DATE &apos;2012-03-19&apos;, 3: &apos;&apos;, 4: &apos;A&apos;, 5: DATE &apos;2000-01-03&apos;, 6: &apos;MBI000001004&apos;}) - start
08:54:29,143 DEBUG org.dbunit.dataset.datatype.DataType:177 - asString(value=Jessica) - start
08:54:29,143 DEBUG org.dbunit.dataset.datatype.StringDataType:59 - typeCast(value=Jessica) - start
08:54:29,144 DEBUG org.dbunit.dataset.DefaultTable:192 - getValue(row=0, column=GENDER) - start
08:54:29,144 DEBUG org.dbunit.dataset.AbstractTable:41 - assertValidRowIndex(row=0) - start
08:54:29,144 DEBUG org.dbunit.dataset.AbstractTable:51 - assertValidRowIndex(row=0, rowCount=2) - start
08:54:29,145 DEBUG org.dbunit.dataset.AbstractTable:75 - getColumnIndex(columnName=GENDER) - start
08:54:29,145 DEBUG org.dbunit.dataset.AbstractTableMetaData:101 - getColumnIndex(columnName=GENDER) - start
08:54:29,145 DEBUG org.dbunit.database.statement.SimplePreparedStatement:64 - addValue(value=F, dataType=VARCHAR) - start
08:54:29,146 DEBUG org.dbunit.dataset.datatype.StringDataType:157 - setSqlValue(value=F, column=8, statement=prep242: update INDIVIDUAL set DELETED = ?, INSERTDATE = ?, VOIDREASON = ?, STATUS = ?, DOB = ?, EXTID = ?, FIRSTNAME = ?, GENDER = ?, LASTNAME = ?, INSERTBY_UUID = ?, COLLECTEDBY_UUID = ? where UUID = ? {1: FALSE, 2: DATE &apos;2012-03-19&apos;, 3: &apos;&apos;, 4: &apos;A&apos;, 5: DATE &apos;2000-01-03&apos;, 6: &apos;MBI000001004&apos;, 7: &apos;Jessica&apos;}) - start
08:54:29,146 DEBUG org.dbunit.dataset.datatype.DataType:177 - asString(value=F) - start
08:54:29,146 DEBUG org.dbunit.dataset.datatype.StringDataType:59 - typeCast(value=F) - start
08:54:29,147 DEBUG org.dbunit.dataset.DefaultTable:192 - getValue(row=0, column=LASTNAME) - start
08:54:29,147 DEBUG org.dbunit.dataset.AbstractTable:41 - assertValidRowIndex(row=0) - start
08:54:29,147 DEBUG org.dbunit.dataset.AbstractTable:51 - assertValidRowIndex(row=0, rowCount=2) - start
08:54:29,148 DEBUG org.dbunit.dataset.AbstractTable:75 - getColumnIndex(columnName=LASTNAME) - start
08:54:29,148 DEBUG org.dbunit.dataset.AbstractTableMetaData:101 - getColumnIndex(columnName=LASTNAME) - start
08:54:29,149 DEBUG org.dbunit.database.statement.SimplePreparedStatement:64 - addValue(value=Marsh, dataType=VARCHAR) - start
08:54:29,149 DEBUG org.dbunit.dataset.datatype.StringDataType:157 - setSqlValue(value=Marsh, column=9, statement=prep242: update INDIVIDUAL set DELETED = ?, INSERTDATE = ?, VOIDREASON = ?, STATUS = ?, DOB = ?, EXTID = ?, FIRSTNAME = ?, GENDER = ?, LASTNAME = ?, INSERTBY_UUID = ?, COLLECTEDBY_UUID = ? where UUID = ? {1: FALSE, 2: DATE &apos;2012-03-19&apos;, 3: &apos;&apos;, 4: &apos;A&apos;, 5: DATE &apos;2000-01-03&apos;, 6: &apos;MBI000001004&apos;, 7: &apos;Jessica&apos;, 8: &apos;F&apos;}) - start
08:54:29,150 DEBUG org.dbunit.dataset.datatype.DataType:177 - asString(value=Marsh) - start
08:54:29,150 DEBUG org.dbunit.dataset.datatype.StringDataType:59 - typeCast(value=Marsh) - start
08:54:29,150 DEBUG org.dbunit.dataset.DefaultTable:192 - getValue(row=0, column=INSERTBY_UUID) - start
08:54:29,151 DEBUG org.dbunit.dataset.AbstractTable:41 - assertValidRowIndex(row=0) - start
08:54:29,151 DEBUG org.dbunit.dataset.AbstractTable:51 - assertValidRowIndex(row=0, rowCount=2) - start
08:54:29,151 DEBUG org.dbunit.dataset.AbstractTable:75 - getColumnIndex(columnName=INSERTBY_UUID) - start
08:54:29,152 DEBUG org.dbunit.dataset.AbstractTableMetaData:101 - getColumnIndex(columnName=INSERTBY_UUID) - start
08:54:29,152 DEBUG org.dbunit.database.statement.SimplePreparedStatement:64 - addValue(value=User 1, dataType=VARCHAR) - start
08:54:29,152 DEBUG org.dbunit.dataset.datatype.StringDataType:157 - setSqlValue(value=User 1, column=10, statement=prep242: update INDIVIDUAL set DELETED = ?, INSERTDATE = ?, VOIDREASON = ?, STATUS = ?, DOB = ?, EXTID = ?, FIRSTNAME = ?, GENDER = ?, LASTNAME = ?, INSERTBY_UUID = ?, COLLECTEDBY_UUID = ? where UUID = ? {1: FALSE, 2: DATE &apos;2012-03-19&apos;, 3: &apos;&apos;, 4: &apos;A&apos;, 5: DATE &apos;2000-01-03&apos;, 6: &apos;MBI000001004&apos;, 7: &apos;Jessica&apos;, 8: &apos;F&apos;, 9: &apos;Marsh&apos;}) - start
08:54:29,153 DEBUG org.dbunit.dataset.datatype.DataType:177 - asString(value=User 1) - start
08:54:29,153 DEBUG org.dbunit.dataset.datatype.StringDataType:59 - typeCast(value=User 1) - start
08:54:29,154 DEBUG org.dbunit.dataset.DefaultTable:192 - getValue(row=0, column=COLLECTEDBY_UUID) - start
08:54:29,154 DEBUG org.dbunit.dataset.AbstractTable:41 - assertValidRowIndex(row=0) - start
08:54:29,154 DEBUG org.dbunit.dataset.AbstractTable:51 - assertValidRowIndex(row=0, rowCount=2) - start
08:54:29,155 DEBUG org.dbunit.dataset.AbstractTable:75 - getColumnIndex(columnName=COLLECTEDBY_UUID) - start
08:54:29,155 DEBUG org.dbunit.dataset.AbstractTableMetaData:101 - getColumnIndex(columnName=COLLECTEDBY_UUID) - start
08:54:29,155 DEBUG org.dbunit.database.statement.SimplePreparedStatement:64 - addValue(value=FieldWorker1, dataType=VARCHAR) - start
08:54:29,156 DEBUG org.dbunit.dataset.datatype.StringDataType:157 - setSqlValue(value=FieldWorker1, column=11, statement=prep242: update INDIVIDUAL set DELETED = ?, INSERTDATE = ?, VOIDREASON = ?, STATUS = ?, DOB = ?, EXTID = ?, FIRSTNAME = ?, GENDER = ?, LASTNAME = ?, INSERTBY_UUID = ?, COLLECTEDBY_UUID = ? where UUID = ? {1: FALSE, 2: DATE &apos;2012-03-19&apos;, 3: &apos;&apos;, 4: &apos;A&apos;, 5: DATE &apos;2000-01-03&apos;, 6: &apos;MBI000001004&apos;, 7: &apos;Jessica&apos;, 8: &apos;F&apos;, 9: &apos;Marsh&apos;, 10: &apos;User 1&apos;}) - start
08:54:29,156 DEBUG org.dbunit.dataset.datatype.DataType:177 - asString(value=FieldWorker1) - start
08:54:29,156 DEBUG org.dbunit.dataset.datatype.StringDataType:59 - typeCast(value=FieldWorker1) - start
08:54:29,158 DEBUG org.dbunit.dataset.DefaultTable:192 - getValue(row=0, column=UUID) - start
08:54:29,159 DEBUG org.dbunit.dataset.AbstractTable:41 - assertValidRowIndex(row=0) - start
08:54:29,159 DEBUG org.dbunit.dataset.AbstractTable:51 - assertValidRowIndex(row=0, rowCount=2) - start
08:54:29,160 DEBUG org.dbunit.dataset.AbstractTable:75 - getColumnIndex(columnName=UUID) - start
08:54:29,160 DEBUG org.dbunit.dataset.AbstractTableMetaData:101 - getColumnIndex(columnName=UUID) - start
08:54:29,160 DEBUG org.dbunit.database.statement.SimplePreparedStatement:64 - addValue(value=Indiv 4, dataType=VARCHAR) - start
08:54:29,161 DEBUG org.dbunit.dataset.datatype.StringDataType:157 - setSqlValue(value=Indiv 4, column=12, statement=prep242: update INDIVIDUAL set DELETED = ?, INSERTDATE = ?, VOIDREASON = ?, STATUS = ?, DOB = ?, EXTID = ?, FIRSTNAME = ?, GENDER = ?, LASTNAME = ?, INSERTBY_UUID = ?, COLLECTEDBY_UUID = ? where UUID = ? {1: FALSE, 2: DATE &apos;2012-03-19&apos;, 3: &apos;&apos;, 4: &apos;A&apos;, 5: DATE &apos;2000-01-03&apos;, 6: &apos;MBI000001004&apos;, 7: &apos;Jessica&apos;, 8: &apos;F&apos;, 9: &apos;Marsh&apos;, 10: &apos;User 1&apos;, 11: &apos;FieldWorker1&apos;}) - start
08:54:29,161 DEBUG org.dbunit.dataset.datatype.DataType:177 - asString(value=Indiv 4) - start
08:54:29,161 DEBUG org.dbunit.dataset.datatype.StringDataType:59 - typeCast(value=Indiv 4) - start
08:54:29,162 DEBUG org.dbunit.database.statement.SimplePreparedStatement:78 - addBatch() - start
08:54:29,162 DEBUG org.dbunit.database.statement.SimplePreparedStatement:90 - executeBatch() - start
08:54:29,162 DEBUG org.dbunit.database.statement.SimplePreparedStatement:99 - clearBatch() - start
08:54:29,163 DEBUG org.dbunit.database.statement.SimplePreparedStatement:99 - clearBatch() - start
08:54:29,163 DEBUG org.dbunit.operation.RefreshOperation$InsertRowOperation:238 - execute(table=org.dbunit.dataset.DefaultTable[_metaData=tableName=individual, columns=[(uuid, UNKNOWN, nullableUnknown), (deleted, UNKNOWN, nullableUnknown), (insertDate, UNKNOWN, nullableUnknown), (voidReason, UNKNOWN, nullableUnknown), (status, UNKNOWN, nullableUnknown), (dob, UNKNOWN, nullableUnknown), (extId, UNKNOWN, nullableUnknown), (firstName, UNKNOWN, nullableUnknown), (gender, UNKNOWN, nullableUnknown), (lastName, UNKNOWN, nullableUnknown), (insertBy_uuid, UNKNOWN, nullableUnknown), (collectedBy_uuid, UNKNOWN, nullableUnknown)], keys=[], _rowList.size()=2], row=0) - start
08:54:29,164 DEBUG org.dbunit.operation.InsertOperation:113 - getIgnoreMapping(table=org.dbunit.dataset.DefaultTable[_metaData=tableName=individual, columns=[(uuid, UNKNOWN, nullableUnknown), (deleted, UNKNOWN, nullableUnknown), (insertDate, UNKNOWN, nullableUnknown), (voidReason, UNKNOWN, nullableUnknown), (status, UNKNOWN, nullableUnknown), (dob, UNKNOWN, nullableUnknown), (extId, UNKNOWN, nullableUnknown), (firstName, UNKNOWN, nullableUnknown), (gender, UNKNOWN, nullableUnknown), (lastName, UNKNOWN, nullableUnknown), (insertBy_uuid, UNKNOWN, nullableUnknown), (collectedBy_uuid, UNKNOWN, nullableUnknown)], keys=[], _rowList.size()=2], row=0) - start
08:54:29,164 DEBUG org.dbunit.dataset.DefaultTable:192 - getValue(row=0, column=uuid) - start
08:54:29,164 DEBUG org.dbunit.dataset.AbstractTable:41 - assertValidRowIndex(row=0) - start
08:54:29,165 DEBUG org.dbunit.dataset.AbstractTable:51 - assertValidRowIndex(row=0, rowCount=2) - start
08:54:29,165 DEBUG org.dbunit.dataset.AbstractTable:75 - getColumnIndex(columnName=uuid) - start
08:54:29,165 DEBUG org.dbunit.dataset.AbstractTableMetaData:101 - getColumnIndex(columnName=uuid) - start
08:54:29,166 DEBUG org.dbunit.dataset.DefaultTable:192 - getValue(row=0, column=deleted) - start
08:54:29,166 DEBUG org.dbunit.dataset.AbstractTable:41 - assertValidRowIndex(row=0) - start
08:54:29,166 DEBUG org.dbunit.dataset.AbstractTable:51 - assertValidRowIndex(row=0, rowCount=2) - start
08:54:29,167 DEBUG org.dbunit.dataset.AbstractTable:75 - getColumnIndex(columnName=deleted) - start
08:54:29,167 DEBUG org.dbunit.dataset.AbstractTableMetaData:101 - getColumnIndex(columnName=deleted) - start
08:54:29,167 DEBUG org.dbunit.dataset.DefaultTable:192 - getValue(row=0, column=insertDate) - start
08:54:29,168 DEBUG org.dbunit.dataset.AbstractTable:41 - assertValidRowIndex(row=0) - start
08:54:29,168 DEBUG org.dbunit.dataset.AbstractTable:51 - assertValidRowIndex(row=0, rowCount=2) - start
08:54:29,168 DEBUG org.dbunit.dataset.AbstractTable:75 - getColumnIndex(columnName=insertDate) - start
08:54:29,169 DEBUG org.dbunit.dataset.AbstractTableMetaData:101 - getColumnIndex(columnName=insertDate) - start
08:54:29,169 DEBUG org.dbunit.dataset.DefaultTable:192 - getValue(row=0, column=voidReason) - start
08:54:29,169 DEBUG org.dbunit.dataset.AbstractTable:41 - assertValidRowIndex(row=0) - start
08:54:29,170 DEBUG org.dbunit.dataset.AbstractTable:51 - assertValidRowIndex(row=0, rowCount=2) - start
08:54:29,170 DEBUG org.dbunit.dataset.AbstractTable:75 - getColumnIndex(columnName=voidReason) - start
08:54:29,171 DEBUG org.dbunit.dataset.AbstractTableMetaData:101 - getColumnIndex(columnName=voidReason) - start
08:54:29,171 DEBUG org.dbunit.dataset.DefaultTable:192 - getValue(row=0, column=status) - start
08:54:29,171 DEBUG org.dbunit.dataset.AbstractTable:41 - assertValidRowIndex(row=0) - start
08:54:29,171 DEBUG org.dbunit.dataset.AbstractTable:51 - assertValidRowIndex(row=0, rowCount=2) - start
08:54:29,172 DEBUG org.dbunit.dataset.AbstractTable:75 - getColumnIndex(columnName=status) - start
08:54:29,172 DEBUG org.dbunit.dataset.AbstractTableMetaData:101 - getColumnIndex(columnName=status) - start
08:54:29,172 DEBUG org.dbunit.dataset.DefaultTable:192 - getValue(row=0, column=dob) - start
08:54:29,173 DEBUG org.dbunit.dataset.AbstractTable:41 - assertValidRowIndex(row=0) - start
08:54:29,173 DEBUG org.dbunit.dataset.AbstractTable:51 - assertValidRowIndex(row=0, rowCount=2) - start
08:54:29,173 DEBUG org.dbunit.dataset.AbstractTable:75 - getColumnIndex(columnName=dob) - start
08:54:29,174 DEBUG org.dbunit.dataset.AbstractTableMetaData:101 - getColumnIndex(columnName=dob) - start
08:54:29,174 DEBUG org.dbunit.dataset.DefaultTable:192 - getValue(row=0, column=extId) - start
08:54:29,174 DEBUG org.dbunit.dataset.AbstractTable:41 - assertValidRowIndex(row=0) - start
08:54:29,175 DEBUG org.dbunit.dataset.AbstractTable:51 - assertValidRowIndex(row=0, rowCount=2) - start
08:54:29,175 DEBUG org.dbunit.dataset.AbstractTable:75 - getColumnIndex(columnName=extId) - start
08:54:29,175 DEBUG org.dbunit.dataset.AbstractTableMetaData:101 - getColumnIndex(columnName=extId) - start
08:54:29,176 DEBUG org.dbunit.dataset.DefaultTable:192 - getValue(row=0, column=firstName) - start
08:54:29,176 DEBUG org.dbunit.dataset.AbstractTable:41 - assertValidRowIndex(row=0) - start
08:54:29,176 DEBUG org.dbunit.dataset.AbstractTable:51 - assertValidRowIndex(row=0, rowCount=2) - start
08:54:29,177 DEBUG org.dbunit.dataset.AbstractTable:75 - getColumnIndex(columnName=firstName) - start
08:54:29,177 DEBUG org.dbunit.dataset.AbstractTableMetaData:101 - getColumnIndex(columnName=firstName) - start
08:54:29,177 DEBUG org.dbunit.dataset.DefaultTable:192 - getValue(row=0, column=gender) - start
08:54:29,178 DEBUG org.dbunit.dataset.AbstractTable:41 - assertValidRowIndex(row=0) - start
08:54:29,178 DEBUG org.dbunit.dataset.AbstractTable:51 - assertValidRowIndex(row=0, rowCount=2) - start
08:54:29,178 DEBUG org.dbunit.dataset.AbstractTable:75 - getColumnIndex(columnName=gender) - start
08:54:29,179 DEBUG org.dbunit.dataset.AbstractTableMetaData:101 - getColumnIndex(columnName=gender) - start
08:54:29,179 DEBUG org.dbunit.dataset.DefaultTable:192 - getValue(row=0, column=lastName) - start
08:54:29,179 DEBUG org.dbunit.dataset.AbstractTable:41 - assertValidRowIndex(row=0) - start
08:54:29,180 DEBUG org.dbunit.dataset.AbstractTable:51 - assertValidRowIndex(row=0, rowCount=2) - start
08:54:29,180 DEBUG org.dbunit.dataset.AbstractTable:75 - getColumnIndex(columnName=lastName) - start
08:54:29,182 DEBUG org.dbunit.dataset.AbstractTableMetaData:101 - getColumnIndex(columnName=lastName) - start
08:54:29,182 DEBUG org.dbunit.dataset.DefaultTable:192 - getValue(row=0, column=insertBy_uuid) - start
08:54:29,182 DEBUG org.dbunit.dataset.AbstractTable:41 - assertValidRowIndex(row=0) - start
08:54:29,183 DEBUG org.dbunit.dataset.AbstractTable:51 - assertValidRowIndex(row=0, rowCount=2) - start
08:54:29,183 DEBUG org.dbunit.dataset.AbstractTable:75 - getColumnIndex(columnName=insertBy_uuid) - start
08:54:29,184 DEBUG org.dbunit.dataset.AbstractTableMetaData:101 - getColumnIndex(columnName=insertBy_uuid) - start
08:54:29,184 DEBUG org.dbunit.dataset.DefaultTable:192 - getValue(row=0, column=collectedBy_uuid) - start
08:54:29,185 DEBUG org.dbunit.dataset.AbstractTable:41 - assertValidRowIndex(row=0) - start
08:54:29,185 DEBUG org.dbunit.dataset.AbstractTable:51 - assertValidRowIndex(row=0, rowCount=2) - start
08:54:29,185 DEBUG org.dbunit.dataset.AbstractTable:75 - getColumnIndex(columnName=collectedBy_uuid) - start
08:54:29,186 DEBUG org.dbunit.dataset.AbstractTableMetaData:101 - getColumnIndex(columnName=collectedBy_uuid) - start
08:54:29,186 DEBUG org.dbunit.operation.InsertOperation:65 - getOperationData(metaData=tableName=INDIVIDUAL, columns=[(UUID, VARCHAR, noNulls), (DELETED, BOOLEAN, noNulls), (INSERTDATE, DATE, nullable), (VOIDREASON, VARCHAR, nullable), (STATUS, VARCHAR, nullable), (DOB, DATE, nullable), (EXTID, VARCHAR, nullable), (FIRSTNAME, VARCHAR, nullable), (GENDER, VARCHAR, nullable), (LASTNAME, VARCHAR, nullable), (INSERTBY_UUID, VARCHAR, nullable), (COLLECTEDBY_UUID, VARCHAR, noNulls)], keys=[(UUID, VARCHAR, noNulls)], ignoreMapping={}, connection=_databaseConfig=org.dbunit.database.DatabaseConfig[, _propertyMap={http://www.dbunit.org/properties/statementFactory=org.dbunit.database.statement.PreparedStatementFactory@eb5ea0, http://www.dbunit.org/features/caseSensitiveTableNames=false, http://www.dbunit.org/properties/fetchSize=100, http://www.dbunit.org/features/batchedStatements=false, http://www.dbunit.org/properties/metadataHandler=org.dbunit.database.DefaultMetadataHandler@60648, http://www.dbunit.org/properties/datatypeFactory=org.dbunit.dataset.datatype.DefaultDataTypeFactory[_toleratedDeltaMap=org.dbunit.dataset.datatype.ToleratedDeltaMap@133a07d], http://www.dbunit.org/properties/escapePattern=null, http://www.dbunit.org/properties/batchSize=100, http://www.dbunit.org/features/qualifiedTableNames=false, http://www.dbunit.org/properties/tableType=[Ljava.lang.String;@6d6f28, http://www.dbunit.org/properties/resultSetTableFactory=org.dbunit.database.CachedResultSetTableFactory@9cde9a, http://www.dbunit.org/features/datatypeWarning=true}], _dataSet=AbstractDataSet[_orderedTableNameMap=null]) - start
08:54:29,187 DEBUG org.dbunit.operation.AbstractOperation:55 - getQualifiedName(prefix=null, name=INDIVIDUAL, connection=_databaseConfig=org.dbunit.database.DatabaseConfig[, _propertyMap={http://www.dbunit.org/properties/statementFactory=org.dbunit.database.statement.PreparedStatementFactory@eb5ea0, http://www.dbunit.org/features/caseSensitiveTableNames=false, http://www.dbunit.org/properties/fetchSize=100, http://www.dbunit.org/features/batchedStatements=false, http://www.dbunit.org/properties/metadataHandler=org.dbunit.database.DefaultMetadataHandler@60648, http://www.dbunit.org/properties/datatypeFactory=org.dbunit.dataset.datatype.DefaultDataTypeFactory[_toleratedDeltaMap=org.dbunit.dataset.datatype.ToleratedDeltaMap@133a07d], http://www.dbunit.org/properties/escapePattern=null, http://www.dbunit.org/properties/batchSize=100, http://www.dbunit.org/features/qualifiedTableNames=false, http://www.dbunit.org/properties/tableType=[Ljava.lang.String;@6d6f28, http://www.dbunit.org/properties/resultSetTableFactory=org.dbunit.database.CachedResultSetTableFactory@9cde9a, http://www.dbunit.org/features/datatypeWarning=true}], _dataSet=AbstractDataSet[_orderedTableNameMap=null]) - start
08:54:29,187 DEBUG org.dbunit.util.QualifiedTableName:126 - getQualifiedName() - start
08:54:29,188 DEBUG org.dbunit.util.QualifiedTableName:190 - getQualifiedName(prefix=null, name=INDIVIDUAL, escapePattern=null) - start
08:54:29,188 DEBUG org.dbunit.operation.AbstractOperation:55 - getQualifiedName(prefix=null, name=UUID, connection=_databaseConfig=org.dbunit.database.DatabaseConfig[, _propertyMap={http://www.dbunit.org/properties/statementFactory=org.dbunit.database.statement.PreparedStatementFactory@eb5ea0, http://www.dbunit.org/features/caseSensitiveTableNames=false, http://www.dbunit.org/properties/fetchSize=100, http://www.dbunit.org/features/batchedStatements=false, http://www.dbunit.org/properties/metadataHandler=org.dbunit.database.DefaultMetadataHandler@60648, http://www.dbunit.org/properties/datatypeFactory=org.dbunit.dataset.datatype.DefaultDataTypeFactory[_toleratedDeltaMap=org.dbunit.dataset.datatype.ToleratedDeltaMap@133a07d], http://www.dbunit.org/properties/escapePattern=null, http://www.dbunit.org/properties/batchSize=100, http://www.dbunit.org/features/qualifiedTableNames=false, http://www.dbunit.org/properties/tableType=[Ljava.lang.String;@6d6f28, http://www.dbunit.org/properties/resultSetTableFactory=org.dbunit.database.CachedResultSetTableFactory@9cde9a, http://www.dbunit.org/features/datatypeWarning=true}], _dataSet=AbstractDataSet[_orderedTableNameMap=null]) - start
08:54:29,189 DEBUG org.dbunit.util.QualifiedTableName:126 - getQualifiedName() - start
08:54:29,189 DEBUG org.dbunit.util.QualifiedTableName:190 - getQualifiedName(prefix=null, name=UUID, escapePattern=null) - start
08:54:29,190 DEBUG org.dbunit.operation.AbstractOperation:55 - getQualifiedName(prefix=null, name=DELETED, connection=_databaseConfig=org.dbunit.database.DatabaseConfig[, _propertyMap={http://www.dbunit.org/properties/statementFactory=org.dbunit.database.statement.PreparedStatementFactory@eb5ea0, http://www.dbunit.org/features/caseSensitiveTableNames=false, http://www.dbunit.org/properties/fetchSize=100, http://www.dbunit.org/features/batchedStatements=false, http://www.dbunit.org/properties/metadataHandler=org.dbunit.database.DefaultMetadataHandler@60648, http://www.dbunit.org/properties/datatypeFactory=org.dbunit.dataset.datatype.DefaultDataTypeFactory[_toleratedDeltaMap=org.dbunit.dataset.datatype.ToleratedDeltaMap@133a07d], http://www.dbunit.org/properties/escapePattern=null, http://www.dbunit.org/properties/batchSize=100, http://www.dbunit.org/features/qualifiedTableNames=false, http://www.dbunit.org/properties/tableType=[Ljava.lang.String;@6d6f28, http://www.dbunit.org/properties/resultSetTableFactory=org.dbunit.database.CachedResultSetTableFactory@9cde9a, http://www.dbunit.org/features/datatypeWarning=true}], _dataSet=AbstractDataSet[_orderedTableNameMap=null]) - start
08:54:29,190 DEBUG org.dbunit.util.QualifiedTableName:126 - getQualifiedName() - start
08:54:29,191 DEBUG org.dbunit.util.QualifiedTableName:190 - getQualifiedName(prefix=null, name=DELETED, escapePattern=null) - start
08:54:29,191 DEBUG org.dbunit.operation.AbstractOperation:55 - getQualifiedName(prefix=null, name=INSERTDATE, connection=_databaseConfig=org.dbunit.database.DatabaseConfig[, _propertyMap={http://www.dbunit.org/properties/statementFactory=org.dbunit.database.statement.PreparedStatementFactory@eb5ea0, http://www.dbunit.org/features/caseSensitiveTableNames=false, http://www.dbunit.org/properties/fetchSize=100, http://www.dbunit.org/features/batchedStatements=false, http://www.dbunit.org/properties/metadataHandler=org.dbunit.database.DefaultMetadataHandler@60648, http://www.dbunit.org/properties/datatypeFactory=org.dbunit.dataset.datatype.DefaultDataTypeFactory[_toleratedDeltaMap=org.dbunit.dataset.datatype.ToleratedDeltaMap@133a07d], http://www.dbunit.org/properties/escapePattern=null, http://www.dbunit.org/properties/batchSize=100, http://www.dbunit.org/features/qualifiedTableNames=false, http://www.dbunit.org/properties/tableType=[Ljava.lang.String;@6d6f28, http://www.dbunit.org/properties/resultSetTableFactory=org.dbunit.database.CachedResultSetTableFactory@9cde9a, http://www.dbunit.org/features/datatypeWarning=true}], _dataSet=AbstractDataSet[_orderedTableNameMap=null]) - start
08:54:29,192 DEBUG org.dbunit.util.QualifiedTableName:126 - getQualifiedName() - start
08:54:29,192 DEBUG org.dbunit.util.QualifiedTableName:190 - getQualifiedName(prefix=null, name=INSERTDATE, escapePattern=null) - start
08:54:29,193 DEBUG org.dbunit.operation.AbstractOperation:55 - getQualifiedName(prefix=null, name=VOIDREASON, connection=_databaseConfig=org.dbunit.database.DatabaseConfig[, _propertyMap={http://www.dbunit.org/properties/statementFactory=org.dbunit.database.statement.PreparedStatementFactory@eb5ea0, http://www.dbunit.org/features/caseSensitiveTableNames=false, http://www.dbunit.org/properties/fetchSize=100, http://www.dbunit.org/features/batchedStatements=false, http://www.dbunit.org/properties/metadataHandler=org.dbunit.database.DefaultMetadataHandler@60648, http://www.dbunit.org/properties/datatypeFactory=org.dbunit.dataset.datatype.DefaultDataTypeFactory[_toleratedDeltaMap=org.dbunit.dataset.datatype.ToleratedDeltaMap@133a07d], http://www.dbunit.org/properties/escapePattern=null, http://www.dbunit.org/properties/batchSize=100, http://www.dbunit.org/features/qualifiedTableNames=false, http://www.dbunit.org/properties/tableType=[Ljava.lang.String;@6d6f28, http://www.dbunit.org/properties/resultSetTableFactory=org.dbunit.database.CachedResultSetTableFactory@9cde9a, http://www.dbunit.org/features/datatypeWarning=true}], _dataSet=AbstractDataSet[_orderedTableNameMap=null]) - start
08:54:29,193 DEBUG org.dbunit.util.QualifiedTableName:126 - getQualifiedName() - start
08:54:29,193 DEBUG org.dbunit.util.QualifiedTableName:190 - getQualifiedName(prefix=null, name=VOIDREASON, escapePattern=null) - start
08:54:29,194 DEBUG org.dbunit.operation.AbstractOperation:55 - getQualifiedName(prefix=null, name=STATUS, connection=_databaseConfig=org.dbunit.database.DatabaseConfig[, _propertyMap={http://www.dbunit.org/properties/statementFactory=org.dbunit.database.statement.PreparedStatementFactory@eb5ea0, http://www.dbunit.org/features/caseSensitiveTableNames=false, http://www.dbunit.org/properties/fetchSize=100, http://www.dbunit.org/features/batchedStatements=false, http://www.dbunit.org/properties/metadataHandler=org.dbunit.database.DefaultMetadataHandler@60648, http://www.dbunit.org/properties/datatypeFactory=org.dbunit.dataset.datatype.DefaultDataTypeFactory[_toleratedDeltaMap=org.dbunit.dataset.datatype.ToleratedDeltaMap@133a07d], http://www.dbunit.org/properties/escapePattern=null, http://www.dbunit.org/properties/batchSize=100, http://www.dbunit.org/features/qualifiedTableNames=false, http://www.dbunit.org/properties/tableType=[Ljava.lang.String;@6d6f28, http://www.dbunit.org/properties/resultSetTableFactory=org.dbunit.database.CachedResultSetTableFactory@9cde9a, http://www.dbunit.org/features/datatypeWarning=true}], _dataSet=AbstractDataSet[_orderedTableNameMap=null]) - start
08:54:29,194 DEBUG org.dbunit.util.QualifiedTableName:126 - getQualifiedName() - start
08:54:29,195 DEBUG org.dbunit.util.QualifiedTableName:190 - getQualifiedName(prefix=null, name=STATUS, escapePattern=null) - start
08:54:29,195 DEBUG org.dbunit.operation.AbstractOperation:55 - getQualifiedName(prefix=null, name=DOB, connection=_databaseConfig=org.dbunit.database.DatabaseConfig[, _propertyMap={http://www.dbunit.org/properties/statementFactory=org.dbunit.database.statement.PreparedStatementFactory@eb5ea0, http://www.dbunit.org/features/caseSensitiveTableNames=false, http://www.dbunit.org/properties/fetchSize=100, http://www.dbunit.org/features/batchedStatements=false, http://www.dbunit.org/properties/metadataHandler=org.dbunit.database.DefaultMetadataHandler@60648, http://www.dbunit.org/properties/datatypeFactory=org.dbunit.dataset.datatype.DefaultDataTypeFactory[_toleratedDeltaMap=org.dbunit.dataset.datatype.ToleratedDeltaMap@133a07d], http://www.dbunit.org/properties/escapePattern=null, http://www.dbunit.org/properties/batchSize=100, http://www.dbunit.org/features/qualifiedTableNames=false, http://www.dbunit.org/properties/tableType=[Ljava.lang.String;@6d6f28, http://www.dbunit.org/properties/resultSetTableFactory=org.dbunit.database.CachedResultSetTableFactory@9cde9a, http://www.dbunit.org/features/datatypeWarning=true}], _dataSet=AbstractDataSet[_orderedTableNameMap=null]) - start
08:54:29,196 DEBUG org.dbunit.util.QualifiedTableName:126 - getQualifiedName() - start
08:54:29,196 DEBUG org.dbunit.util.QualifiedTableName:190 - getQualifiedName(prefix=null, name=DOB, escapePattern=null) - start
08:54:29,197 DEBUG org.dbunit.operation.AbstractOperation:55 - getQualifiedName(prefix=null, name=EXTID, connection=_databaseConfig=org.dbunit.database.DatabaseConfig[, _propertyMap={http://www.dbunit.org/properties/statementFactory=org.dbunit.database.statement.PreparedStatementFactory@eb5ea0, http://www.dbunit.org/features/caseSensitiveTableNames=false, http://www.dbunit.org/properties/fetchSize=100, http://www.dbunit.org/features/batchedStatements=false, http://www.dbunit.org/properties/metadataHandler=org.dbunit.database.DefaultMetadataHandler@60648, http://www.dbunit.org/properties/datatypeFactory=org.dbunit.dataset.datatype.DefaultDataTypeFactory[_toleratedDeltaMap=org.dbunit.dataset.datatype.ToleratedDeltaMap@133a07d], http://www.dbunit.org/properties/escapePattern=null, http://www.dbunit.org/properties/batchSize=100, http://www.dbunit.org/features/qualifiedTableNames=false, http://www.dbunit.org/properties/tableType=[Ljava.lang.String;@6d6f28, http://www.dbunit.org/properties/resultSetTableFactory=org.dbunit.database.CachedResultSetTableFactory@9cde9a, http://www.dbunit.org/features/datatypeWarning=true}], _dataSet=AbstractDataSet[_orderedTableNameMap=null]) - start
08:54:29,197 DEBUG org.dbunit.util.QualifiedTableName:126 - getQualifiedName() - start
08:54:29,198 DEBUG org.dbunit.util.QualifiedTableName:190 - getQualifiedName(prefix=null, name=EXTID, escapePattern=null) - start
08:54:29,198 DEBUG org.dbunit.operation.AbstractOperation:55 - getQualifiedName(prefix=null, name=FIRSTNAME, connection=_databaseConfig=org.dbunit.database.DatabaseConfig[, _propertyMap={http://www.dbunit.org/properties/statementFactory=org.dbunit.database.statement.PreparedStatementFactory@eb5ea0, http://www.dbunit.org/features/caseSensitiveTableNames=false, http://www.dbunit.org/properties/fetchSize=100, http://www.dbunit.org/features/batchedStatements=false, http://www.dbunit.org/properties/metadataHandler=org.dbunit.database.DefaultMetadataHandler@60648, http://www.dbunit.org/properties/datatypeFactory=org.dbunit.dataset.datatype.DefaultDataTypeFactory[_toleratedDeltaMap=org.dbunit.dataset.datatype.ToleratedDeltaMap@133a07d], http://www.dbunit.org/properties/escapePattern=null, http://www.dbunit.org/properties/batchSize=100, http://www.dbunit.org/features/qualifiedTableNames=false, http://www.dbunit.org/properties/tableType=[Ljava.lang.String;@6d6f28, http://www.dbunit.org/properties/resultSetTableFactory=org.dbunit.database.CachedResultSetTableFactory@9cde9a, http://www.dbunit.org/features/datatypeWarning=true}], _dataSet=AbstractDataSet[_orderedTableNameMap=null]) - start
08:54:29,198 DEBUG org.dbunit.util.QualifiedTableName:126 - getQualifiedName() - start
08:54:29,199 DEBUG org.dbunit.util.QualifiedTableName:190 - getQualifiedName(prefix=null, name=FIRSTNAME, escapePattern=null) - start
08:54:29,199 DEBUG org.dbunit.operation.AbstractOperation:55 - getQualifiedName(prefix=null, name=GENDER, connection=_databaseConfig=org.dbunit.database.DatabaseConfig[, _propertyMap={http://www.dbunit.org/properties/statementFactory=org.dbunit.database.statement.PreparedStatementFactory@eb5ea0, http://www.dbunit.org/features/caseSensitiveTableNames=false, http://www.dbunit.org/properties/fetchSize=100, http://www.dbunit.org/features/batchedStatements=false, http://www.dbunit.org/properties/metadataHandler=org.dbunit.database.DefaultMetadataHandler@60648, http://www.dbunit.org/properties/datatypeFactory=org.dbunit.dataset.datatype.DefaultDataTypeFactory[_toleratedDeltaMap=org.dbunit.dataset.datatype.ToleratedDeltaMap@133a07d], http://www.dbunit.org/properties/escapePattern=null, http://www.dbunit.org/properties/batchSize=100, http://www.dbunit.org/features/qualifiedTableNames=false, http://www.dbunit.org/properties/tableType=[Ljava.lang.String;@6d6f28, http://www.dbunit.org/properties/resultSetTableFactory=org.dbunit.database.CachedResultSetTableFactory@9cde9a, http://www.dbunit.org/features/datatypeWarning=true}], _dataSet=AbstractDataSet[_orderedTableNameMap=null]) - start
08:54:29,200 DEBUG org.dbunit.util.QualifiedTableName:126 - getQualifiedName() - start
08:54:29,200 DEBUG org.dbunit.util.QualifiedTableName:190 - getQualifiedName(prefix=null, name=GENDER, escapePattern=null) - start
08:54:29,201 DEBUG org.dbunit.operation.AbstractOperation:55 - getQualifiedName(prefix=null, name=LASTNAME, connection=_databaseConfig=org.dbunit.database.DatabaseConfig[, _propertyMap={http://www.dbunit.org/properties/statementFactory=org.dbunit.database.statement.PreparedStatementFactory@eb5ea0, http://www.dbunit.org/features/caseSensitiveTableNames=false, http://www.dbunit.org/properties/fetchSize=100, http://www.dbunit.org/features/batchedStatements=false, http://www.dbunit.org/properties/metadataHandler=org.dbunit.database.DefaultMetadataHandler@60648, http://www.dbunit.org/properties/datatypeFactory=org.dbunit.dataset.datatype.DefaultDataTypeFactory[_toleratedDeltaMap=org.dbunit.dataset.datatype.ToleratedDeltaMap@133a07d], http://www.dbunit.org/properties/escapePattern=null, http://www.dbunit.org/properties/batchSize=100, http://www.dbunit.org/features/qualifiedTableNames=false, http://www.dbunit.org/properties/tableType=[Ljava.lang.String;@6d6f28, http://www.dbunit.org/properties/resultSetTableFactory=org.dbunit.database.CachedResultSetTableFactory@9cde9a, http://www.dbunit.org/features/datatypeWarning=true}], _dataSet=AbstractDataSet[_orderedTableNameMap=null]) - start
08:54:29,201 DEBUG org.dbunit.util.QualifiedTableName:126 - getQualifiedName() - start
08:54:29,202 DEBUG org.dbunit.util.QualifiedTableName:190 - getQualifiedName(prefix=null, name=LASTNAME, escapePattern=null) - start
08:54:29,202 DEBUG org.dbunit.operation.AbstractOperation:55 - getQualifiedName(prefix=null, name=INSERTBY_UUID, connection=_databaseConfig=org.dbunit.database.DatabaseConfig[, _propertyMap={http://www.dbunit.org/properties/statementFactory=org.dbunit.database.statement.PreparedStatementFactory@eb5ea0, http://www.dbunit.org/features/caseSensitiveTableNames=false, http://www.dbunit.org/properties/fetchSize=100, http://www.dbunit.org/features/batchedStatements=false, http://www.dbunit.org/properties/metadataHandler=org.dbunit.database.DefaultMetadataHandler@60648, http://www.dbunit.org/properties/datatypeFactory=org.dbunit.dataset.datatype.DefaultDataTypeFactory[_toleratedDeltaMap=org.dbunit.dataset.datatype.ToleratedDeltaMap@133a07d], http://www.dbunit.org/properties/escapePattern=null, http://www.dbunit.org/properties/batchSize=100, http://www.dbunit.org/features/qualifiedTableNames=false, http://www.dbunit.org/properties/tableType=[Ljava.lang.String;@6d6f28, http://www.dbunit.org/properties/resultSetTableFactory=org.dbunit.database.CachedResultSetTableFactory@9cde9a, http://www.dbunit.org/features/datatypeWarning=true}], _dataSet=AbstractDataSet[_orderedTableNameMap=null]) - start
08:54:29,203 DEBUG org.dbunit.util.QualifiedTableName:126 - getQualifiedName() - start
08:54:29,203 DEBUG org.dbunit.util.QualifiedTableName:190 - getQualifiedName(prefix=null, name=INSERTBY_UUID, escapePattern=null) - start
08:54:29,204 DEBUG org.dbunit.operation.AbstractOperation:55 - getQualifiedName(prefix=null, name=COLLECTEDBY_UUID, connection=_databaseConfig=org.dbunit.database.DatabaseConfig[, _propertyMap={http://www.dbunit.org/properties/statementFactory=org.dbunit.database.statement.PreparedStatementFactory@eb5ea0, http://www.dbunit.org/features/caseSensitiveTableNames=false, http://www.dbunit.org/properties/fetchSize=100, http://www.dbunit.org/features/batchedStatements=false, http://www.dbunit.org/properties/metadataHandler=org.dbunit.database.DefaultMetadataHandler@60648, http://www.dbunit.org/properties/datatypeFactory=org.dbunit.dataset.datatype.DefaultDataTypeFactory[_toleratedDeltaMap=org.dbunit.dataset.datatype.ToleratedDeltaMap@133a07d], http://www.dbunit.org/properties/escapePattern=null, http://www.dbunit.org/properties/batchSize=100, http://www.dbunit.org/features/qualifiedTableNames=false, http://www.dbunit.org/properties/tableType=[Ljava.lang.String;@6d6f28, http://www.dbunit.org/properties/resultSetTableFactory=org.dbunit.database.CachedResultSetTableFactory@9cde9a, http://www.dbunit.org/features/datatypeWarning=true}], _dataSet=AbstractDataSet[_orderedTableNameMap=null]) - start
08:54:29,204 DEBUG org.dbunit.util.QualifiedTableName:126 - getQualifiedName() - start
08:54:29,205 DEBUG org.dbunit.util.QualifiedTableName:190 - getQualifiedName(prefix=null, name=COLLECTEDBY_UUID, escapePattern=null) - start
08:54:29,205 DEBUG org.dbunit.database.DatabaseDataSourceConnection:113 - getConnection() - start
08:54:29,206 DEBUG org.dbunit.operation.RefreshOperation$RowOperation:180 - execute(table=org.dbunit.dataset.DefaultTable[_metaData=tableName=individual, columns=[(uuid, UNKNOWN, nullableUnknown), (deleted, UNKNOWN, nullableUnknown), (insertDate, UNKNOWN, nullableUnknown), (voidReason, UNKNOWN, nullableUnknown), (status, UNKNOWN, nullableUnknown), (dob, UNKNOWN, nullableUnknown), (extId, UNKNOWN, nullableUnknown), (firstName, UNKNOWN, nullableUnknown), (gender, UNKNOWN, nullableUnknown), (lastName, UNKNOWN, nullableUnknown), (insertBy_uuid, UNKNOWN, nullableUnknown), (collectedBy_uuid, UNKNOWN, nullableUnknown)], keys=[], _rowList.size()=2], row=0) - start
08:54:29,206 DEBUG org.dbunit.dataset.DefaultTable:192 - getValue(row=0, column=UUID) - start
08:54:29,207 DEBUG org.dbunit.dataset.AbstractTable:41 - assertValidRowIndex(row=0) - start
08:54:29,207 DEBUG org.dbunit.dataset.AbstractTable:51 - assertValidRowIndex(row=0, rowCount=2) - start
08:54:29,208 DEBUG org.dbunit.dataset.AbstractTable:75 - getColumnIndex(columnName=UUID) - start
08:54:29,208 DEBUG org.dbunit.dataset.AbstractTableMetaData:101 - getColumnIndex(columnName=UUID) - start
08:54:29,208 DEBUG org.dbunit.database.statement.SimplePreparedStatement:64 - addValue(value=Indiv 4, dataType=VARCHAR) - start
08:54:29,209 DEBUG org.dbunit.dataset.datatype.StringDataType:157 - setSqlValue(value=Indiv 4, column=1, statement=prep243: insert into INDIVIDUAL (UUID, DELETED, INSERTDATE, VOIDREASON, STATUS, DOB, EXTID, FIRSTNAME, GENDER, LASTNAME, INSERTBY_UUID, COLLECTEDBY_UUID) values (?, ?, ?, ?, ?, ?, ?, ?, ?, ?, ?, ?)) - start
08:54:29,209 DEBUG org.dbunit.dataset.datatype.DataType:177 - asString(value=Indiv 4) - start
08:54:29,210 DEBUG org.dbunit.dataset.datatype.StringDataType:59 - typeCast(value=Indiv 4) - start
08:54:29,210 DEBUG org.dbunit.dataset.DefaultTable:192 - getValue(row=0, column=DELETED) - start
08:54:29,211 DEBUG org.dbunit.dataset.AbstractTable:41 - assertValidRowIndex(row=0) - start
08:54:29,211 DEBUG org.dbunit.dataset.AbstractTable:51 - assertValidRowIndex(row=0, rowCount=2) - start
08:54:29,211 DEBUG org.dbunit.dataset.AbstractTable:75 - getColumnIndex(columnName=DELETED) - start
08:54:29,212 DEBUG org.dbunit.dataset.AbstractTableMetaData:101 - getColumnIndex(columnName=DELETED) - start
08:54:29,212 DEBUG org.dbunit.database.statement.SimplePreparedStatement:64 - addValue(value=0, dataType=BOOLEAN) - start
08:54:29,213 DEBUG org.dbunit.dataset.datatype.BooleanDataType:143 - setSqlValue(value=0, column=2, statement=prep243: insert into INDIVIDUAL (UUID, DELETED, INSERTDATE, VOIDREASON, STATUS, DOB, EXTID, FIRSTNAME, GENDER, LASTNAME, INSERTBY_UUID, COLLECTEDBY_UUID) values (?, ?, ?, ?, ?, ?, ?, ?, ?, ?, ?, ?) {1: &apos;Indiv 4&apos;}) - start
08:54:29,213 DEBUG org.dbunit.dataset.datatype.BooleanDataType:66 - typeCast(value=0) - start
08:54:29,214 DEBUG org.dbunit.dataset.datatype.IntegerDataType:56 - typeCast(value=0) - start
08:54:29,214 DEBUG org.dbunit.dataset.datatype.IntegerDataType:56 - typeCast(value=0) - start
08:54:29,214 DEBUG org.dbunit.dataset.datatype.BooleanDataType:66 - typeCast(value=0) - start
08:54:29,215 DEBUG org.dbunit.dataset.DefaultTable:192 - getValue(row=0, column=INSERTDATE) - start
08:54:29,217 DEBUG org.dbunit.dataset.AbstractTable:41 - assertValidRowIndex(row=0) - start
08:54:29,218 DEBUG org.dbunit.dataset.AbstractTable:51 - assertValidRowIndex(row=0, rowCount=2) - start
08:54:29,218 DEBUG org.dbunit.dataset.AbstractTable:75 - getColumnIndex(columnName=INSERTDATE) - start
08:54:29,224 DEBUG org.dbunit.dataset.AbstractTableMetaData:101 - getColumnIndex(columnName=INSERTDATE) - start
08:54:29,225 DEBUG org.dbunit.database.statement.SimplePreparedStatement:64 - addValue(value=2012-03-19, dataType=DATE) - start
08:54:29,225 DEBUG org.dbunit.dataset.datatype.DateDataType:138 - setSqlValue(value=2012-03-19, column=3, statement=prep243: insert into INDIVIDUAL (UUID, DELETED, INSERTDATE, VOIDREASON, STATUS, DOB, EXTID, FIRSTNAME, GENDER, LASTNAME, INSERTBY_UUID, COLLECTEDBY_UUID) values (?, ?, ?, ?, ?, ?, ?, ?, ?, ?, ?, ?) {1: &apos;Indiv 4&apos;, 2: FALSE}) - start
08:54:29,226 DEBUG org.dbunit.dataset.datatype.DateDataType:57 - typeCast(value=2012-03-19) - start
08:54:29,227 DEBUG org.dbunit.dataset.DefaultTable:192 - getValue(row=0, column=VOIDREASON) - start
08:54:29,228 DEBUG org.dbunit.dataset.AbstractTable:41 - assertValidRowIndex(row=0) - start
08:54:29,228 DEBUG org.dbunit.dataset.AbstractTable:51 - assertValidRowIndex(row=0, rowCount=2) - start
08:54:29,228 DEBUG org.dbunit.dataset.AbstractTable:75 - getColumnIndex(columnName=VOIDREASON) - start
08:54:29,229 DEBUG org.dbunit.dataset.AbstractTableMetaData:101 - getColumnIndex(columnName=VOIDREASON) - start
08:54:29,229 DEBUG org.dbunit.database.statement.SimplePreparedStatement:64 - addValue(value=, dataType=VARCHAR) - start
08:54:29,230 DEBUG org.dbunit.dataset.datatype.StringDataType:157 - setSqlValue(value=, column=4, statement=prep243: insert into INDIVIDUAL (UUID, DELETED, INSERTDATE, VOIDREASON, STATUS, DOB, EXTID, FIRSTNAME, GENDER, LASTNAME, INSERTBY_UUID, COLLECTEDBY_UUID) values (?, ?, ?, ?, ?, ?, ?, ?, ?, ?, ?, ?) {1: &apos;Indiv 4&apos;, 2: FALSE, 3: DATE &apos;2012-03-19&apos;}) - start
08:54:29,230 DEBUG org.dbunit.dataset.datatype.DataType:177 - asString(value=) - start
08:54:29,231 DEBUG org.dbunit.dataset.datatype.StringDataType:59 - typeCast(value=) - start
08:54:29,231 DEBUG org.dbunit.dataset.DefaultTable:192 - getValue(row=0, column=STATUS) - start
08:54:29,231 DEBUG org.dbunit.dataset.AbstractTable:41 - assertValidRowIndex(row=0) - start
08:54:29,232 DEBUG org.dbunit.dataset.AbstractTable:51 - assertValidRowIndex(row=0, rowCount=2) - start
08:54:29,232 DEBUG org.dbunit.dataset.AbstractTable:75 - getColumnIndex(columnName=STATUS) - start
08:54:29,233 DEBUG org.dbunit.dataset.AbstractTableMetaData:101 - getColumnIndex(columnName=STATUS) - start
08:54:29,233 DEBUG org.dbunit.database.statement.SimplePreparedStatement:64 - addValue(value=A, dataType=VARCHAR) - start
08:54:29,234 DEBUG org.dbunit.dataset.datatype.StringDataType:157 - setSqlValue(value=A, column=5, statement=prep243: insert into INDIVIDUAL (UUID, DELETED, INSERTDATE, VOIDREASON, STATUS, DOB, EXTID, FIRSTNAME, GENDER, LASTNAME, INSERTBY_UUID, COLLECTEDBY_UUID) values (?, ?, ?, ?, ?, ?, ?, ?, ?, ?, ?, ?) {1: &apos;Indiv 4&apos;, 2: FALSE, 3: DATE &apos;2012-03-19&apos;, 4: &apos;&apos;}) - start
08:54:29,234 DEBUG org.dbunit.dataset.datatype.DataType:177 - asString(value=A) - start
08:54:29,234 DEBUG org.dbunit.dataset.datatype.StringDataType:59 - typeCast(value=A) - start
08:54:29,235 DEBUG org.dbunit.dataset.DefaultTable:192 - getValue(row=0, column=DOB) - start
08:54:29,235 DEBUG org.dbunit.dataset.AbstractTable:41 - assertValidRowIndex(row=0) - start
08:54:29,236 DEBUG org.dbunit.dataset.AbstractTable:51 - assertValidRowIndex(row=0, rowCount=2) - start
08:54:29,236 DEBUG org.dbunit.dataset.AbstractTable:75 - getColumnIndex(columnName=DOB) - start
08:54:29,237 DEBUG org.dbunit.dataset.AbstractTableMetaData:101 - getColumnIndex(columnName=DOB) - start
08:54:29,237 DEBUG org.dbunit.database.statement.SimplePreparedStatement:64 - addValue(value=2000-01-03, dataType=DATE) - start
08:54:29,238 DEBUG org.dbunit.dataset.datatype.DateDataType:138 - setSqlValue(value=2000-01-03, column=6, statement=prep243: insert into INDIVIDUAL (UUID, DELETED, INSERTDATE, VOIDREASON, STATUS, DOB, EXTID, FIRSTNAME, GENDER, LASTNAME, INSERTBY_UUID, COLLECTEDBY_UUID) values (?, ?, ?, ?, ?, ?, ?, ?, ?, ?, ?, ?) {1: &apos;Indiv 4&apos;, 2: FALSE, 3: DATE &apos;2012-03-19&apos;, 4: &apos;&apos;, 5: &apos;A&apos;}) - start
08:54:29,238 DEBUG org.dbunit.dataset.datatype.DateDataType:57 - typeCast(value=2000-01-03) - start
08:54:29,239 DEBUG org.dbunit.dataset.DefaultTable:192 - getValue(row=0, column=EXTID) - start
08:54:29,239 DEBUG org.dbunit.dataset.AbstractTable:41 - assertValidRowIndex(row=0) - start
08:54:29,239 DEBUG org.dbunit.dataset.AbstractTable:51 - assertValidRowIndex(row=0, rowCount=2) - start
08:54:29,240 DEBUG org.dbunit.dataset.AbstractTable:75 - getColumnIndex(columnName=EXTID) - start
08:54:29,240 DEBUG org.dbunit.dataset.AbstractTableMetaData:101 - getColumnIndex(columnName=EXTID) - start
08:54:29,241 DEBUG org.dbunit.database.statement.SimplePreparedStatement:64 - addValue(value=MBI000001004, dataType=VARCHAR) - start
08:54:29,241 DEBUG org.dbunit.dataset.datatype.StringDataType:157 - setSqlValue(value=MBI000001004, column=7, statement=prep243: insert into INDIVIDUAL (UUID, DELETED, INSERTDATE, VOIDREASON, STATUS, DOB, EXTID, FIRSTNAME, GENDER, LASTNAME, INSERTBY_UUID, COLLECTEDBY_UUID) values (?, ?, ?, ?, ?, ?, ?, ?, ?, ?, ?, ?) {1: &apos;Indiv 4&apos;, 2: FALSE, 3: DATE &apos;2012-03-19&apos;, 4: &apos;&apos;, 5: &apos;A&apos;, 6: DATE &apos;2000-01-03&apos;}) - start
08:54:29,242 DEBUG org.dbunit.dataset.datatype.DataType:177 - asString(value=MBI000001004) - start
08:54:29,242 DEBUG org.dbunit.dataset.datatype.StringDataType:59 - typeCast(value=MBI000001004) - start
08:54:29,243 DEBUG org.dbunit.dataset.DefaultTable:192 - getValue(row=0, column=FIRSTNAME) - start
08:54:29,243 DEBUG org.dbunit.dataset.AbstractTable:41 - assertValidRowIndex(row=0) - start
08:54:29,244 DEBUG org.dbunit.dataset.AbstractTable:51 - assertValidRowIndex(row=0, rowCount=2) - start
08:54:29,244 DEBUG org.dbunit.dataset.AbstractTable:75 - getColumnIndex(columnName=FIRSTNAME) - start
08:54:29,244 DEBUG org.dbunit.dataset.AbstractTableMetaData:101 - getColumnIndex(columnName=FIRSTNAME) - start
08:54:29,245 DEBUG org.dbunit.database.statement.SimplePreparedStatement:64 - addValue(value=Jessica, dataType=VARCHAR) - start
08:54:29,245 DEBUG org.dbunit.dataset.datatype.StringDataType:157 - setSqlValue(value=Jessica, column=8, statement=prep243: insert into INDIVIDUAL (UUID, DELETED, INSERTDATE, VOIDREASON, STATUS, DOB, EXTID, FIRSTNAME, GENDER, LASTNAME, INSERTBY_UUID, COLLECTEDBY_UUID) values (?, ?, ?, ?, ?, ?, ?, ?, ?, ?, ?, ?) {1: &apos;Indiv 4&apos;, 2: FALSE, 3: DATE &apos;2012-03-19&apos;, 4: &apos;&apos;, 5: &apos;A&apos;, 6: DATE &apos;2000-01-03&apos;, 7: &apos;MBI000001004&apos;}) - start
08:54:29,246 DEBUG org.dbunit.dataset.datatype.DataType:177 - asString(value=Jessica) - start
08:54:29,246 DEBUG org.dbunit.dataset.datatype.StringDataType:59 - typeCast(value=Jessica) - start
08:54:29,247 DEBUG org.dbunit.dataset.DefaultTable:192 - getValue(row=0, column=GENDER) - start
08:54:29,247 DEBUG org.dbunit.dataset.AbstractTable:41 - assertValidRowIndex(row=0) - start
08:54:29,248 DEBUG org.dbunit.dataset.AbstractTable:51 - assertValidRowIndex(row=0, rowCount=2) - start
08:54:29,248 DEBUG org.dbunit.dataset.AbstractTable:75 - getColumnIndex(columnName=GENDER) - start
08:54:29,248 DEBUG org.dbunit.dataset.AbstractTableMetaData:101 - getColumnIndex(columnName=GENDER) - start
08:54:29,249 DEBUG org.dbunit.database.statement.SimplePreparedStatement:64 - addValue(value=F, dataType=VARCHAR) - start
08:54:29,249 DEBUG org.dbunit.dataset.datatype.StringDataType:157 - setSqlValue(value=F, column=9, statement=prep243: insert into INDIVIDUAL (UUID, DELETED, INSERTDATE, VOIDREASON, STATUS, DOB, EXTID, FIRSTNAME, GENDER, LASTNAME, INSERTBY_UUID, COLLECTEDBY_UUID) values (?, ?, ?, ?, ?, ?, ?, ?, ?, ?, ?, ?) {1: &apos;Indiv 4&apos;, 2: FALSE, 3: DATE &apos;2012-03-19&apos;, 4: &apos;&apos;, 5: &apos;A&apos;, 6: DATE &apos;2000-01-03&apos;, 7: &apos;MBI000001004&apos;, 8: &apos;Jessica&apos;}) - start
08:54:29,250 DEBUG org.dbunit.dataset.datatype.DataType:177 - asString(value=F) - start
08:54:29,250 DEBUG org.dbunit.dataset.datatype.StringDataType:59 - typeCast(value=F) - start
08:54:29,251 DEBUG org.dbunit.dataset.DefaultTable:192 - getValue(row=0, column=LASTNAME) - start
08:54:29,251 DEBUG org.dbunit.dataset.AbstractTable:41 - assertValidRowIndex(row=0) - start
08:54:29,252 DEBUG org.dbunit.dataset.AbstractTable:51 - assertValidRowIndex(row=0, rowCount=2) - start
08:54:29,252 DEBUG org.dbunit.dataset.AbstractTable:75 - getColumnIndex(columnName=LASTNAME) - start
08:54:29,252 DEBUG org.dbunit.dataset.AbstractTableMetaData:101 - getColumnIndex(columnName=LASTNAME) - start
08:54:29,253 DEBUG org.dbunit.database.statement.SimplePreparedStatement:64 - addValue(value=Marsh, dataType=VARCHAR) - start
08:54:29,253 DEBUG org.dbunit.dataset.datatype.StringDataType:157 - setSqlValue(value=Marsh, column=10, statement=prep243: insert into INDIVIDUAL (UUID, DELETED, INSERTDATE, VOIDREASON, STATUS, DOB, EXTID, FIRSTNAME, GENDER, LASTNAME, INSERTBY_UUID, COLLECTEDBY_UUID) values (?, ?, ?, ?, ?, ?, ?, ?, ?, ?, ?, ?) {1: &apos;Indiv 4&apos;, 2: FALSE, 3: DATE &apos;2012-03-19&apos;, 4: &apos;&apos;, 5: &apos;A&apos;, 6: DATE &apos;2000-01-03&apos;, 7: &apos;MBI000001004&apos;, 8: &apos;Jessica&apos;, 9: &apos;F&apos;}) - start
08:54:29,254 DEBUG org.dbunit.dataset.datatype.DataType:177 - asString(value=Marsh) - start
08:54:29,254 DEBUG org.dbunit.dataset.datatype.StringDataType:59 - typeCast(value=Marsh) - start
08:54:29,255 DEBUG org.dbunit.dataset.DefaultTable:192 - getValue(row=0, column=INSERTBY_UUID) - start
08:54:29,255 DEBUG org.dbunit.dataset.AbstractTable:41 - assertValidRowIndex(row=0) - start
08:54:29,256 DEBUG org.dbunit.dataset.AbstractTable:51 - assertValidRowIndex(row=0, rowCount=2) - start
08:54:29,256 DEBUG org.dbunit.dataset.AbstractTable:75 - getColumnIndex(columnName=INSERTBY_UUID) - start
08:54:29,257 DEBUG org.dbunit.dataset.AbstractTableMetaData:101 - getColumnIndex(columnName=INSERTBY_UUID) - start
08:54:29,257 DEBUG org.dbunit.database.statement.SimplePreparedStatement:64 - addValue(value=User 1, dataType=VARCHAR) - start
08:54:29,257 DEBUG org.dbunit.dataset.datatype.StringDataType:157 - setSqlValue(value=User 1, column=11, statement=prep243: insert into INDIVIDUAL (UUID, DELETED, INSERTDATE, VOIDREASON, STATUS, DOB, EXTID, FIRSTNAME, GENDER, LASTNAME, INSERTBY_UUID, COLLECTEDBY_UUID) values (?, ?, ?, ?, ?, ?, ?, ?, ?, ?, ?, ?) {1: &apos;Indiv 4&apos;, 2: FALSE, 3: DATE &apos;2012-03-19&apos;, 4: &apos;&apos;, 5: &apos;A&apos;, 6: DATE &apos;2000-01-03&apos;, 7: &apos;MBI000001004&apos;, 8: &apos;Jessica&apos;, 9: &apos;F&apos;, 10: &apos;Marsh&apos;}) - start
08:54:29,258 DEBUG org.dbunit.dataset.datatype.DataType:177 - asString(value=User 1) - start
08:54:29,258 DEBUG org.dbunit.dataset.datatype.StringDataType:59 - typeCast(value=User 1) - start
08:54:29,259 DEBUG org.dbunit.dataset.DefaultTable:192 - getValue(row=0, column=COLLECTEDBY_UUID) - start
08:54:29,259 DEBUG org.dbunit.dataset.AbstractTable:41 - assertValidRowIndex(row=0) - start
08:54:29,260 DEBUG org.dbunit.dataset.AbstractTable:51 - assertValidRowIndex(row=0, rowCount=2) - start
08:54:29,260 DEBUG org.dbunit.dataset.AbstractTable:75 - getColumnIndex(columnName=COLLECTEDBY_UUID) - start
08:54:29,261 DEBUG org.dbunit.dataset.AbstractTableMetaData:101 - getColumnIndex(columnName=COLLECTEDBY_UUID) - start
08:54:29,261 DEBUG org.dbunit.database.statement.SimplePreparedStatement:64 - addValue(value=FieldWorker1, dataType=VARCHAR) - start
08:54:29,262 DEBUG org.dbunit.dataset.datatype.StringDataType:157 - setSqlValue(value=FieldWorker1, column=12, statement=prep243: insert into INDIVIDUAL (UUID, DELETED, INSERTDATE, VOIDREASON, STATUS, DOB, EXTID, FIRSTNAME, GENDER, LASTNAME, INSERTBY_UUID, COLLECTEDBY_UUID) values (?, ?, ?, ?, ?, ?, ?, ?, ?, ?, ?, ?) {1: &apos;Indiv 4&apos;, 2: FALSE, 3: DATE &apos;2012-03-19&apos;, 4: &apos;&apos;, 5: &apos;A&apos;, 6: DATE &apos;2000-01-03&apos;, 7: &apos;MBI000001004&apos;, 8: &apos;Jessica&apos;, 9: &apos;F&apos;, 10: &apos;Marsh&apos;, 11: &apos;User 1&apos;}) - start
08:54:29,262 DEBUG org.dbunit.dataset.datatype.DataType:177 - asString(value=FieldWorker1) - start
08:54:29,263 DEBUG org.dbunit.dataset.datatype.StringDataType:59 - typeCast(value=FieldWorker1) - start
08:54:29,263 DEBUG org.dbunit.database.statement.SimplePreparedStatement:78 - addBatch() - start
08:54:29,264 DEBUG org.dbunit.database.statement.SimplePreparedStatement:90 - executeBatch() - start
08:54:29,264 DEBUG org.dbunit.database.statement.SimplePreparedStatement:99 - clearBatch() - start
08:54:29,265 DEBUG org.dbunit.database.statement.SimplePreparedStatement:99 - clearBatch() - start
08:54:29,265 DEBUG org.dbunit.operation.RefreshOperation$RowOperation:180 - execute(table=org.dbunit.dataset.DefaultTable[_metaData=tableName=individual, columns=[(uuid, UNKNOWN, nullableUnknown), (deleted, UNKNOWN, nullableUnknown), (insertDate, UNKNOWN, nullableUnknown), (voidReason, UNKNOWN, nullableUnknown), (status, UNKNOWN, nullableUnknown), (dob, UNKNOWN, nullableUnknown), (extId, UNKNOWN, nullableUnknown), (firstName, UNKNOWN, nullableUnknown), (gender, UNKNOWN, nullableUnknown), (lastName, UNKNOWN, nullableUnknown), (insertBy_uuid, UNKNOWN, nullableUnknown), (collectedBy_uuid, UNKNOWN, nullableUnknown)], keys=[], _rowList.size()=2], row=1) - start
08:54:29,266 DEBUG org.dbunit.dataset.DefaultTable:192 - getValue(row=1, column=DELETED) - start
08:54:29,266 DEBUG org.dbunit.dataset.AbstractTable:41 - assertValidRowIndex(row=1) - start
08:54:29,267 DEBUG org.dbunit.dataset.AbstractTable:51 - assertValidRowIndex(row=1, rowCount=2) - start
08:54:29,267 DEBUG org.dbunit.dataset.AbstractTable:75 - getColumnIndex(columnName=DELETED) - start
08:54:29,267 DEBUG org.dbunit.dataset.AbstractTableMetaData:101 - getColumnIndex(columnName=DELETED) - start
08:54:29,268 DEBUG org.dbunit.database.statement.SimplePreparedStatement:64 - addValue(value=0, dataType=BOOLEAN) - start
08:54:29,268 DEBUG org.dbunit.dataset.datatype.BooleanDataType:143 - setSqlValue(value=0, column=1, statement=prep242: update INDIVIDUAL set DELETED = ?, INSERTDATE = ?, VOIDREASON = ?, STATUS = ?, DOB = ?, EXTID = ?, FIRSTNAME = ?, GENDER = ?, LASTNAME = ?, INSERTBY_UUID = ?, COLLECTEDBY_UUID = ? where UUID = ? {1: FALSE, 2: DATE &apos;2012-03-19&apos;, 3: &apos;&apos;, 4: &apos;A&apos;, 5: DATE &apos;2000-01-03&apos;, 6: &apos;MBI000001004&apos;, 7: &apos;Jessica&apos;, 8: &apos;F&apos;, 9: &apos;Marsh&apos;, 10: &apos;User 1&apos;, 11: &apos;FieldWorker1&apos;, 12: &apos;Indiv 4&apos;}) - start
08:54:29,269 DEBUG org.dbunit.dataset.datatype.BooleanDataType:66 - typeCast(value=0) - start
08:54:29,269 DEBUG org.dbunit.dataset.datatype.IntegerDataType:56 - typeCast(value=0) - start
08:54:29,270 DEBUG org.dbunit.dataset.datatype.IntegerDataType:56 - typeCast(value=0) - start
08:54:29,270 DEBUG org.dbunit.dataset.datatype.BooleanDataType:66 - typeCast(value=0) - start
08:54:29,271 DEBUG org.dbunit.dataset.DefaultTable:192 - getValue(row=1, column=INSERTDATE) - start
08:54:29,271 DEBUG org.dbunit.dataset.AbstractTable:41 - assertValidRowIndex(row=1) - start
08:54:29,271 DEBUG org.dbunit.dataset.AbstractTable:51 - assertValidRowIndex(row=1, rowCount=2) - start
08:54:29,272 DEBUG org.dbunit.dataset.AbstractTable:75 - getColumnIndex(columnName=INSERTDATE) - start
08:54:29,272 DEBUG org.dbunit.dataset.AbstractTableMetaData:101 - getColumnIndex(columnName=INSERTDATE) - start
08:54:29,273 DEBUG org.dbunit.database.statement.SimplePreparedStatement:64 - addValue(value=2010-03-19, dataType=DATE) - start
08:54:29,273 DEBUG org.dbunit.dataset.datatype.DateDataType:138 - setSqlValue(value=2010-03-19, column=2, statement=prep242: update INDIVIDUAL set DELETED = ?, INSERTDATE = ?, VOIDREASON = ?, STATUS = ?, DOB = ?, EXTID = ?, FIRSTNAME = ?, GENDER = ?, LASTNAME = ?, INSERTBY_UUID = ?, COLLECTEDBY_UUID = ? where UUID = ? {1: FALSE, 2: DATE &apos;2012-03-19&apos;, 3: &apos;&apos;, 4: &apos;A&apos;, 5: DATE &apos;2000-01-03&apos;, 6: &apos;MBI000001004&apos;, 7: &apos;Jessica&apos;, 8: &apos;F&apos;, 9: &apos;Marsh&apos;, 10: &apos;User 1&apos;, 11: &apos;FieldWorker1&apos;, 12: &apos;Indiv 4&apos;}) - start
08:54:29,274 DEBUG org.dbunit.dataset.datatype.DateDataType:57 - typeCast(value=2010-03-19) - start
08:54:29,274 DEBUG org.dbunit.dataset.DefaultTable:192 - getValue(row=1, column=VOIDREASON) - start
08:54:29,275 DEBUG org.dbunit.dataset.AbstractTable:41 - assertValidRowIndex(row=1) - start
08:54:29,275 DEBUG org.dbunit.dataset.AbstractTable:51 - assertValidRowIndex(row=1, rowCount=2) - start
08:54:29,276 DEBUG org.dbunit.dataset.AbstractTable:75 - getColumnIndex(columnName=VOIDREASON) - start
08:54:29,276 DEBUG org.dbunit.dataset.AbstractTableMetaData:101 - getColumnIndex(columnName=VOIDREASON) - start
08:54:29,276 DEBUG org.dbunit.database.statement.SimplePreparedStatement:64 - addValue(value=, dataType=VARCHAR) - start
08:54:29,277 DEBUG org.dbunit.dataset.datatype.StringDataType:157 - setSqlValue(value=, column=3, statement=prep242: update INDIVIDUAL set DELETED = ?, INSERTDATE = ?, VOIDREASON = ?, STATUS = ?, DOB = ?, EXTID = ?, FIRSTNAME = ?, GENDER = ?, LASTNAME = ?, INSERTBY_UUID = ?, COLLECTEDBY_UUID = ? where UUID = ? {1: FALSE, 2: DATE &apos;2010-03-19&apos;, 3: &apos;&apos;, 4: &apos;A&apos;, 5: DATE &apos;2000-01-03&apos;, 6: &apos;MBI000001004&apos;, 7: &apos;Jessica&apos;, 8: &apos;F&apos;, 9: &apos;Marsh&apos;, 10: &apos;User 1&apos;, 11: &apos;FieldWorker1&apos;, 12: &apos;Indiv 4&apos;}) - start
08:54:29,277 DEBUG org.dbunit.dataset.datatype.DataType:177 - asString(value=) - start
08:54:29,278 DEBUG org.dbunit.dataset.datatype.StringDataType:59 - typeCast(value=) - start
08:54:29,278 DEBUG org.dbunit.dataset.DefaultTable:192 - getValue(row=1, column=STATUS) - start
08:54:29,279 DEBUG org.dbunit.dataset.AbstractTable:41 - assertValidRowIndex(row=1) - start
08:54:29,279 DEBUG org.dbunit.dataset.AbstractTable:51 - assertValidRowIndex(row=1, rowCount=2) - start
08:54:29,280 DEBUG org.dbunit.dataset.AbstractTable:75 - getColumnIndex(columnName=STATUS) - start
08:54:29,280 DEBUG org.dbunit.dataset.AbstractTableMetaData:101 - getColumnIndex(columnName=STATUS) - start
08:54:29,280 DEBUG org.dbunit.database.statement.SimplePreparedStatement:64 - addValue(value=A, dataType=VARCHAR) - start
08:54:29,281 DEBUG org.dbunit.dataset.datatype.StringDataType:157 - setSqlValue(value=A, column=4, statement=prep242: update INDIVIDUAL set DELETED = ?, INSERTDATE = ?, VOIDREASON = ?, STATUS = ?, DOB = ?, EXTID = ?, FIRSTNAME = ?, GENDER = ?, LASTNAME = ?, INSERTBY_UUID = ?, COLLECTEDBY_UUID = ? where UUID = ? {1: FALSE, 2: DATE &apos;2010-03-19&apos;, 3: &apos;&apos;, 4: &apos;A&apos;, 5: DATE &apos;2000-01-03&apos;, 6: &apos;MBI000001004&apos;, 7: &apos;Jessica&apos;, 8: &apos;F&apos;, 9: &apos;Marsh&apos;, 10: &apos;User 1&apos;, 11: &apos;FieldWorker1&apos;, 12: &apos;Indiv 4&apos;}) - start
08:54:29,281 DEBUG org.dbunit.dataset.datatype.DataType:177 - asString(value=A) - start
08:54:29,282 DEBUG org.dbunit.dataset.datatype.StringDataType:59 - typeCast(value=A) - start
08:54:29,282 DEBUG org.dbunit.dataset.DefaultTable:192 - getValue(row=1, column=DOB) - start
08:54:29,283 DEBUG org.dbunit.dataset.AbstractTable:41 - assertValidRowIndex(row=1) - start
08:54:29,283 DEBUG org.dbunit.dataset.AbstractTable:51 - assertValidRowIndex(row=1, rowCount=2) - start
08:54:29,284 DEBUG org.dbunit.dataset.AbstractTable:75 - getColumnIndex(columnName=DOB) - start
08:54:29,284 DEBUG org.dbunit.dataset.AbstractTableMetaData:101 - getColumnIndex(columnName=DOB) - start
08:54:29,284 DEBUG org.dbunit.database.statement.SimplePreparedStatement:64 - addValue(value=1987-01-03, dataType=DATE) - start
08:54:29,285 DEBUG org.dbunit.dataset.datatype.DateDataType:138 - setSqlValue(value=1987-01-03, column=5, statement=prep242: update INDIVIDUAL set DELETED = ?, INSERTDATE = ?, VOIDREASON = ?, STATUS = ?, DOB = ?, EXTID = ?, FIRSTNAME = ?, GENDER = ?, LASTNAME = ?, INSERTBY_UUID = ?, COLLECTEDBY_UUID = ? where UUID = ? {1: FALSE, 2: DATE &apos;2010-03-19&apos;, 3: &apos;&apos;, 4: &apos;A&apos;, 5: DATE &apos;2000-01-03&apos;, 6: &apos;MBI000001004&apos;, 7: &apos;Jessica&apos;, 8: &apos;F&apos;, 9: &apos;Marsh&apos;, 10: &apos;User 1&apos;, 11: &apos;FieldWorker1&apos;, 12: &apos;Indiv 4&apos;}) - start
08:54:29,285 DEBUG org.dbunit.dataset.datatype.DateDataType:57 - typeCast(value=1987-01-03) - start
08:54:29,286 DEBUG org.dbunit.dataset.DefaultTable:192 - getValue(row=1, column=EXTID) - start
08:54:29,286 DEBUG org.dbunit.dataset.AbstractTable:41 - assertValidRowIndex(row=1) - start
08:54:29,287 DEBUG org.dbunit.dataset.AbstractTable:51 - assertValidRowIndex(row=1, rowCount=2) - start
08:54:29,287 DEBUG org.dbunit.dataset.AbstractTable:75 - getColumnIndex(columnName=EXTID) - start
08:54:29,288 DEBUG org.dbunit.dataset.AbstractTableMetaData:101 - getColumnIndex(columnName=EXTID) - start
08:54:29,288 DEBUG org.dbunit.database.statement.SimplePreparedStatement:64 - addValue(value=MBI000001005, dataType=VARCHAR) - start
08:54:29,289 DEBUG org.dbunit.dataset.datatype.StringDataType:157 - setSqlValue(value=MBI000001005, column=6, statement=prep242: update INDIVIDUAL set DELETED = ?, INSERTDATE = ?, VOIDREASON = ?, STATUS = ?, DOB = ?, EXTID = ?, FIRSTNAME = ?, GENDER = ?, LASTNAME = ?, INSERTBY_UUID = ?, COLLECTEDBY_UUID = ? where UUID = ? {1: FALSE, 2: DATE &apos;2010-03-19&apos;, 3: &apos;&apos;, 4: &apos;A&apos;, 5: DATE &apos;1987-01-03&apos;, 6: &apos;MBI000001004&apos;, 7: &apos;Jessica&apos;, 8: &apos;F&apos;, 9: &apos;Marsh&apos;, 10: &apos;User 1&apos;, 11: &apos;FieldWorker1&apos;, 12: &apos;Indiv 4&apos;}) - start
08:54:29,291 DEBUG org.dbunit.dataset.datatype.DataType:177 - asString(value=MBI000001005) - start
08:54:29,292 DEBUG org.dbunit.dataset.datatype.StringDataType:59 - typeCast(value=MBI000001005) - start
08:54:29,292 DEBUG org.dbunit.dataset.DefaultTable:192 - getValue(row=1, column=FIRSTNAME) - start
08:54:29,293 DEBUG org.dbunit.dataset.AbstractTable:41 - assertValidRowIndex(row=1) - start
08:54:29,293 DEBUG org.dbunit.dataset.AbstractTable:51 - assertValidRowIndex(row=1, rowCount=2) - start
08:54:29,294 DEBUG org.dbunit.dataset.AbstractTable:75 - getColumnIndex(columnName=FIRSTNAME) - start
08:54:29,294 DEBUG org.dbunit.dataset.AbstractTableMetaData:101 - getColumnIndex(columnName=FIRSTNAME) - start
08:54:29,294 DEBUG org.dbunit.database.statement.SimplePreparedStatement:64 - addValue(value=Jess, dataType=VARCHAR) - start
08:54:29,295 DEBUG org.dbunit.dataset.datatype.StringDataType:157 - setSqlValue(value=Jess, column=7, statement=prep242: update INDIVIDUAL set DELETED = ?, INSERTDATE = ?, VOIDREASON = ?, STATUS = ?, DOB = ?, EXTID = ?, FIRSTNAME = ?, GENDER = ?, LASTNAME = ?, INSERTBY_UUID = ?, COLLECTEDBY_UUID = ? where UUID = ? {1: FALSE, 2: DATE &apos;2010-03-19&apos;, 3: &apos;&apos;, 4: &apos;A&apos;, 5: DATE &apos;1987-01-03&apos;, 6: &apos;MBI000001005&apos;, 7: &apos;Jessica&apos;, 8: &apos;F&apos;, 9: &apos;Marsh&apos;, 10: &apos;User 1&apos;, 11: &apos;FieldWorker1&apos;, 12: &apos;Indiv 4&apos;}) - start
08:54:29,295 DEBUG org.dbunit.dataset.datatype.DataType:177 - asString(value=Jess) - start
08:54:29,296 DEBUG org.dbunit.dataset.datatype.StringDataType:59 - typeCast(value=Jess) - start
08:54:29,296 DEBUG org.dbunit.dataset.DefaultTable:192 - getValue(row=1, column=GENDER) - start
08:54:29,297 DEBUG org.dbunit.dataset.AbstractTable:41 - assertValidRowIndex(row=1) - start
08:54:29,297 DEBUG org.dbunit.dataset.AbstractTable:51 - assertValidRowIndex(row=1, rowCount=2) - start
08:54:29,298 DEBUG org.dbunit.dataset.AbstractTable:75 - getColumnIndex(columnName=GENDER) - start
08:54:29,298 DEBUG org.dbunit.dataset.AbstractTableMetaData:101 - getColumnIndex(columnName=GENDER) - start
08:54:29,299 DEBUG org.dbunit.database.statement.SimplePreparedStatement:64 - addValue(value=F, dataType=VARCHAR) - start
08:54:29,299 DEBUG org.dbunit.dataset.datatype.StringDataType:157 - setSqlValue(value=F, column=8, statement=prep242: update INDIVIDUAL set DELETED = ?, INSERTDATE = ?, VOIDREASON = ?, STATUS = ?, DOB = ?, EXTID = ?, FIRSTNAME = ?, GENDER = ?, LASTNAME = ?, INSERTBY_UUID = ?, COLLECTEDBY_UUID = ? where UUID = ? {1: FALSE, 2: DATE &apos;2010-03-19&apos;, 3: &apos;&apos;, 4: &apos;A&apos;, 5: DATE &apos;1987-01-03&apos;, 6: &apos;MBI000001005&apos;, 7: &apos;Jess&apos;, 8: &apos;F&apos;, 9: &apos;Marsh&apos;, 10: &apos;User 1&apos;, 11: &apos;FieldWorker1&apos;, 12: &apos;Indiv 4&apos;}) - start
08:54:29,300 DEBUG org.dbunit.dataset.datatype.DataType:177 - asString(value=F) - start
08:54:29,300 DEBUG org.dbunit.dataset.datatype.StringDataType:59 - typeCast(value=F) - start
08:54:29,301 DEBUG org.dbunit.dataset.DefaultTable:192 - getValue(row=1, column=LASTNAME) - start
08:54:29,301 DEBUG org.dbunit.dataset.AbstractTable:41 - assertValidRowIndex(row=1) - start
08:54:29,301 DEBUG org.dbunit.dataset.AbstractTable:51 - assertValidRowIndex(row=1, rowCount=2) - start
08:54:29,302 DEBUG org.dbunit.dataset.AbstractTable:75 - getColumnIndex(columnName=LASTNAME) - start
08:54:29,302 DEBUG org.dbunit.dataset.AbstractTableMetaData:101 - getColumnIndex(columnName=LASTNAME) - start
08:54:29,303 DEBUG org.dbunit.database.statement.SimplePreparedStatement:64 - addValue(value=Marsha, dataType=VARCHAR) - start
08:54:29,303 DEBUG org.dbunit.dataset.datatype.StringDataType:157 - setSqlValue(value=Marsha, column=9, statement=prep242: update INDIVIDUAL set DELETED = ?, INSERTDATE = ?, VOIDREASON = ?, STATUS = ?, DOB = ?, EXTID = ?, FIRSTNAME = ?, GENDER = ?, LASTNAME = ?, INSERTBY_UUID = ?, COLLECTEDBY_UUID = ? where UUID = ? {1: FALSE, 2: DATE &apos;2010-03-19&apos;, 3: &apos;&apos;, 4: &apos;A&apos;, 5: DATE &apos;1987-01-03&apos;, 6: &apos;MBI000001005&apos;, 7: &apos;Jess&apos;, 8: &apos;F&apos;, 9: &apos;Marsh&apos;, 10: &apos;User 1&apos;, 11: &apos;FieldWorker1&apos;, 12: &apos;Indiv 4&apos;}) - start
08:54:29,304 DEBUG org.dbunit.dataset.datatype.DataType:177 - asString(value=Marsha) - start
08:54:29,304 DEBUG org.dbunit.dataset.datatype.StringDataType:59 - typeCast(value=Marsha) - start
08:54:29,305 DEBUG org.dbunit.dataset.DefaultTable:192 - getValue(row=1, column=INSERTBY_UUID) - start
08:54:29,305 DEBUG org.dbunit.dataset.AbstractTable:41 - assertValidRowIndex(row=1) - start
08:54:29,305 DEBUG org.dbunit.dataset.AbstractTable:51 - assertValidRowIndex(row=1, rowCount=2) - start
08:54:29,306 DEBUG org.dbunit.dataset.AbstractTable:75 - getColumnIndex(columnName=INSERTBY_UUID) - start
08:54:29,306 DEBUG org.dbunit.dataset.AbstractTableMetaData:101 - getColumnIndex(columnName=INSERTBY_UUID) - start
08:54:29,306 DEBUG org.dbunit.database.statement.SimplePreparedStatement:64 - addValue(value=User 1, dataType=VARCHAR) - start
08:54:29,307 DEBUG org.dbunit.dataset.datatype.StringDataType:157 - setSqlValue(value=User 1, column=10, statement=prep242: update INDIVIDUAL set DELETED = ?, INSERTDATE = ?, VOIDREASON = ?, STATUS = ?, DOB = ?, EXTID = ?, FIRSTNAME = ?, GENDER = ?, LASTNAME = ?, INSERTBY_UUID = ?, COLLECTEDBY_UUID = ? where UUID = ? {1: FALSE, 2: DATE &apos;2010-03-19&apos;, 3: &apos;&apos;, 4: &apos;A&apos;, 5: DATE &apos;1987-01-03&apos;, 6: &apos;MBI000001005&apos;, 7: &apos;Jess&apos;, 8: &apos;F&apos;, 9: &apos;Marsha&apos;, 10: &apos;User 1&apos;, 11: &apos;FieldWorker1&apos;, 12: &apos;Indiv 4&apos;}) - start
08:54:29,307 DEBUG org.dbunit.dataset.datatype.DataType:177 - asString(value=User 1) - start
08:54:29,307 DEBUG org.dbunit.dataset.datatype.StringDataType:59 - typeCast(value=User 1) - start
08:54:29,307 DEBUG org.dbunit.dataset.DefaultTable:192 - getValue(row=1, column=COLLECTEDBY_UUID) - start
08:54:29,308 DEBUG org.dbunit.dataset.AbstractTable:41 - assertValidRowIndex(row=1) - start
08:54:29,308 DEBUG org.dbunit.dataset.AbstractTable:51 - assertValidRowIndex(row=1, rowCount=2) - start
08:54:29,308 DEBUG org.dbunit.dataset.AbstractTable:75 - getColumnIndex(columnName=COLLECTEDBY_UUID) - start
08:54:29,308 DEBUG org.dbunit.dataset.AbstractTableMetaData:101 - getColumnIndex(columnName=COLLECTEDBY_UUID) - start
08:54:29,309 DEBUG org.dbunit.database.statement.SimplePreparedStatement:64 - addValue(value=FieldWorker1, dataType=VARCHAR) - start
08:54:29,309 DEBUG org.dbunit.dataset.datatype.StringDataType:157 - setSqlValue(value=FieldWorker1, column=11, statement=prep242: update INDIVIDUAL set DELETED = ?, INSERTDATE = ?, VOIDREASON = ?, STATUS = ?, DOB = ?, EXTID = ?, FIRSTNAME = ?, GENDER = ?, LASTNAME = ?, INSERTBY_UUID = ?, COLLECTEDBY_UUID = ? where UUID = ? {1: FALSE, 2: DATE &apos;2010-03-19&apos;, 3: &apos;&apos;, 4: &apos;A&apos;, 5: DATE &apos;1987-01-03&apos;, 6: &apos;MBI000001005&apos;, 7: &apos;Jess&apos;, 8: &apos;F&apos;, 9: &apos;Marsha&apos;, 10: &apos;User 1&apos;, 11: &apos;FieldWorker1&apos;, 12: &apos;Indiv 4&apos;}) - start
08:54:29,309 DEBUG org.dbunit.dataset.datatype.DataType:177 - asString(value=FieldWorker1) - start
08:54:29,310 DEBUG org.dbunit.dataset.datatype.StringDataType:59 - typeCast(value=FieldWorker1) - start
08:54:29,310 DEBUG org.dbunit.dataset.DefaultTable:192 - getValue(row=1, column=UUID) - start
08:54:29,311 DEBUG org.dbunit.dataset.AbstractTable:41 - assertValidRowIndex(row=1) - start
08:54:29,311 DEBUG org.dbunit.dataset.AbstractTable:51 - assertValidRowIndex(row=1, rowCount=2) - start
08:54:29,312 DEBUG org.dbunit.dataset.AbstractTable:75 - getColumnIndex(columnName=UUID) - start
08:54:29,312 DEBUG org.dbunit.dataset.AbstractTableMetaData:101 - getColumnIndex(columnName=UUID) - start
08:54:29,312 DEBUG org.dbunit.database.statement.SimplePreparedStatement:64 - addValue(value=Indiv 1, dataType=VARCHAR) - start
08:54:29,314 DEBUG org.dbunit.dataset.datatype.StringDataType:157 - setSqlValue(value=Indiv 1, column=12, statement=prep242: update INDIVIDUAL set DELETED = ?, INSERTDATE = ?, VOIDREASON = ?, STATUS = ?, DOB = ?, EXTID = ?, FIRSTNAME = ?, GENDER = ?, LASTNAME = ?, INSERTBY_UUID = ?, COLLECTEDBY_UUID = ? where UUID = ? {1: FALSE, 2: DATE &apos;2010-03-19&apos;, 3: &apos;&apos;, 4: &apos;A&apos;, 5: DATE &apos;1987-01-03&apos;, 6: &apos;MBI000001005&apos;, 7: &apos;Jess&apos;, 8: &apos;F&apos;, 9: &apos;Marsha&apos;, 10: &apos;User 1&apos;, 11: &apos;FieldWorker1&apos;, 12: &apos;Indiv 4&apos;}) - start
08:54:29,314 DEBUG org.dbunit.dataset.datatype.DataType:177 - asString(value=Indiv 1) - start
08:54:29,315 DEBUG org.dbunit.dataset.datatype.StringDataType:59 - typeCast(value=Indiv 1) - start
08:54:29,315 DEBUG org.dbunit.database.statement.SimplePreparedStatement:78 - addBatch() - start
08:54:29,315 DEBUG org.dbunit.database.statement.SimplePreparedStatement:90 - executeBatch() - start
08:54:29,316 DEBUG org.dbunit.database.statement.SimplePreparedStatement:99 - clearBatch() - start
08:54:29,316 DEBUG org.dbunit.database.statement.SimplePreparedStatement:99 - clearBatch() - start
08:54:29,316 DEBUG org.dbunit.operation.RefreshOperation$InsertRowOperation:238 - execute(table=org.dbunit.dataset.DefaultTable[_metaData=tableName=individual, columns=[(uuid, UNKNOWN, nullableUnknown), (deleted, UNKNOWN, nullableUnknown), (insertDate, UNKNOWN, nullableUnknown), (voidReason, UNKNOWN, nullableUnknown), (status, UNKNOWN, nullableUnknown), (dob, UNKNOWN, nullableUnknown), (extId, UNKNOWN, nullableUnknown), (firstName, UNKNOWN, nullableUnknown), (gender, UNKNOWN, nullableUnknown), (lastName, UNKNOWN, nullableUnknown), (insertBy_uuid, UNKNOWN, nullableUnknown), (collectedBy_uuid, UNKNOWN, nullableUnknown)], keys=[], _rowList.size()=2], row=1) - start
08:54:29,316 DEBUG org.dbunit.operation.InsertOperation:134 - equalsIgnoreMapping(ignoreMapping={}, table=org.dbunit.dataset.DefaultTable[_metaData=tableName=individual, columns=[(uuid, UNKNOWN, nullableUnknown), (deleted, UNKNOWN, nullableUnknown), (insertDate, UNKNOWN, nullableUnknown), (voidReason, UNKNOWN, nullableUnknown), (status, UNKNOWN, nullableUnknown), (dob, UNKNOWN, nullableUnknown), (extId, UNKNOWN, nullableUnknown), (firstName, UNKNOWN, nullableUnknown), (gender, UNKNOWN, nullableUnknown), (lastName, UNKNOWN, nullableUnknown), (insertBy_uuid, UNKNOWN, nullableUnknown), (collectedBy_uuid, UNKNOWN, nullableUnknown)], keys=[], _rowList.size()=2], row=1) - start
08:54:29,317 DEBUG org.dbunit.dataset.DefaultTable:192 - getValue(row=1, column=uuid) - start
08:54:29,317 DEBUG org.dbunit.dataset.AbstractTable:41 - assertValidRowIndex(row=1) - start
08:54:29,317 DEBUG org.dbunit.dataset.AbstractTable:51 - assertValidRowIndex(row=1, rowCount=2) - start
08:54:29,318 DEBUG org.dbunit.dataset.AbstractTable:75 - getColumnIndex(columnName=uuid) - start
08:54:29,318 DEBUG org.dbunit.dataset.AbstractTableMetaData:101 - getColumnIndex(columnName=uuid) - start
08:54:29,318 DEBUG org.dbunit.dataset.DefaultTable:192 - getValue(row=1, column=deleted) - start
08:54:29,318 DEBUG org.dbunit.dataset.AbstractTable:41 - assertValidRowIndex(row=1) - start
08:54:29,319 DEBUG org.dbunit.dataset.AbstractTable:51 - assertValidRowIndex(row=1, rowCount=2) - start
08:54:29,319 DEBUG org.dbunit.dataset.AbstractTable:75 - getColumnIndex(columnName=deleted) - start
08:54:29,322 DEBUG org.dbunit.dataset.AbstractTableMetaData:101 - getColumnIndex(columnName=deleted) - start
08:54:29,322 DEBUG org.dbunit.dataset.DefaultTable:192 - getValue(row=1, column=insertDate) - start
08:54:29,323 DEBUG org.dbunit.dataset.AbstractTable:41 - assertValidRowIndex(row=1) - start
08:54:29,323 DEBUG org.dbunit.dataset.AbstractTable:51 - assertValidRowIndex(row=1, rowCount=2) - start
08:54:29,323 DEBUG org.dbunit.dataset.AbstractTable:75 - getColumnIndex(columnName=insertDate) - start
08:54:29,323 DEBUG org.dbunit.dataset.AbstractTableMetaData:101 - getColumnIndex(columnName=insertDate) - start
08:54:29,324 DEBUG org.dbunit.dataset.DefaultTable:192 - getValue(row=1, column=voidReason) - start
08:54:29,324 DEBUG org.dbunit.dataset.AbstractTable:41 - assertValidRowIndex(row=1) - start
08:54:29,324 DEBUG org.dbunit.dataset.AbstractTable:51 - assertValidRowIndex(row=1, rowCount=2) - start
08:54:29,324 DEBUG org.dbunit.dataset.AbstractTable:75 - getColumnIndex(columnName=voidReason) - start
08:54:29,325 DEBUG org.dbunit.dataset.AbstractTableMetaData:101 - getColumnIndex(columnName=voidReason) - start
08:54:29,325 DEBUG org.dbunit.dataset.DefaultTable:192 - getValue(row=1, column=status) - start
08:54:29,325 DEBUG org.dbunit.dataset.AbstractTable:41 - assertValidRowIndex(row=1) - start
08:54:29,326 DEBUG org.dbunit.dataset.AbstractTable:51 - assertValidRowIndex(row=1, rowCount=2) - start
08:54:29,326 DEBUG org.dbunit.dataset.AbstractTable:75 - getColumnIndex(columnName=status) - start
08:54:29,326 DEBUG org.dbunit.dataset.AbstractTableMetaData:101 - getColumnIndex(columnName=status) - start
08:54:29,326 DEBUG org.dbunit.dataset.DefaultTable:192 - getValue(row=1, column=dob) - start
08:54:29,327 DEBUG org.dbunit.dataset.AbstractTable:41 - assertValidRowIndex(row=1) - start
08:54:29,327 DEBUG org.dbunit.dataset.AbstractTable:51 - assertValidRowIndex(row=1, rowCount=2) - start
08:54:29,328 DEBUG org.dbunit.dataset.AbstractTable:75 - getColumnIndex(columnName=dob) - start
08:54:29,328 DEBUG org.dbunit.dataset.AbstractTableMetaData:101 - getColumnIndex(columnName=dob) - start
08:54:29,328 DEBUG org.dbunit.dataset.DefaultTable:192 - getValue(row=1, column=extId) - start
08:54:29,328 DEBUG org.dbunit.dataset.AbstractTable:41 - assertValidRowIndex(row=1) - start
08:54:29,329 DEBUG org.dbunit.dataset.AbstractTable:51 - assertValidRowIndex(row=1, rowCount=2) - start
08:54:29,329 DEBUG org.dbunit.dataset.AbstractTable:75 - getColumnIndex(columnName=extId) - start
08:54:29,329 DEBUG org.dbunit.dataset.AbstractTableMetaData:101 - getColumnIndex(columnName=extId) - start
08:54:29,330 DEBUG org.dbunit.dataset.DefaultTable:192 - getValue(row=1, column=firstName) - start
08:54:29,330 DEBUG org.dbunit.dataset.AbstractTable:41 - assertValidRowIndex(row=1) - start
08:54:29,330 DEBUG org.dbunit.dataset.AbstractTable:51 - assertValidRowIndex(row=1, rowCount=2) - start
08:54:29,330 DEBUG org.dbunit.dataset.AbstractTable:75 - getColumnIndex(columnName=firstName) - start
08:54:29,331 DEBUG org.dbunit.dataset.AbstractTableMetaData:101 - getColumnIndex(columnName=firstName) - start
08:54:29,331 DEBUG org.dbunit.dataset.DefaultTable:192 - getValue(row=1, column=gender) - start
08:54:29,331 DEBUG org.dbunit.dataset.AbstractTable:41 - assertValidRowIndex(row=1) - start
08:54:29,331 DEBUG org.dbunit.dataset.AbstractTable:51 - assertValidRowIndex(row=1, rowCount=2) - start
08:54:29,332 DEBUG org.dbunit.dataset.AbstractTable:75 - getColumnIndex(columnName=gender) - start
08:54:29,333 DEBUG org.dbunit.dataset.AbstractTableMetaData:101 - getColumnIndex(columnName=gender) - start
08:54:29,333 DEBUG org.dbunit.dataset.DefaultTable:192 - getValue(row=1, column=lastName) - start
08:54:29,333 DEBUG org.dbunit.dataset.AbstractTable:41 - assertValidRowIndex(row=1) - start
08:54:29,334 DEBUG org.dbunit.dataset.AbstractTable:51 - assertValidRowIndex(row=1, rowCount=2) - start
08:54:29,334 DEBUG org.dbunit.dataset.AbstractTable:75 - getColumnIndex(columnName=lastName) - start
08:54:29,335 DEBUG org.dbunit.dataset.AbstractTableMetaData:101 - getColumnIndex(columnName=lastName) - start
08:54:29,335 DEBUG org.dbunit.dataset.DefaultTable:192 - getValue(row=1, column=insertBy_uuid) - start
08:54:29,336 DEBUG org.dbunit.dataset.AbstractTable:41 - assertValidRowIndex(row=1) - start
08:54:29,336 DEBUG org.dbunit.dataset.AbstractTable:51 - assertValidRowIndex(row=1, rowCount=2) - start
08:54:29,336 DEBUG org.dbunit.dataset.AbstractTable:75 - getColumnIndex(columnName=insertBy_uuid) - start
08:54:29,337 DEBUG org.dbunit.dataset.AbstractTableMetaData:101 - getColumnIndex(columnName=insertBy_uuid) - start
08:54:29,337 DEBUG org.dbunit.dataset.DefaultTable:192 - getValue(row=1, column=collectedBy_uuid) - start
08:54:29,337 DEBUG org.dbunit.dataset.AbstractTable:41 - assertValidRowIndex(row=1) - start
08:54:29,338 DEBUG org.dbunit.dataset.AbstractTable:51 - assertValidRowIndex(row=1, rowCount=2) - start
08:54:29,338 DEBUG org.dbunit.dataset.AbstractTable:75 - getColumnIndex(columnName=collectedBy_uuid) - start
08:54:29,339 DEBUG org.dbunit.dataset.AbstractTableMetaData:101 - getColumnIndex(columnName=collectedBy_uuid) - start
08:54:29,339 DEBUG org.dbunit.operation.RefreshOperation$RowOperation:180 - execute(table=org.dbunit.dataset.DefaultTable[_metaData=tableName=individual, columns=[(uuid, UNKNOWN, nullableUnknown), (deleted, UNKNOWN, nullableUnknown), (insertDate, UNKNOWN, nullableUnknown), (voidReason, UNKNOWN, nullableUnknown), (status, UNKNOWN, nullableUnknown), (dob, UNKNOWN, nullableUnknown), (extId, UNKNOWN, nullableUnknown), (firstName, UNKNOWN, nullableUnknown), (gender, UNKNOWN, nullableUnknown), (lastName, UNKNOWN, nullableUnknown), (insertBy_uuid, UNKNOWN, nullableUnknown), (collectedBy_uuid, UNKNOWN, nullableUnknown)], keys=[], _rowList.size()=2], row=1) - start
08:54:29,339 DEBUG org.dbunit.dataset.DefaultTable:192 - getValue(row=1, column=UUID) - start
08:54:29,340 DEBUG org.dbunit.dataset.AbstractTable:41 - assertValidRowIndex(row=1) - start
08:54:29,340 DEBUG org.dbunit.dataset.AbstractTable:51 - assertValidRowIndex(row=1, rowCount=2) - start
08:54:29,340 DEBUG org.dbunit.dataset.AbstractTable:75 - getColumnIndex(columnName=UUID) - start
08:54:29,341 DEBUG org.dbunit.dataset.AbstractTableMetaData:101 - getColumnIndex(columnName=UUID) - start
08:54:29,341 DEBUG org.dbunit.database.statement.SimplePreparedStatement:64 - addValue(value=Indiv 1, dataType=VARCHAR) - start
08:54:29,342 DEBUG org.dbunit.dataset.datatype.StringDataType:157 - setSqlValue(value=Indiv 1, column=1, statement=prep243: insert into INDIVIDUAL (UUID, DELETED, INSERTDATE, VOIDREASON, STATUS, DOB, EXTID, FIRSTNAME, GENDER, LASTNAME, INSERTBY_UUID, COLLECTEDBY_UUID) values (?, ?, ?, ?, ?, ?, ?, ?, ?, ?, ?, ?) {1: &apos;Indiv 4&apos;, 2: FALSE, 3: DATE &apos;2012-03-19&apos;, 4: &apos;&apos;, 5: &apos;A&apos;, 6: DATE &apos;2000-01-03&apos;, 7: &apos;MBI000001004&apos;, 8: &apos;Jessica&apos;, 9: &apos;F&apos;, 10: &apos;Marsh&apos;, 11: &apos;User 1&apos;, 12: &apos;FieldWorker1&apos;}) - start
08:54:29,342 DEBUG org.dbunit.dataset.datatype.DataType:177 - asString(value=Indiv 1) - start
08:54:29,342 DEBUG org.dbunit.dataset.datatype.StringDataType:59 - typeCast(value=Indiv 1) - start
08:54:29,343 DEBUG org.dbunit.dataset.DefaultTable:192 - getValue(row=1, column=DELETED) - start
08:54:29,343 DEBUG org.dbunit.dataset.AbstractTable:41 - assertValidRowIndex(row=1) - start
08:54:29,343 DEBUG org.dbunit.dataset.AbstractTable:51 - assertValidRowIndex(row=1, rowCount=2) - start
08:54:29,344 DEBUG org.dbunit.dataset.AbstractTable:75 - getColumnIndex(columnName=DELETED) - start
08:54:29,344 DEBUG org.dbunit.dataset.AbstractTableMetaData:101 - getColumnIndex(columnName=DELETED) - start
08:54:29,345 DEBUG org.dbunit.database.statement.SimplePreparedStatement:64 - addValue(value=0, dataType=BOOLEAN) - start
08:54:29,345 DEBUG org.dbunit.dataset.datatype.BooleanDataType:143 - setSqlValue(value=0, column=2, statement=prep243: insert into INDIVIDUAL (UUID, DELETED, INSERTDATE, VOIDREASON, STATUS, DOB, EXTID, FIRSTNAME, GENDER, LASTNAME, INSERTBY_UUID, COLLECTEDBY_UUID) values (?, ?, ?, ?, ?, ?, ?, ?, ?, ?, ?, ?) {1: &apos;Indiv 1&apos;, 2: FALSE, 3: DATE &apos;2012-03-19&apos;, 4: &apos;&apos;, 5: &apos;A&apos;, 6: DATE &apos;2000-01-03&apos;, 7: &apos;MBI000001004&apos;, 8: &apos;Jessica&apos;, 9: &apos;F&apos;, 10: &apos;Marsh&apos;, 11: &apos;User 1&apos;, 12: &apos;FieldWorker1&apos;}) - start
08:54:29,345 DEBUG org.dbunit.dataset.datatype.BooleanDataType:66 - typeCast(value=0) - start
08:54:29,346 DEBUG org.dbunit.dataset.datatype.IntegerDataType:56 - typeCast(value=0) - start
08:54:29,346 DEBUG org.dbunit.dataset.datatype.IntegerDataType:56 - typeCast(value=0) - start
08:54:29,346 DEBUG org.dbunit.dataset.datatype.BooleanDataType:66 - typeCast(value=0) - start
08:54:29,347 DEBUG org.dbunit.dataset.DefaultTable:192 - getValue(row=1, column=INSERTDATE) - start
08:54:29,349 DEBUG org.dbunit.dataset.AbstractTable:41 - assertValidRowIndex(row=1) - start
08:54:29,349 DEBUG org.dbunit.dataset.AbstractTable:51 - assertValidRowIndex(row=1, rowCount=2) - start
08:54:29,349 DEBUG org.dbunit.dataset.AbstractTable:75 - getColumnIndex(columnName=INSERTDATE) - start
08:54:29,350 DEBUG org.dbunit.dataset.AbstractTableMetaData:101 - getColumnIndex(columnName=INSERTDATE) - start
08:54:29,350 DEBUG org.dbunit.database.statement.SimplePreparedStatement:64 - addValue(value=2010-03-19, dataType=DATE) - start
08:54:29,351 DEBUG org.dbunit.dataset.datatype.DateDataType:138 - setSqlValue(value=2010-03-19, column=3, statement=prep243: insert into INDIVIDUAL (UUID, DELETED, INSERTDATE, VOIDREASON, STATUS, DOB, EXTID, FIRSTNAME, GENDER, LASTNAME, INSERTBY_UUID, COLLECTEDBY_UUID) values (?, ?, ?, ?, ?, ?, ?, ?, ?, ?, ?, ?) {1: &apos;Indiv 1&apos;, 2: FALSE, 3: DATE &apos;2012-03-19&apos;, 4: &apos;&apos;, 5: &apos;A&apos;, 6: DATE &apos;2000-01-03&apos;, 7: &apos;MBI000001004&apos;, 8: &apos;Jessica&apos;, 9: &apos;F&apos;, 10: &apos;Marsh&apos;, 11: &apos;User 1&apos;, 12: &apos;FieldWorker1&apos;}) - start
08:54:29,351 DEBUG org.dbunit.dataset.datatype.DateDataType:57 - typeCast(value=2010-03-19) - start
08:54:29,351 DEBUG org.dbunit.dataset.DefaultTable:192 - getValue(row=1, column=VOIDREASON) - start
08:54:29,352 DEBUG org.dbunit.dataset.AbstractTable:41 - assertValidRowIndex(row=1) - start
08:54:29,352 DEBUG org.dbunit.dataset.AbstractTable:51 - assertValidRowIndex(row=1, rowCount=2) - start
08:54:29,353 DEBUG org.dbunit.dataset.AbstractTable:75 - getColumnIndex(columnName=VOIDREASON) - start
08:54:29,353 DEBUG org.dbunit.dataset.AbstractTableMetaData:101 - getColumnIndex(columnName=VOIDREASON) - start
08:54:29,353 DEBUG org.dbunit.database.statement.SimplePreparedStatement:64 - addValue(value=, dataType=VARCHAR) - start
08:54:29,354 DEBUG org.dbunit.dataset.datatype.StringDataType:157 - setSqlValue(value=, column=4, statement=prep243: insert into INDIVIDUAL (UUID, DELETED, INSERTDATE, VOIDREASON, STATUS, DOB, EXTID, FIRSTNAME, GENDER, LASTNAME, INSERTBY_UUID, COLLECTEDBY_UUID) values (?, ?, ?, ?, ?, ?, ?, ?, ?, ?, ?, ?) {1: &apos;Indiv 1&apos;, 2: FALSE, 3: DATE &apos;2010-03-19&apos;, 4: &apos;&apos;, 5: &apos;A&apos;, 6: DATE &apos;2000-01-03&apos;, 7: &apos;MBI000001004&apos;, 8: &apos;Jessica&apos;, 9: &apos;F&apos;, 10: &apos;Marsh&apos;, 11: &apos;User 1&apos;, 12: &apos;FieldWorker1&apos;}) - start
08:54:29,354 DEBUG org.dbunit.dataset.datatype.DataType:177 - asString(value=) - start
08:54:29,354 DEBUG org.dbunit.dataset.datatype.StringDataType:59 - typeCast(value=) - start
08:54:29,355 DEBUG org.dbunit.dataset.DefaultTable:192 - getValue(row=1, column=STATUS) - start
08:54:29,355 DEBUG org.dbunit.dataset.AbstractTable:41 - assertValidRowIndex(row=1) - start
08:54:29,355 DEBUG org.dbunit.dataset.AbstractTable:51 - assertValidRowIndex(row=1, rowCount=2) - start
08:54:29,356 DEBUG org.dbunit.dataset.AbstractTable:75 - getColumnIndex(columnName=STATUS) - start
08:54:29,356 DEBUG org.dbunit.dataset.AbstractTableMetaData:101 - getColumnIndex(columnName=STATUS) - start
08:54:29,356 DEBUG org.dbunit.database.statement.SimplePreparedStatement:64 - addValue(value=A, dataType=VARCHAR) - start
08:54:29,357 DEBUG org.dbunit.dataset.datatype.StringDataType:157 - setSqlValue(value=A, column=5, statement=prep243: insert into INDIVIDUAL (UUID, DELETED, INSERTDATE, VOIDREASON, STATUS, DOB, EXTID, FIRSTNAME, GENDER, LASTNAME, INSERTBY_UUID, COLLECTEDBY_UUID) values (?, ?, ?, ?, ?, ?, ?, ?, ?, ?, ?, ?) {1: &apos;Indiv 1&apos;, 2: FALSE, 3: DATE &apos;2010-03-19&apos;, 4: &apos;&apos;, 5: &apos;A&apos;, 6: DATE &apos;2000-01-03&apos;, 7: &apos;MBI000001004&apos;, 8: &apos;Jessica&apos;, 9: &apos;F&apos;, 10: &apos;Marsh&apos;, 11: &apos;User 1&apos;, 12: &apos;FieldWorker1&apos;}) - start
08:54:29,357 DEBUG org.dbunit.dataset.datatype.DataType:177 - asString(value=A) - start
08:54:29,358 DEBUG org.dbunit.dataset.datatype.StringDataType:59 - typeCast(value=A) - start
08:54:29,358 DEBUG org.dbunit.dataset.DefaultTable:192 - getValue(row=1, column=DOB) - start
08:54:29,358 DEBUG org.dbunit.dataset.AbstractTable:41 - assertValidRowIndex(row=1) - start
08:54:29,359 DEBUG org.dbunit.dataset.AbstractTable:51 - assertValidRowIndex(row=1, rowCount=2) - start
08:54:29,359 DEBUG org.dbunit.dataset.AbstractTable:75 - getColumnIndex(columnName=DOB) - start
08:54:29,359 DEBUG org.dbunit.dataset.AbstractTableMetaData:101 - getColumnIndex(columnName=DOB) - start
08:54:29,360 DEBUG org.dbunit.database.statement.SimplePreparedStatement:64 - addValue(value=1987-01-03, dataType=DATE) - start
08:54:29,360 DEBUG org.dbunit.dataset.datatype.DateDataType:138 - setSqlValue(value=1987-01-03, column=6, statement=prep243: insert into INDIVIDUAL (UUID, DELETED, INSERTDATE, VOIDREASON, STATUS, DOB, EXTID, FIRSTNAME, GENDER, LASTNAME, INSERTBY_UUID, COLLECTEDBY_UUID) values (?, ?, ?, ?, ?, ?, ?, ?, ?, ?, ?, ?) {1: &apos;Indiv 1&apos;, 2: FALSE, 3: DATE &apos;2010-03-19&apos;, 4: &apos;&apos;, 5: &apos;A&apos;, 6: DATE &apos;2000-01-03&apos;, 7: &apos;MBI000001004&apos;, 8: &apos;Jessica&apos;, 9: &apos;F&apos;, 10: &apos;Marsh&apos;, 11: &apos;User 1&apos;, 12: &apos;FieldWorker1&apos;}) - start
08:54:29,360 DEBUG org.dbunit.dataset.datatype.DateDataType:57 - typeCast(value=1987-01-03) - start
08:54:29,361 DEBUG org.dbunit.dataset.DefaultTable:192 - getValue(row=1, column=EXTID) - start
08:54:29,361 DEBUG org.dbunit.dataset.AbstractTable:41 - assertValidRowIndex(row=1) - start
08:54:29,362 DEBUG org.dbunit.dataset.AbstractTable:51 - assertValidRowIndex(row=1, rowCount=2) - start
08:54:29,362 DEBUG org.dbunit.dataset.AbstractTable:75 - getColumnIndex(columnName=EXTID) - start
08:54:29,362 DEBUG org.dbunit.dataset.AbstractTableMetaData:101 - getColumnIndex(columnName=EXTID) - start
08:54:29,363 DEBUG org.dbunit.database.statement.SimplePreparedStatement:64 - addValue(value=MBI000001005, dataType=VARCHAR) - start
08:54:29,363 DEBUG org.dbunit.dataset.datatype.StringDataType:157 - setSqlValue(value=MBI000001005, column=7, statement=prep243: insert into INDIVIDUAL (UUID, DELETED, INSERTDATE, VOIDREASON, STATUS, DOB, EXTID, FIRSTNAME, GENDER, LASTNAME, INSERTBY_UUID, COLLECTEDBY_UUID) values (?, ?, ?, ?, ?, ?, ?, ?, ?, ?, ?, ?) {1: &apos;Indiv 1&apos;, 2: FALSE, 3: DATE &apos;2010-03-19&apos;, 4: &apos;&apos;, 5: &apos;A&apos;, 6: DATE &apos;1987-01-03&apos;, 7: &apos;MBI000001004&apos;, 8: &apos;Jessica&apos;, 9: &apos;F&apos;, 10: &apos;Marsh&apos;, 11: &apos;User 1&apos;, 12: &apos;FieldWorker1&apos;}) - start
08:54:29,363 DEBUG org.dbunit.dataset.datatype.DataType:177 - asString(value=MBI000001005) - start
08:54:29,364 DEBUG org.dbunit.dataset.datatype.StringDataType:59 - typeCast(value=MBI000001005) - start
08:54:29,364 DEBUG org.dbunit.dataset.DefaultTable:192 - getValue(row=1, column=FIRSTNAME) - start
08:54:29,365 DEBUG org.dbunit.dataset.AbstractTable:41 - assertValidRowIndex(row=1) - start
08:54:29,365 DEBUG org.dbunit.dataset.AbstractTable:51 - assertValidRowIndex(row=1, rowCount=2) - start
08:54:29,365 DEBUG org.dbunit.dataset.AbstractTable:75 - getColumnIndex(columnName=FIRSTNAME) - start
08:54:29,366 DEBUG org.dbunit.dataset.AbstractTableMetaData:101 - getColumnIndex(columnName=FIRSTNAME) - start
08:54:29,366 DEBUG org.dbunit.database.statement.SimplePreparedStatement:64 - addValue(value=Jess, dataType=VARCHAR) - start
08:54:29,366 DEBUG org.dbunit.dataset.datatype.StringDataType:157 - setSqlValue(value=Jess, column=8, statement=prep243: insert into INDIVIDUAL (UUID, DELETED, INSERTDATE, VOIDREASON, STATUS, DOB, EXTID, FIRSTNAME, GENDER, LASTNAME, INSERTBY_UUID, COLLECTEDBY_UUID) values (?, ?, ?, ?, ?, ?, ?, ?, ?, ?, ?, ?) {1: &apos;Indiv 1&apos;, 2: FALSE, 3: DATE &apos;2010-03-19&apos;, 4: &apos;&apos;, 5: &apos;A&apos;, 6: DATE &apos;1987-01-03&apos;, 7: &apos;MBI000001005&apos;, 8: &apos;Jessica&apos;, 9: &apos;F&apos;, 10: &apos;Marsh&apos;, 11: &apos;User 1&apos;, 12: &apos;FieldWorker1&apos;}) - start
08:54:29,367 DEBUG org.dbunit.dataset.datatype.DataType:177 - asString(value=Jess) - start
08:54:29,367 DEBUG org.dbunit.dataset.datatype.StringDataType:59 - typeCast(value=Jess) - start
08:54:29,367 DEBUG org.dbunit.dataset.DefaultTable:192 - getValue(row=1, column=GENDER) - start
08:54:29,372 DEBUG org.dbunit.dataset.AbstractTable:41 - assertValidRowIndex(row=1) - start
08:54:29,373 DEBUG org.dbunit.dataset.AbstractTable:51 - assertValidRowIndex(row=1, rowCount=2) - start
08:54:29,373 DEBUG org.dbunit.dataset.AbstractTable:75 - getColumnIndex(columnName=GENDER) - start
08:54:29,374 DEBUG org.dbunit.dataset.AbstractTableMetaData:101 - getColumnIndex(columnName=GENDER) - start
08:54:29,374 DEBUG org.dbunit.database.statement.SimplePreparedStatement:64 - addValue(value=F, dataType=VARCHAR) - start
08:54:29,375 DEBUG org.dbunit.dataset.datatype.StringDataType:157 - setSqlValue(value=F, column=9, statement=prep243: insert into INDIVIDUAL (UUID, DELETED, INSERTDATE, VOIDREASON, STATUS, DOB, EXTID, FIRSTNAME, GENDER, LASTNAME, INSERTBY_UUID, COLLECTEDBY_UUID) values (?, ?, ?, ?, ?, ?, ?, ?, ?, ?, ?, ?) {1: &apos;Indiv 1&apos;, 2: FALSE, 3: DATE &apos;2010-03-19&apos;, 4: &apos;&apos;, 5: &apos;A&apos;, 6: DATE &apos;1987-01-03&apos;, 7: &apos;MBI000001005&apos;, 8: &apos;Jess&apos;, 9: &apos;F&apos;, 10: &apos;Marsh&apos;, 11: &apos;User 1&apos;, 12: &apos;FieldWorker1&apos;}) - start
08:54:29,375 DEBUG org.dbunit.dataset.datatype.DataType:177 - asString(value=F) - start
08:54:29,376 DEBUG org.dbunit.dataset.datatype.StringDataType:59 - typeCast(value=F) - start
08:54:29,376 DEBUG org.dbunit.dataset.DefaultTable:192 - getValue(row=1, column=LASTNAME) - start
08:54:29,376 DEBUG org.dbunit.dataset.AbstractTable:41 - assertValidRowIndex(row=1) - start
08:54:29,377 DEBUG org.dbunit.dataset.AbstractTable:51 - assertValidRowIndex(row=1, rowCount=2) - start
08:54:29,377 DEBUG org.dbunit.dataset.AbstractTable:75 - getColumnIndex(columnName=LASTNAME) - start
08:54:29,378 DEBUG org.dbunit.dataset.AbstractTableMetaData:101 - getColumnIndex(columnName=LASTNAME) - start
08:54:29,378 DEBUG org.dbunit.database.statement.SimplePreparedStatement:64 - addValue(value=Marsha, dataType=VARCHAR) - start
08:54:29,379 DEBUG org.dbunit.dataset.datatype.StringDataType:157 - setSqlValue(value=Marsha, column=10, statement=prep243: insert into INDIVIDUAL (UUID, DELETED, INSERTDATE, VOIDREASON, STATUS, DOB, EXTID, FIRSTNAME, GENDER, LASTNAME, INSERTBY_UUID, COLLECTEDBY_UUID) values (?, ?, ?, ?, ?, ?, ?, ?, ?, ?, ?, ?) {1: &apos;Indiv 1&apos;, 2: FALSE, 3: DATE &apos;2010-03-19&apos;, 4: &apos;&apos;, 5: &apos;A&apos;, 6: DATE &apos;1987-01-03&apos;, 7: &apos;MBI000001005&apos;, 8: &apos;Jess&apos;, 9: &apos;F&apos;, 10: &apos;Marsh&apos;, 11: &apos;User 1&apos;, 12: &apos;FieldWorker1&apos;}) - start
08:54:29,379 DEBUG org.dbunit.dataset.datatype.DataType:177 - asString(value=Marsha) - start
08:54:29,380 DEBUG org.dbunit.dataset.datatype.StringDataType:59 - typeCast(value=Marsha) - start
08:54:29,380 DEBUG org.dbunit.dataset.DefaultTable:192 - getValue(row=1, column=INSERTBY_UUID) - start
08:54:29,380 DEBUG org.dbunit.dataset.AbstractTable:41 - assertValidRowIndex(row=1) - start
08:54:29,381 DEBUG org.dbunit.dataset.AbstractTable:51 - assertValidRowIndex(row=1, rowCount=2) - start
08:54:29,381 DEBUG org.dbunit.dataset.AbstractTable:75 - getColumnIndex(columnName=INSERTBY_UUID) - start
08:54:29,382 DEBUG org.dbunit.dataset.AbstractTableMetaData:101 - getColumnIndex(columnName=INSERTBY_UUID) - start
08:54:29,382 DEBUG org.dbunit.database.statement.SimplePreparedStatement:64 - addValue(value=User 1, dataType=VARCHAR) - start
08:54:29,382 DEBUG org.dbunit.dataset.datatype.StringDataType:157 - setSqlValue(value=User 1, column=11, statement=prep243: insert into INDIVIDUAL (UUID, DELETED, INSERTDATE, VOIDREASON, STATUS, DOB, EXTID, FIRSTNAME, GENDER, LASTNAME, INSERTBY_UUID, COLLECTEDBY_UUID) values (?, ?, ?, ?, ?, ?, ?, ?, ?, ?, ?, ?) {1: &apos;Indiv 1&apos;, 2: FALSE, 3: DATE &apos;2010-03-19&apos;, 4: &apos;&apos;, 5: &apos;A&apos;, 6: DATE &apos;1987-01-03&apos;, 7: &apos;MBI000001005&apos;, 8: &apos;Jess&apos;, 9: &apos;F&apos;, 10: &apos;Marsha&apos;, 11: &apos;User 1&apos;, 12: &apos;FieldWorker1&apos;}) - start
08:54:29,383 DEBUG org.dbunit.dataset.datatype.DataType:177 - asString(value=User 1) - start
08:54:29,383 DEBUG org.dbunit.dataset.datatype.StringDataType:59 - typeCast(value=User 1) - start
08:54:29,384 DEBUG org.dbunit.dataset.DefaultTable:192 - getValue(row=1, column=COLLECTEDBY_UUID) - start
08:54:29,384 DEBUG org.dbunit.dataset.AbstractTable:41 - assertValidRowIndex(row=1) - start
08:54:29,385 DEBUG org.dbunit.dataset.AbstractTable:51 - assertValidRowIndex(row=1, rowCount=2) - start
08:54:29,385 DEBUG org.dbunit.dataset.AbstractTable:75 - getColumnIndex(columnName=COLLECTEDBY_UUID) - start
08:54:29,386 DEBUG org.dbunit.dataset.AbstractTableMetaData:101 - getColumnIndex(columnName=COLLECTEDBY_UUID) - start
08:54:29,386 DEBUG org.dbunit.database.statement.SimplePreparedStatement:64 - addValue(value=FieldWorker1, dataType=VARCHAR) - start
08:54:29,386 DEBUG org.dbunit.dataset.datatype.StringDataType:157 - setSqlValue(value=FieldWorker1, column=12, statement=prep243: insert into INDIVIDUAL (UUID, DELETED, INSERTDATE, VOIDREASON, STATUS, DOB, EXTID, FIRSTNAME, GENDER, LASTNAME, INSERTBY_UUID, COLLECTEDBY_UUID) values (?, ?, ?, ?, ?, ?, ?, ?, ?, ?, ?, ?) {1: &apos;Indiv 1&apos;, 2: FALSE, 3: DATE &apos;2010-03-19&apos;, 4: &apos;&apos;, 5: &apos;A&apos;, 6: DATE &apos;1987-01-03&apos;, 7: &apos;MBI000001005&apos;, 8: &apos;Jess&apos;, 9: &apos;F&apos;, 10: &apos;Marsha&apos;, 11: &apos;User 1&apos;, 12: &apos;FieldWorker1&apos;}) - start
08:54:29,387 DEBUG org.dbunit.dataset.datatype.DataType:177 - asString(value=FieldWorker1) - start
08:54:29,387 DEBUG org.dbunit.dataset.datatype.StringDataType:59 - typeCast(value=FieldWorker1) - start
08:54:29,388 DEBUG org.dbunit.database.statement.SimplePreparedStatement:78 - addBatch() - start
08:54:29,388 DEBUG org.dbunit.database.statement.SimplePreparedStatement:90 - executeBatch() - start
08:54:29,388 DEBUG org.dbunit.database.statement.SimplePreparedStatement:99 - clearBatch() - start
08:54:29,389 DEBUG org.dbunit.database.statement.SimplePreparedStatement:99 - clearBatch() - start
08:54:29,389 DEBUG org.dbunit.operation.RefreshOperation$RowOperation:180 - execute(table=org.dbunit.dataset.DefaultTable[_metaData=tableName=individual, columns=[(uuid, UNKNOWN, nullableUnknown), (deleted, UNKNOWN, nullableUnknown), (insertDate, UNKNOWN, nullableUnknown), (voidReason, UNKNOWN, nullableUnknown), (status, UNKNOWN, nullableUnknown), (dob, UNKNOWN, nullableUnknown), (extId, UNKNOWN, nullableUnknown), (firstName, UNKNOWN, nullableUnknown), (gender, UNKNOWN, nullableUnknown), (lastName, UNKNOWN, nullableUnknown), (insertBy_uuid, UNKNOWN, nullableUnknown), (collectedBy_uuid, UNKNOWN, nullableUnknown)], keys=[], _rowList.size()=2], row=2) - start
08:54:29,390 DEBUG org.dbunit.dataset.DefaultTable:192 - getValue(row=2, column=DELETED) - start
08:54:29,390 DEBUG org.dbunit.dataset.AbstractTable:41 - assertValidRowIndex(row=2) - start
08:54:29,390 DEBUG org.dbunit.dataset.AbstractTable:51 - assertValidRowIndex(row=2, rowCount=2) - start
08:54:29,391 DEBUG org.dbunit.operation.RefreshOperation$RowOperation:204 - close() - start
08:54:29,391 DEBUG org.dbunit.database.statement.AbstractPreparedBatchStatement:54 - close() - start
08:54:29,391 DEBUG org.dbunit.operation.RefreshOperation$RowOperation:204 - close() - start
08:54:29,392 DEBUG org.dbunit.database.statement.AbstractPreparedBatchStatement:54 - close() - start
08:54:29,392 DEBUG org.dbunit.dataset.DefaultTableIterator:76 - getTable() - start
08:54:29,392 DEBUG org.dbunit.operation.AbstractBatchOperation:64 - isEmpty(table=org.dbunit.dataset.DefaultTable[_metaData=tableName=socialgroup, columns=[(uuid, UNKNOWN, nullableUnknown), (deleted, UNKNOWN, nullableUnknown), (insertDate, UNKNOWN, nullableUnknown), (status, UNKNOWN, nullableUnknown), (extId, UNKNOWN, nullableUnknown), (groupName, UNKNOWN, nullableUnknown), (groupType, UNKNOWN, nullableUnknown), (insertBy_uuid, UNKNOWN, nullableUnknown), (collectedBy_uuid, UNKNOWN, nullableUnknown), (groupHead_uuid, UNKNOWN, nullableUnknown)], keys=[], _rowList.size()=1]) - start
08:54:29,393 DEBUG org.dbunit.dataset.DefaultTable:192 - getValue(row=0, column=uuid) - start
08:54:29,393 DEBUG org.dbunit.dataset.AbstractTable:41 - assertValidRowIndex(row=0) - start
08:54:29,394 DEBUG org.dbunit.dataset.AbstractTable:51 - assertValidRowIndex(row=0, rowCount=1) - start
08:54:29,394 DEBUG org.dbunit.dataset.AbstractTable:75 - getColumnIndex(columnName=uuid) - start
08:54:29,394 DEBUG org.dbunit.dataset.AbstractTableMetaData:101 - getColumnIndex(columnName=uuid) - start
08:54:29,395 DEBUG org.dbunit.operation.AbstractOperation:75 - getOperationMetaData(connection=_databaseConfig=org.dbunit.database.DatabaseConfig[, _propertyMap={http://www.dbunit.org/properties/statementFactory=org.dbunit.database.statement.PreparedStatementFactory@eb5ea0, http://www.dbunit.org/features/caseSensitiveTableNames=false, http://www.dbunit.org/properties/fetchSize=100, http://www.dbunit.org/features/batchedStatements=false, http://www.dbunit.org/properties/metadataHandler=org.dbunit.database.DefaultMetadataHandler@60648, http://www.dbunit.org/properties/datatypeFactory=org.dbunit.dataset.datatype.DefaultDataTypeFactory[_toleratedDeltaMap=org.dbunit.dataset.datatype.ToleratedDeltaMap@133a07d], http://www.dbunit.org/properties/escapePattern=null, http://www.dbunit.org/properties/batchSize=100, http://www.dbunit.org/features/qualifiedTableNames=false, http://www.dbunit.org/properties/tableType=[Ljava.lang.String;@6d6f28, http://www.dbunit.org/properties/resultSetTableFactory=org.dbunit.database.CachedResultSetTableFactory@9cde9a, http://www.dbunit.org/features/datatypeWarning=true}], _dataSet=AbstractDataSet[_orderedTableNameMap=null], metaData=tableName=socialgroup, columns=[(uuid, UNKNOWN, nullableUnknown), (deleted, UNKNOWN, nullableUnknown), (insertDate, UNKNOWN, nullableUnknown), (status, UNKNOWN, nullableUnknown), (extId, UNKNOWN, nullableUnknown), (groupName, UNKNOWN, nullableUnknown), (groupType, UNKNOWN, nullableUnknown), (insertBy_uuid, UNKNOWN, nullableUnknown), (collectedBy_uuid, UNKNOWN, nullableUnknown), (groupHead_uuid, UNKNOWN, nullableUnknown)], keys=[]) - start
08:54:29,395 DEBUG org.dbunit.database.AbstractDatabaseConnection:66 - createDataSet() - start
08:54:29,396 DEBUG org.dbunit.database.DatabaseDataSet:279 - getTableMetaData(tableName=socialgroup) - start
08:54:29,396 DEBUG org.dbunit.database.DatabaseDataSet:173 - initialize() - start
08:54:29,396 DEBUG org.dbunit.dataset.OrderedTableNameMap:253 - getTableName(tableName=socialgroup) - start
08:54:29,397 DEBUG org.dbunit.dataset.OrderedTableNameMap:264 - getTableName(tableName=socialgroup) - end - result=SOCIALGROUP
08:54:29,397 DEBUG org.dbunit.dataset.OrderedTableNameMap:253 - getTableName(tableName=socialgroup) - start
08:54:29,397 DEBUG org.dbunit.dataset.OrderedTableNameMap:264 - getTableName(tableName=socialgroup) - end - result=SOCIALGROUP
08:54:29,398 DEBUG org.dbunit.database.DatabaseDataSourceConnection:113 - getConnection() - start
08:54:29,398 DEBUG org.dbunit.util.SQLHelper:657 - isEscaped returns &apos;false&apos; for tableName=socialgroup (dbIdentifierQuoteString=&quot;)
08:54:29,398 DEBUG org.dbunit.util.SQLHelper:637 - class org.dbunit.database.DatabaseTableMetaData. Corrected table name: oldValue=socialgroup newValue=SOCIALGROUP
08:54:29,399 DEBUG org.dbunit.database.DatabaseTableMetaData:139 - Validating if table &apos;SOCIALGROUP&apos; exists in schema &apos;null&apos; ...
08:54:29,400 DEBUG org.dbunit.util.SQLHelper:117 - close(resultSet=org.apache.commons.dbcp.DelegatingResultSet@acc299) - start
08:54:29,400 DEBUG org.dbunit.dataset.OrderedTableNameMap:234 - getColumns() - start
08:54:29,401 DEBUG org.dbunit.dataset.OrderedTableNameMap:234 - getConnection() - start
08:54:29,402 DEBUG org.dbunit.dataset.OrderedTableNameMap:234 - getConnection() - start
08:54:29,402  WARN org.dbunit.dataset.OrderedTableNameMap:234 - Potential problem found: The configured data type factory &apos;class org.dbunit.dataset.datatype.DefaultDataTypeFactory&apos; might cause problems with the current database &apos;H2&apos; (e.g. some datatypes may not be supported properly). In rare cases you might see this message because the list of supported database products is incomplete (list=[derby]). If so please request a java-class update via the forums.If you are using your own IDataTypeFactory extending DefaultDataTypeFactory, ensure that you override getValidDbProducts() to specify the supported database products.
08:54:29,403 DEBUG org.dbunit.dataset.OrderedTableNameMap:234 - Comparing the following values using caseSensitive=false (searched&lt;=&gt;actual): catalog: null&lt;=&gt;OPENHDS schema: null&lt;=&gt;PUBLIC table: SOCIALGROUP&lt;=&gt;SOCIALGROUP column: null&lt;=&gt;UUID
08:54:29,403 DEBUG org.dbunit.dataset.OrderedTableNameMap:234 - createDataType(sqlType=12 , sqlTypeName=VARCHAR, tableName=SOCIALGROUP, columnName=UUID) - start
08:54:29,404 DEBUG org.dbunit.dataset.OrderedTableNameMap:234 - createDataType(sqlType=12, sqlTypeName=VARCHAR) - start
08:54:29,404 DEBUG org.dbunit.dataset.OrderedTableNameMap:234 - forSqlType(sqlType=12) - start
08:54:29,405 DEBUG org.dbunit.dataset.OrderedTableNameMap:234 - getSqlType() - start
08:54:29,405 DEBUG org.dbunit.dataset.OrderedTableNameMap:234 - nullableValue(nullable=0) - start
08:54:29,408 DEBUG org.dbunit.dataset.OrderedTableNameMap:234 - autoIncrementValue(isAutoIncrement=NO) - start
08:54:29,409 DEBUG org.dbunit.dataset.OrderedTableNameMap:234 - Comparing the following values using caseSensitive=false (searched&lt;=&gt;actual): catalog: null&lt;=&gt;OPENHDS schema: null&lt;=&gt;PUBLIC table: SOCIALGROUP&lt;=&gt;SOCIALGROUP column: null&lt;=&gt;DELETED
08:54:29,409 DEBUG org.dbunit.dataset.OrderedTableNameMap:234 - createDataType(sqlType=16 , sqlTypeName=BOOLEAN, tableName=SOCIALGROUP, columnName=DELETED) - start
08:54:29,410 DEBUG org.dbunit.dataset.OrderedTableNameMap:234 - createDataType(sqlType=16, sqlTypeName=BOOLEAN) - start
08:54:29,410 DEBUG org.dbunit.dataset.OrderedTableNameMap:234 - forSqlType(sqlType=16) - start
08:54:29,411 DEBUG org.dbunit.dataset.OrderedTableNameMap:234 - getSqlType() - start
08:54:29,411 DEBUG org.dbunit.dataset.OrderedTableNameMap:234 - getSqlType() - start
08:54:29,412 DEBUG org.dbunit.dataset.OrderedTableNameMap:234 - getSqlType() - start
08:54:29,412 DEBUG org.dbunit.dataset.OrderedTableNameMap:234 - getSqlType() - start
08:54:29,413 DEBUG org.dbunit.dataset.OrderedTableNameMap:234 - getSqlType() - start
08:54:29,413 DEBUG org.dbunit.dataset.OrderedTableNameMap:234 - getSqlType() - start
08:54:29,415 DEBUG org.dbunit.dataset.OrderedTableNameMap:234 - getSqlType() - start
08:54:29,416 DEBUG org.dbunit.dataset.OrderedTableNameMap:234 - getSqlType() - start
08:54:29,416 DEBUG org.dbunit.dataset.OrderedTableNameMap:234 - getSqlType() - start
08:54:29,417 DEBUG org.dbunit.dataset.OrderedTableNameMap:234 - getSqlType() - start
08:54:29,417 DEBUG org.dbunit.dataset.OrderedTableNameMap:234 - nullableValue(nullable=0) - start
08:54:29,418 DEBUG org.dbunit.dataset.OrderedTableNameMap:234 - autoIncrementValue(isAutoIncrement=NO) - start
08:54:29,418 DEBUG org.dbunit.dataset.OrderedTableNameMap:234 - Comparing the following values using caseSensitive=false (searched&lt;=&gt;actual): catalog: null&lt;=&gt;OPENHDS schema: null&lt;=&gt;PUBLIC table: SOCIALGROUP&lt;=&gt;SOCIALGROUP column: null&lt;=&gt;INSERTDATE
08:54:29,419 DEBUG org.dbunit.dataset.OrderedTableNameMap:234 - createDataType(sqlType=91 , sqlTypeName=DATE, tableName=SOCIALGROUP, columnName=INSERTDATE) - start
08:54:29,419 DEBUG org.dbunit.dataset.OrderedTableNameMap:234 - createDataType(sqlType=91, sqlTypeName=DATE) - start
08:54:29,420 DEBUG org.dbunit.dataset.OrderedTableNameMap:234 - forSqlType(sqlType=91) - start
08:54:29,420 DEBUG org.dbunit.dataset.OrderedTableNameMap:234 - getSqlType() - start
08:54:29,421 DEBUG org.dbunit.dataset.OrderedTableNameMap:234 - getSqlType() - start
08:54:29,421 DEBUG org.dbunit.dataset.OrderedTableNameMap:234 - getSqlType() - start
08:54:29,422 DEBUG org.dbunit.dataset.OrderedTableNameMap:234 - getSqlType() - start
08:54:29,422 DEBUG org.dbunit.dataset.OrderedTableNameMap:234 - getSqlType() - start
08:54:29,423 DEBUG org.dbunit.dataset.OrderedTableNameMap:234 - getSqlType() - start
08:54:29,423 DEBUG org.dbunit.dataset.OrderedTableNameMap:234 - getSqlType() - start
08:54:29,423 DEBUG org.dbunit.dataset.OrderedTableNameMap:234 - getSqlType() - start
08:54:29,424 DEBUG org.dbunit.dataset.OrderedTableNameMap:234 - getSqlType() - start
08:54:29,424 DEBUG org.dbunit.dataset.OrderedTableNameMap:234 - getSqlType() - start
08:54:29,425 DEBUG org.dbunit.dataset.OrderedTableNameMap:234 - getSqlType() - start
08:54:29,425 DEBUG org.dbunit.dataset.OrderedTableNameMap:234 - getSqlType() - start
08:54:29,426 DEBUG org.dbunit.dataset.OrderedTableNameMap:234 - getSqlType() - start
08:54:29,426 DEBUG org.dbunit.dataset.OrderedTableNameMap:234 - getSqlType() - start
08:54:29,427 DEBUG org.dbunit.dataset.OrderedTableNameMap:234 - getSqlType() - start
08:54:29,427 DEBUG org.dbunit.dataset.OrderedTableNameMap:234 - getSqlType() - start
08:54:29,428 DEBUG org.dbunit.dataset.OrderedTableNameMap:234 - getSqlType() - start
08:54:29,428 DEBUG org.dbunit.dataset.OrderedTableNameMap:234 - getSqlType() - start
08:54:29,429 DEBUG org.dbunit.dataset.OrderedTableNameMap:234 - getSqlType() - start
08:54:29,429 DEBUG org.dbunit.dataset.OrderedTableNameMap:234 - nullableValue(nullable=1) - start
08:54:29,429 DEBUG org.dbunit.dataset.OrderedTableNameMap:234 - autoIncrementValue(isAutoIncrement=NO) - start
08:54:29,430 DEBUG org.dbunit.dataset.OrderedTableNameMap:234 - Comparing the following values using caseSensitive=false (searched&lt;=&gt;actual): catalog: null&lt;=&gt;OPENHDS schema: null&lt;=&gt;PUBLIC table: SOCIALGROUP&lt;=&gt;SOCIALGROUP column: null&lt;=&gt;VOIDDATE
08:54:29,430 DEBUG org.dbunit.dataset.OrderedTableNameMap:234 - createDataType(sqlType=93 , sqlTypeName=TIMESTAMP, tableName=SOCIALGROUP, columnName=VOIDDATE) - start
08:54:29,431 DEBUG org.dbunit.dataset.OrderedTableNameMap:234 - createDataType(sqlType=93, sqlTypeName=TIMESTAMP) - start
08:54:29,431 DEBUG org.dbunit.dataset.OrderedTableNameMap:234 - forSqlType(sqlType=93) - start
08:54:29,432 DEBUG org.dbunit.dataset.OrderedTableNameMap:234 - getSqlType() - start
08:54:29,432 DEBUG org.dbunit.dataset.OrderedTableNameMap:234 - getSqlType() - start
08:54:29,433 DEBUG org.dbunit.dataset.OrderedTableNameMap:234 - getSqlType() - start
08:54:29,433 DEBUG org.dbunit.dataset.OrderedTableNameMap:234 - getSqlType() - start
08:54:29,433 DEBUG org.dbunit.dataset.OrderedTableNameMap:234 - getSqlType() - start
08:54:29,434 DEBUG org.dbunit.dataset.OrderedTableNameMap:234 - getSqlType() - start
08:54:29,434 DEBUG org.dbunit.dataset.OrderedTableNameMap:234 - getSqlType() - start
08:54:29,435 DEBUG org.dbunit.dataset.OrderedTableNameMap:234 - getSqlType() - start
08:54:29,435 DEBUG org.dbunit.dataset.OrderedTableNameMap:234 - getSqlType() - start
08:54:29,435 DEBUG org.dbunit.dataset.OrderedTableNameMap:234 - getSqlType() - start
08:54:29,436 DEBUG org.dbunit.dataset.OrderedTableNameMap:234 - getSqlType() - start
08:54:29,436 DEBUG org.dbunit.dataset.OrderedTableNameMap:234 - getSqlType() - start
08:54:29,437 DEBUG org.dbunit.dataset.OrderedTableNameMap:234 - getSqlType() - start
08:54:29,437 DEBUG org.dbunit.dataset.OrderedTableNameMap:234 - getSqlType() - start
08:54:29,437 DEBUG org.dbunit.dataset.OrderedTableNameMap:234 - getSqlType() - start
08:54:29,438 DEBUG org.dbunit.dataset.OrderedTableNameMap:234 - getSqlType() - start
08:54:29,438 DEBUG org.dbunit.dataset.OrderedTableNameMap:234 - getSqlType() - start
08:54:29,439 DEBUG org.dbunit.dataset.OrderedTableNameMap:234 - getSqlType() - start
08:54:29,439 DEBUG org.dbunit.dataset.OrderedTableNameMap:234 - getSqlType() - start
08:54:29,439 DEBUG org.dbunit.dataset.OrderedTableNameMap:234 - getSqlType() - start
08:54:29,440 DEBUG org.dbunit.dataset.OrderedTableNameMap:234 - getSqlType() - start
08:54:29,440 DEBUG org.dbunit.dataset.OrderedTableNameMap:234 - nullableValue(nullable=1) - start
08:54:29,441 DEBUG org.dbunit.dataset.OrderedTableNameMap:234 - autoIncrementValue(isAutoIncrement=NO) - start
08:54:29,441 DEBUG org.dbunit.dataset.OrderedTableNameMap:234 - Comparing the following values using caseSensitive=false (searched&lt;=&gt;actual): catalog: null&lt;=&gt;OPENHDS schema: null&lt;=&gt;PUBLIC table: SOCIALGROUP&lt;=&gt;SOCIALGROUP column: null&lt;=&gt;VOIDREASON
08:54:29,442 DEBUG org.dbunit.dataset.OrderedTableNameMap:234 - createDataType(sqlType=12 , sqlTypeName=VARCHAR, tableName=SOCIALGROUP, columnName=VOIDREASON) - start
08:54:29,442 DEBUG org.dbunit.dataset.OrderedTableNameMap:234 - createDataType(sqlType=12, sqlTypeName=VARCHAR) - start
08:54:29,443 DEBUG org.dbunit.dataset.OrderedTableNameMap:234 - forSqlType(sqlType=12) - start
08:54:29,443 DEBUG org.dbunit.dataset.OrderedTableNameMap:234 - getSqlType() - start
08:54:29,447 DEBUG org.dbunit.dataset.OrderedTableNameMap:234 - nullableValue(nullable=1) - start
08:54:29,447 DEBUG org.dbunit.dataset.OrderedTableNameMap:234 - autoIncrementValue(isAutoIncrement=NO) - start
08:54:29,448 DEBUG org.dbunit.dataset.OrderedTableNameMap:234 - Comparing the following values using caseSensitive=false (searched&lt;=&gt;actual): catalog: null&lt;=&gt;OPENHDS schema: null&lt;=&gt;PUBLIC table: SOCIALGROUP&lt;=&gt;SOCIALGROUP column: null&lt;=&gt;STATUS
08:54:29,449 DEBUG org.dbunit.dataset.OrderedTableNameMap:234 - createDataType(sqlType=12 , sqlTypeName=VARCHAR, tableName=SOCIALGROUP, columnName=STATUS) - start
08:54:29,449 DEBUG org.dbunit.dataset.OrderedTableNameMap:234 - createDataType(sqlType=12, sqlTypeName=VARCHAR) - start
08:54:29,449 DEBUG org.dbunit.dataset.OrderedTableNameMap:234 - forSqlType(sqlType=12) - start
08:54:29,450 DEBUG org.dbunit.dataset.OrderedTableNameMap:234 - getSqlType() - start
08:54:29,450 DEBUG org.dbunit.dataset.OrderedTableNameMap:234 - nullableValue(nullable=1) - start
08:54:29,451 DEBUG org.dbunit.dataset.OrderedTableNameMap:234 - autoIncrementValue(isAutoIncrement=NO) - start
08:54:29,451 DEBUG org.dbunit.dataset.OrderedTableNameMap:234 - Comparing the following values using caseSensitive=false (searched&lt;=&gt;actual): catalog: null&lt;=&gt;OPENHDS schema: null&lt;=&gt;PUBLIC table: SOCIALGROUP&lt;=&gt;SOCIALGROUP column: null&lt;=&gt;STATUSMESSAGE
08:54:29,452 DEBUG org.dbunit.dataset.OrderedTableNameMap:234 - createDataType(sqlType=12 , sqlTypeName=VARCHAR, tableName=SOCIALGROUP, columnName=STATUSMESSAGE) - start
08:54:29,452 DEBUG org.dbunit.dataset.OrderedTableNameMap:234 - createDataType(sqlType=12, sqlTypeName=VARCHAR) - start
08:54:29,452 DEBUG org.dbunit.dataset.OrderedTableNameMap:234 - forSqlType(sqlType=12) - start
08:54:29,453 DEBUG org.dbunit.dataset.OrderedTableNameMap:234 - getSqlType() - start
08:54:29,453 DEBUG org.dbunit.dataset.OrderedTableNameMap:234 - nullableValue(nullable=1) - start
08:54:29,454 DEBUG org.dbunit.dataset.OrderedTableNameMap:234 - autoIncrementValue(isAutoIncrement=NO) - start
08:54:29,454 DEBUG org.dbunit.dataset.OrderedTableNameMap:234 - Comparing the following values using caseSensitive=false (searched&lt;=&gt;actual): catalog: null&lt;=&gt;OPENHDS schema: null&lt;=&gt;PUBLIC table: SOCIALGROUP&lt;=&gt;SOCIALGROUP column: null&lt;=&gt;EXTID
08:54:29,455 DEBUG org.dbunit.dataset.OrderedTableNameMap:234 - createDataType(sqlType=12 , sqlTypeName=VARCHAR, tableName=SOCIALGROUP, columnName=EXTID) - start
08:54:29,455 DEBUG org.dbunit.dataset.OrderedTableNameMap:234 - createDataType(sqlType=12, sqlTypeName=VARCHAR) - start
08:54:29,455 DEBUG org.dbunit.dataset.OrderedTableNameMap:234 - forSqlType(sqlType=12) - start
08:54:29,456 DEBUG org.dbunit.dataset.OrderedTableNameMap:234 - getSqlType() - start
08:54:29,456 DEBUG org.dbunit.dataset.OrderedTableNameMap:234 - nullableValue(nullable=1) - start
08:54:29,457 DEBUG org.dbunit.dataset.OrderedTableNameMap:234 - autoIncrementValue(isAutoIncrement=NO) - start
08:54:29,457 DEBUG org.dbunit.dataset.OrderedTableNameMap:234 - Comparing the following values using caseSensitive=false (searched&lt;=&gt;actual): catalog: null&lt;=&gt;OPENHDS schema: null&lt;=&gt;PUBLIC table: SOCIALGROUP&lt;=&gt;SOCIALGROUP column: null&lt;=&gt;GROUPNAME
08:54:29,458 DEBUG org.dbunit.dataset.OrderedTableNameMap:234 - createDataType(sqlType=12 , sqlTypeName=VARCHAR, tableName=SOCIALGROUP, columnName=GROUPNAME) - start
08:54:29,458 DEBUG org.dbunit.dataset.OrderedTableNameMap:234 - createDataType(sqlType=12, sqlTypeName=VARCHAR) - start
08:54:29,458 DEBUG org.dbunit.dataset.OrderedTableNameMap:234 - forSqlType(sqlType=12) - start
08:54:29,459 DEBUG org.dbunit.dataset.OrderedTableNameMap:234 - getSqlType() - start
08:54:29,459 DEBUG org.dbunit.dataset.OrderedTableNameMap:234 - nullableValue(nullable=1) - start
08:54:29,459 DEBUG org.dbunit.dataset.OrderedTableNameMap:234 - autoIncrementValue(isAutoIncrement=NO) - start
08:54:29,460 DEBUG org.dbunit.dataset.OrderedTableNameMap:234 - Comparing the following values using caseSensitive=false (searched&lt;=&gt;actual): catalog: null&lt;=&gt;OPENHDS schema: null&lt;=&gt;PUBLIC table: SOCIALGROUP&lt;=&gt;SOCIALGROUP column: null&lt;=&gt;GROUPTYPE
08:54:29,460 DEBUG org.dbunit.dataset.OrderedTableNameMap:234 - createDataType(sqlType=12 , sqlTypeName=VARCHAR, tableName=SOCIALGROUP, columnName=GROUPTYPE) - start
08:54:29,460 DEBUG org.dbunit.dataset.OrderedTableNameMap:234 - createDataType(sqlType=12, sqlTypeName=VARCHAR) - start
08:54:29,461 DEBUG org.dbunit.dataset.OrderedTableNameMap:234 - forSqlType(sqlType=12) - start
08:54:29,461 DEBUG org.dbunit.dataset.OrderedTableNameMap:234 - getSqlType() - start
08:54:29,462 DEBUG org.dbunit.dataset.OrderedTableNameMap:234 - nullableValue(nullable=1) - start
08:54:29,462 DEBUG org.dbunit.dataset.OrderedTableNameMap:234 - autoIncrementValue(isAutoIncrement=NO) - start
08:54:29,462 DEBUG org.dbunit.dataset.OrderedTableNameMap:234 - Comparing the following values using caseSensitive=false (searched&lt;=&gt;actual): catalog: null&lt;=&gt;OPENHDS schema: null&lt;=&gt;PUBLIC table: SOCIALGROUP&lt;=&gt;SOCIALGROUP column: null&lt;=&gt;INSERTBY_UUID
08:54:29,463 DEBUG org.dbunit.dataset.OrderedTableNameMap:234 - createDataType(sqlType=12 , sqlTypeName=VARCHAR, tableName=SOCIALGROUP, columnName=INSERTBY_UUID) - start
08:54:29,463 DEBUG org.dbunit.dataset.OrderedTableNameMap:234 - createDataType(sqlType=12, sqlTypeName=VARCHAR) - start
08:54:29,463 DEBUG org.dbunit.dataset.OrderedTableNameMap:234 - forSqlType(sqlType=12) - start
08:54:29,464 DEBUG org.dbunit.dataset.OrderedTableNameMap:234 - getSqlType() - start
08:54:29,464 DEBUG org.dbunit.dataset.OrderedTableNameMap:234 - nullableValue(nullable=1) - start
08:54:29,464 DEBUG org.dbunit.dataset.OrderedTableNameMap:234 - autoIncrementValue(isAutoIncrement=NO) - start
08:54:29,465 DEBUG org.dbunit.dataset.OrderedTableNameMap:234 - Comparing the following values using caseSensitive=false (searched&lt;=&gt;actual): catalog: null&lt;=&gt;OPENHDS schema: null&lt;=&gt;PUBLIC table: SOCIALGROUP&lt;=&gt;SOCIALGROUP column: null&lt;=&gt;VOIDBY_UUID
08:54:29,465 DEBUG org.dbunit.dataset.OrderedTableNameMap:234 - createDataType(sqlType=12 , sqlTypeName=VARCHAR, tableName=SOCIALGROUP, columnName=VOIDBY_UUID) - start
08:54:29,465 DEBUG org.dbunit.dataset.OrderedTableNameMap:234 - createDataType(sqlType=12, sqlTypeName=VARCHAR) - start
08:54:29,466 DEBUG org.dbunit.dataset.OrderedTableNameMap:234 - forSqlType(sqlType=12) - start
08:54:29,466 DEBUG org.dbunit.dataset.OrderedTableNameMap:234 - getSqlType() - start
08:54:29,466 DEBUG org.dbunit.dataset.OrderedTableNameMap:234 - nullableValue(nullable=1) - start
08:54:29,467 DEBUG org.dbunit.dataset.OrderedTableNameMap:234 - autoIncrementValue(isAutoIncrement=NO) - start
08:54:29,467 DEBUG org.dbunit.dataset.OrderedTableNameMap:234 - Comparing the following values using caseSensitive=false (searched&lt;=&gt;actual): catalog: null&lt;=&gt;OPENHDS schema: null&lt;=&gt;PUBLIC table: SOCIALGROUP&lt;=&gt;SOCIALGROUP column: null&lt;=&gt;COLLECTEDBY_UUID
08:54:29,468 DEBUG org.dbunit.dataset.OrderedTableNameMap:234 - createDataType(sqlType=12 , sqlTypeName=VARCHAR, tableName=SOCIALGROUP, columnName=COLLECTEDBY_UUID) - start
08:54:29,468 DEBUG org.dbunit.dataset.OrderedTableNameMap:234 - createDataType(sqlType=12, sqlTypeName=VARCHAR) - start
08:54:29,468 DEBUG org.dbunit.dataset.OrderedTableNameMap:234 - forSqlType(sqlType=12) - start
08:54:29,469 DEBUG org.dbunit.dataset.OrderedTableNameMap:234 - getSqlType() - start
08:54:29,469 DEBUG org.dbunit.dataset.OrderedTableNameMap:234 - nullableValue(nullable=0) - start
08:54:29,470 DEBUG org.dbunit.dataset.OrderedTableNameMap:234 - autoIncrementValue(isAutoIncrement=NO) - start
08:54:29,470 DEBUG org.dbunit.dataset.OrderedTableNameMap:234 - Comparing the following values using caseSensitive=false (searched&lt;=&gt;actual): catalog: null&lt;=&gt;OPENHDS schema: null&lt;=&gt;PUBLIC table: SOCIALGROUP&lt;=&gt;SOCIALGROUP column: null&lt;=&gt;GROUPHEAD_UUID
08:54:29,471 DEBUG org.dbunit.dataset.OrderedTableNameMap:234 - createDataType(sqlType=12 , sqlTypeName=VARCHAR, tableName=SOCIALGROUP, columnName=GROUPHEAD_UUID) - start
08:54:29,471 DEBUG org.dbunit.dataset.OrderedTableNameMap:234 - createDataType(sqlType=12, sqlTypeName=VARCHAR) - start
08:54:29,471 DEBUG org.dbunit.dataset.OrderedTableNameMap:234 - forSqlType(sqlType=12) - start
08:54:29,472 DEBUG org.dbunit.dataset.OrderedTableNameMap:234 - getSqlType() - start
08:54:29,472 DEBUG org.dbunit.dataset.OrderedTableNameMap:234 - nullableValue(nullable=1) - start
08:54:29,473 DEBUG org.dbunit.dataset.OrderedTableNameMap:234 - autoIncrementValue(isAutoIncrement=NO) - start
08:54:29,473 DEBUG org.dbunit.dataset.OrderedTableNameMap:234 - getPrimaryKeys() - start
08:54:29,474 DEBUG org.dbunit.dataset.OrderedTableNameMap:234 - getPrimaryKeyNames() - start
08:54:29,474 DEBUG org.dbunit.dataset.OrderedTableNameMap:234 - getConnection() - start
08:54:29,477 DEBUG org.dbunit.dataset.OrderedTableNameMap:234 - getName() - start
08:54:29,477 DEBUG org.dbunit.dataset.OrderedTableNameMap:234 - getColumns() - start
08:54:29,478 DEBUG org.dbunit.dataset.OrderedTableNameMap:234 - getColumns(columnNames=[UUID], columns=[(UUID, VARCHAR, noNulls), (DELETED, BOOLEAN, noNulls), (INSERTDATE, DATE, nullable), (VOIDDATE, TIMESTAMP, nullable), (VOIDREASON, VARCHAR, nullable), (STATUS, VARCHAR, nullable), (STATUSMESSAGE, VARCHAR, nullable), (EXTID, VARCHAR, nullable), (GROUPNAME, VARCHAR, nullable), (GROUPTYPE, VARCHAR, nullable), (INSERTBY_UUID, VARCHAR, nullable), (VOIDBY_UUID, VARCHAR, nullable), (COLLECTEDBY_UUID, VARCHAR, noNulls), (GROUPHEAD_UUID, VARCHAR, nullable)]) - start
08:54:29,478 DEBUG org.dbunit.dataset.OrderedTableNameMap:234 - getColumn(columnName=UUID, columns=[(UUID, VARCHAR, noNulls), (DELETED, BOOLEAN, noNulls), (INSERTDATE, DATE, nullable), (VOIDDATE, TIMESTAMP, nullable), (VOIDREASON, VARCHAR, nullable), (STATUS, VARCHAR, nullable), (STATUSMESSAGE, VARCHAR, nullable), (EXTID, VARCHAR, nullable), (GROUPNAME, VARCHAR, nullable), (GROUPTYPE, VARCHAR, nullable), (INSERTBY_UUID, VARCHAR, nullable), (VOIDBY_UUID, VARCHAR, nullable), (COLLECTEDBY_UUID, VARCHAR, noNulls), (GROUPHEAD_UUID, VARCHAR, nullable)]) - start
08:54:29,479 DEBUG org.dbunit.dataset.OrderedTableNameMap:234 - update(tableName=socialgroup, object=table=SOCIALGROUP, cols=[(UUID, VARCHAR, noNulls), (DELETED, BOOLEAN, noNulls), (INSERTDATE, DATE, nullable), (VOIDDATE, TIMESTAMP, nullable), (VOIDREASON, VARCHAR, nullable), (STATUS, VARCHAR, nullable), (STATUSMESSAGE, VARCHAR, nullable), (EXTID, VARCHAR, nullable), (GROUPNAME, VARCHAR, nullable), (GROUPTYPE, VARCHAR, nullable), (INSERTBY_UUID, VARCHAR, nullable), (VOIDBY_UUID, VARCHAR, nullable), (COLLECTEDBY_UUID, VARCHAR, noNulls), (GROUPHEAD_UUID, VARCHAR, nullable)], pk=[(UUID, VARCHAR, noNulls)]) - start
08:54:29,479 DEBUG org.dbunit.dataset.OrderedTableNameMap:253 - getTableName(tableName=socialgroup) - start
08:54:29,480 DEBUG org.dbunit.dataset.OrderedTableNameMap:264 - getTableName(tableName=socialgroup) - end - result=SOCIALGROUP
08:54:29,480 DEBUG org.dbunit.dataset.OrderedTableNameMap:253 - getTableName(tableName=socialgroup) - start
08:54:29,480 DEBUG org.dbunit.dataset.OrderedTableNameMap:264 - getTableName(tableName=socialgroup) - end - result=SOCIALGROUP
08:54:29,481 DEBUG org.dbunit.dataset.AbstractTableMetaData:101 - getColumnIndex(columnName=uuid) - start
08:54:29,481 DEBUG org.dbunit.database.DatabaseTableMetaData:301 - getColumns() - start
08:54:29,481 DEBUG org.dbunit.database.DatabaseTableMetaData:301 - getColumns() - start
08:54:29,482 DEBUG org.dbunit.dataset.AbstractTableMetaData:101 - getColumnIndex(columnName=deleted) - start
08:54:29,482 DEBUG org.dbunit.database.DatabaseTableMetaData:301 - getColumns() - start
08:54:29,483 DEBUG org.dbunit.dataset.AbstractTableMetaData:101 - getColumnIndex(columnName=insertDate) - start
08:54:29,483 DEBUG org.dbunit.database.DatabaseTableMetaData:301 - getColumns() - start
08:54:29,483 DEBUG org.dbunit.dataset.AbstractTableMetaData:101 - getColumnIndex(columnName=status) - start
08:54:29,484 DEBUG org.dbunit.database.DatabaseTableMetaData:301 - getColumns() - start
08:54:29,484 DEBUG org.dbunit.dataset.AbstractTableMetaData:101 - getColumnIndex(columnName=extId) - start
08:54:29,484 DEBUG org.dbunit.database.DatabaseTableMetaData:301 - getColumns() - start
08:54:29,485 DEBUG org.dbunit.dataset.AbstractTableMetaData:101 - getColumnIndex(columnName=groupName) - start
08:54:29,485 DEBUG org.dbunit.database.DatabaseTableMetaData:301 - getColumns() - start
08:54:29,485 DEBUG org.dbunit.dataset.AbstractTableMetaData:101 - getColumnIndex(columnName=groupType) - start
08:54:29,486 DEBUG org.dbunit.database.DatabaseTableMetaData:301 - getColumns() - start
08:54:29,486 DEBUG org.dbunit.dataset.AbstractTableMetaData:101 - getColumnIndex(columnName=insertBy_uuid) - start
08:54:29,486 DEBUG org.dbunit.database.DatabaseTableMetaData:301 - getColumns() - start
08:54:29,487 DEBUG org.dbunit.dataset.AbstractTableMetaData:101 - getColumnIndex(columnName=collectedBy_uuid) - start
08:54:29,487 DEBUG org.dbunit.database.DatabaseTableMetaData:301 - getColumns() - start
08:54:29,487 DEBUG org.dbunit.dataset.AbstractTableMetaData:101 - getColumnIndex(columnName=groupHead_uuid) - start
08:54:29,488 DEBUG org.dbunit.database.DatabaseTableMetaData:301 - getColumns() - start
08:54:29,488 DEBUG org.dbunit.database.DatabaseTableMetaData:374 - getPrimaryKeys() - start
08:54:29,488 DEBUG org.dbunit.operation.RefreshOperation:146 - createUpdateOperation(connection=_databaseConfig=org.dbunit.database.DatabaseConfig[, _propertyMap={http://www.dbunit.org/properties/statementFactory=org.dbunit.database.statement.PreparedStatementFactory@eb5ea0, http://www.dbunit.org/features/caseSensitiveTableNames=false, http://www.dbunit.org/properties/fetchSize=100, http://www.dbunit.org/features/batchedStatements=false, http://www.dbunit.org/properties/metadataHandler=org.dbunit.database.DefaultMetadataHandler@60648, http://www.dbunit.org/properties/datatypeFactory=org.dbunit.dataset.datatype.DefaultDataTypeFactory[_toleratedDeltaMap=org.dbunit.dataset.datatype.ToleratedDeltaMap@133a07d], http://www.dbunit.org/properties/escapePattern=null, http://www.dbunit.org/properties/batchSize=100, http://www.dbunit.org/features/qualifiedTableNames=false, http://www.dbunit.org/properties/tableType=[Ljava.lang.String;@6d6f28, http://www.dbunit.org/properties/resultSetTableFactory=org.dbunit.database.CachedResultSetTableFactory@9cde9a, http://www.dbunit.org/features/datatypeWarning=true}], _dataSet=AbstractDataSet[_orderedTableNameMap=null], metaData=tableName=SOCIALGROUP, columns=[(UUID, VARCHAR, noNulls), (DELETED, BOOLEAN, noNulls), (INSERTDATE, DATE, nullable), (STATUS, VARCHAR, nullable), (EXTID, VARCHAR, nullable), (GROUPNAME, VARCHAR, nullable), (GROUPTYPE, VARCHAR, nullable), (INSERTBY_UUID, VARCHAR, nullable), (COLLECTEDBY_UUID, VARCHAR, noNulls), (GROUPHEAD_UUID, VARCHAR, nullable)], keys=[(UUID, VARCHAR, noNulls)]) - start
08:54:29,489 DEBUG org.dbunit.operation.UpdateOperation:63 - getOperationData(metaData=tableName=SOCIALGROUP, columns=[(UUID, VARCHAR, noNulls), (DELETED, BOOLEAN, noNulls), (INSERTDATE, DATE, nullable), (STATUS, VARCHAR, nullable), (EXTID, VARCHAR, nullable), (GROUPNAME, VARCHAR, nullable), (GROUPTYPE, VARCHAR, nullable), (INSERTBY_UUID, VARCHAR, nullable), (COLLECTEDBY_UUID, VARCHAR, noNulls), (GROUPHEAD_UUID, VARCHAR, nullable)], keys=[(UUID, VARCHAR, noNulls)], ignoreMapping=null, connection=_databaseConfig=org.dbunit.database.DatabaseConfig[, _propertyMap={http://www.dbunit.org/properties/statementFactory=org.dbunit.database.statement.PreparedStatementFactory@eb5ea0, http://www.dbunit.org/features/caseSensitiveTableNames=false, http://www.dbunit.org/properties/fetchSize=100, http://www.dbunit.org/features/batchedStatements=false, http://www.dbunit.org/properties/metadataHandler=org.dbunit.database.DefaultMetadataHandler@60648, http://www.dbunit.org/properties/datatypeFactory=org.dbunit.dataset.datatype.DefaultDataTypeFactory[_toleratedDeltaMap=org.dbunit.dataset.datatype.ToleratedDeltaMap@133a07d], http://www.dbunit.org/properties/escapePattern=null, http://www.dbunit.org/properties/batchSize=100, http://www.dbunit.org/features/qualifiedTableNames=false, http://www.dbunit.org/properties/tableType=[Ljava.lang.String;@6d6f28, http://www.dbunit.org/properties/resultSetTableFactory=org.dbunit.database.CachedResultSetTableFactory@9cde9a, http://www.dbunit.org/features/datatypeWarning=true}], _dataSet=AbstractDataSet[_orderedTableNameMap=null]) - start
08:54:29,489 DEBUG org.dbunit.operation.AbstractOperation:55 - getQualifiedName(prefix=null, name=SOCIALGROUP, connection=_databaseConfig=org.dbunit.database.DatabaseConfig[, _propertyMap={http://www.dbunit.org/properties/statementFactory=org.dbunit.database.statement.PreparedStatementFactory@eb5ea0, http://www.dbunit.org/features/caseSensitiveTableNames=false, http://www.dbunit.org/properties/fetchSize=100, http://www.dbunit.org/features/batchedStatements=false, http://www.dbunit.org/properties/metadataHandler=org.dbunit.database.DefaultMetadataHandler@60648, http://www.dbunit.org/properties/datatypeFactory=org.dbunit.dataset.datatype.DefaultDataTypeFactory[_toleratedDeltaMap=org.dbunit.dataset.datatype.ToleratedDeltaMap@133a07d], http://www.dbunit.org/properties/escapePattern=null, http://www.dbunit.org/properties/batchSize=100, http://www.dbunit.org/features/qualifiedTableNames=false, http://www.dbunit.org/properties/tableType=[Ljava.lang.String;@6d6f28, http://www.dbunit.org/properties/resultSetTableFactory=org.dbunit.database.CachedResultSetTableFactory@9cde9a, http://www.dbunit.org/features/datatypeWarning=true}], _dataSet=AbstractDataSet[_orderedTableNameMap=null]) - start
08:54:29,490 DEBUG org.dbunit.util.QualifiedTableName:126 - getQualifiedName() - start
08:54:29,490 DEBUG org.dbunit.util.QualifiedTableName:190 - getQualifiedName(prefix=null, name=SOCIALGROUP, escapePattern=null) - start
08:54:29,491 DEBUG org.dbunit.dataset.Columns:154 - getColumn(columnName=UUID, columns=[(UUID, VARCHAR, noNulls)]) - start
08:54:29,491 DEBUG org.dbunit.dataset.Columns:154 - getColumn(columnName=DELETED, columns=[(UUID, VARCHAR, noNulls)]) - start
08:54:29,491 DEBUG org.dbunit.operation.AbstractOperation:55 - getQualifiedName(prefix=null, name=DELETED, connection=_databaseConfig=org.dbunit.database.DatabaseConfig[, _propertyMap={http://www.dbunit.org/properties/statementFactory=org.dbunit.database.statement.PreparedStatementFactory@eb5ea0, http://www.dbunit.org/features/caseSensitiveTableNames=false, http://www.dbunit.org/properties/fetchSize=100, http://www.dbunit.org/features/batchedStatements=false, http://www.dbunit.org/properties/metadataHandler=org.dbunit.database.DefaultMetadataHandler@60648, http://www.dbunit.org/properties/datatypeFactory=org.dbunit.dataset.datatype.DefaultDataTypeFactory[_toleratedDeltaMap=org.dbunit.dataset.datatype.ToleratedDeltaMap@133a07d], http://www.dbunit.org/properties/escapePattern=null, http://www.dbunit.org/properties/batchSize=100, http://www.dbunit.org/features/qualifiedTableNames=false, http://www.dbunit.org/properties/tableType=[Ljava.lang.String;@6d6f28, http://www.dbunit.org/properties/resultSetTableFactory=org.dbunit.database.CachedResultSetTableFactory@9cde9a, http://www.dbunit.org/features/datatypeWarning=true}], _dataSet=AbstractDataSet[_orderedTableNameMap=null]) - start
08:54:29,492 DEBUG org.dbunit.util.QualifiedTableName:126 - getQualifiedName() - start
08:54:29,492 DEBUG org.dbunit.util.QualifiedTableName:190 - getQualifiedName(prefix=null, name=DELETED, escapePattern=null) - start
08:54:29,493 DEBUG org.dbunit.dataset.Columns:154 - getColumn(columnName=INSERTDATE, columns=[(UUID, VARCHAR, noNulls)]) - start
08:54:29,493 DEBUG org.dbunit.operation.AbstractOperation:55 - getQualifiedName(prefix=null, name=INSERTDATE, connection=_databaseConfig=org.dbunit.database.DatabaseConfig[, _propertyMap={http://www.dbunit.org/properties/statementFactory=org.dbunit.database.statement.PreparedStatementFactory@eb5ea0, http://www.dbunit.org/features/caseSensitiveTableNames=false, http://www.dbunit.org/properties/fetchSize=100, http://www.dbunit.org/features/batchedStatements=false, http://www.dbunit.org/properties/metadataHandler=org.dbunit.database.DefaultMetadataHandler@60648, http://www.dbunit.org/properties/datatypeFactory=org.dbunit.dataset.datatype.DefaultDataTypeFactory[_toleratedDeltaMap=org.dbunit.dataset.datatype.ToleratedDeltaMap@133a07d], http://www.dbunit.org/properties/escapePattern=null, http://www.dbunit.org/properties/batchSize=100, http://www.dbunit.org/features/qualifiedTableNames=false, http://www.dbunit.org/properties/tableType=[Ljava.lang.String;@6d6f28, http://www.dbunit.org/properties/resultSetTableFactory=org.dbunit.database.CachedResultSetTableFactory@9cde9a, http://www.dbunit.org/features/datatypeWarning=true}], _dataSet=AbstractDataSet[_orderedTableNameMap=null]) - start
08:54:29,493 DEBUG org.dbunit.util.QualifiedTableName:126 - getQualifiedName() - start
08:54:29,494 DEBUG org.dbunit.util.QualifiedTableName:190 - getQualifiedName(prefix=null, name=INSERTDATE, escapePattern=null) - start
08:54:29,494 DEBUG org.dbunit.dataset.Columns:154 - getColumn(columnName=STATUS, columns=[(UUID, VARCHAR, noNulls)]) - start
08:54:29,495 DEBUG org.dbunit.operation.AbstractOperation:55 - getQualifiedName(prefix=null, name=STATUS, connection=_databaseConfig=org.dbunit.database.DatabaseConfig[, _propertyMap={http://www.dbunit.org/properties/statementFactory=org.dbunit.database.statement.PreparedStatementFactory@eb5ea0, http://www.dbunit.org/features/caseSensitiveTableNames=false, http://www.dbunit.org/properties/fetchSize=100, http://www.dbunit.org/features/batchedStatements=false, http://www.dbunit.org/properties/metadataHandler=org.dbunit.database.DefaultMetadataHandler@60648, http://www.dbunit.org/properties/datatypeFactory=org.dbunit.dataset.datatype.DefaultDataTypeFactory[_toleratedDeltaMap=org.dbunit.dataset.datatype.ToleratedDeltaMap@133a07d], http://www.dbunit.org/properties/escapePattern=null, http://www.dbunit.org/properties/batchSize=100, http://www.dbunit.org/features/qualifiedTableNames=false, http://www.dbunit.org/properties/tableType=[Ljava.lang.String;@6d6f28, http://www.dbunit.org/properties/resultSetTableFactory=org.dbunit.database.CachedResultSetTableFactory@9cde9a, http://www.dbunit.org/features/datatypeWarning=true}], _dataSet=AbstractDataSet[_orderedTableNameMap=null]) - start
08:54:29,495 DEBUG org.dbunit.util.QualifiedTableName:126 - getQualifiedName() - start
08:54:29,496 DEBUG org.dbunit.util.QualifiedTableName:190 - getQualifiedName(prefix=null, name=STATUS, escapePattern=null) - start
08:54:29,496 DEBUG org.dbunit.dataset.Columns:154 - getColumn(columnName=EXTID, columns=[(UUID, VARCHAR, noNulls)]) - start
08:54:29,496 DEBUG org.dbunit.operation.AbstractOperation:55 - getQualifiedName(prefix=null, name=EXTID, connection=_databaseConfig=org.dbunit.database.DatabaseConfig[, _propertyMap={http://www.dbunit.org/properties/statementFactory=org.dbunit.database.statement.PreparedStatementFactory@eb5ea0, http://www.dbunit.org/features/caseSensitiveTableNames=false, http://www.dbunit.org/properties/fetchSize=100, http://www.dbunit.org/features/batchedStatements=false, http://www.dbunit.org/properties/metadataHandler=org.dbunit.database.DefaultMetadataHandler@60648, http://www.dbunit.org/properties/datatypeFactory=org.dbunit.dataset.datatype.DefaultDataTypeFactory[_toleratedDeltaMap=org.dbunit.dataset.datatype.ToleratedDeltaMap@133a07d], http://www.dbunit.org/properties/escapePattern=null, http://www.dbunit.org/properties/batchSize=100, http://www.dbunit.org/features/qualifiedTableNames=false, http://www.dbunit.org/properties/tableType=[Ljava.lang.String;@6d6f28, http://www.dbunit.org/properties/resultSetTableFactory=org.dbunit.database.CachedResultSetTableFactory@9cde9a, http://www.dbunit.org/features/datatypeWarning=true}], _dataSet=AbstractDataSet[_orderedTableNameMap=null]) - start
08:54:29,497 DEBUG org.dbunit.util.QualifiedTableName:126 - getQualifiedName() - start
08:54:29,497 DEBUG org.dbunit.util.QualifiedTableName:190 - getQualifiedName(prefix=null, name=EXTID, escapePattern=null) - start
08:54:29,498 DEBUG org.dbunit.dataset.Columns:154 - getColumn(columnName=GROUPNAME, columns=[(UUID, VARCHAR, noNulls)]) - start
08:54:29,498 DEBUG org.dbunit.operation.AbstractOperation:55 - getQualifiedName(prefix=null, name=GROUPNAME, connection=_databaseConfig=org.dbunit.database.DatabaseConfig[, _propertyMap={http://www.dbunit.org/properties/statementFactory=org.dbunit.database.statement.PreparedStatementFactory@eb5ea0, http://www.dbunit.org/features/caseSensitiveTableNames=false, http://www.dbunit.org/properties/fetchSize=100, http://www.dbunit.org/features/batchedStatements=false, http://www.dbunit.org/properties/metadataHandler=org.dbunit.database.DefaultMetadataHandler@60648, http://www.dbunit.org/properties/datatypeFactory=org.dbunit.dataset.datatype.DefaultDataTypeFactory[_toleratedDeltaMap=org.dbunit.dataset.datatype.ToleratedDeltaMap@133a07d], http://www.dbunit.org/properties/escapePattern=null, http://www.dbunit.org/properties/batchSize=100, http://www.dbunit.org/features/qualifiedTableNames=false, http://www.dbunit.org/properties/tableType=[Ljava.lang.String;@6d6f28, http://www.dbunit.org/properties/resultSetTableFactory=org.dbunit.database.CachedResultSetTableFactory@9cde9a, http://www.dbunit.org/features/datatypeWarning=true}], _dataSet=AbstractDataSet[_orderedTableNameMap=null]) - start
08:54:29,498 DEBUG org.dbunit.util.QualifiedTableName:126 - getQualifiedName() - start
08:54:29,499 DEBUG org.dbunit.util.QualifiedTableName:190 - getQualifiedName(prefix=null, name=GROUPNAME, escapePattern=null) - start
08:54:29,499 DEBUG org.dbunit.dataset.Columns:154 - getColumn(columnName=GROUPTYPE, columns=[(UUID, VARCHAR, noNulls)]) - start
08:54:29,500 DEBUG org.dbunit.operation.AbstractOperation:55 - getQualifiedName(prefix=null, name=GROUPTYPE, connection=_databaseConfig=org.dbunit.database.DatabaseConfig[, _propertyMap={http://www.dbunit.org/properties/statementFactory=org.dbunit.database.statement.PreparedStatementFactory@eb5ea0, http://www.dbunit.org/features/caseSensitiveTableNames=false, http://www.dbunit.org/properties/fetchSize=100, http://www.dbunit.org/features/batchedStatements=false, http://www.dbunit.org/properties/metadataHandler=org.dbunit.database.DefaultMetadataHandler@60648, http://www.dbunit.org/properties/datatypeFactory=org.dbunit.dataset.datatype.DefaultDataTypeFactory[_toleratedDeltaMap=org.dbunit.dataset.datatype.ToleratedDeltaMap@133a07d], http://www.dbunit.org/properties/escapePattern=null, http://www.dbunit.org/properties/batchSize=100, http://www.dbunit.org/features/qualifiedTableNames=false, http://www.dbunit.org/properties/tableType=[Ljava.lang.String;@6d6f28, http://www.dbunit.org/properties/resultSetTableFactory=org.dbunit.database.CachedResultSetTableFactory@9cde9a, http://www.dbunit.org/features/datatypeWarning=true}], _dataSet=AbstractDataSet[_orderedTableNameMap=null]) - start
08:54:29,500 DEBUG org.dbunit.util.QualifiedTableName:126 - getQualifiedName() - start
08:54:29,500 DEBUG org.dbunit.util.QualifiedTableName:190 - getQualifiedName(prefix=null, name=GROUPTYPE, escapePattern=null) - start
08:54:29,501 DEBUG org.dbunit.dataset.Columns:154 - getColumn(columnName=INSERTBY_UUID, columns=[(UUID, VARCHAR, noNulls)]) - start
08:54:29,501 DEBUG org.dbunit.operation.AbstractOperation:55 - getQualifiedName(prefix=null, name=INSERTBY_UUID, connection=_databaseConfig=org.dbunit.database.DatabaseConfig[, _propertyMap={http://www.dbunit.org/properties/statementFactory=org.dbunit.database.statement.PreparedStatementFactory@eb5ea0, http://www.dbunit.org/features/caseSensitiveTableNames=false, http://www.dbunit.org/properties/fetchSize=100, http://www.dbunit.org/features/batchedStatements=false, http://www.dbunit.org/properties/metadataHandler=org.dbunit.database.DefaultMetadataHandler@60648, http://www.dbunit.org/properties/datatypeFactory=org.dbunit.dataset.datatype.DefaultDataTypeFactory[_toleratedDeltaMap=org.dbunit.dataset.datatype.ToleratedDeltaMap@133a07d], http://www.dbunit.org/properties/escapePattern=null, http://www.dbunit.org/properties/batchSize=100, http://www.dbunit.org/features/qualifiedTableNames=false, http://www.dbunit.org/properties/tableType=[Ljava.lang.String;@6d6f28, http://www.dbunit.org/properties/resultSetTableFactory=org.dbunit.database.CachedResultSetTableFactory@9cde9a, http://www.dbunit.org/features/datatypeWarning=true}], _dataSet=AbstractDataSet[_orderedTableNameMap=null]) - start
08:54:29,502 DEBUG org.dbunit.util.QualifiedTableName:126 - getQualifiedName() - start
08:54:29,502 DEBUG org.dbunit.util.QualifiedTableName:190 - getQualifiedName(prefix=null, name=INSERTBY_UUID, escapePattern=null) - start
08:54:29,502 DEBUG org.dbunit.dataset.Columns:154 - getColumn(columnName=COLLECTEDBY_UUID, columns=[(UUID, VARCHAR, noNulls)]) - start
08:54:29,503 DEBUG org.dbunit.operation.AbstractOperation:55 - getQualifiedName(prefix=null, name=COLLECTEDBY_UUID, connection=_databaseConfig=org.dbunit.database.DatabaseConfig[, _propertyMap={http://www.dbunit.org/properties/statementFactory=org.dbunit.database.statement.PreparedStatementFactory@eb5ea0, http://www.dbunit.org/features/caseSensitiveTableNames=false, http://www.dbunit.org/properties/fetchSize=100, http://www.dbunit.org/features/batchedStatements=false, http://www.dbunit.org/properties/metadataHandler=org.dbunit.database.DefaultMetadataHandler@60648, http://www.dbunit.org/properties/datatypeFactory=org.dbunit.dataset.datatype.DefaultDataTypeFactory[_toleratedDeltaMap=org.dbunit.dataset.datatype.ToleratedDeltaMap@133a07d], http://www.dbunit.org/properties/escapePattern=null, http://www.dbunit.org/properties/batchSize=100, http://www.dbunit.org/features/qualifiedTableNames=false, http://www.dbunit.org/properties/tableType=[Ljava.lang.String;@6d6f28, http://www.dbunit.org/properties/resultSetTableFactory=org.dbunit.database.CachedResultSetTableFactory@9cde9a, http://www.dbunit.org/features/datatypeWarning=true}], _dataSet=AbstractDataSet[_orderedTableNameMap=null]) - start
08:54:29,503 DEBUG org.dbunit.util.QualifiedTableName:126 - getQualifiedName() - start
08:54:29,504 DEBUG org.dbunit.util.QualifiedTableName:190 - getQualifiedName(prefix=null, name=COLLECTEDBY_UUID, escapePattern=null) - start
08:54:29,504 DEBUG org.dbunit.dataset.Columns:154 - getColumn(columnName=GROUPHEAD_UUID, columns=[(UUID, VARCHAR, noNulls)]) - start
08:54:29,504 DEBUG org.dbunit.operation.AbstractOperation:55 - getQualifiedName(prefix=null, name=GROUPHEAD_UUID, connection=_databaseConfig=org.dbunit.database.DatabaseConfig[, _propertyMap={http://www.dbunit.org/properties/statementFactory=org.dbunit.database.statement.PreparedStatementFactory@eb5ea0, http://www.dbunit.org/features/caseSensitiveTableNames=false, http://www.dbunit.org/properties/fetchSize=100, http://www.dbunit.org/features/batchedStatements=false, http://www.dbunit.org/properties/metadataHandler=org.dbunit.database.DefaultMetadataHandler@60648, http://www.dbunit.org/properties/datatypeFactory=org.dbunit.dataset.datatype.DefaultDataTypeFactory[_toleratedDeltaMap=org.dbunit.dataset.datatype.ToleratedDeltaMap@133a07d], http://www.dbunit.org/properties/escapePattern=null, http://www.dbunit.org/properties/batchSize=100, http://www.dbunit.org/features/qualifiedTableNames=false, http://www.dbunit.org/properties/tableType=[Ljava.lang.String;@6d6f28, http://www.dbunit.org/properties/resultSetTableFactory=org.dbunit.database.CachedResultSetTableFactory@9cde9a, http://www.dbunit.org/features/datatypeWarning=true}], _dataSet=AbstractDataSet[_orderedTableNameMap=null]) - start
08:54:29,505 DEBUG org.dbunit.util.QualifiedTableName:126 - getQualifiedName() - start
08:54:29,505 DEBUG org.dbunit.util.QualifiedTableName:190 - getQualifiedName(prefix=null, name=GROUPHEAD_UUID, escapePattern=null) - start
08:54:29,506 DEBUG org.dbunit.operation.AbstractOperation:55 - getQualifiedName(prefix=null, name=UUID, connection=_databaseConfig=org.dbunit.database.DatabaseConfig[, _propertyMap={http://www.dbunit.org/properties/statementFactory=org.dbunit.database.statement.PreparedStatementFactory@eb5ea0, http://www.dbunit.org/features/caseSensitiveTableNames=false, http://www.dbunit.org/properties/fetchSize=100, http://www.dbunit.org/features/batchedStatements=false, http://www.dbunit.org/properties/metadataHandler=org.dbunit.database.DefaultMetadataHandler@60648, http://www.dbunit.org/properties/datatypeFactory=org.dbunit.dataset.datatype.DefaultDataTypeFactory[_toleratedDeltaMap=org.dbunit.dataset.datatype.ToleratedDeltaMap@133a07d], http://www.dbunit.org/properties/escapePattern=null, http://www.dbunit.org/properties/batchSize=100, http://www.dbunit.org/features/qualifiedTableNames=false, http://www.dbunit.org/properties/tableType=[Ljava.lang.String;@6d6f28, http://www.dbunit.org/properties/resultSetTableFactory=org.dbunit.database.CachedResultSetTableFactory@9cde9a, http://www.dbunit.org/features/datatypeWarning=true}], _dataSet=AbstractDataSet[_orderedTableNameMap=null]) - start
08:54:29,506 DEBUG org.dbunit.util.QualifiedTableName:126 - getQualifiedName() - start
08:54:29,507 DEBUG org.dbunit.util.QualifiedTableName:190 - getQualifiedName(prefix=null, name=UUID, escapePattern=null) - start
08:54:29,507 DEBUG org.dbunit.database.DatabaseDataSourceConnection:113 - getConnection() - start
08:54:29,508 DEBUG org.dbunit.operation.RefreshOperation$RowOperation:180 - execute(table=org.dbunit.dataset.DefaultTable[_metaData=tableName=socialgroup, columns=[(uuid, UNKNOWN, nullableUnknown), (deleted, UNKNOWN, nullableUnknown), (insertDate, UNKNOWN, nullableUnknown), (status, UNKNOWN, nullableUnknown), (extId, UNKNOWN, nullableUnknown), (groupName, UNKNOWN, nullableUnknown), (groupType, UNKNOWN, nullableUnknown), (insertBy_uuid, UNKNOWN, nullableUnknown), (collectedBy_uuid, UNKNOWN, nullableUnknown), (groupHead_uuid, UNKNOWN, nullableUnknown)], keys=[], _rowList.size()=1], row=0) - start
08:54:29,508 DEBUG org.dbunit.dataset.DefaultTable:192 - getValue(row=0, column=DELETED) - start
08:54:29,509 DEBUG org.dbunit.dataset.AbstractTable:41 - assertValidRowIndex(row=0) - start
08:54:29,509 DEBUG org.dbunit.dataset.AbstractTable:51 - assertValidRowIndex(row=0, rowCount=1) - start
08:54:29,509 DEBUG org.dbunit.dataset.AbstractTable:75 - getColumnIndex(columnName=DELETED) - start
08:54:29,510 DEBUG org.dbunit.dataset.AbstractTableMetaData:101 - getColumnIndex(columnName=DELETED) - start
08:54:29,510 DEBUG org.dbunit.database.statement.SimplePreparedStatement:64 - addValue(value=0, dataType=BOOLEAN) - start
08:54:29,511 DEBUG org.dbunit.dataset.datatype.BooleanDataType:143 - setSqlValue(value=0, column=1, statement=prep247: update SOCIALGROUP set DELETED = ?, INSERTDATE = ?, STATUS = ?, EXTID = ?, GROUPNAME = ?, GROUPTYPE = ?, INSERTBY_UUID = ?, COLLECTEDBY_UUID = ?, GROUPHEAD_UUID = ? where UUID = ?) - start
08:54:29,511 DEBUG org.dbunit.dataset.datatype.BooleanDataType:66 - typeCast(value=0) - start
08:54:29,512 DEBUG org.dbunit.dataset.datatype.IntegerDataType:56 - typeCast(value=0) - start
08:54:29,512 DEBUG org.dbunit.dataset.datatype.IntegerDataType:56 - typeCast(value=0) - start
08:54:29,512 DEBUG org.dbunit.dataset.datatype.BooleanDataType:66 - typeCast(value=0) - start
08:54:29,513 DEBUG org.dbunit.dataset.DefaultTable:192 - getValue(row=0, column=INSERTDATE) - start
08:54:29,513 DEBUG org.dbunit.dataset.AbstractTable:41 - assertValidRowIndex(row=0) - start
08:54:29,514 DEBUG org.dbunit.dataset.AbstractTable:51 - assertValidRowIndex(row=0, rowCount=1) - start
08:54:29,514 DEBUG org.dbunit.dataset.AbstractTable:75 - getColumnIndex(columnName=INSERTDATE) - start
08:54:29,514 DEBUG org.dbunit.dataset.AbstractTableMetaData:101 - getColumnIndex(columnName=INSERTDATE) - start
08:54:29,515 DEBUG org.dbunit.database.statement.SimplePreparedStatement:64 - addValue(value=2012-04-17 00:00:00, dataType=DATE) - start
08:54:29,515 DEBUG org.dbunit.dataset.datatype.DateDataType:138 - setSqlValue(value=2012-04-17 00:00:00, column=2, statement=prep247: update SOCIALGROUP set DELETED = ?, INSERTDATE = ?, STATUS = ?, EXTID = ?, GROUPNAME = ?, GROUPTYPE = ?, INSERTBY_UUID = ?, COLLECTEDBY_UUID = ?, GROUPHEAD_UUID = ? where UUID = ? {1: FALSE}) - start
08:54:29,516 DEBUG org.dbunit.dataset.datatype.DateDataType:57 - typeCast(value=2012-04-17 00:00:00) - start
08:54:29,516 DEBUG org.dbunit.dataset.DefaultTable:192 - getValue(row=0, column=STATUS) - start
08:54:29,516 DEBUG org.dbunit.dataset.AbstractTable:41 - assertValidRowIndex(row=0) - start
08:54:29,517 DEBUG org.dbunit.dataset.AbstractTable:51 - assertValidRowIndex(row=0, rowCount=1) - start
08:54:29,517 DEBUG org.dbunit.dataset.AbstractTable:75 - getColumnIndex(columnName=STATUS) - start
08:54:29,518 DEBUG org.dbunit.dataset.AbstractTableMetaData:101 - getColumnIndex(columnName=STATUS) - start
08:54:29,518 DEBUG org.dbunit.database.statement.SimplePreparedStatement:64 - addValue(value=P, dataType=VARCHAR) - start
08:54:29,518 DEBUG org.dbunit.dataset.datatype.StringDataType:157 - setSqlValue(value=P, column=3, statement=prep247: update SOCIALGROUP set DELETED = ?, INSERTDATE = ?, STATUS = ?, EXTID = ?, GROUPNAME = ?, GROUPTYPE = ?, INSERTBY_UUID = ?, COLLECTEDBY_UUID = ?, GROUPHEAD_UUID = ? where UUID = ? {1: FALSE, 2: DATE &apos;2012-04-17&apos;}) - start
08:54:29,519 DEBUG org.dbunit.dataset.datatype.DataType:177 - asString(value=P) - start
08:54:29,519 DEBUG org.dbunit.dataset.datatype.StringDataType:59 - typeCast(value=P) - start
08:54:29,519 DEBUG org.dbunit.dataset.DefaultTable:192 - getValue(row=0, column=EXTID) - start
08:54:29,520 DEBUG org.dbunit.dataset.AbstractTable:41 - assertValidRowIndex(row=0) - start
08:54:29,520 DEBUG org.dbunit.dataset.AbstractTable:51 - assertValidRowIndex(row=0, rowCount=1) - start
08:54:29,520 DEBUG org.dbunit.dataset.AbstractTable:75 - getColumnIndex(columnName=EXTID) - start
08:54:29,521 DEBUG org.dbunit.dataset.AbstractTableMetaData:101 - getColumnIndex(columnName=EXTID) - start
08:54:29,521 DEBUG org.dbunit.database.statement.SimplePreparedStatement:64 - addValue(value=MBI00000100, dataType=VARCHAR) - start
08:54:29,522 DEBUG org.dbunit.dataset.datatype.StringDataType:157 - setSqlValue(value=MBI00000100, column=4, statement=prep247: update SOCIALGROUP set DELETED = ?, INSERTDATE = ?, STATUS = ?, EXTID = ?, GROUPNAME = ?, GROUPTYPE = ?, INSERTBY_UUID = ?, COLLECTEDBY_UUID = ?, GROUPHEAD_UUID = ? where UUID = ? {1: FALSE, 2: DATE &apos;2012-04-17&apos;, 3: &apos;P&apos;}) - start
08:54:29,522 DEBUG org.dbunit.dataset.datatype.DataType:177 - asString(value=MBI00000100) - start
08:54:29,522 DEBUG org.dbunit.dataset.datatype.StringDataType:59 - typeCast(value=MBI00000100) - start
08:54:29,523 DEBUG org.dbunit.dataset.DefaultTable:192 - getValue(row=0, column=GROUPNAME) - start
08:54:29,523 DEBUG org.dbunit.dataset.AbstractTable:41 - assertValidRowIndex(row=0) - start
08:54:29,523 DEBUG org.dbunit.dataset.AbstractTable:51 - assertValidRowIndex(row=0, rowCount=1) - start
08:54:29,524 DEBUG org.dbunit.dataset.AbstractTable:75 - getColumnIndex(columnName=GROUPNAME) - start
08:54:29,524 DEBUG org.dbunit.dataset.AbstractTableMetaData:101 - getColumnIndex(columnName=GROUPNAME) - start
08:54:29,524 DEBUG org.dbunit.database.statement.SimplePreparedStatement:64 - addValue(value=Harold, dataType=VARCHAR) - start
08:54:29,525 DEBUG org.dbunit.dataset.datatype.StringDataType:157 - setSqlValue(value=Harold, column=5, statement=prep247: update SOCIALGROUP set DELETED = ?, INSERTDATE = ?, STATUS = ?, EXTID = ?, GROUPNAME = ?, GROUPTYPE = ?, INSERTBY_UUID = ?, COLLECTEDBY_UUID = ?, GROUPHEAD_UUID = ? where UUID = ? {1: FALSE, 2: DATE &apos;2012-04-17&apos;, 3: &apos;P&apos;, 4: &apos;MBI00000100&apos;}) - start
08:54:29,525 DEBUG org.dbunit.dataset.datatype.DataType:177 - asString(value=Harold) - start
08:54:29,526 DEBUG org.dbunit.dataset.datatype.StringDataType:59 - typeCast(value=Harold) - start
08:54:29,526 DEBUG org.dbunit.dataset.DefaultTable:192 - getValue(row=0, column=GROUPTYPE) - start
08:54:29,526 DEBUG org.dbunit.dataset.AbstractTable:41 - assertValidRowIndex(row=0) - start
08:54:29,527 DEBUG org.dbunit.dataset.AbstractTable:51 - assertValidRowIndex(row=0, rowCount=1) - start
08:54:29,527 DEBUG org.dbunit.dataset.AbstractTable:75 - getColumnIndex(columnName=GROUPTYPE) - start
08:54:29,527 DEBUG org.dbunit.dataset.AbstractTableMetaData:101 - getColumnIndex(columnName=GROUPTYPE) - start
08:54:29,528 DEBUG org.dbunit.database.statement.SimplePreparedStatement:64 - addValue(value=FAM, dataType=VARCHAR) - start
08:54:29,528 DEBUG org.dbunit.dataset.datatype.StringDataType:157 - setSqlValue(value=FAM, column=6, statement=prep247: update SOCIALGROUP set DELETED = ?, INSERTDATE = ?, STATUS = ?, EXTID = ?, GROUPNAME = ?, GROUPTYPE = ?, INSERTBY_UUID = ?, COLLECTEDBY_UUID = ?, GROUPHEAD_UUID = ? where UUID = ? {1: FALSE, 2: DATE &apos;2012-04-17&apos;, 3: &apos;P&apos;, 4: &apos;MBI00000100&apos;, 5: &apos;Harold&apos;}) - start
08:54:29,529 DEBUG org.dbunit.dataset.datatype.DataType:177 - asString(value=FAM) - start
08:54:29,529 DEBUG org.dbunit.dataset.datatype.StringDataType:59 - typeCast(value=FAM) - start
08:54:29,529 DEBUG org.dbunit.dataset.DefaultTable:192 - getValue(row=0, column=INSERTBY_UUID) - start
08:54:29,530 DEBUG org.dbunit.dataset.AbstractTable:41 - assertValidRowIndex(row=0) - start
08:54:29,530 DEBUG org.dbunit.dataset.AbstractTable:51 - assertValidRowIndex(row=0, rowCount=1) - start
08:54:29,530 DEBUG org.dbunit.dataset.AbstractTable:75 - getColumnIndex(columnName=INSERTBY_UUID) - start
08:54:29,531 DEBUG org.dbunit.dataset.AbstractTableMetaData:101 - getColumnIndex(columnName=INSERTBY_UUID) - start
08:54:29,533 DEBUG org.dbunit.database.statement.SimplePreparedStatement:64 - addValue(value=User 1, dataType=VARCHAR) - start
08:54:29,533 DEBUG org.dbunit.dataset.datatype.StringDataType:157 - setSqlValue(value=User 1, column=7, statement=prep247: update SOCIALGROUP set DELETED = ?, INSERTDATE = ?, STATUS = ?, EXTID = ?, GROUPNAME = ?, GROUPTYPE = ?, INSERTBY_UUID = ?, COLLECTEDBY_UUID = ?, GROUPHEAD_UUID = ? where UUID = ? {1: FALSE, 2: DATE &apos;2012-04-17&apos;, 3: &apos;P&apos;, 4: &apos;MBI00000100&apos;, 5: &apos;Harold&apos;, 6: &apos;FAM&apos;}) - start
08:54:29,534 DEBUG org.dbunit.dataset.datatype.DataType:177 - asString(value=User 1) - start
08:54:29,534 DEBUG org.dbunit.dataset.datatype.StringDataType:59 - typeCast(value=User 1) - start
08:54:29,534 DEBUG org.dbunit.dataset.DefaultTable:192 - getValue(row=0, column=COLLECTEDBY_UUID) - start
08:54:29,535 DEBUG org.dbunit.dataset.AbstractTable:41 - assertValidRowIndex(row=0) - start
08:54:29,535 DEBUG org.dbunit.dataset.AbstractTable:51 - assertValidRowIndex(row=0, rowCount=1) - start
08:54:29,535 DEBUG org.dbunit.dataset.AbstractTable:75 - getColumnIndex(columnName=COLLECTEDBY_UUID) - start
08:54:29,536 DEBUG org.dbunit.dataset.AbstractTableMetaData:101 - getColumnIndex(columnName=COLLECTEDBY_UUID) - start
08:54:29,536 DEBUG org.dbunit.database.statement.SimplePreparedStatement:64 - addValue(value=FieldWorker1, dataType=VARCHAR) - start
08:54:29,537 DEBUG org.dbunit.dataset.datatype.StringDataType:157 - setSqlValue(value=FieldWorker1, column=8, statement=prep247: update SOCIALGROUP set DELETED = ?, INSERTDATE = ?, STATUS = ?, EXTID = ?, GROUPNAME = ?, GROUPTYPE = ?, INSERTBY_UUID = ?, COLLECTEDBY_UUID = ?, GROUPHEAD_UUID = ? where UUID = ? {1: FALSE, 2: DATE &apos;2012-04-17&apos;, 3: &apos;P&apos;, 4: &apos;MBI00000100&apos;, 5: &apos;Harold&apos;, 6: &apos;FAM&apos;, 7: &apos;User 1&apos;}) - start
08:54:29,537 DEBUG org.dbunit.dataset.datatype.DataType:177 - asString(value=FieldWorker1) - start
08:54:29,537 DEBUG org.dbunit.dataset.datatype.StringDataType:59 - typeCast(value=FieldWorker1) - start
08:54:29,538 DEBUG org.dbunit.dataset.DefaultTable:192 - getValue(row=0, column=GROUPHEAD_UUID) - start
08:54:29,538 DEBUG org.dbunit.dataset.AbstractTable:41 - assertValidRowIndex(row=0) - start
08:54:29,538 DEBUG org.dbunit.dataset.AbstractTable:51 - assertValidRowIndex(row=0, rowCount=1) - start
08:54:29,539 DEBUG org.dbunit.dataset.AbstractTable:75 - getColumnIndex(columnName=GROUPHEAD_UUID) - start
08:54:29,539 DEBUG org.dbunit.dataset.AbstractTableMetaData:101 - getColumnIndex(columnName=GROUPHEAD_UUID) - start
08:54:29,539 DEBUG org.dbunit.database.statement.SimplePreparedStatement:64 - addValue(value=Indiv 1, dataType=VARCHAR) - start
08:54:29,540 DEBUG org.dbunit.dataset.datatype.StringDataType:157 - setSqlValue(value=Indiv 1, column=9, statement=prep247: update SOCIALGROUP set DELETED = ?, INSERTDATE = ?, STATUS = ?, EXTID = ?, GROUPNAME = ?, GROUPTYPE = ?, INSERTBY_UUID = ?, COLLECTEDBY_UUID = ?, GROUPHEAD_UUID = ? where UUID = ? {1: FALSE, 2: DATE &apos;2012-04-17&apos;, 3: &apos;P&apos;, 4: &apos;MBI00000100&apos;, 5: &apos;Harold&apos;, 6: &apos;FAM&apos;, 7: &apos;User 1&apos;, 8: &apos;FieldWorker1&apos;}) - start
08:54:29,540 DEBUG org.dbunit.dataset.datatype.DataType:177 - asString(value=Indiv 1) - start
08:54:29,541 DEBUG org.dbunit.dataset.datatype.StringDataType:59 - typeCast(value=Indiv 1) - start
08:54:29,541 DEBUG org.dbunit.dataset.DefaultTable:192 - getValue(row=0, column=UUID) - start
08:54:29,541 DEBUG org.dbunit.dataset.AbstractTable:41 - assertValidRowIndex(row=0) - start
08:54:29,542 DEBUG org.dbunit.dataset.AbstractTable:51 - assertValidRowIndex(row=0, rowCount=1) - start
08:54:29,542 DEBUG org.dbunit.dataset.AbstractTable:75 - getColumnIndex(columnName=UUID) - start
08:54:29,542 DEBUG org.dbunit.dataset.AbstractTableMetaData:101 - getColumnIndex(columnName=UUID) - start
08:54:29,543 DEBUG org.dbunit.database.statement.SimplePreparedStatement:64 - addValue(value=SocialGroup1, dataType=VARCHAR) - start
08:54:29,543 DEBUG org.dbunit.dataset.datatype.StringDataType:157 - setSqlValue(value=SocialGroup1, column=10, statement=prep247: update SOCIALGROUP set DELETED = ?, INSERTDATE = ?, STATUS = ?, EXTID = ?, GROUPNAME = ?, GROUPTYPE = ?, INSERTBY_UUID = ?, COLLECTEDBY_UUID = ?, GROUPHEAD_UUID = ? where UUID = ? {1: FALSE, 2: DATE &apos;2012-04-17&apos;, 3: &apos;P&apos;, 4: &apos;MBI00000100&apos;, 5: &apos;Harold&apos;, 6: &apos;FAM&apos;, 7: &apos;User 1&apos;, 8: &apos;FieldWorker1&apos;, 9: &apos;Indiv 1&apos;}) - start
08:54:29,544 DEBUG org.dbunit.dataset.datatype.DataType:177 - asString(value=SocialGroup1) - start
08:54:29,544 DEBUG org.dbunit.dataset.datatype.StringDataType:59 - typeCast(value=SocialGroup1) - start
08:54:29,544 DEBUG org.dbunit.database.statement.SimplePreparedStatement:78 - addBatch() - start
08:54:29,545 DEBUG org.dbunit.database.statement.SimplePreparedStatement:90 - executeBatch() - start
08:54:29,545 DEBUG org.dbunit.database.statement.SimplePreparedStatement:99 - clearBatch() - start
08:54:29,546 DEBUG org.dbunit.database.statement.SimplePreparedStatement:99 - clearBatch() - start
08:54:29,546 DEBUG org.dbunit.operation.RefreshOperation$InsertRowOperation:238 - execute(table=org.dbunit.dataset.DefaultTable[_metaData=tableName=socialgroup, columns=[(uuid, UNKNOWN, nullableUnknown), (deleted, UNKNOWN, nullableUnknown), (insertDate, UNKNOWN, nullableUnknown), (status, UNKNOWN, nullableUnknown), (extId, UNKNOWN, nullableUnknown), (groupName, UNKNOWN, nullableUnknown), (groupType, UNKNOWN, nullableUnknown), (insertBy_uuid, UNKNOWN, nullableUnknown), (collectedBy_uuid, UNKNOWN, nullableUnknown), (groupHead_uuid, UNKNOWN, nullableUnknown)], keys=[], _rowList.size()=1], row=0) - start
08:54:29,546 DEBUG org.dbunit.operation.InsertOperation:113 - getIgnoreMapping(table=org.dbunit.dataset.DefaultTable[_metaData=tableName=socialgroup, columns=[(uuid, UNKNOWN, nullableUnknown), (deleted, UNKNOWN, nullableUnknown), (insertDate, UNKNOWN, nullableUnknown), (status, UNKNOWN, nullableUnknown), (extId, UNKNOWN, nullableUnknown), (groupName, UNKNOWN, nullableUnknown), (groupType, UNKNOWN, nullableUnknown), (insertBy_uuid, UNKNOWN, nullableUnknown), (collectedBy_uuid, UNKNOWN, nullableUnknown), (groupHead_uuid, UNKNOWN, nullableUnknown)], keys=[], _rowList.size()=1], row=0) - start
08:54:29,547 DEBUG org.dbunit.dataset.DefaultTable:192 - getValue(row=0, column=uuid) - start
08:54:29,547 DEBUG org.dbunit.dataset.AbstractTable:41 - assertValidRowIndex(row=0) - start
08:54:29,547 DEBUG org.dbunit.dataset.AbstractTable:51 - assertValidRowIndex(row=0, rowCount=1) - start
08:54:29,548 DEBUG org.dbunit.dataset.AbstractTable:75 - getColumnIndex(columnName=uuid) - start
08:54:29,548 DEBUG org.dbunit.dataset.AbstractTableMetaData:101 - getColumnIndex(columnName=uuid) - start
08:54:29,548 DEBUG org.dbunit.dataset.DefaultTable:192 - getValue(row=0, column=deleted) - start
08:54:29,549 DEBUG org.dbunit.dataset.AbstractTable:41 - assertValidRowIndex(row=0) - start
08:54:29,549 DEBUG org.dbunit.dataset.AbstractTable:51 - assertValidRowIndex(row=0, rowCount=1) - start
08:54:29,549 DEBUG org.dbunit.dataset.AbstractTable:75 - getColumnIndex(columnName=deleted) - start
08:54:29,550 DEBUG org.dbunit.dataset.AbstractTableMetaData:101 - getColumnIndex(columnName=deleted) - start
08:54:29,550 DEBUG org.dbunit.dataset.DefaultTable:192 - getValue(row=0, column=insertDate) - start
08:54:29,550 DEBUG org.dbunit.dataset.AbstractTable:41 - assertValidRowIndex(row=0) - start
08:54:29,551 DEBUG org.dbunit.dataset.AbstractTable:51 - assertValidRowIndex(row=0, rowCount=1) - start
08:54:29,551 DEBUG org.dbunit.dataset.AbstractTable:75 - getColumnIndex(columnName=insertDate) - start
08:54:29,551 DEBUG org.dbunit.dataset.AbstractTableMetaData:101 - getColumnIndex(columnName=insertDate) - start
08:54:29,552 DEBUG org.dbunit.dataset.DefaultTable:192 - getValue(row=0, column=status) - start
08:54:29,552 DEBUG org.dbunit.dataset.AbstractTable:41 - assertValidRowIndex(row=0) - start
08:54:29,552 DEBUG org.dbunit.dataset.AbstractTable:51 - assertValidRowIndex(row=0, rowCount=1) - start
08:54:29,553 DEBUG org.dbunit.dataset.AbstractTable:75 - getColumnIndex(columnName=status) - start
08:54:29,553 DEBUG org.dbunit.dataset.AbstractTableMetaData:101 - getColumnIndex(columnName=status) - start
08:54:29,553 DEBUG org.dbunit.dataset.DefaultTable:192 - getValue(row=0, column=extId) - start
08:54:29,554 DEBUG org.dbunit.dataset.AbstractTable:41 - assertValidRowIndex(row=0) - start
08:54:29,554 DEBUG org.dbunit.dataset.AbstractTable:51 - assertValidRowIndex(row=0, rowCount=1) - start
08:54:29,555 DEBUG org.dbunit.dataset.AbstractTable:75 - getColumnIndex(columnName=extId) - start
08:54:29,555 DEBUG org.dbunit.dataset.AbstractTableMetaData:101 - getColumnIndex(columnName=extId) - start
08:54:29,555 DEBUG org.dbunit.dataset.DefaultTable:192 - getValue(row=0, column=groupName) - start
08:54:29,556 DEBUG org.dbunit.dataset.AbstractTable:41 - assertValidRowIndex(row=0) - start
08:54:29,556 DEBUG org.dbunit.dataset.AbstractTable:51 - assertValidRowIndex(row=0, rowCount=1) - start
08:54:29,556 DEBUG org.dbunit.dataset.AbstractTable:75 - getColumnIndex(columnName=groupName) - start
08:54:29,557 DEBUG org.dbunit.dataset.AbstractTableMetaData:101 - getColumnIndex(columnName=groupName) - start
08:54:29,557 DEBUG org.dbunit.dataset.DefaultTable:192 - getValue(row=0, column=groupType) - start
08:54:29,557 DEBUG org.dbunit.dataset.AbstractTable:41 - assertValidRowIndex(row=0) - start
08:54:29,558 DEBUG org.dbunit.dataset.AbstractTable:51 - assertValidRowIndex(row=0, rowCount=1) - start
08:54:29,558 DEBUG org.dbunit.dataset.AbstractTable:75 - getColumnIndex(columnName=groupType) - start
08:54:29,559 DEBUG org.dbunit.dataset.AbstractTableMetaData:101 - getColumnIndex(columnName=groupType) - start
08:54:29,559 DEBUG org.dbunit.dataset.DefaultTable:192 - getValue(row=0, column=insertBy_uuid) - start
08:54:29,559 DEBUG org.dbunit.dataset.AbstractTable:41 - assertValidRowIndex(row=0) - start
08:54:29,560 DEBUG org.dbunit.dataset.AbstractTable:51 - assertValidRowIndex(row=0, rowCount=1) - start
08:54:29,560 DEBUG org.dbunit.dataset.AbstractTable:75 - getColumnIndex(columnName=insertBy_uuid) - start
08:54:29,560 DEBUG org.dbunit.dataset.AbstractTableMetaData:101 - getColumnIndex(columnName=insertBy_uuid) - start
08:54:29,561 DEBUG org.dbunit.dataset.DefaultTable:192 - getValue(row=0, column=collectedBy_uuid) - start
08:54:29,561 DEBUG org.dbunit.dataset.AbstractTable:41 - assertValidRowIndex(row=0) - start
08:54:29,561 DEBUG org.dbunit.dataset.AbstractTable:51 - assertValidRowIndex(row=0, rowCount=1) - start
08:54:29,562 DEBUG org.dbunit.dataset.AbstractTable:75 - getColumnIndex(columnName=collectedBy_uuid) - start
08:54:29,562 DEBUG org.dbunit.dataset.AbstractTableMetaData:101 - getColumnIndex(columnName=collectedBy_uuid) - start
08:54:29,563 DEBUG org.dbunit.dataset.DefaultTable:192 - getValue(row=0, column=groupHead_uuid) - start
08:54:29,563 DEBUG org.dbunit.dataset.AbstractTable:41 - assertValidRowIndex(row=0) - start
08:54:29,563 DEBUG org.dbunit.dataset.AbstractTable:51 - assertValidRowIndex(row=0, rowCount=1) - start
08:54:29,564 DEBUG org.dbunit.dataset.AbstractTable:75 - getColumnIndex(columnName=groupHead_uuid) - start
08:54:29,564 DEBUG org.dbunit.dataset.AbstractTableMetaData:101 - getColumnIndex(columnName=groupHead_uuid) - start
08:54:29,565 DEBUG org.dbunit.operation.InsertOperation:65 - getOperationData(metaData=tableName=SOCIALGROUP, columns=[(UUID, VARCHAR, noNulls), (DELETED, BOOLEAN, noNulls), (INSERTDATE, DATE, nullable), (STATUS, VARCHAR, nullable), (EXTID, VARCHAR, nullable), (GROUPNAME, VARCHAR, nullable), (GROUPTYPE, VARCHAR, nullable), (INSERTBY_UUID, VARCHAR, nullable), (COLLECTEDBY_UUID, VARCHAR, noNulls), (GROUPHEAD_UUID, VARCHAR, nullable)], keys=[(UUID, VARCHAR, noNulls)], ignoreMapping={}, connection=_databaseConfig=org.dbunit.database.DatabaseConfig[, _propertyMap={http://www.dbunit.org/properties/statementFactory=org.dbunit.database.statement.PreparedStatementFactory@eb5ea0, http://www.dbunit.org/features/caseSensitiveTableNames=false, http://www.dbunit.org/properties/fetchSize=100, http://www.dbunit.org/features/batchedStatements=false, http://www.dbunit.org/properties/metadataHandler=org.dbunit.database.DefaultMetadataHandler@60648, http://www.dbunit.org/properties/datatypeFactory=org.dbunit.dataset.datatype.DefaultDataTypeFactory[_toleratedDeltaMap=org.dbunit.dataset.datatype.ToleratedDeltaMap@133a07d], http://www.dbunit.org/properties/escapePattern=null, http://www.dbunit.org/properties/batchSize=100, http://www.dbunit.org/features/qualifiedTableNames=false, http://www.dbunit.org/properties/tableType=[Ljava.lang.String;@6d6f28, http://www.dbunit.org/properties/resultSetTableFactory=org.dbunit.database.CachedResultSetTableFactory@9cde9a, http://www.dbunit.org/features/datatypeWarning=true}], _dataSet=AbstractDataSet[_orderedTableNameMap=null]) - start
08:54:29,565 DEBUG org.dbunit.operation.AbstractOperation:55 - getQualifiedName(prefix=null, name=SOCIALGROUP, connection=_databaseConfig=org.dbunit.database.DatabaseConfig[, _propertyMap={http://www.dbunit.org/properties/statementFactory=org.dbunit.database.statement.PreparedStatementFactory@eb5ea0, http://www.dbunit.org/features/caseSensitiveTableNames=false, http://www.dbunit.org/properties/fetchSize=100, http://www.dbunit.org/features/batchedStatements=false, http://www.dbunit.org/properties/metadataHandler=org.dbunit.database.DefaultMetadataHandler@60648, http://www.dbunit.org/properties/datatypeFactory=org.dbunit.dataset.datatype.DefaultDataTypeFactory[_toleratedDeltaMap=org.dbunit.dataset.datatype.ToleratedDeltaMap@133a07d], http://www.dbunit.org/properties/escapePattern=null, http://www.dbunit.org/properties/batchSize=100, http://www.dbunit.org/features/qualifiedTableNames=false, http://www.dbunit.org/properties/tableType=[Ljava.lang.String;@6d6f28, http://www.dbunit.org/properties/resultSetTableFactory=org.dbunit.database.CachedResultSetTableFactory@9cde9a, http://www.dbunit.org/features/datatypeWarning=true}], _dataSet=AbstractDataSet[_orderedTableNameMap=null]) - start
08:54:29,565 DEBUG org.dbunit.util.QualifiedTableName:126 - getQualifiedName() - start
08:54:29,566 DEBUG org.dbunit.util.QualifiedTableName:190 - getQualifiedName(prefix=null, name=SOCIALGROUP, escapePattern=null) - start
08:54:29,566 DEBUG org.dbunit.operation.AbstractOperation:55 - getQualifiedName(prefix=null, name=UUID, connection=_databaseConfig=org.dbunit.database.DatabaseConfig[, _propertyMap={http://www.dbunit.org/properties/statementFactory=org.dbunit.database.statement.PreparedStatementFactory@eb5ea0, http://www.dbunit.org/features/caseSensitiveTableNames=false, http://www.dbunit.org/properties/fetchSize=100, http://www.dbunit.org/features/batchedStatements=false, http://www.dbunit.org/properties/metadataHandler=org.dbunit.database.DefaultMetadataHandler@60648, http://www.dbunit.org/properties/datatypeFactory=org.dbunit.dataset.datatype.DefaultDataTypeFactory[_toleratedDeltaMap=org.dbunit.dataset.datatype.ToleratedDeltaMap@133a07d], http://www.dbunit.org/properties/escapePattern=null, http://www.dbunit.org/properties/batchSize=100, http://www.dbunit.org/features/qualifiedTableNames=false, http://www.dbunit.org/properties/tableType=[Ljava.lang.String;@6d6f28, http://www.dbunit.org/properties/resultSetTableFactory=org.dbunit.database.CachedResultSetTableFactory@9cde9a, http://www.dbunit.org/features/datatypeWarning=true}], _dataSet=AbstractDataSet[_orderedTableNameMap=null]) - start
08:54:29,567 DEBUG org.dbunit.util.QualifiedTableName:126 - getQualifiedName() - start
08:54:29,567 DEBUG org.dbunit.util.QualifiedTableName:190 - getQualifiedName(prefix=null, name=UUID, escapePattern=null) - start
08:54:29,568 DEBUG org.dbunit.operation.AbstractOperation:55 - getQualifiedName(prefix=null, name=DELETED, connection=_databaseConfig=org.dbunit.database.DatabaseConfig[, _propertyMap={http://www.dbunit.org/properties/statementFactory=org.dbunit.database.statement.PreparedStatementFactory@eb5ea0, http://www.dbunit.org/features/caseSensitiveTableNames=false, http://www.dbunit.org/properties/fetchSize=100, http://www.dbunit.org/features/batchedStatements=false, http://www.dbunit.org/properties/metadataHandler=org.dbunit.database.DefaultMetadataHandler@60648, http://www.dbunit.org/properties/datatypeFactory=org.dbunit.dataset.datatype.DefaultDataTypeFactory[_toleratedDeltaMap=org.dbunit.dataset.datatype.ToleratedDeltaMap@133a07d], http://www.dbunit.org/properties/escapePattern=null, http://www.dbunit.org/properties/batchSize=100, http://www.dbunit.org/features/qualifiedTableNames=false, http://www.dbunit.org/properties/tableType=[Ljava.lang.String;@6d6f28, http://www.dbunit.org/properties/resultSetTableFactory=org.dbunit.database.CachedResultSetTableFactory@9cde9a, http://www.dbunit.org/features/datatypeWarning=true}], _dataSet=AbstractDataSet[_orderedTableNameMap=null]) - start
08:54:29,568 DEBUG org.dbunit.util.QualifiedTableName:126 - getQualifiedName() - start
08:54:29,568 DEBUG org.dbunit.util.QualifiedTableName:190 - getQualifiedName(prefix=null, name=DELETED, escapePattern=null) - start
08:54:29,569 DEBUG org.dbunit.operation.AbstractOperation:55 - getQualifiedName(prefix=null, name=INSERTDATE, connection=_databaseConfig=org.dbunit.database.DatabaseConfig[, _propertyMap={http://www.dbunit.org/properties/statementFactory=org.dbunit.database.statement.PreparedStatementFactory@eb5ea0, http://www.dbunit.org/features/caseSensitiveTableNames=false, http://www.dbunit.org/properties/fetchSize=100, http://www.dbunit.org/features/batchedStatements=false, http://www.dbunit.org/properties/metadataHandler=org.dbunit.database.DefaultMetadataHandler@60648, http://www.dbunit.org/properties/datatypeFactory=org.dbunit.dataset.datatype.DefaultDataTypeFactory[_toleratedDeltaMap=org.dbunit.dataset.datatype.ToleratedDeltaMap@133a07d], http://www.dbunit.org/properties/escapePattern=null, http://www.dbunit.org/properties/batchSize=100, http://www.dbunit.org/features/qualifiedTableNames=false, http://www.dbunit.org/properties/tableType=[Ljava.lang.String;@6d6f28, http://www.dbunit.org/properties/resultSetTableFactory=org.dbunit.database.CachedResultSetTableFactory@9cde9a, http://www.dbunit.org/features/datatypeWarning=true}], _dataSet=AbstractDataSet[_orderedTableNameMap=null]) - start
08:54:29,569 DEBUG org.dbunit.util.QualifiedTableName:126 - getQualifiedName() - start
08:54:29,570 DEBUG org.dbunit.util.QualifiedTableName:190 - getQualifiedName(prefix=null, name=INSERTDATE, escapePattern=null) - start
08:54:29,570 DEBUG org.dbunit.operation.AbstractOperation:55 - getQualifiedName(prefix=null, name=STATUS, connection=_databaseConfig=org.dbunit.database.DatabaseConfig[, _propertyMap={http://www.dbunit.org/properties/statementFactory=org.dbunit.database.statement.PreparedStatementFactory@eb5ea0, http://www.dbunit.org/features/caseSensitiveTableNames=false, http://www.dbunit.org/properties/fetchSize=100, http://www.dbunit.org/features/batchedStatements=false, http://www.dbunit.org/properties/metadataHandler=org.dbunit.database.DefaultMetadataHandler@60648, http://www.dbunit.org/properties/datatypeFactory=org.dbunit.dataset.datatype.DefaultDataTypeFactory[_toleratedDeltaMap=org.dbunit.dataset.datatype.ToleratedDeltaMap@133a07d], http://www.dbunit.org/properties/escapePattern=null, http://www.dbunit.org/properties/batchSize=100, http://www.dbunit.org/features/qualifiedTableNames=false, http://www.dbunit.org/properties/tableType=[Ljava.lang.String;@6d6f28, http://www.dbunit.org/properties/resultSetTableFactory=org.dbunit.database.CachedResultSetTableFactory@9cde9a, http://www.dbunit.org/features/datatypeWarning=true}], _dataSet=AbstractDataSet[_orderedTableNameMap=null]) - start
08:54:29,570 DEBUG org.dbunit.util.QualifiedTableName:126 - getQualifiedName() - start
08:54:29,571 DEBUG org.dbunit.util.QualifiedTableName:190 - getQualifiedName(prefix=null, name=STATUS, escapePattern=null) - start
08:54:29,571 DEBUG org.dbunit.operation.AbstractOperation:55 - getQualifiedName(prefix=null, name=EXTID, connection=_databaseConfig=org.dbunit.database.DatabaseConfig[, _propertyMap={http://www.dbunit.org/properties/statementFactory=org.dbunit.database.statement.PreparedStatementFactory@eb5ea0, http://www.dbunit.org/features/caseSensitiveTableNames=false, http://www.dbunit.org/properties/fetchSize=100, http://www.dbunit.org/features/batchedStatements=false, http://www.dbunit.org/properties/metadataHandler=org.dbunit.database.DefaultMetadataHandler@60648, http://www.dbunit.org/properties/datatypeFactory=org.dbunit.dataset.datatype.DefaultDataTypeFactory[_toleratedDeltaMap=org.dbunit.dataset.datatype.ToleratedDeltaMap@133a07d], http://www.dbunit.org/properties/escapePattern=null, http://www.dbunit.org/properties/batchSize=100, http://www.dbunit.org/features/qualifiedTableNames=false, http://www.dbunit.org/properties/tableType=[Ljava.lang.String;@6d6f28, http://www.dbunit.org/properties/resultSetTableFactory=org.dbunit.database.CachedResultSetTableFactory@9cde9a, http://www.dbunit.org/features/datatypeWarning=true}], _dataSet=AbstractDataSet[_orderedTableNameMap=null]) - start
08:54:29,572 DEBUG org.dbunit.util.QualifiedTableName:126 - getQualifiedName() - start
08:54:29,572 DEBUG org.dbunit.util.QualifiedTableName:190 - getQualifiedName(prefix=null, name=EXTID, escapePattern=null) - start
08:54:29,572 DEBUG org.dbunit.operation.AbstractOperation:55 - getQualifiedName(prefix=null, name=GROUPNAME, connection=_databaseConfig=org.dbunit.database.DatabaseConfig[, _propertyMap={http://www.dbunit.org/properties/statementFactory=org.dbunit.database.statement.PreparedStatementFactory@eb5ea0, http://www.dbunit.org/features/caseSensitiveTableNames=false, http://www.dbunit.org/properties/fetchSize=100, http://www.dbunit.org/features/batchedStatements=false, http://www.dbunit.org/properties/metadataHandler=org.dbunit.database.DefaultMetadataHandler@60648, http://www.dbunit.org/properties/datatypeFactory=org.dbunit.dataset.datatype.DefaultDataTypeFactory[_toleratedDeltaMap=org.dbunit.dataset.datatype.ToleratedDeltaMap@133a07d], http://www.dbunit.org/properties/escapePattern=null, http://www.dbunit.org/properties/batchSize=100, http://www.dbunit.org/features/qualifiedTableNames=false, http://www.dbunit.org/properties/tableType=[Ljava.lang.String;@6d6f28, http://www.dbunit.org/properties/resultSetTableFactory=org.dbunit.database.CachedResultSetTableFactory@9cde9a, http://www.dbunit.org/features/datatypeWarning=true}], _dataSet=AbstractDataSet[_orderedTableNameMap=null]) - start
08:54:29,573 DEBUG org.dbunit.util.QualifiedTableName:126 - getQualifiedName() - start
08:54:29,573 DEBUG org.dbunit.util.QualifiedTableName:190 - getQualifiedName(prefix=null, name=GROUPNAME, escapePattern=null) - start
08:54:29,574 DEBUG org.dbunit.operation.AbstractOperation:55 - getQualifiedName(prefix=null, name=GROUPTYPE, connection=_databaseConfig=org.dbunit.database.DatabaseConfig[, _propertyMap={http://www.dbunit.org/properties/statementFactory=org.dbunit.database.statement.PreparedStatementFactory@eb5ea0, http://www.dbunit.org/features/caseSensitiveTableNames=false, http://www.dbunit.org/properties/fetchSize=100, http://www.dbunit.org/features/batchedStatements=false, http://www.dbunit.org/properties/metadataHandler=org.dbunit.database.DefaultMetadataHandler@60648, http://www.dbunit.org/properties/datatypeFactory=org.dbunit.dataset.datatype.DefaultDataTypeFactory[_toleratedDeltaMap=org.dbunit.dataset.datatype.ToleratedDeltaMap@133a07d], http://www.dbunit.org/properties/escapePattern=null, http://www.dbunit.org/properties/batchSize=100, http://www.dbunit.org/features/qualifiedTableNames=false, http://www.dbunit.org/properties/tableType=[Ljava.lang.String;@6d6f28, http://www.dbunit.org/properties/resultSetTableFactory=org.dbunit.database.CachedResultSetTableFactory@9cde9a, http://www.dbunit.org/features/datatypeWarning=true}], _dataSet=AbstractDataSet[_orderedTableNameMap=null]) - start
08:54:29,574 DEBUG org.dbunit.util.QualifiedTableName:126 - getQualifiedName() - start
08:54:29,574 DEBUG org.dbunit.util.QualifiedTableName:190 - getQualifiedName(prefix=null, name=GROUPTYPE, escapePattern=null) - start
08:54:29,575 DEBUG org.dbunit.operation.AbstractOperation:55 - getQualifiedName(prefix=null, name=INSERTBY_UUID, connection=_databaseConfig=org.dbunit.database.DatabaseConfig[, _propertyMap={http://www.dbunit.org/properties/statementFactory=org.dbunit.database.statement.PreparedStatementFactory@eb5ea0, http://www.dbunit.org/features/caseSensitiveTableNames=false, http://www.dbunit.org/properties/fetchSize=100, http://www.dbunit.org/features/batchedStatements=false, http://www.dbunit.org/properties/metadataHandler=org.dbunit.database.DefaultMetadataHandler@60648, http://www.dbunit.org/properties/datatypeFactory=org.dbunit.dataset.datatype.DefaultDataTypeFactory[_toleratedDeltaMap=org.dbunit.dataset.datatype.ToleratedDeltaMap@133a07d], http://www.dbunit.org/properties/escapePattern=null, http://www.dbunit.org/properties/batchSize=100, http://www.dbunit.org/features/qualifiedTableNames=false, http://www.dbunit.org/properties/tableType=[Ljava.lang.String;@6d6f28, http://www.dbunit.org/properties/resultSetTableFactory=org.dbunit.database.CachedResultSetTableFactory@9cde9a, http://www.dbunit.org/features/datatypeWarning=true}], _dataSet=AbstractDataSet[_orderedTableNameMap=null]) - start
08:54:29,576 DEBUG org.dbunit.util.QualifiedTableName:126 - getQualifiedName() - start
08:54:29,576 DEBUG org.dbunit.util.QualifiedTableName:190 - getQualifiedName(prefix=null, name=INSERTBY_UUID, escapePattern=null) - start
08:54:29,577 DEBUG org.dbunit.operation.AbstractOperation:55 - getQualifiedName(prefix=null, name=COLLECTEDBY_UUID, connection=_databaseConfig=org.dbunit.database.DatabaseConfig[, _propertyMap={http://www.dbunit.org/properties/statementFactory=org.dbunit.database.statement.PreparedStatementFactory@eb5ea0, http://www.dbunit.org/features/caseSensitiveTableNames=false, http://www.dbunit.org/properties/fetchSize=100, http://www.dbunit.org/features/batchedStatements=false, http://www.dbunit.org/properties/metadataHandler=org.dbunit.database.DefaultMetadataHandler@60648, http://www.dbunit.org/properties/datatypeFactory=org.dbunit.dataset.datatype.DefaultDataTypeFactory[_toleratedDeltaMap=org.dbunit.dataset.datatype.ToleratedDeltaMap@133a07d], http://www.dbunit.org/properties/escapePattern=null, http://www.dbunit.org/properties/batchSize=100, http://www.dbunit.org/features/qualifiedTableNames=false, http://www.dbunit.org/properties/tableType=[Ljava.lang.String;@6d6f28, http://www.dbunit.org/properties/resultSetTableFactory=org.dbunit.database.CachedResultSetTableFactory@9cde9a, http://www.dbunit.org/features/datatypeWarning=true}], _dataSet=AbstractDataSet[_orderedTableNameMap=null]) - start
08:54:29,577 DEBUG org.dbunit.util.QualifiedTableName:126 - getQualifiedName() - start
08:54:29,578 DEBUG org.dbunit.util.QualifiedTableName:190 - getQualifiedName(prefix=null, name=COLLECTEDBY_UUID, escapePattern=null) - start
08:54:29,578 DEBUG org.dbunit.operation.AbstractOperation:55 - getQualifiedName(prefix=null, name=GROUPHEAD_UUID, connection=_databaseConfig=org.dbunit.database.DatabaseConfig[, _propertyMap={http://www.dbunit.org/properties/statementFactory=org.dbunit.database.statement.PreparedStatementFactory@eb5ea0, http://www.dbunit.org/features/caseSensitiveTableNames=false, http://www.dbunit.org/properties/fetchSize=100, http://www.dbunit.org/features/batchedStatements=false, http://www.dbunit.org/properties/metadataHandler=org.dbunit.database.DefaultMetadataHandler@60648, http://www.dbunit.org/properties/datatypeFactory=org.dbunit.dataset.datatype.DefaultDataTypeFactory[_toleratedDeltaMap=org.dbunit.dataset.datatype.ToleratedDeltaMap@133a07d], http://www.dbunit.org/properties/escapePattern=null, http://www.dbunit.org/properties/batchSize=100, http://www.dbunit.org/features/qualifiedTableNames=false, http://www.dbunit.org/properties/tableType=[Ljava.lang.String;@6d6f28, http://www.dbunit.org/properties/resultSetTableFactory=org.dbunit.database.CachedResultSetTableFactory@9cde9a, http://www.dbunit.org/features/datatypeWarning=true}], _dataSet=AbstractDataSet[_orderedTableNameMap=null]) - start
08:54:29,579 DEBUG org.dbunit.util.QualifiedTableName:126 - getQualifiedName() - start
08:54:29,579 DEBUG org.dbunit.util.QualifiedTableName:190 - getQualifiedName(prefix=null, name=GROUPHEAD_UUID, escapePattern=null) - start
08:54:29,580 DEBUG org.dbunit.database.DatabaseDataSourceConnection:113 - getConnection() - start
08:54:29,581 DEBUG org.dbunit.operation.RefreshOperation$RowOperation:180 - execute(table=org.dbunit.dataset.DefaultTable[_metaData=tableName=socialgroup, columns=[(uuid, UNKNOWN, nullableUnknown), (deleted, UNKNOWN, nullableUnknown), (insertDate, UNKNOWN, nullableUnknown), (status, UNKNOWN, nullableUnknown), (extId, UNKNOWN, nullableUnknown), (groupName, UNKNOWN, nullableUnknown), (groupType, UNKNOWN, nullableUnknown), (insertBy_uuid, UNKNOWN, nullableUnknown), (collectedBy_uuid, UNKNOWN, nullableUnknown), (groupHead_uuid, UNKNOWN, nullableUnknown)], keys=[], _rowList.size()=1], row=0) - start
08:54:29,581 DEBUG org.dbunit.dataset.DefaultTable:192 - getValue(row=0, column=UUID) - start
08:54:29,583 DEBUG org.dbunit.dataset.AbstractTable:41 - assertValidRowIndex(row=0) - start
08:54:29,583 DEBUG org.dbunit.dataset.AbstractTable:51 - assertValidRowIndex(row=0, rowCount=1) - start
08:54:29,584 DEBUG org.dbunit.dataset.AbstractTable:75 - getColumnIndex(columnName=UUID) - start
08:54:29,584 DEBUG org.dbunit.dataset.AbstractTableMetaData:101 - getColumnIndex(columnName=UUID) - start
08:54:29,585 DEBUG org.dbunit.database.statement.SimplePreparedStatement:64 - addValue(value=SocialGroup1, dataType=VARCHAR) - start
08:54:29,585 DEBUG org.dbunit.dataset.datatype.StringDataType:157 - setSqlValue(value=SocialGroup1, column=1, statement=prep248: insert into SOCIALGROUP (UUID, DELETED, INSERTDATE, STATUS, EXTID, GROUPNAME, GROUPTYPE, INSERTBY_UUID, COLLECTEDBY_UUID, GROUPHEAD_UUID) values (?, ?, ?, ?, ?, ?, ?, ?, ?, ?)) - start
08:54:29,585 DEBUG org.dbunit.dataset.datatype.DataType:177 - asString(value=SocialGroup1) - start
08:54:29,586 DEBUG org.dbunit.dataset.datatype.StringDataType:59 - typeCast(value=SocialGroup1) - start
08:54:29,586 DEBUG org.dbunit.dataset.DefaultTable:192 - getValue(row=0, column=DELETED) - start
08:54:29,587 DEBUG org.dbunit.dataset.AbstractTable:41 - assertValidRowIndex(row=0) - start
08:54:29,587 DEBUG org.dbunit.dataset.AbstractTable:51 - assertValidRowIndex(row=0, rowCount=1) - start
08:54:29,587 DEBUG org.dbunit.dataset.AbstractTable:75 - getColumnIndex(columnName=DELETED) - start
08:54:29,588 DEBUG org.dbunit.dataset.AbstractTableMetaData:101 - getColumnIndex(columnName=DELETED) - start
08:54:29,588 DEBUG org.dbunit.database.statement.SimplePreparedStatement:64 - addValue(value=0, dataType=BOOLEAN) - start
08:54:29,589 DEBUG org.dbunit.dataset.datatype.BooleanDataType:143 - setSqlValue(value=0, column=2, statement=prep248: insert into SOCIALGROUP (UUID, DELETED, INSERTDATE, STATUS, EXTID, GROUPNAME, GROUPTYPE, INSERTBY_UUID, COLLECTEDBY_UUID, GROUPHEAD_UUID) values (?, ?, ?, ?, ?, ?, ?, ?, ?, ?) {1: &apos;SocialGroup1&apos;}) - start
08:54:29,592 DEBUG org.dbunit.dataset.datatype.BooleanDataType:66 - typeCast(value=0) - start
08:54:29,593 DEBUG org.dbunit.dataset.datatype.IntegerDataType:56 - typeCast(value=0) - start
08:54:29,593 DEBUG org.dbunit.dataset.datatype.IntegerDataType:56 - typeCast(value=0) - start
08:54:29,594 DEBUG org.dbunit.dataset.datatype.BooleanDataType:66 - typeCast(value=0) - start
08:54:29,594 DEBUG org.dbunit.dataset.DefaultTable:192 - getValue(row=0, column=INSERTDATE) - start
08:54:29,594 DEBUG org.dbunit.dataset.AbstractTable:41 - assertValidRowIndex(row=0) - start
08:54:29,595 DEBUG org.dbunit.dataset.AbstractTable:51 - assertValidRowIndex(row=0, rowCount=1) - start
08:54:29,596 DEBUG org.dbunit.dataset.AbstractTable:75 - getColumnIndex(columnName=INSERTDATE) - start
08:54:29,596 DEBUG org.dbunit.dataset.AbstractTableMetaData:101 - getColumnIndex(columnName=INSERTDATE) - start
08:54:29,597 DEBUG org.dbunit.database.statement.SimplePreparedStatement:64 - addValue(value=2012-04-17 00:00:00, dataType=DATE) - start
08:54:29,597 DEBUG org.dbunit.dataset.datatype.DateDataType:138 - setSqlValue(value=2012-04-17 00:00:00, column=3, statement=prep248: insert into SOCIALGROUP (UUID, DELETED, INSERTDATE, STATUS, EXTID, GROUPNAME, GROUPTYPE, INSERTBY_UUID, COLLECTEDBY_UUID, GROUPHEAD_UUID) values (?, ?, ?, ?, ?, ?, ?, ?, ?, ?) {1: &apos;SocialGroup1&apos;, 2: FALSE}) - start
08:54:29,597 DEBUG org.dbunit.dataset.datatype.DateDataType:57 - typeCast(value=2012-04-17 00:00:00) - start
08:54:29,598 DEBUG org.dbunit.dataset.DefaultTable:192 - getValue(row=0, column=STATUS) - start
08:54:29,598 DEBUG org.dbunit.dataset.AbstractTable:41 - assertValidRowIndex(row=0) - start
08:54:29,599 DEBUG org.dbunit.dataset.AbstractTable:51 - assertValidRowIndex(row=0, rowCount=1) - start
08:54:29,599 DEBUG org.dbunit.dataset.AbstractTable:75 - getColumnIndex(columnName=STATUS) - start
08:54:29,600 DEBUG org.dbunit.dataset.AbstractTableMetaData:101 - getColumnIndex(columnName=STATUS) - start
08:54:29,600 DEBUG org.dbunit.database.statement.SimplePreparedStatement:64 - addValue(value=P, dataType=VARCHAR) - start
08:54:29,601 DEBUG org.dbunit.dataset.datatype.StringDataType:157 - setSqlValue(value=P, column=4, statement=prep248: insert into SOCIALGROUP (UUID, DELETED, INSERTDATE, STATUS, EXTID, GROUPNAME, GROUPTYPE, INSERTBY_UUID, COLLECTEDBY_UUID, GROUPHEAD_UUID) values (?, ?, ?, ?, ?, ?, ?, ?, ?, ?) {1: &apos;SocialGroup1&apos;, 2: FALSE, 3: DATE &apos;2012-04-17&apos;}) - start
08:54:29,601 DEBUG org.dbunit.dataset.datatype.DataType:177 - asString(value=P) - start
08:54:29,602 DEBUG org.dbunit.dataset.datatype.StringDataType:59 - typeCast(value=P) - start
08:54:29,602 DEBUG org.dbunit.dataset.DefaultTable:192 - getValue(row=0, column=EXTID) - start
08:54:29,602 DEBUG org.dbunit.dataset.AbstractTable:41 - assertValidRowIndex(row=0) - start
08:54:29,603 DEBUG org.dbunit.dataset.AbstractTable:51 - assertValidRowIndex(row=0, rowCount=1) - start
08:54:29,603 DEBUG org.dbunit.dataset.AbstractTable:75 - getColumnIndex(columnName=EXTID) - start
08:54:29,604 DEBUG org.dbunit.dataset.AbstractTableMetaData:101 - getColumnIndex(columnName=EXTID) - start
08:54:29,604 DEBUG org.dbunit.database.statement.SimplePreparedStatement:64 - addValue(value=MBI00000100, dataType=VARCHAR) - start
08:54:29,604 DEBUG org.dbunit.dataset.datatype.StringDataType:157 - setSqlValue(value=MBI00000100, column=5, statement=prep248: insert into SOCIALGROUP (UUID, DELETED, INSERTDATE, STATUS, EXTID, GROUPNAME, GROUPTYPE, INSERTBY_UUID, COLLECTEDBY_UUID, GROUPHEAD_UUID) values (?, ?, ?, ?, ?, ?, ?, ?, ?, ?) {1: &apos;SocialGroup1&apos;, 2: FALSE, 3: DATE &apos;2012-04-17&apos;, 4: &apos;P&apos;}) - start
08:54:29,605 DEBUG org.dbunit.dataset.datatype.DataType:177 - asString(value=MBI00000100) - start
08:54:29,605 DEBUG org.dbunit.dataset.datatype.StringDataType:59 - typeCast(value=MBI00000100) - start
08:54:29,606 DEBUG org.dbunit.dataset.DefaultTable:192 - getValue(row=0, column=GROUPNAME) - start
08:54:29,606 DEBUG org.dbunit.dataset.AbstractTable:41 - assertValidRowIndex(row=0) - start
08:54:29,607 DEBUG org.dbunit.dataset.AbstractTable:51 - assertValidRowIndex(row=0, rowCount=1) - start
08:54:29,607 DEBUG org.dbunit.dataset.AbstractTable:75 - getColumnIndex(columnName=GROUPNAME) - start
08:54:29,607 DEBUG org.dbunit.dataset.AbstractTableMetaData:101 - getColumnIndex(columnName=GROUPNAME) - start
08:54:29,608 DEBUG org.dbunit.database.statement.SimplePreparedStatement:64 - addValue(value=Harold, dataType=VARCHAR) - start
08:54:29,608 DEBUG org.dbunit.dataset.datatype.StringDataType:157 - setSqlValue(value=Harold, column=6, statement=prep248: insert into SOCIALGROUP (UUID, DELETED, INSERTDATE, STATUS, EXTID, GROUPNAME, GROUPTYPE, INSERTBY_UUID, COLLECTEDBY_UUID, GROUPHEAD_UUID) values (?, ?, ?, ?, ?, ?, ?, ?, ?, ?) {1: &apos;SocialGroup1&apos;, 2: FALSE, 3: DATE &apos;2012-04-17&apos;, 4: &apos;P&apos;, 5: &apos;MBI00000100&apos;}) - start
08:54:29,609 DEBUG org.dbunit.dataset.datatype.DataType:177 - asString(value=Harold) - start
08:54:29,609 DEBUG org.dbunit.dataset.datatype.StringDataType:59 - typeCast(value=Harold) - start
08:54:29,610 DEBUG org.dbunit.dataset.DefaultTable:192 - getValue(row=0, column=GROUPTYPE) - start
08:54:29,610 DEBUG org.dbunit.dataset.AbstractTable:41 - assertValidRowIndex(row=0) - start
08:54:29,610 DEBUG org.dbunit.dataset.AbstractTable:51 - assertValidRowIndex(row=0, rowCount=1) - start
08:54:29,611 DEBUG org.dbunit.dataset.AbstractTable:75 - getColumnIndex(columnName=GROUPTYPE) - start
08:54:29,611 DEBUG org.dbunit.dataset.AbstractTableMetaData:101 - getColumnIndex(columnName=GROUPTYPE) - start
08:54:29,611 DEBUG org.dbunit.database.statement.SimplePreparedStatement:64 - addValue(value=FAM, dataType=VARCHAR) - start
08:54:29,612 DEBUG org.dbunit.dataset.datatype.StringDataType:157 - setSqlValue(value=FAM, column=7, statement=prep248: insert into SOCIALGROUP (UUID, DELETED, INSERTDATE, STATUS, EXTID, GROUPNAME, GROUPTYPE, INSERTBY_UUID, COLLECTEDBY_UUID, GROUPHEAD_UUID) values (?, ?, ?, ?, ?, ?, ?, ?, ?, ?) {1: &apos;SocialGroup1&apos;, 2: FALSE, 3: DATE &apos;2012-04-17&apos;, 4: &apos;P&apos;, 5: &apos;MBI00000100&apos;, 6: &apos;Harold&apos;}) - start
08:54:29,612 DEBUG org.dbunit.dataset.datatype.DataType:177 - asString(value=FAM) - start
08:54:29,613 DEBUG org.dbunit.dataset.datatype.StringDataType:59 - typeCast(value=FAM) - start
08:54:29,613 DEBUG org.dbunit.dataset.DefaultTable:192 - getValue(row=0, column=INSERTBY_UUID) - start
08:54:29,613 DEBUG org.dbunit.dataset.AbstractTable:41 - assertValidRowIndex(row=0) - start
08:54:29,614 DEBUG org.dbunit.dataset.AbstractTable:51 - assertValidRowIndex(row=0, rowCount=1) - start
08:54:29,614 DEBUG org.dbunit.dataset.AbstractTable:75 - getColumnIndex(columnName=INSERTBY_UUID) - start
08:54:29,614 DEBUG org.dbunit.dataset.AbstractTableMetaData:101 - getColumnIndex(columnName=INSERTBY_UUID) - start
08:54:29,615 DEBUG org.dbunit.database.statement.SimplePreparedStatement:64 - addValue(value=User 1, dataType=VARCHAR) - start
08:54:29,615 DEBUG org.dbunit.dataset.datatype.StringDataType:157 - setSqlValue(value=User 1, column=8, statement=prep248: insert into SOCIALGROUP (UUID, DELETED, INSERTDATE, STATUS, EXTID, GROUPNAME, GROUPTYPE, INSERTBY_UUID, COLLECTEDBY_UUID, GROUPHEAD_UUID) values (?, ?, ?, ?, ?, ?, ?, ?, ?, ?) {1: &apos;SocialGroup1&apos;, 2: FALSE, 3: DATE &apos;2012-04-17&apos;, 4: &apos;P&apos;, 5: &apos;MBI00000100&apos;, 6: &apos;Harold&apos;, 7: &apos;FAM&apos;}) - start
08:54:29,615 DEBUG org.dbunit.dataset.datatype.DataType:177 - asString(value=User 1) - start
08:54:29,618 DEBUG org.dbunit.dataset.datatype.StringDataType:59 - typeCast(value=User 1) - start
08:54:29,619 DEBUG org.dbunit.dataset.DefaultTable:192 - getValue(row=0, column=COLLECTEDBY_UUID) - start
08:54:29,619 DEBUG org.dbunit.dataset.AbstractTable:41 - assertValidRowIndex(row=0) - start
08:54:29,619 DEBUG org.dbunit.dataset.AbstractTable:51 - assertValidRowIndex(row=0, rowCount=1) - start
08:54:29,620 DEBUG org.dbunit.dataset.AbstractTable:75 - getColumnIndex(columnName=COLLECTEDBY_UUID) - start
08:54:29,620 DEBUG org.dbunit.dataset.AbstractTableMetaData:101 - getColumnIndex(columnName=COLLECTEDBY_UUID) - start
08:54:29,620 DEBUG org.dbunit.database.statement.SimplePreparedStatement:64 - addValue(value=FieldWorker1, dataType=VARCHAR) - start
08:54:29,621 DEBUG org.dbunit.dataset.datatype.StringDataType:157 - setSqlValue(value=FieldWorker1, column=9, statement=prep248: insert into SOCIALGROUP (UUID, DELETED, INSERTDATE, STATUS, EXTID, GROUPNAME, GROUPTYPE, INSERTBY_UUID, COLLECTEDBY_UUID, GROUPHEAD_UUID) values (?, ?, ?, ?, ?, ?, ?, ?, ?, ?) {1: &apos;SocialGroup1&apos;, 2: FALSE, 3: DATE &apos;2012-04-17&apos;, 4: &apos;P&apos;, 5: &apos;MBI00000100&apos;, 6: &apos;Harold&apos;, 7: &apos;FAM&apos;, 8: &apos;User 1&apos;}) - start
08:54:29,621 DEBUG org.dbunit.dataset.datatype.DataType:177 - asString(value=FieldWorker1) - start
08:54:29,621 DEBUG org.dbunit.dataset.datatype.StringDataType:59 - typeCast(value=FieldWorker1) - start
08:54:29,622 DEBUG org.dbunit.dataset.DefaultTable:192 - getValue(row=0, column=GROUPHEAD_UUID) - start
08:54:29,622 DEBUG org.dbunit.dataset.AbstractTable:41 - assertValidRowIndex(row=0) - start
08:54:29,623 DEBUG org.dbunit.dataset.AbstractTable:51 - assertValidRowIndex(row=0, rowCount=1) - start
08:54:29,623 DEBUG org.dbunit.dataset.AbstractTable:75 - getColumnIndex(columnName=GROUPHEAD_UUID) - start
08:54:29,623 DEBUG org.dbunit.dataset.AbstractTableMetaData:101 - getColumnIndex(columnName=GROUPHEAD_UUID) - start
08:54:29,624 DEBUG org.dbunit.database.statement.SimplePreparedStatement:64 - addValue(value=Indiv 1, dataType=VARCHAR) - start
08:54:29,624 DEBUG org.dbunit.dataset.datatype.StringDataType:157 - setSqlValue(value=Indiv 1, column=10, statement=prep248: insert into SOCIALGROUP (UUID, DELETED, INSERTDATE, STATUS, EXTID, GROUPNAME, GROUPTYPE, INSERTBY_UUID, COLLECTEDBY_UUID, GROUPHEAD_UUID) values (?, ?, ?, ?, ?, ?, ?, ?, ?, ?) {1: &apos;SocialGroup1&apos;, 2: FALSE, 3: DATE &apos;2012-04-17&apos;, 4: &apos;P&apos;, 5: &apos;MBI00000100&apos;, 6: &apos;Harold&apos;, 7: &apos;FAM&apos;, 8: &apos;User 1&apos;, 9: &apos;FieldWorker1&apos;}) - start
08:54:29,624 DEBUG org.dbunit.dataset.datatype.DataType:177 - asString(value=Indiv 1) - start
08:54:29,625 DEBUG org.dbunit.dataset.datatype.StringDataType:59 - typeCast(value=Indiv 1) - start
08:54:29,625 DEBUG org.dbunit.database.statement.SimplePreparedStatement:78 - addBatch() - start
08:54:29,626 DEBUG org.dbunit.database.statement.SimplePreparedStatement:90 - executeBatch() - start
08:54:29,626 DEBUG org.dbunit.database.statement.SimplePreparedStatement:99 - clearBatch() - start
08:54:29,627 DEBUG org.dbunit.database.statement.SimplePreparedStatement:99 - clearBatch() - start
08:54:29,627 DEBUG org.dbunit.operation.RefreshOperation$RowOperation:180 - execute(table=org.dbunit.dataset.DefaultTable[_metaData=tableName=socialgroup, columns=[(uuid, UNKNOWN, nullableUnknown), (deleted, UNKNOWN, nullableUnknown), (insertDate, UNKNOWN, nullableUnknown), (status, UNKNOWN, nullableUnknown), (extId, UNKNOWN, nullableUnknown), (groupName, UNKNOWN, nullableUnknown), (groupType, UNKNOWN, nullableUnknown), (insertBy_uuid, UNKNOWN, nullableUnknown), (collectedBy_uuid, UNKNOWN, nullableUnknown), (groupHead_uuid, UNKNOWN, nullableUnknown)], keys=[], _rowList.size()=1], row=1) - start
08:54:29,627 DEBUG org.dbunit.dataset.DefaultTable:192 - getValue(row=1, column=DELETED) - start
08:54:29,628 DEBUG org.dbunit.dataset.AbstractTable:41 - assertValidRowIndex(row=1) - start
08:54:29,628 DEBUG org.dbunit.dataset.AbstractTable:51 - assertValidRowIndex(row=1, rowCount=1) - start
08:54:29,630 DEBUG org.dbunit.operation.RefreshOperation$RowOperation:204 - close() - start
08:54:29,630 DEBUG org.dbunit.database.statement.AbstractPreparedBatchStatement:54 - close() - start
08:54:29,630 DEBUG org.dbunit.operation.RefreshOperation$RowOperation:204 - close() - start
08:54:29,631 DEBUG org.dbunit.database.statement.AbstractPreparedBatchStatement:54 - close() - start
08:54:29,631 DEBUG org.dbunit.dataset.DefaultTableIterator:76 - getTable() - start
08:54:29,631 DEBUG org.dbunit.operation.AbstractBatchOperation:64 - isEmpty(table=org.dbunit.dataset.DefaultTable[_metaData=tableName=membership, columns=[(uuid, UNKNOWN, nullableUnknown), (insertDate, UNKNOWN, nullableUnknown), (bIsToA, UNKNOWN, nullableUnknown), (deleted, UNKNOWN, nullableUnknown), (insertBy_uuid, UNKNOWN, nullableUnknown), (collectedBy_uuid, UNKNOWN, nullableUnknown), (startDate, UNKNOWN, nullableUnknown)], keys=[], _rowList.size()=1]) - start
08:54:29,632 DEBUG org.dbunit.dataset.DefaultTable:192 - getValue(row=0, column=uuid) - start
08:54:29,632 DEBUG org.dbunit.dataset.AbstractTable:41 - assertValidRowIndex(row=0) - start
08:54:29,633 DEBUG org.dbunit.dataset.AbstractTable:51 - assertValidRowIndex(row=0, rowCount=1) - start
08:54:29,633 DEBUG org.dbunit.dataset.AbstractTable:75 - getColumnIndex(columnName=uuid) - start
08:54:29,633 DEBUG org.dbunit.dataset.AbstractTableMetaData:101 - getColumnIndex(columnName=uuid) - start
08:54:29,634 DEBUG org.dbunit.operation.AbstractOperation:75 - getOperationMetaData(connection=_databaseConfig=org.dbunit.database.DatabaseConfig[, _propertyMap={http://www.dbunit.org/properties/statementFactory=org.dbunit.database.statement.PreparedStatementFactory@eb5ea0, http://www.dbunit.org/features/caseSensitiveTableNames=false, http://www.dbunit.org/properties/fetchSize=100, http://www.dbunit.org/features/batchedStatements=false, http://www.dbunit.org/properties/metadataHandler=org.dbunit.database.DefaultMetadataHandler@60648, http://www.dbunit.org/properties/datatypeFactory=org.dbunit.dataset.datatype.DefaultDataTypeFactory[_toleratedDeltaMap=org.dbunit.dataset.datatype.ToleratedDeltaMap@133a07d], http://www.dbunit.org/properties/escapePattern=null, http://www.dbunit.org/properties/batchSize=100, http://www.dbunit.org/features/qualifiedTableNames=false, http://www.dbunit.org/properties/tableType=[Ljava.lang.String;@6d6f28, http://www.dbunit.org/properties/resultSetTableFactory=org.dbunit.database.CachedResultSetTableFactory@9cde9a, http://www.dbunit.org/features/datatypeWarning=true}], _dataSet=AbstractDataSet[_orderedTableNameMap=null], metaData=tableName=membership, columns=[(uuid, UNKNOWN, nullableUnknown), (insertDate, UNKNOWN, nullableUnknown), (bIsToA, UNKNOWN, nullableUnknown), (deleted, UNKNOWN, nullableUnknown), (insertBy_uuid, UNKNOWN, nullableUnknown), (collectedBy_uuid, UNKNOWN, nullableUnknown), (startDate, UNKNOWN, nullableUnknown)], keys=[]) - start
08:54:29,634 DEBUG org.dbunit.database.AbstractDatabaseConnection:66 - createDataSet() - start
08:54:29,635 DEBUG org.dbunit.database.DatabaseDataSet:279 - getTableMetaData(tableName=membership) - start
08:54:29,635 DEBUG org.dbunit.database.DatabaseDataSet:173 - initialize() - start
08:54:29,636 DEBUG org.dbunit.dataset.OrderedTableNameMap:253 - getTableName(tableName=membership) - start
08:54:29,636 DEBUG org.dbunit.dataset.OrderedTableNameMap:264 - getTableName(tableName=membership) - end - result=MEMBERSHIP
08:54:29,636 DEBUG org.dbunit.dataset.OrderedTableNameMap:253 - getTableName(tableName=membership) - start
08:54:29,637 DEBUG org.dbunit.dataset.OrderedTableNameMap:264 - getTableName(tableName=membership) - end - result=MEMBERSHIP
08:54:29,637 DEBUG org.dbunit.database.DatabaseDataSourceConnection:113 - getConnection() - start
08:54:29,638 DEBUG org.dbunit.util.SQLHelper:657 - isEscaped returns &apos;false&apos; for tableName=membership (dbIdentifierQuoteString=&quot;)
08:54:29,638 DEBUG org.dbunit.util.SQLHelper:637 - class org.dbunit.database.DatabaseTableMetaData. Corrected table name: oldValue=membership newValue=MEMBERSHIP
08:54:29,639 DEBUG org.dbunit.database.DatabaseTableMetaData:139 - Validating if table &apos;MEMBERSHIP&apos; exists in schema &apos;null&apos; ...
08:54:29,640 DEBUG org.dbunit.util.SQLHelper:117 - close(resultSet=org.apache.commons.dbcp.DelegatingResultSet@163ace8) - start
08:54:29,640 DEBUG org.dbunit.dataset.OrderedTableNameMap:234 - getColumns() - start
08:54:29,641 DEBUG org.dbunit.dataset.OrderedTableNameMap:234 - getConnection() - start
08:54:29,642 DEBUG org.dbunit.dataset.OrderedTableNameMap:234 - getConnection() - start
08:54:29,643  WARN org.dbunit.dataset.OrderedTableNameMap:234 - Potential problem found: The configured data type factory &apos;class org.dbunit.dataset.datatype.DefaultDataTypeFactory&apos; might cause problems with the current database &apos;H2&apos; (e.g. some datatypes may not be supported properly). In rare cases you might see this message because the list of supported database products is incomplete (list=[derby]). If so please request a java-class update via the forums.If you are using your own IDataTypeFactory extending DefaultDataTypeFactory, ensure that you override getValidDbProducts() to specify the supported database products.
08:54:29,643 DEBUG org.dbunit.dataset.OrderedTableNameMap:234 - Comparing the following values using caseSensitive=false (searched&lt;=&gt;actual): catalog: null&lt;=&gt;OPENHDS schema: null&lt;=&gt;PUBLIC table: MEMBERSHIP&lt;=&gt;MEMBERSHIP column: null&lt;=&gt;UUID
08:54:29,644 DEBUG org.dbunit.dataset.OrderedTableNameMap:234 - createDataType(sqlType=12 , sqlTypeName=VARCHAR, tableName=MEMBERSHIP, columnName=UUID) - start
08:54:29,644 DEBUG org.dbunit.dataset.OrderedTableNameMap:234 - createDataType(sqlType=12, sqlTypeName=VARCHAR) - start
08:54:29,645 DEBUG org.dbunit.dataset.OrderedTableNameMap:234 - forSqlType(sqlType=12) - start
08:54:29,645 DEBUG org.dbunit.dataset.OrderedTableNameMap:234 - getSqlType() - start
08:54:29,646 DEBUG org.dbunit.dataset.OrderedTableNameMap:234 - nullableValue(nullable=0) - start
08:54:29,646 DEBUG org.dbunit.dataset.OrderedTableNameMap:234 - autoIncrementValue(isAutoIncrement=NO) - start
08:54:29,647 DEBUG org.dbunit.dataset.OrderedTableNameMap:234 - Comparing the following values using caseSensitive=false (searched&lt;=&gt;actual): catalog: null&lt;=&gt;OPENHDS schema: null&lt;=&gt;PUBLIC table: MEMBERSHIP&lt;=&gt;MEMBERSHIP column: null&lt;=&gt;DELETED
08:54:29,648 DEBUG org.dbunit.dataset.OrderedTableNameMap:234 - createDataType(sqlType=16 , sqlTypeName=BOOLEAN, tableName=MEMBERSHIP, columnName=DELETED) - start
08:54:29,649 DEBUG org.dbunit.dataset.OrderedTableNameMap:234 - createDataType(sqlType=16, sqlTypeName=BOOLEAN) - start
08:54:29,649 DEBUG org.dbunit.dataset.OrderedTableNameMap:234 - forSqlType(sqlType=16) - start
08:54:29,650 DEBUG org.dbunit.dataset.OrderedTableNameMap:234 - getSqlType() - start
08:54:29,650 DEBUG org.dbunit.dataset.OrderedTableNameMap:234 - getSqlType() - start
08:54:29,651 DEBUG org.dbunit.dataset.OrderedTableNameMap:234 - getSqlType() - start
08:54:29,651 DEBUG org.dbunit.dataset.OrderedTableNameMap:234 - getSqlType() - start
08:54:29,651 DEBUG org.dbunit.dataset.OrderedTableNameMap:234 - getSqlType() - start
08:54:29,652 DEBUG org.dbunit.dataset.OrderedTableNameMap:234 - getSqlType() - start
08:54:29,652 DEBUG org.dbunit.dataset.OrderedTableNameMap:234 - getSqlType() - start
08:54:29,653 DEBUG org.dbunit.dataset.OrderedTableNameMap:234 - getSqlType() - start
08:54:29,653 DEBUG org.dbunit.dataset.OrderedTableNameMap:234 - getSqlType() - start
08:54:29,654 DEBUG org.dbunit.dataset.OrderedTableNameMap:234 - getSqlType() - start
08:54:29,654 DEBUG org.dbunit.dataset.OrderedTableNameMap:234 - nullableValue(nullable=0) - start
08:54:29,655 DEBUG org.dbunit.dataset.OrderedTableNameMap:234 - autoIncrementValue(isAutoIncrement=NO) - start
08:54:29,655 DEBUG org.dbunit.dataset.OrderedTableNameMap:234 - Comparing the following values using caseSensitive=false (searched&lt;=&gt;actual): catalog: null&lt;=&gt;OPENHDS schema: null&lt;=&gt;PUBLIC table: MEMBERSHIP&lt;=&gt;MEMBERSHIP column: null&lt;=&gt;INSERTDATE
08:54:29,656 DEBUG org.dbunit.dataset.OrderedTableNameMap:234 - createDataType(sqlType=91 , sqlTypeName=DATE, tableName=MEMBERSHIP, columnName=INSERTDATE) - start
08:54:29,657 DEBUG org.dbunit.dataset.OrderedTableNameMap:234 - createDataType(sqlType=91, sqlTypeName=DATE) - start
08:54:29,657 DEBUG org.dbunit.dataset.OrderedTableNameMap:234 - forSqlType(sqlType=91) - start
08:54:29,658 DEBUG org.dbunit.dataset.OrderedTableNameMap:234 - getSqlType() - start
08:54:29,660 DEBUG org.dbunit.dataset.OrderedTableNameMap:234 - getSqlType() - start
08:54:29,660 DEBUG org.dbunit.dataset.OrderedTableNameMap:234 - getSqlType() - start
08:54:29,661 DEBUG org.dbunit.dataset.OrderedTableNameMap:234 - getSqlType() - start
08:54:29,661 DEBUG org.dbunit.dataset.OrderedTableNameMap:234 - getSqlType() - start
08:54:29,662 DEBUG org.dbunit.dataset.OrderedTableNameMap:234 - getSqlType() - start
08:54:29,662 DEBUG org.dbunit.dataset.OrderedTableNameMap:234 - getSqlType() - start
08:54:29,663 DEBUG org.dbunit.dataset.OrderedTableNameMap:234 - getSqlType() - start
08:54:29,663 DEBUG org.dbunit.dataset.OrderedTableNameMap:234 - getSqlType() - start
08:54:29,664 DEBUG org.dbunit.dataset.OrderedTableNameMap:234 - getSqlType() - start
08:54:29,664 DEBUG org.dbunit.dataset.OrderedTableNameMap:234 - getSqlType() - start
08:54:29,665 DEBUG org.dbunit.dataset.OrderedTableNameMap:234 - getSqlType() - start
08:54:29,665 DEBUG org.dbunit.dataset.OrderedTableNameMap:234 - getSqlType() - start
08:54:29,666 DEBUG org.dbunit.dataset.OrderedTableNameMap:234 - getSqlType() - start
08:54:29,666 DEBUG org.dbunit.dataset.OrderedTableNameMap:234 - getSqlType() - start
08:54:29,667 DEBUG org.dbunit.dataset.OrderedTableNameMap:234 - getSqlType() - start
08:54:29,667 DEBUG org.dbunit.dataset.OrderedTableNameMap:234 - getSqlType() - start
08:54:29,668 DEBUG org.dbunit.dataset.OrderedTableNameMap:234 - getSqlType() - start
08:54:29,668 DEBUG org.dbunit.dataset.OrderedTableNameMap:234 - getSqlType() - start
08:54:29,669 DEBUG org.dbunit.dataset.OrderedTableNameMap:234 - nullableValue(nullable=1) - start
08:54:29,669 DEBUG org.dbunit.dataset.OrderedTableNameMap:234 - autoIncrementValue(isAutoIncrement=NO) - start
08:54:29,670 DEBUG org.dbunit.dataset.OrderedTableNameMap:234 - Comparing the following values using caseSensitive=false (searched&lt;=&gt;actual): catalog: null&lt;=&gt;OPENHDS schema: null&lt;=&gt;PUBLIC table: MEMBERSHIP&lt;=&gt;MEMBERSHIP column: null&lt;=&gt;VOIDDATE
08:54:29,671 DEBUG org.dbunit.dataset.OrderedTableNameMap:234 - createDataType(sqlType=93 , sqlTypeName=TIMESTAMP, tableName=MEMBERSHIP, columnName=VOIDDATE) - start
08:54:29,671 DEBUG org.dbunit.dataset.OrderedTableNameMap:234 - createDataType(sqlType=93, sqlTypeName=TIMESTAMP) - start
08:54:29,672 DEBUG org.dbunit.dataset.OrderedTableNameMap:234 - forSqlType(sqlType=93) - start
08:54:29,673 DEBUG org.dbunit.dataset.OrderedTableNameMap:234 - getSqlType() - start
08:54:29,673 DEBUG org.dbunit.dataset.OrderedTableNameMap:234 - getSqlType() - start
08:54:29,673 DEBUG org.dbunit.dataset.OrderedTableNameMap:234 - getSqlType() - start
08:54:29,674 DEBUG org.dbunit.dataset.OrderedTableNameMap:234 - getSqlType() - start
08:54:29,674 DEBUG org.dbunit.dataset.OrderedTableNameMap:234 - getSqlType() - start
08:54:29,675 DEBUG org.dbunit.dataset.OrderedTableNameMap:234 - getSqlType() - start
08:54:29,675 DEBUG org.dbunit.dataset.OrderedTableNameMap:234 - getSqlType() - start
08:54:29,676 DEBUG org.dbunit.dataset.OrderedTableNameMap:234 - getSqlType() - start
08:54:29,676 DEBUG org.dbunit.dataset.OrderedTableNameMap:234 - getSqlType() - start
08:54:29,684 DEBUG org.dbunit.dataset.OrderedTableNameMap:234 - getSqlType() - start
08:54:29,684 DEBUG org.dbunit.dataset.OrderedTableNameMap:234 - getSqlType() - start
08:54:29,687 DEBUG org.dbunit.dataset.OrderedTableNameMap:234 - getSqlType() - start
08:54:29,690 DEBUG org.dbunit.dataset.OrderedTableNameMap:234 - getSqlType() - start
08:54:29,690 DEBUG org.dbunit.dataset.OrderedTableNameMap:234 - getSqlType() - start
08:54:29,691 DEBUG org.dbunit.dataset.OrderedTableNameMap:234 - getSqlType() - start
08:54:29,691 DEBUG org.dbunit.dataset.OrderedTableNameMap:234 - getSqlType() - start
08:54:29,692 DEBUG org.dbunit.dataset.OrderedTableNameMap:234 - getSqlType() - start
08:54:29,692 DEBUG org.dbunit.dataset.OrderedTableNameMap:234 - getSqlType() - start
08:54:29,693 DEBUG org.dbunit.dataset.OrderedTableNameMap:234 - getSqlType() - start
08:54:29,693 DEBUG org.dbunit.dataset.OrderedTableNameMap:234 - getSqlType() - start
08:54:29,694 DEBUG org.dbunit.dataset.OrderedTableNameMap:234 - getSqlType() - start
08:54:29,694 DEBUG org.dbunit.dataset.OrderedTableNameMap:234 - nullableValue(nullable=1) - start
08:54:29,695 DEBUG org.dbunit.dataset.OrderedTableNameMap:234 - autoIncrementValue(isAutoIncrement=NO) - start
08:54:29,695 DEBUG org.dbunit.dataset.OrderedTableNameMap:234 - Comparing the following values using caseSensitive=false (searched&lt;=&gt;actual): catalog: null&lt;=&gt;OPENHDS schema: null&lt;=&gt;PUBLIC table: MEMBERSHIP&lt;=&gt;MEMBERSHIP column: null&lt;=&gt;VOIDREASON
08:54:29,697 DEBUG org.dbunit.dataset.OrderedTableNameMap:234 - createDataType(sqlType=12 , sqlTypeName=VARCHAR, tableName=MEMBERSHIP, columnName=VOIDREASON) - start
08:54:29,698 DEBUG org.dbunit.dataset.OrderedTableNameMap:234 - createDataType(sqlType=12, sqlTypeName=VARCHAR) - start
08:54:29,699 DEBUG org.dbunit.dataset.OrderedTableNameMap:234 - forSqlType(sqlType=12) - start
08:54:29,699 DEBUG org.dbunit.dataset.OrderedTableNameMap:234 - getSqlType() - start
08:54:29,700 DEBUG org.dbunit.dataset.OrderedTableNameMap:234 - nullableValue(nullable=1) - start
08:54:29,700 DEBUG org.dbunit.dataset.OrderedTableNameMap:234 - autoIncrementValue(isAutoIncrement=NO) - start
08:54:29,701 DEBUG org.dbunit.dataset.OrderedTableNameMap:234 - Comparing the following values using caseSensitive=false (searched&lt;=&gt;actual): catalog: null&lt;=&gt;OPENHDS schema: null&lt;=&gt;PUBLIC table: MEMBERSHIP&lt;=&gt;MEMBERSHIP column: null&lt;=&gt;STATUS
08:54:29,701 DEBUG org.dbunit.dataset.OrderedTableNameMap:234 - createDataType(sqlType=12 , sqlTypeName=VARCHAR, tableName=MEMBERSHIP, columnName=STATUS) - start
08:54:29,702 DEBUG org.dbunit.dataset.OrderedTableNameMap:234 - createDataType(sqlType=12, sqlTypeName=VARCHAR) - start
08:54:29,703 DEBUG org.dbunit.dataset.OrderedTableNameMap:234 - forSqlType(sqlType=12) - start
08:54:29,703 DEBUG org.dbunit.dataset.OrderedTableNameMap:234 - getSqlType() - start
08:54:29,704 DEBUG org.dbunit.dataset.OrderedTableNameMap:234 - nullableValue(nullable=1) - start
08:54:29,704 DEBUG org.dbunit.dataset.OrderedTableNameMap:234 - autoIncrementValue(isAutoIncrement=NO) - start
08:54:29,705 DEBUG org.dbunit.dataset.OrderedTableNameMap:234 - Comparing the following values using caseSensitive=false (searched&lt;=&gt;actual): catalog: null&lt;=&gt;OPENHDS schema: null&lt;=&gt;PUBLIC table: MEMBERSHIP&lt;=&gt;MEMBERSHIP column: null&lt;=&gt;STATUSMESSAGE
08:54:29,706 DEBUG org.dbunit.dataset.OrderedTableNameMap:234 - createDataType(sqlType=12 , sqlTypeName=VARCHAR, tableName=MEMBERSHIP, columnName=STATUSMESSAGE) - start
08:54:29,706 DEBUG org.dbunit.dataset.OrderedTableNameMap:234 - createDataType(sqlType=12, sqlTypeName=VARCHAR) - start
08:54:29,707 DEBUG org.dbunit.dataset.OrderedTableNameMap:234 - forSqlType(sqlType=12) - start
08:54:29,707 DEBUG org.dbunit.dataset.OrderedTableNameMap:234 - getSqlType() - start
08:54:29,708 DEBUG org.dbunit.dataset.OrderedTableNameMap:234 - nullableValue(nullable=1) - start
08:54:29,708 DEBUG org.dbunit.dataset.OrderedTableNameMap:234 - autoIncrementValue(isAutoIncrement=NO) - start
08:54:29,709 DEBUG org.dbunit.dataset.OrderedTableNameMap:234 - Comparing the following values using caseSensitive=false (searched&lt;=&gt;actual): catalog: null&lt;=&gt;OPENHDS schema: null&lt;=&gt;PUBLIC table: MEMBERSHIP&lt;=&gt;MEMBERSHIP column: null&lt;=&gt;BISTOA
08:54:29,709 DEBUG org.dbunit.dataset.OrderedTableNameMap:234 - createDataType(sqlType=12 , sqlTypeName=VARCHAR, tableName=MEMBERSHIP, columnName=BISTOA) - start
08:54:29,710 DEBUG org.dbunit.dataset.OrderedTableNameMap:234 - createDataType(sqlType=12, sqlTypeName=VARCHAR) - start
08:54:29,710 DEBUG org.dbunit.dataset.OrderedTableNameMap:234 - forSqlType(sqlType=12) - start
08:54:29,711 DEBUG org.dbunit.dataset.OrderedTableNameMap:234 - getSqlType() - start
08:54:29,711 DEBUG org.dbunit.dataset.OrderedTableNameMap:234 - nullableValue(nullable=1) - start
08:54:29,711 DEBUG org.dbunit.dataset.OrderedTableNameMap:234 - autoIncrementValue(isAutoIncrement=NO) - start
08:54:29,712 DEBUG org.dbunit.dataset.OrderedTableNameMap:234 - Comparing the following values using caseSensitive=false (searched&lt;=&gt;actual): catalog: null&lt;=&gt;OPENHDS schema: null&lt;=&gt;PUBLIC table: MEMBERSHIP&lt;=&gt;MEMBERSHIP column: null&lt;=&gt;ENDDATE
08:54:29,712 DEBUG org.dbunit.dataset.OrderedTableNameMap:234 - createDataType(sqlType=91 , sqlTypeName=DATE, tableName=MEMBERSHIP, columnName=ENDDATE) - start
08:54:29,713 DEBUG org.dbunit.dataset.OrderedTableNameMap:234 - createDataType(sqlType=91, sqlTypeName=DATE) - start
08:54:29,713 DEBUG org.dbunit.dataset.OrderedTableNameMap:234 - forSqlType(sqlType=91) - start
08:54:29,714 DEBUG org.dbunit.dataset.OrderedTableNameMap:234 - getSqlType() - start
08:54:29,714 DEBUG org.dbunit.dataset.OrderedTableNameMap:234 - getSqlType() - start
08:54:29,715 DEBUG org.dbunit.dataset.OrderedTableNameMap:234 - getSqlType() - start
08:54:29,715 DEBUG org.dbunit.dataset.OrderedTableNameMap:234 - getSqlType() - start
08:54:29,715 DEBUG org.dbunit.dataset.OrderedTableNameMap:234 - getSqlType() - start
08:54:29,716 DEBUG org.dbunit.dataset.OrderedTableNameMap:234 - getSqlType() - start
08:54:29,716 DEBUG org.dbunit.dataset.OrderedTableNameMap:234 - getSqlType() - start
08:54:29,717 DEBUG org.dbunit.dataset.OrderedTableNameMap:234 - getSqlType() - start
08:54:29,717 DEBUG org.dbunit.dataset.OrderedTableNameMap:234 - getSqlType() - start
08:54:29,717 DEBUG org.dbunit.dataset.OrderedTableNameMap:234 - getSqlType() - start
08:54:29,718 DEBUG org.dbunit.dataset.OrderedTableNameMap:234 - getSqlType() - start
08:54:29,718 DEBUG org.dbunit.dataset.OrderedTableNameMap:234 - getSqlType() - start
08:54:29,719 DEBUG org.dbunit.dataset.OrderedTableNameMap:234 - getSqlType() - start
08:54:29,719 DEBUG org.dbunit.dataset.OrderedTableNameMap:234 - getSqlType() - start
08:54:29,719 DEBUG org.dbunit.dataset.OrderedTableNameMap:234 - getSqlType() - start
08:54:29,720 DEBUG org.dbunit.dataset.OrderedTableNameMap:234 - getSqlType() - start
08:54:29,720 DEBUG org.dbunit.dataset.OrderedTableNameMap:234 - getSqlType() - start
08:54:29,721 DEBUG org.dbunit.dataset.OrderedTableNameMap:234 - getSqlType() - start
08:54:29,721 DEBUG org.dbunit.dataset.OrderedTableNameMap:234 - getSqlType() - start
08:54:29,721 DEBUG org.dbunit.dataset.OrderedTableNameMap:234 - nullableValue(nullable=1) - start
08:54:29,722 DEBUG org.dbunit.dataset.OrderedTableNameMap:234 - autoIncrementValue(isAutoIncrement=NO) - start
08:54:29,722 DEBUG org.dbunit.dataset.OrderedTableNameMap:234 - Comparing the following values using caseSensitive=false (searched&lt;=&gt;actual): catalog: null&lt;=&gt;OPENHDS schema: null&lt;=&gt;PUBLIC table: MEMBERSHIP&lt;=&gt;MEMBERSHIP column: null&lt;=&gt;ENDTYPE
08:54:29,723 DEBUG org.dbunit.dataset.OrderedTableNameMap:234 - createDataType(sqlType=12 , sqlTypeName=VARCHAR, tableName=MEMBERSHIP, columnName=ENDTYPE) - start
08:54:29,723 DEBUG org.dbunit.dataset.OrderedTableNameMap:234 - createDataType(sqlType=12, sqlTypeName=VARCHAR) - start
08:54:29,723 DEBUG org.dbunit.dataset.OrderedTableNameMap:234 - forSqlType(sqlType=12) - start
08:54:29,724 DEBUG org.dbunit.dataset.OrderedTableNameMap:234 - getSqlType() - start
08:54:29,724 DEBUG org.dbunit.dataset.OrderedTableNameMap:234 - nullableValue(nullable=1) - start
08:54:29,725 DEBUG org.dbunit.dataset.OrderedTableNameMap:234 - autoIncrementValue(isAutoIncrement=NO) - start
08:54:29,725 DEBUG org.dbunit.dataset.OrderedTableNameMap:234 - Comparing the following values using caseSensitive=false (searched&lt;=&gt;actual): catalog: null&lt;=&gt;OPENHDS schema: null&lt;=&gt;PUBLIC table: MEMBERSHIP&lt;=&gt;MEMBERSHIP column: null&lt;=&gt;STARTDATE
08:54:29,725 DEBUG org.dbunit.dataset.OrderedTableNameMap:234 - createDataType(sqlType=91 , sqlTypeName=DATE, tableName=MEMBERSHIP, columnName=STARTDATE) - start
08:54:29,726 DEBUG org.dbunit.dataset.OrderedTableNameMap:234 - createDataType(sqlType=91, sqlTypeName=DATE) - start
08:54:29,726 DEBUG org.dbunit.dataset.OrderedTableNameMap:234 - forSqlType(sqlType=91) - start
08:54:29,726 DEBUG org.dbunit.dataset.OrderedTableNameMap:234 - getSqlType() - start
08:54:29,727 DEBUG org.dbunit.dataset.OrderedTableNameMap:234 - getSqlType() - start
08:54:29,727 DEBUG org.dbunit.dataset.OrderedTableNameMap:234 - getSqlType() - start
08:54:29,728 DEBUG org.dbunit.dataset.OrderedTableNameMap:234 - getSqlType() - start
08:54:29,728 DEBUG org.dbunit.dataset.OrderedTableNameMap:234 - getSqlType() - start
08:54:29,728 DEBUG org.dbunit.dataset.OrderedTableNameMap:234 - getSqlType() - start
08:54:29,729 DEBUG org.dbunit.dataset.OrderedTableNameMap:234 - getSqlType() - start
08:54:29,729 DEBUG org.dbunit.dataset.OrderedTableNameMap:234 - getSqlType() - start
08:54:29,730 DEBUG org.dbunit.dataset.OrderedTableNameMap:234 - getSqlType() - start
08:54:29,730 DEBUG org.dbunit.dataset.OrderedTableNameMap:234 - getSqlType() - start
08:54:29,731 DEBUG org.dbunit.dataset.OrderedTableNameMap:234 - getSqlType() - start
08:54:29,731 DEBUG org.dbunit.dataset.OrderedTableNameMap:234 - getSqlType() - start
08:54:29,731 DEBUG org.dbunit.dataset.OrderedTableNameMap:234 - getSqlType() - start
08:54:29,732 DEBUG org.dbunit.dataset.OrderedTableNameMap:234 - getSqlType() - start
08:54:29,732 DEBUG org.dbunit.dataset.OrderedTableNameMap:234 - getSqlType() - start
08:54:29,733 DEBUG org.dbunit.dataset.OrderedTableNameMap:234 - getSqlType() - start
08:54:29,733 DEBUG org.dbunit.dataset.OrderedTableNameMap:234 - getSqlType() - start
08:54:29,733 DEBUG org.dbunit.dataset.OrderedTableNameMap:234 - getSqlType() - start
08:54:29,734 DEBUG org.dbunit.dataset.OrderedTableNameMap:234 - getSqlType() - start
08:54:29,736 DEBUG org.dbunit.dataset.OrderedTableNameMap:234 - nullableValue(nullable=1) - start
08:54:29,736 DEBUG org.dbunit.dataset.OrderedTableNameMap:234 - autoIncrementValue(isAutoIncrement=NO) - start
08:54:29,737 DEBUG org.dbunit.dataset.OrderedTableNameMap:234 - Comparing the following values using caseSensitive=false (searched&lt;=&gt;actual): catalog: null&lt;=&gt;OPENHDS schema: null&lt;=&gt;PUBLIC table: MEMBERSHIP&lt;=&gt;MEMBERSHIP column: null&lt;=&gt;STARTTYPE
08:54:29,737 DEBUG org.dbunit.dataset.OrderedTableNameMap:234 - createDataType(sqlType=12 , sqlTypeName=VARCHAR, tableName=MEMBERSHIP, columnName=STARTTYPE) - start
08:54:29,737 DEBUG org.dbunit.dataset.OrderedTableNameMap:234 - createDataType(sqlType=12, sqlTypeName=VARCHAR) - start
08:54:29,738 DEBUG org.dbunit.dataset.OrderedTableNameMap:234 - forSqlType(sqlType=12) - start
08:54:29,738 DEBUG org.dbunit.dataset.OrderedTableNameMap:234 - getSqlType() - start
08:54:29,739 DEBUG org.dbunit.dataset.OrderedTableNameMap:234 - nullableValue(nullable=1) - start
08:54:29,739 DEBUG org.dbunit.dataset.OrderedTableNameMap:234 - autoIncrementValue(isAutoIncrement=NO) - start
08:54:29,739 DEBUG org.dbunit.dataset.OrderedTableNameMap:234 - Comparing the following values using caseSensitive=false (searched&lt;=&gt;actual): catalog: null&lt;=&gt;OPENHDS schema: null&lt;=&gt;PUBLIC table: MEMBERSHIP&lt;=&gt;MEMBERSHIP column: null&lt;=&gt;INSERTBY_UUID
08:54:29,740 DEBUG org.dbunit.dataset.OrderedTableNameMap:234 - createDataType(sqlType=12 , sqlTypeName=VARCHAR, tableName=MEMBERSHIP, columnName=INSERTBY_UUID) - start
08:54:29,740 DEBUG org.dbunit.dataset.OrderedTableNameMap:234 - createDataType(sqlType=12, sqlTypeName=VARCHAR) - start
08:54:29,740 DEBUG org.dbunit.dataset.OrderedTableNameMap:234 - forSqlType(sqlType=12) - start
08:54:29,741 DEBUG org.dbunit.dataset.OrderedTableNameMap:234 - getSqlType() - start
08:54:29,741 DEBUG org.dbunit.dataset.OrderedTableNameMap:234 - nullableValue(nullable=1) - start
08:54:29,742 DEBUG org.dbunit.dataset.OrderedTableNameMap:234 - autoIncrementValue(isAutoIncrement=NO) - start
08:54:29,742 DEBUG org.dbunit.dataset.OrderedTableNameMap:234 - Comparing the following values using caseSensitive=false (searched&lt;=&gt;actual): catalog: null&lt;=&gt;OPENHDS schema: null&lt;=&gt;PUBLIC table: MEMBERSHIP&lt;=&gt;MEMBERSHIP column: null&lt;=&gt;VOIDBY_UUID
08:54:29,742 DEBUG org.dbunit.dataset.OrderedTableNameMap:234 - createDataType(sqlType=12 , sqlTypeName=VARCHAR, tableName=MEMBERSHIP, columnName=VOIDBY_UUID) - start
08:54:29,743 DEBUG org.dbunit.dataset.OrderedTableNameMap:234 - createDataType(sqlType=12, sqlTypeName=VARCHAR) - start
08:54:29,743 DEBUG org.dbunit.dataset.OrderedTableNameMap:234 - forSqlType(sqlType=12) - start
08:54:29,744 DEBUG org.dbunit.dataset.OrderedTableNameMap:234 - getSqlType() - start
08:54:29,744 DEBUG org.dbunit.dataset.OrderedTableNameMap:234 - nullableValue(nullable=1) - start
08:54:29,744 DEBUG org.dbunit.dataset.OrderedTableNameMap:234 - autoIncrementValue(isAutoIncrement=NO) - start
08:54:29,745 DEBUG org.dbunit.dataset.OrderedTableNameMap:234 - Comparing the following values using caseSensitive=false (searched&lt;=&gt;actual): catalog: null&lt;=&gt;OPENHDS schema: null&lt;=&gt;PUBLIC table: MEMBERSHIP&lt;=&gt;MEMBERSHIP column: null&lt;=&gt;COLLECTEDBY_UUID
08:54:29,745 DEBUG org.dbunit.dataset.OrderedTableNameMap:234 - createDataType(sqlType=12 , sqlTypeName=VARCHAR, tableName=MEMBERSHIP, columnName=COLLECTEDBY_UUID) - start
08:54:29,746 DEBUG org.dbunit.dataset.OrderedTableNameMap:234 - createDataType(sqlType=12, sqlTypeName=VARCHAR) - start
08:54:29,746 DEBUG org.dbunit.dataset.OrderedTableNameMap:234 - forSqlType(sqlType=12) - start
08:54:29,746 DEBUG org.dbunit.dataset.OrderedTableNameMap:234 - getSqlType() - start
08:54:29,747 DEBUG org.dbunit.dataset.OrderedTableNameMap:234 - nullableValue(nullable=0) - start
08:54:29,747 DEBUG org.dbunit.dataset.OrderedTableNameMap:234 - autoIncrementValue(isAutoIncrement=NO) - start
08:54:29,748 DEBUG org.dbunit.dataset.OrderedTableNameMap:234 - Comparing the following values using caseSensitive=false (searched&lt;=&gt;actual): catalog: null&lt;=&gt;OPENHDS schema: null&lt;=&gt;PUBLIC table: MEMBERSHIP&lt;=&gt;MEMBERSHIP column: null&lt;=&gt;INDIVIDUAL_UUID
08:54:29,748 DEBUG org.dbunit.dataset.OrderedTableNameMap:234 - createDataType(sqlType=12 , sqlTypeName=VARCHAR, tableName=MEMBERSHIP, columnName=INDIVIDUAL_UUID) - start
08:54:29,748 DEBUG org.dbunit.dataset.OrderedTableNameMap:234 - createDataType(sqlType=12, sqlTypeName=VARCHAR) - start
08:54:29,749 DEBUG org.dbunit.dataset.OrderedTableNameMap:234 - forSqlType(sqlType=12) - start
08:54:29,749 DEBUG org.dbunit.dataset.OrderedTableNameMap:234 - getSqlType() - start
08:54:29,750 DEBUG org.dbunit.dataset.OrderedTableNameMap:234 - nullableValue(nullable=1) - start
08:54:29,750 DEBUG org.dbunit.dataset.OrderedTableNameMap:234 - autoIncrementValue(isAutoIncrement=NO) - start
08:54:29,750 DEBUG org.dbunit.dataset.OrderedTableNameMap:234 - Comparing the following values using caseSensitive=false (searched&lt;=&gt;actual): catalog: null&lt;=&gt;OPENHDS schema: null&lt;=&gt;PUBLIC table: MEMBERSHIP&lt;=&gt;MEMBERSHIP column: null&lt;=&gt;SOCIALGROUP_UUID
08:54:29,751 DEBUG org.dbunit.dataset.OrderedTableNameMap:234 - createDataType(sqlType=12 , sqlTypeName=VARCHAR, tableName=MEMBERSHIP, columnName=SOCIALGROUP_UUID) - start
08:54:29,751 DEBUG org.dbunit.dataset.OrderedTableNameMap:234 - createDataType(sqlType=12, sqlTypeName=VARCHAR) - start
08:54:29,752 DEBUG org.dbunit.dataset.OrderedTableNameMap:234 - forSqlType(sqlType=12) - start
08:54:29,752 DEBUG org.dbunit.dataset.OrderedTableNameMap:234 - getSqlType() - start
08:54:29,752 DEBUG org.dbunit.dataset.OrderedTableNameMap:234 - nullableValue(nullable=1) - start
08:54:29,753 DEBUG org.dbunit.dataset.OrderedTableNameMap:234 - autoIncrementValue(isAutoIncrement=NO) - start
08:54:29,753 DEBUG org.dbunit.dataset.OrderedTableNameMap:234 - getPrimaryKeys() - start
08:54:29,754 DEBUG org.dbunit.dataset.OrderedTableNameMap:234 - getPrimaryKeyNames() - start
08:54:29,754 DEBUG org.dbunit.dataset.OrderedTableNameMap:234 - getConnection() - start
08:54:29,755 DEBUG org.dbunit.dataset.OrderedTableNameMap:234 - getName() - start
08:54:29,756 DEBUG org.dbunit.dataset.OrderedTableNameMap:234 - getColumns() - start
08:54:29,756 DEBUG org.dbunit.dataset.OrderedTableNameMap:234 - getColumns(columnNames=[UUID], columns=[(UUID, VARCHAR, noNulls), (DELETED, BOOLEAN, noNulls), (INSERTDATE, DATE, nullable), (VOIDDATE, TIMESTAMP, nullable), (VOIDREASON, VARCHAR, nullable), (STATUS, VARCHAR, nullable), (STATUSMESSAGE, VARCHAR, nullable), (BISTOA, VARCHAR, nullable), (ENDDATE, DATE, nullable), (ENDTYPE, VARCHAR, nullable), (STARTDATE, DATE, nullable), (STARTTYPE, VARCHAR, nullable), (INSERTBY_UUID, VARCHAR, nullable), (VOIDBY_UUID, VARCHAR, nullable), (COLLECTEDBY_UUID, VARCHAR, noNulls), (INDIVIDUAL_UUID, VARCHAR, nullable), (SOCIALGROUP_UUID, VARCHAR, nullable)]) - start
08:54:29,757 DEBUG org.dbunit.dataset.OrderedTableNameMap:234 - getColumn(columnName=UUID, columns=[(UUID, VARCHAR, noNulls), (DELETED, BOOLEAN, noNulls), (INSERTDATE, DATE, nullable), (VOIDDATE, TIMESTAMP, nullable), (VOIDREASON, VARCHAR, nullable), (STATUS, VARCHAR, nullable), (STATUSMESSAGE, VARCHAR, nullable), (BISTOA, VARCHAR, nullable), (ENDDATE, DATE, nullable), (ENDTYPE, VARCHAR, nullable), (STARTDATE, DATE, nullable), (STARTTYPE, VARCHAR, nullable), (INSERTBY_UUID, VARCHAR, nullable), (VOIDBY_UUID, VARCHAR, nullable), (COLLECTEDBY_UUID, VARCHAR, noNulls), (INDIVIDUAL_UUID, VARCHAR, nullable), (SOCIALGROUP_UUID, VARCHAR, nullable)]) - start
08:54:29,757 DEBUG org.dbunit.dataset.OrderedTableNameMap:234 - update(tableName=membership, object=table=MEMBERSHIP, cols=[(UUID, VARCHAR, noNulls), (DELETED, BOOLEAN, noNulls), (INSERTDATE, DATE, nullable), (VOIDDATE, TIMESTAMP, nullable), (VOIDREASON, VARCHAR, nullable), (STATUS, VARCHAR, nullable), (STATUSMESSAGE, VARCHAR, nullable), (BISTOA, VARCHAR, nullable), (ENDDATE, DATE, nullable), (ENDTYPE, VARCHAR, nullable), (STARTDATE, DATE, nullable), (STARTTYPE, VARCHAR, nullable), (INSERTBY_UUID, VARCHAR, nullable), (VOIDBY_UUID, VARCHAR, nullable), (COLLECTEDBY_UUID, VARCHAR, noNulls), (INDIVIDUAL_UUID, VARCHAR, nullable), (SOCIALGROUP_UUID, VARCHAR, nullable)], pk=[(UUID, VARCHAR, noNulls)]) - start
08:54:29,758 DEBUG org.dbunit.dataset.OrderedTableNameMap:253 - getTableName(tableName=membership) - start
08:54:29,758 DEBUG org.dbunit.dataset.OrderedTableNameMap:264 - getTableName(tableName=membership) - end - result=MEMBERSHIP
08:54:29,758 DEBUG org.dbunit.dataset.OrderedTableNameMap:253 - getTableName(tableName=membership) - start
08:54:29,759 DEBUG org.dbunit.dataset.OrderedTableNameMap:264 - getTableName(tableName=membership) - end - result=MEMBERSHIP
08:54:29,759 DEBUG org.dbunit.dataset.AbstractTableMetaData:101 - getColumnIndex(columnName=uuid) - start
08:54:29,759 DEBUG org.dbunit.database.DatabaseTableMetaData:301 - getColumns() - start
08:54:29,760 DEBUG org.dbunit.database.DatabaseTableMetaData:301 - getColumns() - start
08:54:29,760 DEBUG org.dbunit.dataset.AbstractTableMetaData:101 - getColumnIndex(columnName=insertDate) - start
08:54:29,760 DEBUG org.dbunit.database.DatabaseTableMetaData:301 - getColumns() - start
08:54:29,761 DEBUG org.dbunit.dataset.AbstractTableMetaData:101 - getColumnIndex(columnName=bIsToA) - start
08:54:29,761 DEBUG org.dbunit.database.DatabaseTableMetaData:301 - getColumns() - start
08:54:29,761 DEBUG org.dbunit.dataset.AbstractTableMetaData:101 - getColumnIndex(columnName=deleted) - start
08:54:29,761 DEBUG org.dbunit.database.DatabaseTableMetaData:301 - getColumns() - start
08:54:29,762 DEBUG org.dbunit.dataset.AbstractTableMetaData:101 - getColumnIndex(columnName=insertBy_uuid) - start
08:54:29,762 DEBUG org.dbunit.database.DatabaseTableMetaData:301 - getColumns() - start
08:54:29,762 DEBUG org.dbunit.dataset.AbstractTableMetaData:101 - getColumnIndex(columnName=collectedBy_uuid) - start
08:54:29,763 DEBUG org.dbunit.database.DatabaseTableMetaData:301 - getColumns() - start
08:54:29,763 DEBUG org.dbunit.dataset.AbstractTableMetaData:101 - getColumnIndex(columnName=startDate) - start
08:54:29,763 DEBUG org.dbunit.database.DatabaseTableMetaData:301 - getColumns() - start
08:54:29,764 DEBUG org.dbunit.database.DatabaseTableMetaData:374 - getPrimaryKeys() - start
08:54:29,764 DEBUG org.dbunit.operation.RefreshOperation:146 - createUpdateOperation(connection=_databaseConfig=org.dbunit.database.DatabaseConfig[, _propertyMap={http://www.dbunit.org/properties/statementFactory=org.dbunit.database.statement.PreparedStatementFactory@eb5ea0, http://www.dbunit.org/features/caseSensitiveTableNames=false, http://www.dbunit.org/properties/fetchSize=100, http://www.dbunit.org/features/batchedStatements=false, http://www.dbunit.org/properties/metadataHandler=org.dbunit.database.DefaultMetadataHandler@60648, http://www.dbunit.org/properties/datatypeFactory=org.dbunit.dataset.datatype.DefaultDataTypeFactory[_toleratedDeltaMap=org.dbunit.dataset.datatype.ToleratedDeltaMap@133a07d], http://www.dbunit.org/properties/escapePattern=null, http://www.dbunit.org/properties/batchSize=100, http://www.dbunit.org/features/qualifiedTableNames=false, http://www.dbunit.org/properties/tableType=[Ljava.lang.String;@6d6f28, http://www.dbunit.org/properties/resultSetTableFactory=org.dbunit.database.CachedResultSetTableFactory@9cde9a, http://www.dbunit.org/features/datatypeWarning=true}], _dataSet=AbstractDataSet[_orderedTableNameMap=null], metaData=tableName=MEMBERSHIP, columns=[(UUID, VARCHAR, noNulls), (INSERTDATE, DATE, nullable), (BISTOA, VARCHAR, nullable), (DELETED, BOOLEAN, noNulls), (INSERTBY_UUID, VARCHAR, nullable), (COLLECTEDBY_UUID, VARCHAR, noNulls), (STARTDATE, DATE, nullable)], keys=[(UUID, VARCHAR, noNulls)]) - start
08:54:29,765 DEBUG org.dbunit.operation.UpdateOperation:63 - getOperationData(metaData=tableName=MEMBERSHIP, columns=[(UUID, VARCHAR, noNulls), (INSERTDATE, DATE, nullable), (BISTOA, VARCHAR, nullable), (DELETED, BOOLEAN, noNulls), (INSERTBY_UUID, VARCHAR, nullable), (COLLECTEDBY_UUID, VARCHAR, noNulls), (STARTDATE, DATE, nullable)], keys=[(UUID, VARCHAR, noNulls)], ignoreMapping=null, connection=_databaseConfig=org.dbunit.database.DatabaseConfig[, _propertyMap={http://www.dbunit.org/properties/statementFactory=org.dbunit.database.statement.PreparedStatementFactory@eb5ea0, http://www.dbunit.org/features/caseSensitiveTableNames=false, http://www.dbunit.org/properties/fetchSize=100, http://www.dbunit.org/features/batchedStatements=false, http://www.dbunit.org/properties/metadataHandler=org.dbunit.database.DefaultMetadataHandler@60648, http://www.dbunit.org/properties/datatypeFactory=org.dbunit.dataset.datatype.DefaultDataTypeFactory[_toleratedDeltaMap=org.dbunit.dataset.datatype.ToleratedDeltaMap@133a07d], http://www.dbunit.org/properties/escapePattern=null, http://www.dbunit.org/properties/batchSize=100, http://www.dbunit.org/features/qualifiedTableNames=false, http://www.dbunit.org/properties/tableType=[Ljava.lang.String;@6d6f28, http://www.dbunit.org/properties/resultSetTableFactory=org.dbunit.database.CachedResultSetTableFactory@9cde9a, http://www.dbunit.org/features/datatypeWarning=true}], _dataSet=AbstractDataSet[_orderedTableNameMap=null]) - start
08:54:29,765 DEBUG org.dbunit.operation.AbstractOperation:55 - getQualifiedName(prefix=null, name=MEMBERSHIP, connection=_databaseConfig=org.dbunit.database.DatabaseConfig[, _propertyMap={http://www.dbunit.org/properties/statementFactory=org.dbunit.database.statement.PreparedStatementFactory@eb5ea0, http://www.dbunit.org/features/caseSensitiveTableNames=false, http://www.dbunit.org/properties/fetchSize=100, http://www.dbunit.org/features/batchedStatements=false, http://www.dbunit.org/properties/metadataHandler=org.dbunit.database.DefaultMetadataHandler@60648, http://www.dbunit.org/properties/datatypeFactory=org.dbunit.dataset.datatype.DefaultDataTypeFactory[_toleratedDeltaMap=org.dbunit.dataset.datatype.ToleratedDeltaMap@133a07d], http://www.dbunit.org/properties/escapePattern=null, http://www.dbunit.org/properties/batchSize=100, http://www.dbunit.org/features/qualifiedTableNames=false, http://www.dbunit.org/properties/tableType=[Ljava.lang.String;@6d6f28, http://www.dbunit.org/properties/resultSetTableFactory=org.dbunit.database.CachedResultSetTableFactory@9cde9a, http://www.dbunit.org/features/datatypeWarning=true}], _dataSet=AbstractDataSet[_orderedTableNameMap=null]) - start
08:54:29,766 DEBUG org.dbunit.util.QualifiedTableName:126 - getQualifiedName() - start
08:54:29,766 DEBUG org.dbunit.util.QualifiedTableName:190 - getQualifiedName(prefix=null, name=MEMBERSHIP, escapePattern=null) - start
08:54:29,766 DEBUG org.dbunit.dataset.Columns:154 - getColumn(columnName=UUID, columns=[(UUID, VARCHAR, noNulls)]) - start
08:54:29,767 DEBUG org.dbunit.dataset.Columns:154 - getColumn(columnName=INSERTDATE, columns=[(UUID, VARCHAR, noNulls)]) - start
08:54:29,767 DEBUG org.dbunit.operation.AbstractOperation:55 - getQualifiedName(prefix=null, name=INSERTDATE, connection=_databaseConfig=org.dbunit.database.DatabaseConfig[, _propertyMap={http://www.dbunit.org/properties/statementFactory=org.dbunit.database.statement.PreparedStatementFactory@eb5ea0, http://www.dbunit.org/features/caseSensitiveTableNames=false, http://www.dbunit.org/properties/fetchSize=100, http://www.dbunit.org/features/batchedStatements=false, http://www.dbunit.org/properties/metadataHandler=org.dbunit.database.DefaultMetadataHandler@60648, http://www.dbunit.org/properties/datatypeFactory=org.dbunit.dataset.datatype.DefaultDataTypeFactory[_toleratedDeltaMap=org.dbunit.dataset.datatype.ToleratedDeltaMap@133a07d], http://www.dbunit.org/properties/escapePattern=null, http://www.dbunit.org/properties/batchSize=100, http://www.dbunit.org/features/qualifiedTableNames=false, http://www.dbunit.org/properties/tableType=[Ljava.lang.String;@6d6f28, http://www.dbunit.org/properties/resultSetTableFactory=org.dbunit.database.CachedResultSetTableFactory@9cde9a, http://www.dbunit.org/features/datatypeWarning=true}], _dataSet=AbstractDataSet[_orderedTableNameMap=null]) - start
08:54:29,767 DEBUG org.dbunit.util.QualifiedTableName:126 - getQualifiedName() - start
08:54:29,768 DEBUG org.dbunit.util.QualifiedTableName:190 - getQualifiedName(prefix=null, name=INSERTDATE, escapePattern=null) - start
08:54:29,768 DEBUG org.dbunit.dataset.Columns:154 - getColumn(columnName=BISTOA, columns=[(UUID, VARCHAR, noNulls)]) - start
08:54:29,769 DEBUG org.dbunit.operation.AbstractOperation:55 - getQualifiedName(prefix=null, name=BISTOA, connection=_databaseConfig=org.dbunit.database.DatabaseConfig[, _propertyMap={http://www.dbunit.org/properties/statementFactory=org.dbunit.database.statement.PreparedStatementFactory@eb5ea0, http://www.dbunit.org/features/caseSensitiveTableNames=false, http://www.dbunit.org/properties/fetchSize=100, http://www.dbunit.org/features/batchedStatements=false, http://www.dbunit.org/properties/metadataHandler=org.dbunit.database.DefaultMetadataHandler@60648, http://www.dbunit.org/properties/datatypeFactory=org.dbunit.dataset.datatype.DefaultDataTypeFactory[_toleratedDeltaMap=org.dbunit.dataset.datatype.ToleratedDeltaMap@133a07d], http://www.dbunit.org/properties/escapePattern=null, http://www.dbunit.org/properties/batchSize=100, http://www.dbunit.org/features/qualifiedTableNames=false, http://www.dbunit.org/properties/tableType=[Ljava.lang.String;@6d6f28, http://www.dbunit.org/properties/resultSetTableFactory=org.dbunit.database.CachedResultSetTableFactory@9cde9a, http://www.dbunit.org/features/datatypeWarning=true}], _dataSet=AbstractDataSet[_orderedTableNameMap=null]) - start
08:54:29,769 DEBUG org.dbunit.util.QualifiedTableName:126 - getQualifiedName() - start
08:54:29,769 DEBUG org.dbunit.util.QualifiedTableName:190 - getQualifiedName(prefix=null, name=BISTOA, escapePattern=null) - start
08:54:29,770 DEBUG org.dbunit.dataset.Columns:154 - getColumn(columnName=DELETED, columns=[(UUID, VARCHAR, noNulls)]) - start
08:54:29,770 DEBUG org.dbunit.operation.AbstractOperation:55 - getQualifiedName(prefix=null, name=DELETED, connection=_databaseConfig=org.dbunit.database.DatabaseConfig[, _propertyMap={http://www.dbunit.org/properties/statementFactory=org.dbunit.database.statement.PreparedStatementFactory@eb5ea0, http://www.dbunit.org/features/caseSensitiveTableNames=false, http://www.dbunit.org/properties/fetchSize=100, http://www.dbunit.org/features/batchedStatements=false, http://www.dbunit.org/properties/metadataHandler=org.dbunit.database.DefaultMetadataHandler@60648, http://www.dbunit.org/properties/datatypeFactory=org.dbunit.dataset.datatype.DefaultDataTypeFactory[_toleratedDeltaMap=org.dbunit.dataset.datatype.ToleratedDeltaMap@133a07d], http://www.dbunit.org/properties/escapePattern=null, http://www.dbunit.org/properties/batchSize=100, http://www.dbunit.org/features/qualifiedTableNames=false, http://www.dbunit.org/properties/tableType=[Ljava.lang.String;@6d6f28, http://www.dbunit.org/properties/resultSetTableFactory=org.dbunit.database.CachedResultSetTableFactory@9cde9a, http://www.dbunit.org/features/datatypeWarning=true}], _dataSet=AbstractDataSet[_orderedTableNameMap=null]) - start
08:54:29,770 DEBUG org.dbunit.util.QualifiedTableName:126 - getQualifiedName() - start
08:54:29,771 DEBUG org.dbunit.util.QualifiedTableName:190 - getQualifiedName(prefix=null, name=DELETED, escapePattern=null) - start
08:54:29,771 DEBUG org.dbunit.dataset.Columns:154 - getColumn(columnName=INSERTBY_UUID, columns=[(UUID, VARCHAR, noNulls)]) - start
08:54:29,771 DEBUG org.dbunit.operation.AbstractOperation:55 - getQualifiedName(prefix=null, name=INSERTBY_UUID, connection=_databaseConfig=org.dbunit.database.DatabaseConfig[, _propertyMap={http://www.dbunit.org/properties/statementFactory=org.dbunit.database.statement.PreparedStatementFactory@eb5ea0, http://www.dbunit.org/features/caseSensitiveTableNames=false, http://www.dbunit.org/properties/fetchSize=100, http://www.dbunit.org/features/batchedStatements=false, http://www.dbunit.org/properties/metadataHandler=org.dbunit.database.DefaultMetadataHandler@60648, http://www.dbunit.org/properties/datatypeFactory=org.dbunit.dataset.datatype.DefaultDataTypeFactory[_toleratedDeltaMap=org.dbunit.dataset.datatype.ToleratedDeltaMap@133a07d], http://www.dbunit.org/properties/escapePattern=null, http://www.dbunit.org/properties/batchSize=100, http://www.dbunit.org/features/qualifiedTableNames=false, http://www.dbunit.org/properties/tableType=[Ljava.lang.String;@6d6f28, http://www.dbunit.org/properties/resultSetTableFactory=org.dbunit.database.CachedResultSetTableFactory@9cde9a, http://www.dbunit.org/features/datatypeWarning=true}], _dataSet=AbstractDataSet[_orderedTableNameMap=null]) - start
08:54:29,772 DEBUG org.dbunit.util.QualifiedTableName:126 - getQualifiedName() - start
08:54:29,772 DEBUG org.dbunit.util.QualifiedTableName:190 - getQualifiedName(prefix=null, name=INSERTBY_UUID, escapePattern=null) - start
08:54:29,773 DEBUG org.dbunit.dataset.Columns:154 - getColumn(columnName=COLLECTEDBY_UUID, columns=[(UUID, VARCHAR, noNulls)]) - start
08:54:29,773 DEBUG org.dbunit.operation.AbstractOperation:55 - getQualifiedName(prefix=null, name=COLLECTEDBY_UUID, connection=_databaseConfig=org.dbunit.database.DatabaseConfig[, _propertyMap={http://www.dbunit.org/properties/statementFactory=org.dbunit.database.statement.PreparedStatementFactory@eb5ea0, http://www.dbunit.org/features/caseSensitiveTableNames=false, http://www.dbunit.org/properties/fetchSize=100, http://www.dbunit.org/features/batchedStatements=false, http://www.dbunit.org/properties/metadataHandler=org.dbunit.database.DefaultMetadataHandler@60648, http://www.dbunit.org/properties/datatypeFactory=org.dbunit.dataset.datatype.DefaultDataTypeFactory[_toleratedDeltaMap=org.dbunit.dataset.datatype.ToleratedDeltaMap@133a07d], http://www.dbunit.org/properties/escapePattern=null, http://www.dbunit.org/properties/batchSize=100, http://www.dbunit.org/features/qualifiedTableNames=false, http://www.dbunit.org/properties/tableType=[Ljava.lang.String;@6d6f28, http://www.dbunit.org/properties/resultSetTableFactory=org.dbunit.database.CachedResultSetTableFactory@9cde9a, http://www.dbunit.org/features/datatypeWarning=true}], _dataSet=AbstractDataSet[_orderedTableNameMap=null]) - start
08:54:29,773 DEBUG org.dbunit.util.QualifiedTableName:126 - getQualifiedName() - start
08:54:29,774 DEBUG org.dbunit.util.QualifiedTableName:190 - getQualifiedName(prefix=null, name=COLLECTEDBY_UUID, escapePattern=null) - start
08:54:29,774 DEBUG org.dbunit.dataset.Columns:154 - getColumn(columnName=STARTDATE, columns=[(UUID, VARCHAR, noNulls)]) - start
08:54:29,774 DEBUG org.dbunit.operation.AbstractOperation:55 - getQualifiedName(prefix=null, name=STARTDATE, connection=_databaseConfig=org.dbunit.database.DatabaseConfig[, _propertyMap={http://www.dbunit.org/properties/statementFactory=org.dbunit.database.statement.PreparedStatementFactory@eb5ea0, http://www.dbunit.org/features/caseSensitiveTableNames=false, http://www.dbunit.org/properties/fetchSize=100, http://www.dbunit.org/features/batchedStatements=false, http://www.dbunit.org/properties/metadataHandler=org.dbunit.database.DefaultMetadataHandler@60648, http://www.dbunit.org/properties/datatypeFactory=org.dbunit.dataset.datatype.DefaultDataTypeFactory[_toleratedDeltaMap=org.dbunit.dataset.datatype.ToleratedDeltaMap@133a07d], http://www.dbunit.org/properties/escapePattern=null, http://www.dbunit.org/properties/batchSize=100, http://www.dbunit.org/features/qualifiedTableNames=false, http://www.dbunit.org/properties/tableType=[Ljava.lang.String;@6d6f28, http://www.dbunit.org/properties/resultSetTableFactory=org.dbunit.database.CachedResultSetTableFactory@9cde9a, http://www.dbunit.org/features/datatypeWarning=true}], _dataSet=AbstractDataSet[_orderedTableNameMap=null]) - start
08:54:29,775 DEBUG org.dbunit.util.QualifiedTableName:126 - getQualifiedName() - start
08:54:29,775 DEBUG org.dbunit.util.QualifiedTableName:190 - getQualifiedName(prefix=null, name=STARTDATE, escapePattern=null) - start
08:54:29,776 DEBUG org.dbunit.operation.AbstractOperation:55 - getQualifiedName(prefix=null, name=UUID, connection=_databaseConfig=org.dbunit.database.DatabaseConfig[, _propertyMap={http://www.dbunit.org/properties/statementFactory=org.dbunit.database.statement.PreparedStatementFactory@eb5ea0, http://www.dbunit.org/features/caseSensitiveTableNames=false, http://www.dbunit.org/properties/fetchSize=100, http://www.dbunit.org/features/batchedStatements=false, http://www.dbunit.org/properties/metadataHandler=org.dbunit.database.DefaultMetadataHandler@60648, http://www.dbunit.org/properties/datatypeFactory=org.dbunit.dataset.datatype.DefaultDataTypeFactory[_toleratedDeltaMap=org.dbunit.dataset.datatype.ToleratedDeltaMap@133a07d], http://www.dbunit.org/properties/escapePattern=null, http://www.dbunit.org/properties/batchSize=100, http://www.dbunit.org/features/qualifiedTableNames=false, http://www.dbunit.org/properties/tableType=[Ljava.lang.String;@6d6f28, http://www.dbunit.org/properties/resultSetTableFactory=org.dbunit.database.CachedResultSetTableFactory@9cde9a, http://www.dbunit.org/features/datatypeWarning=true}], _dataSet=AbstractDataSet[_orderedTableNameMap=null]) - start
08:54:29,776 DEBUG org.dbunit.util.QualifiedTableName:126 - getQualifiedName() - start
08:54:29,776 DEBUG org.dbunit.util.QualifiedTableName:190 - getQualifiedName(prefix=null, name=UUID, escapePattern=null) - start
08:54:29,777 DEBUG org.dbunit.database.DatabaseDataSourceConnection:113 - getConnection() - start
08:54:29,777 DEBUG org.dbunit.operation.RefreshOperation$RowOperation:180 - execute(table=org.dbunit.dataset.DefaultTable[_metaData=tableName=membership, columns=[(uuid, UNKNOWN, nullableUnknown), (insertDate, UNKNOWN, nullableUnknown), (bIsToA, UNKNOWN, nullableUnknown), (deleted, UNKNOWN, nullableUnknown), (insertBy_uuid, UNKNOWN, nullableUnknown), (collectedBy_uuid, UNKNOWN, nullableUnknown), (startDate, UNKNOWN, nullableUnknown)], keys=[], _rowList.size()=1], row=0) - start
08:54:29,778 DEBUG org.dbunit.dataset.DefaultTable:192 - getValue(row=0, column=INSERTDATE) - start
08:54:29,778 DEBUG org.dbunit.dataset.AbstractTable:41 - assertValidRowIndex(row=0) - start
08:54:29,778 DEBUG org.dbunit.dataset.AbstractTable:51 - assertValidRowIndex(row=0, rowCount=1) - start
08:54:29,779 DEBUG org.dbunit.dataset.AbstractTable:75 - getColumnIndex(columnName=INSERTDATE) - start
08:54:29,779 DEBUG org.dbunit.dataset.AbstractTableMetaData:101 - getColumnIndex(columnName=INSERTDATE) - start
08:54:29,779 DEBUG org.dbunit.database.statement.SimplePreparedStatement:64 - addValue(value=2012-04-17, dataType=DATE) - start
08:54:29,780 DEBUG org.dbunit.dataset.datatype.DateDataType:138 - setSqlValue(value=2012-04-17, column=1, statement=prep252: update MEMBERSHIP set INSERTDATE = ?, BISTOA = ?, DELETED = ?, INSERTBY_UUID = ?, COLLECTEDBY_UUID = ?, STARTDATE = ? where UUID = ?) - start
08:54:29,780 DEBUG org.dbunit.dataset.datatype.DateDataType:57 - typeCast(value=2012-04-17) - start
08:54:29,780 DEBUG org.dbunit.dataset.DefaultTable:192 - getValue(row=0, column=BISTOA) - start
08:54:29,781 DEBUG org.dbunit.dataset.AbstractTable:41 - assertValidRowIndex(row=0) - start
08:54:29,781 DEBUG org.dbunit.dataset.AbstractTable:51 - assertValidRowIndex(row=0, rowCount=1) - start
08:54:29,782 DEBUG org.dbunit.dataset.AbstractTable:75 - getColumnIndex(columnName=BISTOA) - start
08:54:29,782 DEBUG org.dbunit.dataset.AbstractTableMetaData:101 - getColumnIndex(columnName=BISTOA) - start
08:54:29,783 DEBUG org.dbunit.database.statement.SimplePreparedStatement:64 - addValue(value=1, dataType=VARCHAR) - start
08:54:29,783 DEBUG org.dbunit.dataset.datatype.StringDataType:157 - setSqlValue(value=1, column=2, statement=prep252: update MEMBERSHIP set INSERTDATE = ?, BISTOA = ?, DELETED = ?, INSERTBY_UUID = ?, COLLECTEDBY_UUID = ?, STARTDATE = ? where UUID = ? {1: DATE &apos;2012-04-17&apos;}) - start
08:54:29,784 DEBUG org.dbunit.dataset.datatype.DataType:177 - asString(value=1) - start
08:54:29,784 DEBUG org.dbunit.dataset.datatype.StringDataType:59 - typeCast(value=1) - start
08:54:29,785 DEBUG org.dbunit.dataset.DefaultTable:192 - getValue(row=0, column=DELETED) - start
08:54:29,785 DEBUG org.dbunit.dataset.AbstractTable:41 - assertValidRowIndex(row=0) - start
08:54:29,786 DEBUG org.dbunit.dataset.AbstractTable:51 - assertValidRowIndex(row=0, rowCount=1) - start
08:54:29,786 DEBUG org.dbunit.dataset.AbstractTable:75 - getColumnIndex(columnName=DELETED) - start
08:54:29,786 DEBUG org.dbunit.dataset.AbstractTableMetaData:101 - getColumnIndex(columnName=DELETED) - start
08:54:29,787 DEBUG org.dbunit.database.statement.SimplePreparedStatement:64 - addValue(value=0, dataType=BOOLEAN) - start
08:54:29,787 DEBUG org.dbunit.dataset.datatype.BooleanDataType:143 - setSqlValue(value=0, column=3, statement=prep252: update MEMBERSHIP set INSERTDATE = ?, BISTOA = ?, DELETED = ?, INSERTBY_UUID = ?, COLLECTEDBY_UUID = ?, STARTDATE = ? where UUID = ? {1: DATE &apos;2012-04-17&apos;, 2: &apos;1&apos;}) - start
08:54:29,788 DEBUG org.dbunit.dataset.datatype.BooleanDataType:66 - typeCast(value=0) - start
08:54:29,788 DEBUG org.dbunit.dataset.datatype.IntegerDataType:56 - typeCast(value=0) - start
08:54:29,789 DEBUG org.dbunit.dataset.datatype.IntegerDataType:56 - typeCast(value=0) - start
08:54:29,791 DEBUG org.dbunit.dataset.datatype.BooleanDataType:66 - typeCast(value=0) - start
08:54:29,792 DEBUG org.dbunit.dataset.DefaultTable:192 - getValue(row=0, column=INSERTBY_UUID) - start
08:54:29,792 DEBUG org.dbunit.dataset.AbstractTable:41 - assertValidRowIndex(row=0) - start
08:54:29,792 DEBUG org.dbunit.dataset.AbstractTable:51 - assertValidRowIndex(row=0, rowCount=1) - start
08:54:29,793 DEBUG org.dbunit.dataset.AbstractTable:75 - getColumnIndex(columnName=INSERTBY_UUID) - start
08:54:29,793 DEBUG org.dbunit.dataset.AbstractTableMetaData:101 - getColumnIndex(columnName=INSERTBY_UUID) - start
08:54:29,794 DEBUG org.dbunit.database.statement.SimplePreparedStatement:64 - addValue(value=User 1, dataType=VARCHAR) - start
08:54:29,794 DEBUG org.dbunit.dataset.datatype.StringDataType:157 - setSqlValue(value=User 1, column=4, statement=prep252: update MEMBERSHIP set INSERTDATE = ?, BISTOA = ?, DELETED = ?, INSERTBY_UUID = ?, COLLECTEDBY_UUID = ?, STARTDATE = ? where UUID = ? {1: DATE &apos;2012-04-17&apos;, 2: &apos;1&apos;, 3: FALSE}) - start
08:54:29,794 DEBUG org.dbunit.dataset.datatype.DataType:177 - asString(value=User 1) - start
08:54:29,795 DEBUG org.dbunit.dataset.datatype.StringDataType:59 - typeCast(value=User 1) - start
08:54:29,795 DEBUG org.dbunit.dataset.DefaultTable:192 - getValue(row=0, column=COLLECTEDBY_UUID) - start
08:54:29,796 DEBUG org.dbunit.dataset.AbstractTable:41 - assertValidRowIndex(row=0) - start
08:54:29,796 DEBUG org.dbunit.dataset.AbstractTable:51 - assertValidRowIndex(row=0, rowCount=1) - start
08:54:29,796 DEBUG org.dbunit.dataset.AbstractTable:75 - getColumnIndex(columnName=COLLECTEDBY_UUID) - start
08:54:29,797 DEBUG org.dbunit.dataset.AbstractTableMetaData:101 - getColumnIndex(columnName=COLLECTEDBY_UUID) - start
08:54:29,797 DEBUG org.dbunit.database.statement.SimplePreparedStatement:64 - addValue(value=FieldWorker1, dataType=VARCHAR) - start
08:54:29,798 DEBUG org.dbunit.dataset.datatype.StringDataType:157 - setSqlValue(value=FieldWorker1, column=5, statement=prep252: update MEMBERSHIP set INSERTDATE = ?, BISTOA = ?, DELETED = ?, INSERTBY_UUID = ?, COLLECTEDBY_UUID = ?, STARTDATE = ? where UUID = ? {1: DATE &apos;2012-04-17&apos;, 2: &apos;1&apos;, 3: FALSE, 4: &apos;User 1&apos;}) - start
08:54:29,798 DEBUG org.dbunit.dataset.datatype.DataType:177 - asString(value=FieldWorker1) - start
08:54:29,798 DEBUG org.dbunit.dataset.datatype.StringDataType:59 - typeCast(value=FieldWorker1) - start
08:54:29,799 DEBUG org.dbunit.dataset.DefaultTable:192 - getValue(row=0, column=STARTDATE) - start
08:54:29,799 DEBUG org.dbunit.dataset.AbstractTable:41 - assertValidRowIndex(row=0) - start
08:54:29,800 DEBUG org.dbunit.dataset.AbstractTable:51 - assertValidRowIndex(row=0, rowCount=1) - start
08:54:29,800 DEBUG org.dbunit.dataset.AbstractTable:75 - getColumnIndex(columnName=STARTDATE) - start
08:54:29,800 DEBUG org.dbunit.dataset.AbstractTableMetaData:101 - getColumnIndex(columnName=STARTDATE) - start
08:54:29,801 DEBUG org.dbunit.database.statement.SimplePreparedStatement:64 - addValue(value=2010-10-10, dataType=DATE) - start
08:54:29,801 DEBUG org.dbunit.dataset.datatype.DateDataType:138 - setSqlValue(value=2010-10-10, column=6, statement=prep252: update MEMBERSHIP set INSERTDATE = ?, BISTOA = ?, DELETED = ?, INSERTBY_UUID = ?, COLLECTEDBY_UUID = ?, STARTDATE = ? where UUID = ? {1: DATE &apos;2012-04-17&apos;, 2: &apos;1&apos;, 3: FALSE, 4: &apos;User 1&apos;, 5: &apos;FieldWorker1&apos;}) - start
08:54:29,802 DEBUG org.dbunit.dataset.datatype.DateDataType:57 - typeCast(value=2010-10-10) - start
08:54:29,802 DEBUG org.dbunit.dataset.DefaultTable:192 - getValue(row=0, column=UUID) - start
08:54:29,803 DEBUG org.dbunit.dataset.AbstractTable:41 - assertValidRowIndex(row=0) - start
08:54:29,803 DEBUG org.dbunit.dataset.AbstractTable:51 - assertValidRowIndex(row=0, rowCount=1) - start
08:54:29,804 DEBUG org.dbunit.dataset.AbstractTable:75 - getColumnIndex(columnName=UUID) - start
08:54:29,805 DEBUG org.dbunit.dataset.AbstractTableMetaData:101 - getColumnIndex(columnName=UUID) - start
08:54:29,805 DEBUG org.dbunit.database.statement.SimplePreparedStatement:64 - addValue(value=memebership1, dataType=VARCHAR) - start
08:54:29,806 DEBUG org.dbunit.dataset.datatype.StringDataType:157 - setSqlValue(value=memebership1, column=7, statement=prep252: update MEMBERSHIP set INSERTDATE = ?, BISTOA = ?, DELETED = ?, INSERTBY_UUID = ?, COLLECTEDBY_UUID = ?, STARTDATE = ? where UUID = ? {1: DATE &apos;2012-04-17&apos;, 2: &apos;1&apos;, 3: FALSE, 4: &apos;User 1&apos;, 5: &apos;FieldWorker1&apos;, 6: DATE &apos;2010-10-10&apos;}) - start
08:54:29,806 DEBUG org.dbunit.dataset.datatype.DataType:177 - asString(value=memebership1) - start
08:54:29,807 DEBUG org.dbunit.dataset.datatype.StringDataType:59 - typeCast(value=memebership1) - start
08:54:29,807 DEBUG org.dbunit.database.statement.SimplePreparedStatement:78 - addBatch() - start
08:54:29,808 DEBUG org.dbunit.database.statement.SimplePreparedStatement:90 - executeBatch() - start
08:54:29,808 DEBUG org.dbunit.database.statement.SimplePreparedStatement:99 - clearBatch() - start
08:54:29,809 DEBUG org.dbunit.database.statement.SimplePreparedStatement:99 - clearBatch() - start
08:54:29,809 DEBUG org.dbunit.operation.RefreshOperation$InsertRowOperation:238 - execute(table=org.dbunit.dataset.DefaultTable[_metaData=tableName=membership, columns=[(uuid, UNKNOWN, nullableUnknown), (insertDate, UNKNOWN, nullableUnknown), (bIsToA, UNKNOWN, nullableUnknown), (deleted, UNKNOWN, nullableUnknown), (insertBy_uuid, UNKNOWN, nullableUnknown), (collectedBy_uuid, UNKNOWN, nullableUnknown), (startDate, UNKNOWN, nullableUnknown)], keys=[], _rowList.size()=1], row=0) - start
08:54:29,810 DEBUG org.dbunit.operation.InsertOperation:113 - getIgnoreMapping(table=org.dbunit.dataset.DefaultTable[_metaData=tableName=membership, columns=[(uuid, UNKNOWN, nullableUnknown), (insertDate, UNKNOWN, nullableUnknown), (bIsToA, UNKNOWN, nullableUnknown), (deleted, UNKNOWN, nullableUnknown), (insertBy_uuid, UNKNOWN, nullableUnknown), (collectedBy_uuid, UNKNOWN, nullableUnknown), (startDate, UNKNOWN, nullableUnknown)], keys=[], _rowList.size()=1], row=0) - start
08:54:29,810 DEBUG org.dbunit.dataset.DefaultTable:192 - getValue(row=0, column=uuid) - start
08:54:29,811 DEBUG org.dbunit.dataset.AbstractTable:41 - assertValidRowIndex(row=0) - start
08:54:29,811 DEBUG org.dbunit.dataset.AbstractTable:51 - assertValidRowIndex(row=0, rowCount=1) - start
08:54:29,812 DEBUG org.dbunit.dataset.AbstractTable:75 - getColumnIndex(columnName=uuid) - start
08:54:29,812 DEBUG org.dbunit.dataset.AbstractTableMetaData:101 - getColumnIndex(columnName=uuid) - start
08:54:29,813 DEBUG org.dbunit.dataset.DefaultTable:192 - getValue(row=0, column=insertDate) - start
08:54:29,813 DEBUG org.dbunit.dataset.AbstractTable:41 - assertValidRowIndex(row=0) - start
08:54:29,814 DEBUG org.dbunit.dataset.AbstractTable:51 - assertValidRowIndex(row=0, rowCount=1) - start
08:54:29,815 DEBUG org.dbunit.dataset.AbstractTable:75 - getColumnIndex(columnName=insertDate) - start
08:54:29,815 DEBUG org.dbunit.dataset.AbstractTableMetaData:101 - getColumnIndex(columnName=insertDate) - start
08:54:29,816 DEBUG org.dbunit.dataset.DefaultTable:192 - getValue(row=0, column=bIsToA) - start
08:54:29,816 DEBUG org.dbunit.dataset.AbstractTable:41 - assertValidRowIndex(row=0) - start
08:54:29,816 DEBUG org.dbunit.dataset.AbstractTable:51 - assertValidRowIndex(row=0, rowCount=1) - start
08:54:29,817 DEBUG org.dbunit.dataset.AbstractTable:75 - getColumnIndex(columnName=bIsToA) - start
08:54:29,817 DEBUG org.dbunit.dataset.AbstractTableMetaData:101 - getColumnIndex(columnName=bIsToA) - start
08:54:29,818 DEBUG org.dbunit.dataset.DefaultTable:192 - getValue(row=0, column=deleted) - start
08:54:29,818 DEBUG org.dbunit.dataset.AbstractTable:41 - assertValidRowIndex(row=0) - start
08:54:29,819 DEBUG org.dbunit.dataset.AbstractTable:51 - assertValidRowIndex(row=0, rowCount=1) - start
08:54:29,819 DEBUG org.dbunit.dataset.AbstractTable:75 - getColumnIndex(columnName=deleted) - start
08:54:29,819 DEBUG org.dbunit.dataset.AbstractTableMetaData:101 - getColumnIndex(columnName=deleted) - start
08:54:29,820 DEBUG org.dbunit.dataset.DefaultTable:192 - getValue(row=0, column=insertBy_uuid) - start
08:54:29,820 DEBUG org.dbunit.dataset.AbstractTable:41 - assertValidRowIndex(row=0) - start
08:54:29,821 DEBUG org.dbunit.dataset.AbstractTable:51 - assertValidRowIndex(row=0, rowCount=1) - start
08:54:29,821 DEBUG org.dbunit.dataset.AbstractTable:75 - getColumnIndex(columnName=insertBy_uuid) - start
08:54:29,821 DEBUG org.dbunit.dataset.AbstractTableMetaData:101 - getColumnIndex(columnName=insertBy_uuid) - start
08:54:29,822 DEBUG org.dbunit.dataset.DefaultTable:192 - getValue(row=0, column=collectedBy_uuid) - start
08:54:29,822 DEBUG org.dbunit.dataset.AbstractTable:41 - assertValidRowIndex(row=0) - start
08:54:29,823 DEBUG org.dbunit.dataset.AbstractTable:51 - assertValidRowIndex(row=0, rowCount=1) - start
08:54:29,823 DEBUG org.dbunit.dataset.AbstractTable:75 - getColumnIndex(columnName=collectedBy_uuid) - start
08:54:29,824 DEBUG org.dbunit.dataset.AbstractTableMetaData:101 - getColumnIndex(columnName=collectedBy_uuid) - start
08:54:29,824 DEBUG org.dbunit.dataset.DefaultTable:192 - getValue(row=0, column=startDate) - start
08:54:29,825 DEBUG org.dbunit.dataset.AbstractTable:41 - assertValidRowIndex(row=0) - start
08:54:29,825 DEBUG org.dbunit.dataset.AbstractTable:51 - assertValidRowIndex(row=0, rowCount=1) - start
08:54:29,825 DEBUG org.dbunit.dataset.AbstractTable:75 - getColumnIndex(columnName=startDate) - start
08:54:29,826 DEBUG org.dbunit.dataset.AbstractTableMetaData:101 - getColumnIndex(columnName=startDate) - start
08:54:29,826 DEBUG org.dbunit.operation.InsertOperation:65 - getOperationData(metaData=tableName=MEMBERSHIP, columns=[(UUID, VARCHAR, noNulls), (INSERTDATE, DATE, nullable), (BISTOA, VARCHAR, nullable), (DELETED, BOOLEAN, noNulls), (INSERTBY_UUID, VARCHAR, nullable), (COLLECTEDBY_UUID, VARCHAR, noNulls), (STARTDATE, DATE, nullable)], keys=[(UUID, VARCHAR, noNulls)], ignoreMapping={}, connection=_databaseConfig=org.dbunit.database.DatabaseConfig[, _propertyMap={http://www.dbunit.org/properties/statementFactory=org.dbunit.database.statement.PreparedStatementFactory@eb5ea0, http://www.dbunit.org/features/caseSensitiveTableNames=false, http://www.dbunit.org/properties/fetchSize=100, http://www.dbunit.org/features/batchedStatements=false, http://www.dbunit.org/properties/metadataHandler=org.dbunit.database.DefaultMetadataHandler@60648, http://www.dbunit.org/properties/datatypeFactory=org.dbunit.dataset.datatype.DefaultDataTypeFactory[_toleratedDeltaMap=org.dbunit.dataset.datatype.ToleratedDeltaMap@133a07d], http://www.dbunit.org/properties/escapePattern=null, http://www.dbunit.org/properties/batchSize=100, http://www.dbunit.org/features/qualifiedTableNames=false, http://www.dbunit.org/properties/tableType=[Ljava.lang.String;@6d6f28, http://www.dbunit.org/properties/resultSetTableFactory=org.dbunit.database.CachedResultSetTableFactory@9cde9a, http://www.dbunit.org/features/datatypeWarning=true}], _dataSet=AbstractDataSet[_orderedTableNameMap=null]) - start
08:54:29,827 DEBUG org.dbunit.operation.AbstractOperation:55 - getQualifiedName(prefix=null, name=MEMBERSHIP, connection=_databaseConfig=org.dbunit.database.DatabaseConfig[, _propertyMap={http://www.dbunit.org/properties/statementFactory=org.dbunit.database.statement.PreparedStatementFactory@eb5ea0, http://www.dbunit.org/features/caseSensitiveTableNames=false, http://www.dbunit.org/properties/fetchSize=100, http://www.dbunit.org/features/batchedStatements=false, http://www.dbunit.org/properties/metadataHandler=org.dbunit.database.DefaultMetadataHandler@60648, http://www.dbunit.org/properties/datatypeFactory=org.dbunit.dataset.datatype.DefaultDataTypeFactory[_toleratedDeltaMap=org.dbunit.dataset.datatype.ToleratedDeltaMap@133a07d], http://www.dbunit.org/properties/escapePattern=null, http://www.dbunit.org/properties/batchSize=100, http://www.dbunit.org/features/qualifiedTableNames=false, http://www.dbunit.org/properties/tableType=[Ljava.lang.String;@6d6f28, http://www.dbunit.org/properties/resultSetTableFactory=org.dbunit.database.CachedResultSetTableFactory@9cde9a, http://www.dbunit.org/features/datatypeWarning=true}], _dataSet=AbstractDataSet[_orderedTableNameMap=null]) - start
08:54:29,827 DEBUG org.dbunit.util.QualifiedTableName:126 - getQualifiedName() - start
08:54:29,828 DEBUG org.dbunit.util.QualifiedTableName:190 - getQualifiedName(prefix=null, name=MEMBERSHIP, escapePattern=null) - start
08:54:29,828 DEBUG org.dbunit.operation.AbstractOperation:55 - getQualifiedName(prefix=null, name=UUID, connection=_databaseConfig=org.dbunit.database.DatabaseConfig[, _propertyMap={http://www.dbunit.org/properties/statementFactory=org.dbunit.database.statement.PreparedStatementFactory@eb5ea0, http://www.dbunit.org/features/caseSensitiveTableNames=false, http://www.dbunit.org/properties/fetchSize=100, http://www.dbunit.org/features/batchedStatements=false, http://www.dbunit.org/properties/metadataHandler=org.dbunit.database.DefaultMetadataHandler@60648, http://www.dbunit.org/properties/datatypeFactory=org.dbunit.dataset.datatype.DefaultDataTypeFactory[_toleratedDeltaMap=org.dbunit.dataset.datatype.ToleratedDeltaMap@133a07d], http://www.dbunit.org/properties/escapePattern=null, http://www.dbunit.org/properties/batchSize=100, http://www.dbunit.org/features/qualifiedTableNames=false, http://www.dbunit.org/properties/tableType=[Ljava.lang.String;@6d6f28, http://www.dbunit.org/properties/resultSetTableFactory=org.dbunit.database.CachedResultSetTableFactory@9cde9a, http://www.dbunit.org/features/datatypeWarning=true}], _dataSet=AbstractDataSet[_orderedTableNameMap=null]) - start
08:54:29,829 DEBUG org.dbunit.util.QualifiedTableName:126 - getQualifiedName() - start
08:54:29,829 DEBUG org.dbunit.util.QualifiedTableName:190 - getQualifiedName(prefix=null, name=UUID, escapePattern=null) - start
08:54:29,830 DEBUG org.dbunit.operation.AbstractOperation:55 - getQualifiedName(prefix=null, name=INSERTDATE, connection=_databaseConfig=org.dbunit.database.DatabaseConfig[, _propertyMap={http://www.dbunit.org/properties/statementFactory=org.dbunit.database.statement.PreparedStatementFactory@eb5ea0, http://www.dbunit.org/features/caseSensitiveTableNames=false, http://www.dbunit.org/properties/fetchSize=100, http://www.dbunit.org/features/batchedStatements=false, http://www.dbunit.org/properties/metadataHandler=org.dbunit.database.DefaultMetadataHandler@60648, http://www.dbunit.org/properties/datatypeFactory=org.dbunit.dataset.datatype.DefaultDataTypeFactory[_toleratedDeltaMap=org.dbunit.dataset.datatype.ToleratedDeltaMap@133a07d], http://www.dbunit.org/properties/escapePattern=null, http://www.dbunit.org/properties/batchSize=100, http://www.dbunit.org/features/qualifiedTableNames=false, http://www.dbunit.org/properties/tableType=[Ljava.lang.String;@6d6f28, http://www.dbunit.org/properties/resultSetTableFactory=org.dbunit.database.CachedResultSetTableFactory@9cde9a, http://www.dbunit.org/features/datatypeWarning=true}], _dataSet=AbstractDataSet[_orderedTableNameMap=null]) - start
08:54:29,831 DEBUG org.dbunit.util.QualifiedTableName:126 - getQualifiedName() - start
08:54:29,831 DEBUG org.dbunit.util.QualifiedTableName:190 - getQualifiedName(prefix=null, name=INSERTDATE, escapePattern=null) - start
08:54:29,832 DEBUG org.dbunit.operation.AbstractOperation:55 - getQualifiedName(prefix=null, name=BISTOA, connection=_databaseConfig=org.dbunit.database.DatabaseConfig[, _propertyMap={http://www.dbunit.org/properties/statementFactory=org.dbunit.database.statement.PreparedStatementFactory@eb5ea0, http://www.dbunit.org/features/caseSensitiveTableNames=false, http://www.dbunit.org/properties/fetchSize=100, http://www.dbunit.org/features/batchedStatements=false, http://www.dbunit.org/properties/metadataHandler=org.dbunit.database.DefaultMetadataHandler@60648, http://www.dbunit.org/properties/datatypeFactory=org.dbunit.dataset.datatype.DefaultDataTypeFactory[_toleratedDeltaMap=org.dbunit.dataset.datatype.ToleratedDeltaMap@133a07d], http://www.dbunit.org/properties/escapePattern=null, http://www.dbunit.org/properties/batchSize=100, http://www.dbunit.org/features/qualifiedTableNames=false, http://www.dbunit.org/properties/tableType=[Ljava.lang.String;@6d6f28, http://www.dbunit.org/properties/resultSetTableFactory=org.dbunit.database.CachedResultSetTableFactory@9cde9a, http://www.dbunit.org/features/datatypeWarning=true}], _dataSet=AbstractDataSet[_orderedTableNameMap=null]) - start
08:54:29,832 DEBUG org.dbunit.util.QualifiedTableName:126 - getQualifiedName() - start
08:54:29,833 DEBUG org.dbunit.util.QualifiedTableName:190 - getQualifiedName(prefix=null, name=BISTOA, escapePattern=null) - start
08:54:29,833 DEBUG org.dbunit.operation.AbstractOperation:55 - getQualifiedName(prefix=null, name=DELETED, connection=_databaseConfig=org.dbunit.database.DatabaseConfig[, _propertyMap={http://www.dbunit.org/properties/statementFactory=org.dbunit.database.statement.PreparedStatementFactory@eb5ea0, http://www.dbunit.org/features/caseSensitiveTableNames=false, http://www.dbunit.org/properties/fetchSize=100, http://www.dbunit.org/features/batchedStatements=false, http://www.dbunit.org/properties/metadataHandler=org.dbunit.database.DefaultMetadataHandler@60648, http://www.dbunit.org/properties/datatypeFactory=org.dbunit.dataset.datatype.DefaultDataTypeFactory[_toleratedDeltaMap=org.dbunit.dataset.datatype.ToleratedDeltaMap@133a07d], http://www.dbunit.org/properties/escapePattern=null, http://www.dbunit.org/properties/batchSize=100, http://www.dbunit.org/features/qualifiedTableNames=false, http://www.dbunit.org/properties/tableType=[Ljava.lang.String;@6d6f28, http://www.dbunit.org/properties/resultSetTableFactory=org.dbunit.database.CachedResultSetTableFactory@9cde9a, http://www.dbunit.org/features/datatypeWarning=true}], _dataSet=AbstractDataSet[_orderedTableNameMap=null]) - start
08:54:29,834 DEBUG org.dbunit.util.QualifiedTableName:126 - getQualifiedName() - start
08:54:29,834 DEBUG org.dbunit.util.QualifiedTableName:190 - getQualifiedName(prefix=null, name=DELETED, escapePattern=null) - start
08:54:29,835 DEBUG org.dbunit.operation.AbstractOperation:55 - getQualifiedName(prefix=null, name=INSERTBY_UUID, connection=_databaseConfig=org.dbunit.database.DatabaseConfig[, _propertyMap={http://www.dbunit.org/properties/statementFactory=org.dbunit.database.statement.PreparedStatementFactory@eb5ea0, http://www.dbunit.org/features/caseSensitiveTableNames=false, http://www.dbunit.org/properties/fetchSize=100, http://www.dbunit.org/features/batchedStatements=false, http://www.dbunit.org/properties/metadataHandler=org.dbunit.database.DefaultMetadataHandler@60648, http://www.dbunit.org/properties/datatypeFactory=org.dbunit.dataset.datatype.DefaultDataTypeFactory[_toleratedDeltaMap=org.dbunit.dataset.datatype.ToleratedDeltaMap@133a07d], http://www.dbunit.org/properties/escapePattern=null, http://www.dbunit.org/properties/batchSize=100, http://www.dbunit.org/features/qualifiedTableNames=false, http://www.dbunit.org/properties/tableType=[Ljava.lang.String;@6d6f28, http://www.dbunit.org/properties/resultSetTableFactory=org.dbunit.database.CachedResultSetTableFactory@9cde9a, http://www.dbunit.org/features/datatypeWarning=true}], _dataSet=AbstractDataSet[_orderedTableNameMap=null]) - start
08:54:29,835 DEBUG org.dbunit.util.QualifiedTableName:126 - getQualifiedName() - start
08:54:29,835 DEBUG org.dbunit.util.QualifiedTableName:190 - getQualifiedName(prefix=null, name=INSERTBY_UUID, escapePattern=null) - start
08:54:29,836 DEBUG org.dbunit.operation.AbstractOperation:55 - getQualifiedName(prefix=null, name=COLLECTEDBY_UUID, connection=_databaseConfig=org.dbunit.database.DatabaseConfig[, _propertyMap={http://www.dbunit.org/properties/statementFactory=org.dbunit.database.statement.PreparedStatementFactory@eb5ea0, http://www.dbunit.org/features/caseSensitiveTableNames=false, http://www.dbunit.org/properties/fetchSize=100, http://www.dbunit.org/features/batchedStatements=false, http://www.dbunit.org/properties/metadataHandler=org.dbunit.database.DefaultMetadataHandler@60648, http://www.dbunit.org/properties/datatypeFactory=org.dbunit.dataset.datatype.DefaultDataTypeFactory[_toleratedDeltaMap=org.dbunit.dataset.datatype.ToleratedDeltaMap@133a07d], http://www.dbunit.org/properties/escapePattern=null, http://www.dbunit.org/properties/batchSize=100, http://www.dbunit.org/features/qualifiedTableNames=false, http://www.dbunit.org/properties/tableType=[Ljava.lang.String;@6d6f28, http://www.dbunit.org/properties/resultSetTableFactory=org.dbunit.database.CachedResultSetTableFactory@9cde9a, http://www.dbunit.org/features/datatypeWarning=true}], _dataSet=AbstractDataSet[_orderedTableNameMap=null]) - start
08:54:29,836 DEBUG org.dbunit.util.QualifiedTableName:126 - getQualifiedName() - start
08:54:29,837 DEBUG org.dbunit.util.QualifiedTableName:190 - getQualifiedName(prefix=null, name=COLLECTEDBY_UUID, escapePattern=null) - start
08:54:29,837 DEBUG org.dbunit.operation.AbstractOperation:55 - getQualifiedName(prefix=null, name=STARTDATE, connection=_databaseConfig=org.dbunit.database.DatabaseConfig[, _propertyMap={http://www.dbunit.org/properties/statementFactory=org.dbunit.database.statement.PreparedStatementFactory@eb5ea0, http://www.dbunit.org/features/caseSensitiveTableNames=false, http://www.dbunit.org/properties/fetchSize=100, http://www.dbunit.org/features/batchedStatements=false, http://www.dbunit.org/properties/metadataHandler=org.dbunit.database.DefaultMetadataHandler@60648, http://www.dbunit.org/properties/datatypeFactory=org.dbunit.dataset.datatype.DefaultDataTypeFactory[_toleratedDeltaMap=org.dbunit.dataset.datatype.ToleratedDeltaMap@133a07d], http://www.dbunit.org/properties/escapePattern=null, http://www.dbunit.org/properties/batchSize=100, http://www.dbunit.org/features/qualifiedTableNames=false, http://www.dbunit.org/properties/tableType=[Ljava.lang.String;@6d6f28, http://www.dbunit.org/properties/resultSetTableFactory=org.dbunit.database.CachedResultSetTableFactory@9cde9a, http://www.dbunit.org/features/datatypeWarning=true}], _dataSet=AbstractDataSet[_orderedTableNameMap=null]) - start
08:54:29,838 DEBUG org.dbunit.util.QualifiedTableName:126 - getQualifiedName() - start
08:54:29,838 DEBUG org.dbunit.util.QualifiedTableName:190 - getQualifiedName(prefix=null, name=STARTDATE, escapePattern=null) - start
08:54:29,839 DEBUG org.dbunit.database.DatabaseDataSourceConnection:113 - getConnection() - start
08:54:29,839 DEBUG org.dbunit.operation.RefreshOperation$RowOperation:180 - execute(table=org.dbunit.dataset.DefaultTable[_metaData=tableName=membership, columns=[(uuid, UNKNOWN, nullableUnknown), (insertDate, UNKNOWN, nullableUnknown), (bIsToA, UNKNOWN, nullableUnknown), (deleted, UNKNOWN, nullableUnknown), (insertBy_uuid, UNKNOWN, nullableUnknown), (collectedBy_uuid, UNKNOWN, nullableUnknown), (startDate, UNKNOWN, nullableUnknown)], keys=[], _rowList.size()=1], row=0) - start
08:54:29,840 DEBUG org.dbunit.dataset.DefaultTable:192 - getValue(row=0, column=UUID) - start
08:54:29,840 DEBUG org.dbunit.dataset.AbstractTable:41 - assertValidRowIndex(row=0) - start
08:54:29,840 DEBUG org.dbunit.dataset.AbstractTable:51 - assertValidRowIndex(row=0, rowCount=1) - start
08:54:29,841 DEBUG org.dbunit.dataset.AbstractTable:75 - getColumnIndex(columnName=UUID) - start
08:54:29,841 DEBUG org.dbunit.dataset.AbstractTableMetaData:101 - getColumnIndex(columnName=UUID) - start
08:54:29,842 DEBUG org.dbunit.database.statement.SimplePreparedStatement:64 - addValue(value=memebership1, dataType=VARCHAR) - start
08:54:29,842 DEBUG org.dbunit.dataset.datatype.StringDataType:157 - setSqlValue(value=memebership1, column=1, statement=prep253: insert into MEMBERSHIP (UUID, INSERTDATE, BISTOA, DELETED, INSERTBY_UUID, COLLECTEDBY_UUID, STARTDATE) values (?, ?, ?, ?, ?, ?, ?)) - start
08:54:29,843 DEBUG org.dbunit.dataset.datatype.DataType:177 - asString(value=memebership1) - start
08:54:29,843 DEBUG org.dbunit.dataset.datatype.StringDataType:59 - typeCast(value=memebership1) - start
08:54:29,843 DEBUG org.dbunit.dataset.DefaultTable:192 - getValue(row=0, column=INSERTDATE) - start
08:54:29,844 DEBUG org.dbunit.dataset.AbstractTable:41 - assertValidRowIndex(row=0) - start
08:54:29,844 DEBUG org.dbunit.dataset.AbstractTable:51 - assertValidRowIndex(row=0, rowCount=1) - start
08:54:29,845 DEBUG org.dbunit.dataset.AbstractTable:75 - getColumnIndex(columnName=INSERTDATE) - start
08:54:29,845 DEBUG org.dbunit.dataset.AbstractTableMetaData:101 - getColumnIndex(columnName=INSERTDATE) - start
08:54:29,846 DEBUG org.dbunit.database.statement.SimplePreparedStatement:64 - addValue(value=2012-04-17, dataType=DATE) - start
08:54:29,846 DEBUG org.dbunit.dataset.datatype.DateDataType:138 - setSqlValue(value=2012-04-17, column=2, statement=prep253: insert into MEMBERSHIP (UUID, INSERTDATE, BISTOA, DELETED, INSERTBY_UUID, COLLECTEDBY_UUID, STARTDATE) values (?, ?, ?, ?, ?, ?, ?) {1: &apos;memebership1&apos;}) - start
08:54:29,846 DEBUG org.dbunit.dataset.datatype.DateDataType:57 - typeCast(value=2012-04-17) - start
08:54:29,847 DEBUG org.dbunit.dataset.DefaultTable:192 - getValue(row=0, column=BISTOA) - start
08:54:29,847 DEBUG org.dbunit.dataset.AbstractTable:41 - assertValidRowIndex(row=0) - start
08:54:29,848 DEBUG org.dbunit.dataset.AbstractTable:51 - assertValidRowIndex(row=0, rowCount=1) - start
08:54:29,848 DEBUG org.dbunit.dataset.AbstractTable:75 - getColumnIndex(columnName=BISTOA) - start
08:54:29,849 DEBUG org.dbunit.dataset.AbstractTableMetaData:101 - getColumnIndex(columnName=BISTOA) - start
08:54:29,849 DEBUG org.dbunit.database.statement.SimplePreparedStatement:64 - addValue(value=1, dataType=VARCHAR) - start
08:54:29,849 DEBUG org.dbunit.dataset.datatype.StringDataType:157 - setSqlValue(value=1, column=3, statement=prep253: insert into MEMBERSHIP (UUID, INSERTDATE, BISTOA, DELETED, INSERTBY_UUID, COLLECTEDBY_UUID, STARTDATE) values (?, ?, ?, ?, ?, ?, ?) {1: &apos;memebership1&apos;, 2: DATE &apos;2012-04-17&apos;}) - start
08:54:29,850 DEBUG org.dbunit.dataset.datatype.DataType:177 - asString(value=1) - start
08:54:29,850 DEBUG org.dbunit.dataset.datatype.StringDataType:59 - typeCast(value=1) - start
08:54:29,851 DEBUG org.dbunit.dataset.DefaultTable:192 - getValue(row=0, column=DELETED) - start
08:54:29,851 DEBUG org.dbunit.dataset.AbstractTable:41 - assertValidRowIndex(row=0) - start
08:54:29,851 DEBUG org.dbunit.dataset.AbstractTable:51 - assertValidRowIndex(row=0, rowCount=1) - start
08:54:29,852 DEBUG org.dbunit.dataset.AbstractTable:75 - getColumnIndex(columnName=DELETED) - start
08:54:29,852 DEBUG org.dbunit.dataset.AbstractTableMetaData:101 - getColumnIndex(columnName=DELETED) - start
08:54:29,853 DEBUG org.dbunit.database.statement.SimplePreparedStatement:64 - addValue(value=0, dataType=BOOLEAN) - start
08:54:29,853 DEBUG org.dbunit.dataset.datatype.BooleanDataType:143 - setSqlValue(value=0, column=4, statement=prep253: insert into MEMBERSHIP (UUID, INSERTDATE, BISTOA, DELETED, INSERTBY_UUID, COLLECTEDBY_UUID, STARTDATE) values (?, ?, ?, ?, ?, ?, ?) {1: &apos;memebership1&apos;, 2: DATE &apos;2012-04-17&apos;, 3: &apos;1&apos;}) - start
08:54:29,854 DEBUG org.dbunit.dataset.datatype.BooleanDataType:66 - typeCast(value=0) - start
08:54:29,854 DEBUG org.dbunit.dataset.datatype.IntegerDataType:56 - typeCast(value=0) - start
08:54:29,855 DEBUG org.dbunit.dataset.datatype.IntegerDataType:56 - typeCast(value=0) - start
08:54:29,855 DEBUG org.dbunit.dataset.datatype.BooleanDataType:66 - typeCast(value=0) - start
08:54:29,859 DEBUG org.dbunit.dataset.DefaultTable:192 - getValue(row=0, column=INSERTBY_UUID) - start
08:54:29,859 DEBUG org.dbunit.dataset.AbstractTable:41 - assertValidRowIndex(row=0) - start
08:54:29,859 DEBUG org.dbunit.dataset.AbstractTable:51 - assertValidRowIndex(row=0, rowCount=1) - start
08:54:29,860 DEBUG org.dbunit.dataset.AbstractTable:75 - getColumnIndex(columnName=INSERTBY_UUID) - start
08:54:29,860 DEBUG org.dbunit.dataset.AbstractTableMetaData:101 - getColumnIndex(columnName=INSERTBY_UUID) - start
08:54:29,861 DEBUG org.dbunit.database.statement.SimplePreparedStatement:64 - addValue(value=User 1, dataType=VARCHAR) - start
08:54:29,861 DEBUG org.dbunit.dataset.datatype.StringDataType:157 - setSqlValue(value=User 1, column=5, statement=prep253: insert into MEMBERSHIP (UUID, INSERTDATE, BISTOA, DELETED, INSERTBY_UUID, COLLECTEDBY_UUID, STARTDATE) values (?, ?, ?, ?, ?, ?, ?) {1: &apos;memebership1&apos;, 2: DATE &apos;2012-04-17&apos;, 3: &apos;1&apos;, 4: FALSE}) - start
08:54:29,861 DEBUG org.dbunit.dataset.datatype.DataType:177 - asString(value=User 1) - start
08:54:29,862 DEBUG org.dbunit.dataset.datatype.StringDataType:59 - typeCast(value=User 1) - start
08:54:29,863 DEBUG org.dbunit.dataset.DefaultTable:192 - getValue(row=0, column=COLLECTEDBY_UUID) - start
08:54:29,863 DEBUG org.dbunit.dataset.AbstractTable:41 - assertValidRowIndex(row=0) - start
08:54:29,864 DEBUG org.dbunit.dataset.AbstractTable:51 - assertValidRowIndex(row=0, rowCount=1) - start
08:54:29,864 DEBUG org.dbunit.dataset.AbstractTable:75 - getColumnIndex(columnName=COLLECTEDBY_UUID) - start
08:54:29,865 DEBUG org.dbunit.dataset.AbstractTableMetaData:101 - getColumnIndex(columnName=COLLECTEDBY_UUID) - start
08:54:29,865 DEBUG org.dbunit.database.statement.SimplePreparedStatement:64 - addValue(value=FieldWorker1, dataType=VARCHAR) - start
08:54:29,866 DEBUG org.dbunit.dataset.datatype.StringDataType:157 - setSqlValue(value=FieldWorker1, column=6, statement=prep253: insert into MEMBERSHIP (UUID, INSERTDATE, BISTOA, DELETED, INSERTBY_UUID, COLLECTEDBY_UUID, STARTDATE) values (?, ?, ?, ?, ?, ?, ?) {1: &apos;memebership1&apos;, 2: DATE &apos;2012-04-17&apos;, 3: &apos;1&apos;, 4: FALSE, 5: &apos;User 1&apos;}) - start
08:54:29,866 DEBUG org.dbunit.dataset.datatype.DataType:177 - asString(value=FieldWorker1) - start
08:54:29,867 DEBUG org.dbunit.dataset.datatype.StringDataType:59 - typeCast(value=FieldWorker1) - start
08:54:29,867 DEBUG org.dbunit.dataset.DefaultTable:192 - getValue(row=0, column=STARTDATE) - start
08:54:29,868 DEBUG org.dbunit.dataset.AbstractTable:41 - assertValidRowIndex(row=0) - start
08:54:29,868 DEBUG org.dbunit.dataset.AbstractTable:51 - assertValidRowIndex(row=0, rowCount=1) - start
08:54:29,869 DEBUG org.dbunit.dataset.AbstractTable:75 - getColumnIndex(columnName=STARTDATE) - start
08:54:29,869 DEBUG org.dbunit.dataset.AbstractTableMetaData:101 - getColumnIndex(columnName=STARTDATE) - start
08:54:29,870 DEBUG org.dbunit.database.statement.SimplePreparedStatement:64 - addValue(value=2010-10-10, dataType=DATE) - start
08:54:29,870 DEBUG org.dbunit.dataset.datatype.DateDataType:138 - setSqlValue(value=2010-10-10, column=7, statement=prep253: insert into MEMBERSHIP (UUID, INSERTDATE, BISTOA, DELETED, INSERTBY_UUID, COLLECTEDBY_UUID, STARTDATE) values (?, ?, ?, ?, ?, ?, ?) {1: &apos;memebership1&apos;, 2: DATE &apos;2012-04-17&apos;, 3: &apos;1&apos;, 4: FALSE, 5: &apos;User 1&apos;, 6: &apos;FieldWorker1&apos;}) - start
08:54:29,871 DEBUG org.dbunit.dataset.datatype.DateDataType:57 - typeCast(value=2010-10-10) - start
08:54:29,871 DEBUG org.dbunit.database.statement.SimplePreparedStatement:78 - addBatch() - start
08:54:29,872 DEBUG org.dbunit.database.statement.SimplePreparedStatement:90 - executeBatch() - start
08:54:29,872 DEBUG org.dbunit.database.statement.SimplePreparedStatement:99 - clearBatch() - start
08:54:29,873 DEBUG org.dbunit.database.statement.SimplePreparedStatement:99 - clearBatch() - start
08:54:29,873 DEBUG org.dbunit.operation.RefreshOperation$RowOperation:180 - execute(table=org.dbunit.dataset.DefaultTable[_metaData=tableName=membership, columns=[(uuid, UNKNOWN, nullableUnknown), (insertDate, UNKNOWN, nullableUnknown), (bIsToA, UNKNOWN, nullableUnknown), (deleted, UNKNOWN, nullableUnknown), (insertBy_uuid, UNKNOWN, nullableUnknown), (collectedBy_uuid, UNKNOWN, nullableUnknown), (startDate, UNKNOWN, nullableUnknown)], keys=[], _rowList.size()=1], row=1) - start
08:54:29,874 DEBUG org.dbunit.dataset.DefaultTable:192 - getValue(row=1, column=INSERTDATE) - start
08:54:29,874 DEBUG org.dbunit.dataset.AbstractTable:41 - assertValidRowIndex(row=1) - start
08:54:29,874 DEBUG org.dbunit.dataset.AbstractTable:51 - assertValidRowIndex(row=1, rowCount=1) - start
08:54:29,875 DEBUG org.dbunit.operation.RefreshOperation$RowOperation:204 - close() - start
08:54:29,875 DEBUG org.dbunit.database.statement.AbstractPreparedBatchStatement:54 - close() - start
08:54:29,876 DEBUG org.dbunit.operation.RefreshOperation$RowOperation:204 - close() - start
08:54:29,876 DEBUG org.dbunit.database.statement.AbstractPreparedBatchStatement:54 - close() - start
08:54:29,878  INFO org.springframework.mock.web.MockServletContext:390 - Initializing Spring FrameworkServlet &apos;&apos;
Hibernate: select user0_.uuid as uuid92_, user0_.deleted as deleted92_, user0_.description as descript3_92_, user0_.firstName as firstName92_, user0_.fullName as fullName92_, user0_.lastLoginTime as lastLogi6_92_, user0_.lastName as lastName92_, user0_.password as password92_, user0_.sessionId as sessionId92_, user0_.username as username92_ from user user0_ where user0_.username=?
Hibernate: select roles0_.user_uuid as user1_92_1_, roles0_.role_uuid as role2_1_, role1_.uuid as uuid89_0_, role1_.deleted as deleted89_0_, role1_.insertBy_uuid as insertBy8_89_0_, role1_.insertDate as insertDate89_0_, role1_.voidBy_uuid as voidBy9_89_0_, role1_.voidDate as voidDate89_0_, role1_.voidReason as voidReason89_0_, role1_.description as descript6_89_0_, role1_.name as name89_0_ from user_roles roles0_ inner join role role1_ on roles0_.role_uuid=role1_.uuid where roles0_.user_uuid=?
Hibernate: select privileges0_.role_uuid as role1_89_1_, privileges0_.privilege_uuid as privilege2_1_, privilege1_.uuid as uuid86_0_, privilege1_.privilege as privilege86_0_ from role_privileges privileges0_ inner join privilege privilege1_ on privileges0_.privilege_uuid=privilege1_.uuid where privileges0_.role_uuid=?
Hibernate: select user0_.uuid as uuid92_, user0_.deleted as deleted92_, user0_.description as descript3_92_, user0_.firstName as firstName92_, user0_.fullName as fullName92_, user0_.lastLoginTime as lastLogi6_92_, user0_.lastName as lastName92_, user0_.password as password92_, user0_.sessionId as sessionId92_, user0_.username as username92_ from user user0_ where user0_.username=?
08:54:29,895 DEBUG org.springframework.security.web.authentication.AbstractAuthenticationTargetUrlRequestHandler:107 - Using default Url: /demowelcome.faces
Smita1
Hibernate: select this_.uuid as uuid71_0_, this_.deleted as deleted71_0_, this_.insertBy_uuid as insertBy9_71_0_, this_.insertDate as insertDate71_0_, this_.voidBy_uuid as voidBy10_71_0_, this_.voidDate as voidDate71_0_, this_.voidReason as voidReason71_0_, this_.extId as extId71_0_, this_.firstName as firstName71_0_, this_.lastName as lastName71_0_ from fieldworker this_ where this_.extId=?
Hibernate: select this_.uuid as uuid73_0_, this_.deleted as deleted73_0_, this_.insertBy_uuid as insertBy15_73_0_, this_.insertDate as insertDate73_0_, this_.voidBy_uuid as voidBy16_73_0_, this_.voidDate as voidDate73_0_, this_.voidReason as voidReason73_0_, this_.collectedBy_uuid as collect17_73_0_, this_.status as status73_0_, this_.statusMessage as statusMe7_73_0_, this_.dob as dob73_0_, this_.dobAspect as dobAspect73_0_, this_.extId as extId73_0_, this_.father_uuid as father18_73_0_, this_.firstName as firstName73_0_, this_.gender as gender73_0_, this_.lastName as lastName73_0_, this_.middleName as middleName73_0_, this_.mother_uuid as mother19_73_0_ from individual this_ where this_.extId=?
Hibernate: select this_.uuid as uuid91_1_, this_.deleted as deleted91_1_, this_.insertBy_uuid as insertBy11_91_1_, this_.insertDate as insertDate91_1_, this_.voidBy_uuid as voidBy12_91_1_, this_.voidDate as voidDate91_1_, this_.voidReason as voidReason91_1_, this_.collectedBy_uuid as collect13_91_1_, this_.status as status91_1_, this_.statusMessage as statusMe7_91_1_, this_.extId as extId91_1_, this_.groupHead_uuid as groupHead14_91_1_, this_.groupName as groupName91_1_, this_.groupType as groupType91_1_, individual2_.uuid as uuid73_0_, individual2_.deleted as deleted73_0_, individual2_.insertBy_uuid as insertBy15_73_0_, individual2_.insertDate as insertDate73_0_, individual2_.voidBy_uuid as voidBy16_73_0_, individual2_.voidDate as voidDate73_0_, individual2_.voidReason as voidReason73_0_, individual2_.collectedBy_uuid as collect17_73_0_, individual2_.status as status73_0_, individual2_.statusMessage as statusMe7_73_0_, individual2_.dob as dob73_0_, individual2_.dobAspect as dobAspect73_0_, individual2_.extId as extId73_0_, individual2_.father_uuid as father18_73_0_, individual2_.firstName as firstName73_0_, individual2_.gender as gender73_0_, individual2_.lastName as lastName73_0_, individual2_.middleName as middleName73_0_, individual2_.mother_uuid as mother19_73_0_ from socialgroup this_ left outer join individual individual2_ on this_.groupHead_uuid=individual2_.uuid where this_.extId=?
Hibernate: select this_.uuid as uuid78_3_, this_.deleted as deleted78_3_, this_.insertBy_uuid as insertBy13_78_3_, this_.insertDate as insertDate78_3_, this_.voidBy_uuid as voidBy14_78_3_, this_.voidDate as voidDate78_3_, this_.voidReason as voidReason78_3_, this_.collectedBy_uuid as collect15_78_3_, this_.status as status78_3_, this_.statusMessage as statusMe7_78_3_, this_.bIsToA as bIsToA78_3_, this_.endDate as endDate78_3_, this_.endType as endType78_3_, this_.individual_uuid as individual16_78_3_, this_.socialGroup_uuid as socialG17_78_3_, this_.startDate as startDate78_3_, this_.startType as startType78_3_, individual2_.uuid as uuid73_0_, individual2_.deleted as deleted73_0_, individual2_.insertBy_uuid as insertBy15_73_0_, individual2_.insertDate as insertDate73_0_, individual2_.voidBy_uuid as voidBy16_73_0_, individual2_.voidDate as voidDate73_0_, individual2_.voidReason as voidReason73_0_, individual2_.collectedBy_uuid as collect17_73_0_, individual2_.status as status73_0_, individual2_.statusMessage as statusMe7_73_0_, individual2_.dob as dob73_0_, individual2_.dobAspect as dobAspect73_0_, individual2_.extId as extId73_0_, individual2_.father_uuid as father18_73_0_, individual2_.firstName as firstName73_0_, individual2_.gender as gender73_0_, individual2_.lastName as lastName73_0_, individual2_.middleName as middleName73_0_, individual2_.mother_uuid as mother19_73_0_, socialgrou3_.uuid as uuid91_1_, socialgrou3_.deleted as deleted91_1_, socialgrou3_.insertBy_uuid as insertBy11_91_1_, socialgrou3_.insertDate as insertDate91_1_, socialgrou3_.voidBy_uuid as voidBy12_91_1_, socialgrou3_.voidDate as voidDate91_1_, socialgrou3_.voidReason as voidReason91_1_, socialgrou3_.collectedBy_uuid as collect13_91_1_, socialgrou3_.status as status91_1_, socialgrou3_.statusMessage as statusMe7_91_1_, socialgrou3_.extId as extId91_1_, socialgrou3_.groupHead_uuid as groupHead14_91_1_, socialgrou3_.groupName as groupName91_1_, socialgrou3_.groupType as groupType91_1_, individual4_.uuid as uuid73_2_, individual4_.deleted as deleted73_2_, individual4_.insertBy_uuid as insertBy15_73_2_, individual4_.insertDate as insertDate73_2_, individual4_.voidBy_uuid as voidBy16_73_2_, individual4_.voidDate as voidDate73_2_, individual4_.voidReason as voidReason73_2_, individual4_.collectedBy_uuid as collect17_73_2_, individual4_.status as status73_2_, individual4_.statusMessage as statusMe7_73_2_, individual4_.dob as dob73_2_, individual4_.dobAspect as dobAspect73_2_, individual4_.extId as extId73_2_, individual4_.father_uuid as father18_73_2_, individual4_.firstName as firstName73_2_, individual4_.gender as gender73_2_, individual4_.lastName as lastName73_2_, individual4_.middleName as middleName73_2_, individual4_.mother_uuid as mother19_73_2_ from membership this_ left outer join individual individual2_ on this_.individual_uuid=individual2_.uuid left outer join socialgroup socialgrou3_ on this_.socialGroup_uuid=socialgrou3_.uuid left outer join individual individual4_ on socialgrou3_.groupHead_uuid=individual4_.uuid where this_.individual_uuid=?
Hibernate: select this_.uuid as uuid73_0_, this_.deleted as deleted73_0_, this_.insertBy_uuid as insertBy15_73_0_, this_.insertDate as insertDate73_0_, this_.voidBy_uuid as voidBy16_73_0_, this_.voidDate as voidDate73_0_, this_.voidReason as voidReason73_0_, this_.collectedBy_uuid as collect17_73_0_, this_.status as status73_0_, this_.statusMessage as statusMe7_73_0_, this_.dob as dob73_0_, this_.dobAspect as dobAspect73_0_, this_.extId as extId73_0_, this_.father_uuid as father18_73_0_, this_.firstName as firstName73_0_, this_.gender as gender73_0_, this_.lastName as lastName73_0_, this_.middleName as middleName73_0_, this_.mother_uuid as mother19_73_0_ from individual this_ where this_.extId=?
Hibernate: select this_.uuid as uuid68_8_, this_.deleted as deleted68_8_, this_.insertBy_uuid as insertBy12_68_8_, this_.insertDate as insertDate68_8_, this_.voidBy_uuid as voidBy13_68_8_, this_.voidDate as voidDate68_8_, this_.voidReason as voidReason68_8_, this_.collectedBy_uuid as collect14_68_8_, this_.status as status68_8_, this_.statusMessage as statusMe7_68_8_, this_.ageAtDeath as ageAtDeath68_8_, this_.deathCause as deathCause68_8_, this_.deathDate as deathDate68_8_, this_.deathPlace as deathPlace68_8_, this_.individual_uuid as individual15_68_8_, this_.visitDeath_uuid as visitDeath16_68_8_, individual2_.uuid as uuid73_0_, individual2_.deleted as deleted73_0_, individual2_.insertBy_uuid as insertBy15_73_0_, individual2_.insertDate as insertDate73_0_, individual2_.voidBy_uuid as voidBy16_73_0_, individual2_.voidDate as voidDate73_0_, individual2_.voidReason as voidReason73_0_, individual2_.collectedBy_uuid as collect17_73_0_, individual2_.status as status73_0_, individual2_.statusMessage as statusMe7_73_0_, individual2_.dob as dob73_0_, individual2_.dobAspect as dobAspect73_0_, individual2_.extId as extId73_0_, individual2_.father_uuid as father18_73_0_, individual2_.firstName as firstName73_0_, individual2_.gender as gender73_0_, individual2_.lastName as lastName73_0_, individual2_.middleName as middleName73_0_, individual2_.mother_uuid as mother19_73_0_, visit3_.uuid as uuid94_1_, visit3_.deleted as deleted94_1_, visit3_.insertBy_uuid as insertBy11_94_1_, visit3_.insertDate as insertDate94_1_, visit3_.voidBy_uuid as voidBy12_94_1_, visit3_.voidDate as voidDate94_1_, visit3_.voidReason as voidReason94_1_, visit3_.collectedBy_uuid as collect13_94_1_, visit3_.status as status94_1_, visit3_.statusMessage as statusMe7_94_1_, visit3_.extId as extId94_1_, visit3_.roundNumber as roundNum9_94_1_, visit3_.visitDate as visitDate94_1_, visit3_.visitLocation_uuid as visitLo14_94_1_, extensions4_.entity_uuid as entity5_94_10_, extensions4_.uuid as uuid10_, extensions4_.uuid as uuid70_2_, extensions4_.classExtension_uuid as classExt4_70_2_, extensions4_.entity_uuid as entity5_70_2_, extensions4_.entityExtId as entityEx2_70_2_, extensions4_.extensionValue as extensio3_70_2_, classexten5_.uuid as uuid67_3_, classexten5_.answers as answers67_3_, classexten5_.description as descript3_67_3_, classexten5_.entityClass as entityCl4_67_3_, classexten5_.name as name67_3_, classexten5_.primType as primType67_3_, classexten5_.roundNumber as roundNum7_67_3_, location6_.uuid as uuid75_4_, location6_.deleted as deleted75_4_, location6_.insertBy_uuid as insertBy15_75_4_, location6_.insertDate as insertDate75_4_, location6_.voidBy_uuid as voidBy16_75_4_, location6_.voidDate as voidDate75_4_, location6_.voidReason as voidReason75_4_, location6_.collectedBy_uuid as collect17_75_4_, location6_.status as status75_4_, location6_.statusMessage as statusMe7_75_4_, location6_.accuracy as accuracy75_4_, location6_.altitude as altitude75_4_, location6_.extId as extId75_4_, location6_.latitude as latitude75_4_, location6_.locationLevel_uuid as locatio18_75_4_, location6_.locationName as locatio12_75_4_, location6_.locationType as locatio13_75_4_, location6_.longitude as longitude75_4_, locationhi7_.uuid as uuid76_5_, locationhi7_.extId as extId76_5_, locationhi7_.level_uuid as level4_76_5_, locationhi7_.name as name76_5_, locationhi7_.parent_uuid as parent5_76_5_, locationhi8_.uuid as uuid77_6_, locationhi8_.keyIdentifier as keyIdent2_77_6_, locationhi8_.name as name77_6_, locationhi9_.uuid as uuid76_7_, locationhi9_.extId as extId76_7_, locationhi9_.level_uuid as level4_76_7_, locationhi9_.name as name76_7_, locationhi9_.parent_uuid as parent5_76_7_ from death this_ left outer join individual individual2_ on this_.individual_uuid=individual2_.uuid left outer join visit visit3_ on this_.visitDeath_uuid=visit3_.uuid left outer join extension extensions4_ on visit3_.uuid=extensions4_.entity_uuid left outer join classExtension classexten5_ on extensions4_.classExtension_uuid=classexten5_.uuid left outer join location location6_ on visit3_.visitLocation_uuid=location6_.uuid left outer join locationhierarchy locationhi7_ on location6_.locationLevel_uuid=locationhi7_.uuid left outer join locationhierarchylevel locationhi8_ on locationhi7_.level_uuid=locationhi8_.uuid left outer join locationhierarchy locationhi9_ on locationhi7_.parent_uuid=locationhi9_.uuid where this_.individual_uuid=? and this_.deleted=?
Hibernate: select this_.uuid as uuid82_11_, this_.deleted as deleted82_11_, this_.insertBy_uuid as insertBy11_82_11_, this_.insertDate as insertDate82_11_, this_.voidBy_uuid as voidBy12_82_11_, this_.voidDate as voidDate82_11_, this_.voidReason as voidReason82_11_, this_.collectedBy_uuid as collect13_82_11_, this_.status as status82_11_, this_.statusMessage as statusMe7_82_11_, this_.destination as destinat8_82_11_, this_.individual_uuid as individual14_82_11_, this_.reason as reason82_11_, this_.recordedDate as recorde10_82_11_, this_.residency_uuid as residency15_82_11_, this_.visit_uuid as visit16_82_11_, individual2_.uuid as uuid73_0_, individual2_.deleted as deleted73_0_, individual2_.insertBy_uuid as insertBy15_73_0_, individual2_.insertDate as insertDate73_0_, individual2_.voidBy_uuid as voidBy16_73_0_, individual2_.voidDate as voidDate73_0_, individual2_.voidReason as voidReason73_0_, individual2_.collectedBy_uuid as collect17_73_0_, individual2_.status as status73_0_, individual2_.statusMessage as statusMe7_73_0_, individual2_.dob as dob73_0_, individual2_.dobAspect as dobAspect73_0_, individual2_.extId as extId73_0_, individual2_.father_uuid as father18_73_0_, individual2_.firstName as firstName73_0_, individual2_.gender as gender73_0_, individual2_.lastName as lastName73_0_, individual2_.middleName as middleName73_0_, individual2_.mother_uuid as mother19_73_0_, residency3_.uuid as uuid88_1_, residency3_.deleted as deleted88_1_, residency3_.insertBy_uuid as insertBy12_88_1_, residency3_.insertDate as insertDate88_1_, residency3_.voidBy_uuid as voidBy13_88_1_, residency3_.voidDate as voidDate88_1_, residency3_.voidReason as voidReason88_1_, residency3_.collectedBy_uuid as collect14_88_1_, residency3_.status as status88_1_, residency3_.statusMessage as statusMe7_88_1_, residency3_.endDate as endDate88_1_, residency3_.endType as endType88_1_, residency3_.individual_uuid as individual15_88_1_, residency3_.location_uuid as location16_88_1_, residency3_.startDate as startDate88_1_, residency3_.startType as startType88_1_, individual4_.uuid as uuid73_2_, individual4_.deleted as deleted73_2_, individual4_.insertBy_uuid as insertBy15_73_2_, individual4_.insertDate as insertDate73_2_, individual4_.voidBy_uuid as voidBy16_73_2_, individual4_.voidDate as voidDate73_2_, individual4_.voidReason as voidReason73_2_, individual4_.collectedBy_uuid as collect17_73_2_, individual4_.status as status73_2_, individual4_.statusMessage as statusMe7_73_2_, individual4_.dob as dob73_2_, individual4_.dobAspect as dobAspect73_2_, individual4_.extId as extId73_2_, individual4_.father_uuid as father18_73_2_, individual4_.firstName as firstName73_2_, individual4_.gender as gender73_2_, individual4_.lastName as lastName73_2_, individual4_.middleName as middleName73_2_, individual4_.mother_uuid as mother19_73_2_, location5_.uuid as uuid75_3_, location5_.deleted as deleted75_3_, location5_.insertBy_uuid as insertBy15_75_3_, location5_.insertDate as insertDate75_3_, location5_.voidBy_uuid as voidBy16_75_3_, location5_.voidDate as voidDate75_3_, location5_.voidReason as voidReason75_3_, location5_.collectedBy_uuid as collect17_75_3_, location5_.status as status75_3_, location5_.statusMessage as statusMe7_75_3_, location5_.accuracy as accuracy75_3_, location5_.altitude as altitude75_3_, location5_.extId as extId75_3_, location5_.latitude as latitude75_3_, location5_.locationLevel_uuid as locatio18_75_3_, location5_.locationName as locatio12_75_3_, location5_.locationType as locatio13_75_3_, location5_.longitude as longitude75_3_, locationhi6_.uuid as uuid76_4_, locationhi6_.extId as extId76_4_, locationhi6_.level_uuid as level4_76_4_, locationhi6_.name as name76_4_, locationhi6_.parent_uuid as parent5_76_4_, locationhi7_.uuid as uuid77_5_, locationhi7_.keyIdentifier as keyIdent2_77_5_, locationhi7_.name as name77_5_, locationhi8_.uuid as uuid76_6_, locationhi8_.extId as extId76_6_, locationhi8_.level_uuid as level4_76_6_, locationhi8_.name as name76_6_, locationhi8_.parent_uuid as parent5_76_6_, visit9_.uuid as uuid94_7_, visit9_.deleted as deleted94_7_, visit9_.insertBy_uuid as insertBy11_94_7_, visit9_.insertDate as insertDate94_7_, visit9_.voidBy_uuid as voidBy12_94_7_, visit9_.voidDate as voidDate94_7_, visit9_.voidReason as voidReason94_7_, visit9_.collectedBy_uuid as collect13_94_7_, visit9_.status as status94_7_, visit9_.statusMessage as statusMe7_94_7_, visit9_.extId as extId94_7_, visit9_.roundNumber as roundNum9_94_7_, visit9_.visitDate as visitDate94_7_, visit9_.visitLocation_uuid as visitLo14_94_7_, extensions10_.entity_uuid as entity5_94_13_, extensions10_.uuid as uuid13_, extensions10_.uuid as uuid70_8_, extensions10_.classExtension_uuid as classExt4_70_8_, extensions10_.entity_uuid as entity5_70_8_, extensions10_.entityExtId as entityEx2_70_8_, extensions10_.extensionValue as extensio3_70_8_, classexten11_.uuid as uuid67_9_, classexten11_.answers as answers67_9_, classexten11_.description as descript3_67_9_, classexten11_.entityClass as entityCl4_67_9_, classexten11_.name as name67_9_, classexten11_.primType as primType67_9_, classexten11_.roundNumber as roundNum7_67_9_, location12_.uuid as uuid75_10_, location12_.deleted as deleted75_10_, location12_.insertBy_uuid as insertBy15_75_10_, location12_.insertDate as insertDate75_10_, location12_.voidBy_uuid as voidBy16_75_10_, location12_.voidDate as voidDate75_10_, location12_.voidReason as voidReason75_10_, location12_.collectedBy_uuid as collect17_75_10_, location12_.status as status75_10_, location12_.statusMessage as statusMe7_75_10_, location12_.accuracy as accuracy75_10_, location12_.altitude as altitude75_10_, location12_.extId as extId75_10_, location12_.latitude as latitude75_10_, location12_.locationLevel_uuid as locatio18_75_10_, location12_.locationName as locatio12_75_10_, location12_.locationType as locatio13_75_10_, location12_.longitude as longitude75_10_ from outmigration this_ inner join individual individual2_ on this_.individual_uuid=individual2_.uuid inner join residency residency3_ on this_.residency_uuid=residency3_.uuid left outer join individual individual4_ on residency3_.individual_uuid=individual4_.uuid left outer join location location5_ on residency3_.location_uuid=location5_.uuid left outer join locationhierarchy locationhi6_ on location5_.locationLevel_uuid=locationhi6_.uuid left outer join locationhierarchylevel locationhi7_ on locationhi6_.level_uuid=locationhi7_.uuid left outer join locationhierarchy locationhi8_ on locationhi6_.parent_uuid=locationhi8_.uuid inner join visit visit9_ on this_.visit_uuid=visit9_.uuid left outer join extension extensions10_ on visit9_.uuid=extensions10_.entity_uuid left outer join classExtension classexten11_ on extensions10_.classExtension_uuid=classexten11_.uuid left outer join location location12_ on visit9_.visitLocation_uuid=location12_.uuid where this_.individual_uuid=? and this_.deleted=? order by this_.recordedDate desc limit ?
Hibernate: select this_.uuid as uuid74_11_, this_.deleted as deleted74_11_, this_.insertBy_uuid as insertBy13_74_11_, this_.insertDate as insertDate74_11_, this_.voidBy_uuid as voidBy14_74_11_, this_.voidDate as voidDate74_11_, this_.voidReason as voidReason74_11_, this_.collectedBy_uuid as collect15_74_11_, this_.status as status74_11_, this_.statusMessage as statusMe7_74_11_, this_.individual_uuid as individual16_74_11_, this_.migType as migType74_11_, this_.origin as origin74_11_, this_.reason as reason74_11_, this_.recordedDate as recorde11_74_11_, this_.residency_uuid as residency17_74_11_, this_.unknownIndividual as unknown12_74_11_, this_.visit_uuid as visit18_74_11_, individual2_.uuid as uuid73_0_, individual2_.deleted as deleted73_0_, individual2_.insertBy_uuid as insertBy15_73_0_, individual2_.insertDate as insertDate73_0_, individual2_.voidBy_uuid as voidBy16_73_0_, individual2_.voidDate as voidDate73_0_, individual2_.voidReason as voidReason73_0_, individual2_.collectedBy_uuid as collect17_73_0_, individual2_.status as status73_0_, individual2_.statusMessage as statusMe7_73_0_, individual2_.dob as dob73_0_, individual2_.dobAspect as dobAspect73_0_, individual2_.extId as extId73_0_, individual2_.father_uuid as father18_73_0_, individual2_.firstName as firstName73_0_, individual2_.gender as gender73_0_, individual2_.lastName as lastName73_0_, individual2_.middleName as middleName73_0_, individual2_.mother_uuid as mother19_73_0_, residency3_.uuid as uuid88_1_, residency3_.deleted as deleted88_1_, residency3_.insertBy_uuid as insertBy12_88_1_, residency3_.insertDate as insertDate88_1_, residency3_.voidBy_uuid as voidBy13_88_1_, residency3_.voidDate as voidDate88_1_, residency3_.voidReason as voidReason88_1_, residency3_.collectedBy_uuid as collect14_88_1_, residency3_.status as status88_1_, residency3_.statusMessage as statusMe7_88_1_, residency3_.endDate as endDate88_1_, residency3_.endType as endType88_1_, residency3_.individual_uuid as individual15_88_1_, residency3_.location_uuid as location16_88_1_, residency3_.startDate as startDate88_1_, residency3_.startType as startType88_1_, individual4_.uuid as uuid73_2_, individual4_.deleted as deleted73_2_, individual4_.insertBy_uuid as insertBy15_73_2_, individual4_.insertDate as insertDate73_2_, individual4_.voidBy_uuid as voidBy16_73_2_, individual4_.voidDate as voidDate73_2_, individual4_.voidReason as voidReason73_2_, individual4_.collectedBy_uuid as collect17_73_2_, individual4_.status as status73_2_, individual4_.statusMessage as statusMe7_73_2_, individual4_.dob as dob73_2_, individual4_.dobAspect as dobAspect73_2_, individual4_.extId as extId73_2_, individual4_.father_uuid as father18_73_2_, individual4_.firstName as firstName73_2_, individual4_.gender as gender73_2_, individual4_.lastName as lastName73_2_, individual4_.middleName as middleName73_2_, individual4_.mother_uuid as mother19_73_2_, location5_.uuid as uuid75_3_, location5_.deleted as deleted75_3_, location5_.insertBy_uuid as insertBy15_75_3_, location5_.insertDate as insertDate75_3_, location5_.voidBy_uuid as voidBy16_75_3_, location5_.voidDate as voidDate75_3_, location5_.voidReason as voidReason75_3_, location5_.collectedBy_uuid as collect17_75_3_, location5_.status as status75_3_, location5_.statusMessage as statusMe7_75_3_, location5_.accuracy as accuracy75_3_, location5_.altitude as altitude75_3_, location5_.extId as extId75_3_, location5_.latitude as latitude75_3_, location5_.locationLevel_uuid as locatio18_75_3_, location5_.locationName as locatio12_75_3_, location5_.locationType as locatio13_75_3_, location5_.longitude as longitude75_3_, locationhi6_.uuid as uuid76_4_, locationhi6_.extId as extId76_4_, locationhi6_.level_uuid as level4_76_4_, locationhi6_.name as name76_4_, locationhi6_.parent_uuid as parent5_76_4_, locationhi7_.uuid as uuid77_5_, locationhi7_.keyIdentifier as keyIdent2_77_5_, locationhi7_.name as name77_5_, locationhi8_.uuid as uuid76_6_, locationhi8_.extId as extId76_6_, locationhi8_.level_uuid as level4_76_6_, locationhi8_.name as name76_6_, locationhi8_.parent_uuid as parent5_76_6_, visit9_.uuid as uuid94_7_, visit9_.deleted as deleted94_7_, visit9_.insertBy_uuid as insertBy11_94_7_, visit9_.insertDate as insertDate94_7_, visit9_.voidBy_uuid as voidBy12_94_7_, visit9_.voidDate as voidDate94_7_, visit9_.voidReason as voidReason94_7_, visit9_.collectedBy_uuid as collect13_94_7_, visit9_.status as status94_7_, visit9_.statusMessage as statusMe7_94_7_, visit9_.extId as extId94_7_, visit9_.roundNumber as roundNum9_94_7_, visit9_.visitDate as visitDate94_7_, visit9_.visitLocation_uuid as visitLo14_94_7_, extensions10_.entity_uuid as entity5_94_13_, extensions10_.uuid as uuid13_, extensions10_.uuid as uuid70_8_, extensions10_.classExtension_uuid as classExt4_70_8_, extensions10_.entity_uuid as entity5_70_8_, extensions10_.entityExtId as entityEx2_70_8_, extensions10_.extensionValue as extensio3_70_8_, classexten11_.uuid as uuid67_9_, classexten11_.answers as answers67_9_, classexten11_.description as descript3_67_9_, classexten11_.entityClass as entityCl4_67_9_, classexten11_.name as name67_9_, classexten11_.primType as primType67_9_, classexten11_.roundNumber as roundNum7_67_9_, location12_.uuid as uuid75_10_, location12_.deleted as deleted75_10_, location12_.insertBy_uuid as insertBy15_75_10_, location12_.insertDate as insertDate75_10_, location12_.voidBy_uuid as voidBy16_75_10_, location12_.voidDate as voidDate75_10_, location12_.voidReason as voidReason75_10_, location12_.collectedBy_uuid as collect17_75_10_, location12_.status as status75_10_, location12_.statusMessage as statusMe7_75_10_, location12_.accuracy as accuracy75_10_, location12_.altitude as altitude75_10_, location12_.extId as extId75_10_, location12_.latitude as latitude75_10_, location12_.locationLevel_uuid as locatio18_75_10_, location12_.locationName as locatio12_75_10_, location12_.locationType as locatio13_75_10_, location12_.longitude as longitude75_10_ from inmigration this_ inner join individual individual2_ on this_.individual_uuid=individual2_.uuid inner join residency residency3_ on this_.residency_uuid=residency3_.uuid left outer join individual individual4_ on residency3_.individual_uuid=individual4_.uuid left outer join location location5_ on residency3_.location_uuid=location5_.uuid left outer join locationhierarchy locationhi6_ on location5_.locationLevel_uuid=locationhi6_.uuid left outer join locationhierarchylevel locationhi7_ on locationhi6_.level_uuid=locationhi7_.uuid left outer join locationhierarchy locationhi8_ on locationhi6_.parent_uuid=locationhi8_.uuid inner join visit visit9_ on this_.visit_uuid=visit9_.uuid left outer join extension extensions10_ on visit9_.uuid=extensions10_.entity_uuid left outer join classExtension classexten11_ on extensions10_.classExtension_uuid=classexten11_.uuid left outer join location location12_ on visit9_.visitLocation_uuid=location12_.uuid where this_.individual_uuid=? and this_.deleted=? order by this_.recordedDate desc limit ?
Hibernate: select this_.uuid as uuid85_9_, this_.deleted as deleted85_9_, this_.insertBy_uuid as insertBy11_85_9_, this_.insertDate as insertDate85_9_, this_.voidBy_uuid as voidBy12_85_9_, this_.voidDate as voidDate85_9_, this_.voidReason as voidReason85_9_, this_.collectedBy_uuid as collect13_85_9_, this_.status as status85_9_, this_.statusMessage as statusMe7_85_9_, this_.childEverBorn as childEve8_85_9_, this_.father_uuid as father14_85_9_, this_.mother_uuid as mother15_85_9_, this_.numberOfLiveBirths as numberOf9_85_9_, this_.outcomeDate as outcome10_85_9_, this_.visit_uuid as visit16_85_9_, individual2_.uuid as uuid73_0_, individual2_.deleted as deleted73_0_, individual2_.insertBy_uuid as insertBy15_73_0_, individual2_.insertDate as insertDate73_0_, individual2_.voidBy_uuid as voidBy16_73_0_, individual2_.voidDate as voidDate73_0_, individual2_.voidReason as voidReason73_0_, individual2_.collectedBy_uuid as collect17_73_0_, individual2_.status as status73_0_, individual2_.statusMessage as statusMe7_73_0_, individual2_.dob as dob73_0_, individual2_.dobAspect as dobAspect73_0_, individual2_.extId as extId73_0_, individual2_.father_uuid as father18_73_0_, individual2_.firstName as firstName73_0_, individual2_.gender as gender73_0_, individual2_.lastName as lastName73_0_, individual2_.middleName as middleName73_0_, individual2_.mother_uuid as mother19_73_0_, individual3_.uuid as uuid73_1_, individual3_.deleted as deleted73_1_, individual3_.insertBy_uuid as insertBy15_73_1_, individual3_.insertDate as insertDate73_1_, individual3_.voidBy_uuid as voidBy16_73_1_, individual3_.voidDate as voidDate73_1_, individual3_.voidReason as voidReason73_1_, individual3_.collectedBy_uuid as collect17_73_1_, individual3_.status as status73_1_, individual3_.statusMessage as statusMe7_73_1_, individual3_.dob as dob73_1_, individual3_.dobAspect as dobAspect73_1_, individual3_.extId as extId73_1_, individual3_.father_uuid as father18_73_1_, individual3_.firstName as firstName73_1_, individual3_.gender as gender73_1_, individual3_.lastName as lastName73_1_, individual3_.middleName as middleName73_1_, individual3_.mother_uuid as mother19_73_1_, visit4_.uuid as uuid94_2_, visit4_.deleted as deleted94_2_, visit4_.insertBy_uuid as insertBy11_94_2_, visit4_.insertDate as insertDate94_2_, visit4_.voidBy_uuid as voidBy12_94_2_, visit4_.voidDate as voidDate94_2_, visit4_.voidReason as voidReason94_2_, visit4_.collectedBy_uuid as collect13_94_2_, visit4_.status as status94_2_, visit4_.statusMessage as statusMe7_94_2_, visit4_.extId as extId94_2_, visit4_.roundNumber as roundNum9_94_2_, visit4_.visitDate as visitDate94_2_, visit4_.visitLocation_uuid as visitLo14_94_2_, extensions5_.entity_uuid as entity5_94_11_, extensions5_.uuid as uuid11_, extensions5_.uuid as uuid70_3_, extensions5_.classExtension_uuid as classExt4_70_3_, extensions5_.entity_uuid as entity5_70_3_, extensions5_.entityExtId as entityEx2_70_3_, extensions5_.extensionValue as extensio3_70_3_, classexten6_.uuid as uuid67_4_, classexten6_.answers as answers67_4_, classexten6_.description as descript3_67_4_, classexten6_.entityClass as entityCl4_67_4_, classexten6_.name as name67_4_, classexten6_.primType as primType67_4_, classexten6_.roundNumber as roundNum7_67_4_, location7_.uuid as uuid75_5_, location7_.deleted as deleted75_5_, location7_.insertBy_uuid as insertBy15_75_5_, location7_.insertDate as insertDate75_5_, location7_.voidBy_uuid as voidBy16_75_5_, location7_.voidDate as voidDate75_5_, location7_.voidReason as voidReason75_5_, location7_.collectedBy_uuid as collect17_75_5_, location7_.status as status75_5_, location7_.statusMessage as statusMe7_75_5_, location7_.accuracy as accuracy75_5_, location7_.altitude as altitude75_5_, location7_.extId as extId75_5_, location7_.latitude as latitude75_5_, location7_.locationLevel_uuid as locatio18_75_5_, location7_.locationName as locatio12_75_5_, location7_.locationType as locatio13_75_5_, location7_.longitude as longitude75_5_, locationhi8_.uuid as uuid76_6_, locationhi8_.extId as extId76_6_, locationhi8_.level_uuid as level4_76_6_, locationhi8_.name as name76_6_, locationhi8_.parent_uuid as parent5_76_6_, locationhi9_.uuid as uuid77_7_, locationhi9_.keyIdentifier as keyIdent2_77_7_, locationhi9_.name as name77_7_, locationhi10_.uuid as uuid76_8_, locationhi10_.extId as extId76_8_, locationhi10_.level_uuid as level4_76_8_, locationhi10_.name as name76_8_, locationhi10_.parent_uuid as parent5_76_8_ from pregnancyoutcome this_ left outer join individual individual2_ on this_.father_uuid=individual2_.uuid left outer join individual individual3_ on this_.mother_uuid=individual3_.uuid left outer join visit visit4_ on this_.visit_uuid=visit4_.uuid left outer join extension extensions5_ on visit4_.uuid=extensions5_.entity_uuid left outer join classExtension classexten6_ on extensions5_.classExtension_uuid=classexten6_.uuid left outer join location location7_ on visit4_.visitLocation_uuid=location7_.uuid left outer join locationhierarchy locationhi8_ on location7_.locationLevel_uuid=locationhi8_.uuid left outer join locationhierarchylevel locationhi9_ on locationhi8_.level_uuid=locationhi9_.uuid left outer join locationhierarchy locationhi10_ on locationhi8_.parent_uuid=locationhi10_.uuid where this_.mother_uuid=? and this_.deleted=? order by this_.outcomeDate desc limit ?
Hibernate: select this_.uuid as uuid84_8_, this_.deleted as deleted84_8_, this_.insertBy_uuid as insertBy10_84_8_, this_.insertDate as insertDate84_8_, this_.voidBy_uuid as voidBy11_84_8_, this_.voidDate as voidDate84_8_, this_.voidReason as voidReason84_8_, this_.collectedBy_uuid as collect12_84_8_, this_.status as status84_8_, this_.statusMessage as statusMe7_84_8_, this_.expectedDeliveryDate as expected8_84_8_, this_.mother_uuid as mother13_84_8_, this_.recordedDate as recorded9_84_8_, this_.visit_uuid as visit14_84_8_, individual2_.uuid as uuid73_0_, individual2_.deleted as deleted73_0_, individual2_.insertBy_uuid as insertBy15_73_0_, individual2_.insertDate as insertDate73_0_, individual2_.voidBy_uuid as voidBy16_73_0_, individual2_.voidDate as voidDate73_0_, individual2_.voidReason as voidReason73_0_, individual2_.collectedBy_uuid as collect17_73_0_, individual2_.status as status73_0_, individual2_.statusMessage as statusMe7_73_0_, individual2_.dob as dob73_0_, individual2_.dobAspect as dobAspect73_0_, individual2_.extId as extId73_0_, individual2_.father_uuid as father18_73_0_, individual2_.firstName as firstName73_0_, individual2_.gender as gender73_0_, individual2_.lastName as lastName73_0_, individual2_.middleName as middleName73_0_, individual2_.mother_uuid as mother19_73_0_, visit3_.uuid as uuid94_1_, visit3_.deleted as deleted94_1_, visit3_.insertBy_uuid as insertBy11_94_1_, visit3_.insertDate as insertDate94_1_, visit3_.voidBy_uuid as voidBy12_94_1_, visit3_.voidDate as voidDate94_1_, visit3_.voidReason as voidReason94_1_, visit3_.collectedBy_uuid as collect13_94_1_, visit3_.status as status94_1_, visit3_.statusMessage as statusMe7_94_1_, visit3_.extId as extId94_1_, visit3_.roundNumber as roundNum9_94_1_, visit3_.visitDate as visitDate94_1_, visit3_.visitLocation_uuid as visitLo14_94_1_, extensions4_.entity_uuid as entity5_94_10_, extensions4_.uuid as uuid10_, extensions4_.uuid as uuid70_2_, extensions4_.classExtension_uuid as classExt4_70_2_, extensions4_.entity_uuid as entity5_70_2_, extensions4_.entityExtId as entityEx2_70_2_, extensions4_.extensionValue as extensio3_70_2_, classexten5_.uuid as uuid67_3_, classexten5_.answers as answers67_3_, classexten5_.description as descript3_67_3_, classexten5_.entityClass as entityCl4_67_3_, classexten5_.name as name67_3_, classexten5_.primType as primType67_3_, classexten5_.roundNumber as roundNum7_67_3_, location6_.uuid as uuid75_4_, location6_.deleted as deleted75_4_, location6_.insertBy_uuid as insertBy15_75_4_, location6_.insertDate as insertDate75_4_, location6_.voidBy_uuid as voidBy16_75_4_, location6_.voidDate as voidDate75_4_, location6_.voidReason as voidReason75_4_, location6_.collectedBy_uuid as collect17_75_4_, location6_.status as status75_4_, location6_.statusMessage as statusMe7_75_4_, location6_.accuracy as accuracy75_4_, location6_.altitude as altitude75_4_, location6_.extId as extId75_4_, location6_.latitude as latitude75_4_, location6_.locationLevel_uuid as locatio18_75_4_, location6_.locationName as locatio12_75_4_, location6_.locationType as locatio13_75_4_, location6_.longitude as longitude75_4_, locationhi7_.uuid as uuid76_5_, locationhi7_.extId as extId76_5_, locationhi7_.level_uuid as level4_76_5_, locationhi7_.name as name76_5_, locationhi7_.parent_uuid as parent5_76_5_, locationhi8_.uuid as uuid77_6_, locationhi8_.keyIdentifier as keyIdent2_77_6_, locationhi8_.name as name77_6_, locationhi9_.uuid as uuid76_7_, locationhi9_.extId as extId76_7_, locationhi9_.level_uuid as level4_76_7_, locationhi9_.name as name76_7_, locationhi9_.parent_uuid as parent5_76_7_ from pregnancyobservation this_ left outer join individual individual2_ on this_.mother_uuid=individual2_.uuid inner join visit visit3_ on this_.visit_uuid=visit3_.uuid left outer join extension extensions4_ on visit3_.uuid=extensions4_.entity_uuid left outer join classExtension classexten5_ on extensions4_.classExtension_uuid=classexten5_.uuid left outer join location location6_ on visit3_.visitLocation_uuid=location6_.uuid left outer join locationhierarchy locationhi7_ on location6_.locationLevel_uuid=locationhi7_.uuid left outer join locationhierarchylevel locationhi8_ on locationhi7_.level_uuid=locationhi8_.uuid left outer join locationhierarchy locationhi9_ on locationhi7_.parent_uuid=locationhi9_.uuid where this_.mother_uuid=? and this_.deleted=? order by this_.recordedDate desc limit ?
Hibernate: select this_.uuid as uuid87_2_, this_.deleted as deleted87_2_, this_.insertBy_uuid as insertBy12_87_2_, this_.insertDate as insertDate87_2_, this_.voidBy_uuid as voidBy13_87_2_, this_.voidDate as voidDate87_2_, this_.voidReason as voidReason87_2_, this_.collectedBy_uuid as collect14_87_2_, this_.status as status87_2_, this_.statusMessage as statusMe7_87_2_, this_.aIsToB as aIsToB87_2_, this_.endDate as endDate87_2_, this_.endType as endType87_2_, this_.individualA_uuid as individ15_87_2_, this_.individualB_uuid as individ16_87_2_, this_.startDate as startDate87_2_, individual2_.uuid as uuid73_0_, individual2_.deleted as deleted73_0_, individual2_.insertBy_uuid as insertBy15_73_0_, individual2_.insertDate as insertDate73_0_, individual2_.voidBy_uuid as voidBy16_73_0_, individual2_.voidDate as voidDate73_0_, individual2_.voidReason as voidReason73_0_, individual2_.collectedBy_uuid as collect17_73_0_, individual2_.status as status73_0_, individual2_.statusMessage as statusMe7_73_0_, individual2_.dob as dob73_0_, individual2_.dobAspect as dobAspect73_0_, individual2_.extId as extId73_0_, individual2_.father_uuid as father18_73_0_, individual2_.firstName as firstName73_0_, individual2_.gender as gender73_0_, individual2_.lastName as lastName73_0_, individual2_.middleName as middleName73_0_, individual2_.mother_uuid as mother19_73_0_, individual3_.uuid as uuid73_1_, individual3_.deleted as deleted73_1_, individual3_.insertBy_uuid as insertBy15_73_1_, individual3_.insertDate as insertDate73_1_, individual3_.voidBy_uuid as voidBy16_73_1_, individual3_.voidDate as voidDate73_1_, individual3_.voidReason as voidReason73_1_, individual3_.collectedBy_uuid as collect17_73_1_, individual3_.status as status73_1_, individual3_.statusMessage as statusMe7_73_1_, individual3_.dob as dob73_1_, individual3_.dobAspect as dobAspect73_1_, individual3_.extId as extId73_1_, individual3_.father_uuid as father18_73_1_, individual3_.firstName as firstName73_1_, individual3_.gender as gender73_1_, individual3_.lastName as lastName73_1_, individual3_.middleName as middleName73_1_, individual3_.mother_uuid as mother19_73_1_ from relationship this_ left outer join individual individual2_ on this_.individualA_uuid=individual2_.uuid left outer join individual individual3_ on this_.individualB_uuid=individual3_.uuid where this_.individualA_uuid=? and this_.deleted=? order by this_.startDate desc limit ?
Hibernate: select this_.uuid as uuid87_2_, this_.deleted as deleted87_2_, this_.insertBy_uuid as insertBy12_87_2_, this_.insertDate as insertDate87_2_, this_.voidBy_uuid as voidBy13_87_2_, this_.voidDate as voidDate87_2_, this_.voidReason as voidReason87_2_, this_.collectedBy_uuid as collect14_87_2_, this_.status as status87_2_, this_.statusMessage as statusMe7_87_2_, this_.aIsToB as aIsToB87_2_, this_.endDate as endDate87_2_, this_.endType as endType87_2_, this_.individualA_uuid as individ15_87_2_, this_.individualB_uuid as individ16_87_2_, this_.startDate as startDate87_2_, individual2_.uuid as uuid73_0_, individual2_.deleted as deleted73_0_, individual2_.insertBy_uuid as insertBy15_73_0_, individual2_.insertDate as insertDate73_0_, individual2_.voidBy_uuid as voidBy16_73_0_, individual2_.voidDate as voidDate73_0_, individual2_.voidReason as voidReason73_0_, individual2_.collectedBy_uuid as collect17_73_0_, individual2_.status as status73_0_, individual2_.statusMessage as statusMe7_73_0_, individual2_.dob as dob73_0_, individual2_.dobAspect as dobAspect73_0_, individual2_.extId as extId73_0_, individual2_.father_uuid as father18_73_0_, individual2_.firstName as firstName73_0_, individual2_.gender as gender73_0_, individual2_.lastName as lastName73_0_, individual2_.middleName as middleName73_0_, individual2_.mother_uuid as mother19_73_0_, individual3_.uuid as uuid73_1_, individual3_.deleted as deleted73_1_, individual3_.insertBy_uuid as insertBy15_73_1_, individual3_.insertDate as insertDate73_1_, individual3_.voidBy_uuid as voidBy16_73_1_, individual3_.voidDate as voidDate73_1_, individual3_.voidReason as voidReason73_1_, individual3_.collectedBy_uuid as collect17_73_1_, individual3_.status as status73_1_, individual3_.statusMessage as statusMe7_73_1_, individual3_.dob as dob73_1_, individual3_.dobAspect as dobAspect73_1_, individual3_.extId as extId73_1_, individual3_.father_uuid as father18_73_1_, individual3_.firstName as firstName73_1_, individual3_.gender as gender73_1_, individual3_.lastName as lastName73_1_, individual3_.middleName as middleName73_1_, individual3_.mother_uuid as mother19_73_1_ from relationship this_ left outer join individual individual2_ on this_.individualA_uuid=individual2_.uuid left outer join individual individual3_ on this_.individualB_uuid=individual3_.uuid where this_.individualB_uuid=? and this_.deleted=? order by this_.startDate desc limit ?
Hibernate: select this_.uuid as uuid78_3_, this_.deleted as deleted78_3_, this_.insertBy_uuid as insertBy13_78_3_, this_.insertDate as insertDate78_3_, this_.voidBy_uuid as voidBy14_78_3_, this_.voidDate as voidDate78_3_, this_.voidReason as voidReason78_3_, this_.collectedBy_uuid as collect15_78_3_, this_.status as status78_3_, this_.statusMessage as statusMe7_78_3_, this_.bIsToA as bIsToA78_3_, this_.endDate as endDate78_3_, this_.endType as endType78_3_, this_.individual_uuid as individual16_78_3_, this_.socialGroup_uuid as socialG17_78_3_, this_.startDate as startDate78_3_, this_.startType as startType78_3_, individual2_.uuid as uuid73_0_, individual2_.deleted as deleted73_0_, individual2_.insertBy_uuid as insertBy15_73_0_, individual2_.insertDate as insertDate73_0_, individual2_.voidBy_uuid as voidBy16_73_0_, individual2_.voidDate as voidDate73_0_, individual2_.voidReason as voidReason73_0_, individual2_.collectedBy_uuid as collect17_73_0_, individual2_.status as status73_0_, individual2_.statusMessage as statusMe7_73_0_, individual2_.dob as dob73_0_, individual2_.dobAspect as dobAspect73_0_, individual2_.extId as extId73_0_, individual2_.father_uuid as father18_73_0_, individual2_.firstName as firstName73_0_, individual2_.gender as gender73_0_, individual2_.lastName as lastName73_0_, individual2_.middleName as middleName73_0_, individual2_.mother_uuid as mother19_73_0_, socialgrou3_.uuid as uuid91_1_, socialgrou3_.deleted as deleted91_1_, socialgrou3_.insertBy_uuid as insertBy11_91_1_, socialgrou3_.insertDate as insertDate91_1_, socialgrou3_.voidBy_uuid as voidBy12_91_1_, socialgrou3_.voidDate as voidDate91_1_, socialgrou3_.voidReason as voidReason91_1_, socialgrou3_.collectedBy_uuid as collect13_91_1_, socialgrou3_.status as status91_1_, socialgrou3_.statusMessage as statusMe7_91_1_, socialgrou3_.extId as extId91_1_, socialgrou3_.groupHead_uuid as groupHead14_91_1_, socialgrou3_.groupName as groupName91_1_, socialgrou3_.groupType as groupType91_1_, individual4_.uuid as uuid73_2_, individual4_.deleted as deleted73_2_, individual4_.insertBy_uuid as insertBy15_73_2_, individual4_.insertDate as insertDate73_2_, individual4_.voidBy_uuid as voidBy16_73_2_, individual4_.voidDate as voidDate73_2_, individual4_.voidReason as voidReason73_2_, individual4_.collectedBy_uuid as collect17_73_2_, individual4_.status as status73_2_, individual4_.statusMessage as statusMe7_73_2_, individual4_.dob as dob73_2_, individual4_.dobAspect as dobAspect73_2_, individual4_.extId as extId73_2_, individual4_.father_uuid as father18_73_2_, individual4_.firstName as firstName73_2_, individual4_.gender as gender73_2_, individual4_.lastName as lastName73_2_, individual4_.middleName as middleName73_2_, individual4_.mother_uuid as mother19_73_2_ from membership this_ left outer join individual individual2_ on this_.individual_uuid=individual2_.uuid left outer join socialgroup socialgrou3_ on this_.socialGroup_uuid=socialgrou3_.uuid left outer join individual individual4_ on socialgrou3_.groupHead_uuid=individual4_.uuid where this_.individual_uuid=? and this_.deleted=? order by this_.startDate desc limit ?
08:54:30,224 DEBUG com.github.springtestdbunit.DbUnitRunner:101 - Skipping @DatabaseTest expectation due to test exception class java.lang.AssertionError
08:54:30,224 DEBUG org.dbunit.database.DatabaseDataSourceConnection:141 - close() - start
</system-out>
  </testcase>
</testsuite>